2021-11-04 13:51:20 [INFO] com.csicit.ace.zuul.ZuulStartApp : The following profiles are active: routes
2021-11-04 13:51:21 [INFO] org.springframework.data.repository.config.RepositoryConfigurationDelegate : Multiple Spring Data modules found, entering strict repository configuration mode!
2021-11-04 13:51:21 [INFO] org.springframework.data.repository.config.RepositoryConfigurationDelegate : Bootstrapping Spring Data repositories in DEFAULT mode.
2021-11-04 13:51:22 [INFO] org.springframework.data.repository.config.RepositoryConfigurationDelegate : Finished Spring Data repository scanning in 14ms. Found 0 repository interfaces.
2021-11-04 13:51:22 [WARN] org.springframework.boot.actuate.endpoint.EndpointId : Endpoint ID 'hystrix.stream' contains invalid characters, please migrate to a valid format.
2021-11-04 13:51:22 [INFO] org.springframework.cloud.context.scope.GenericScope : BeanFactory id=f9402905-4441-303d-8fa6-b889224a5962
2021-11-04 13:51:22 [INFO] org.springframework.context.support.PostProcessorRegistrationDelegate$BeanPostProcessorChecker : Bean 'org.springframework.transaction.annotation.ProxyTransactionManagementConfiguration' of type [org.springframework.transaction.annotation.ProxyTransactionManagementConfiguration$$EnhancerBySpringCGLIB$$7d1f36f9] is not eligible for getting processed by all BeanPostProcessors (for example: not eligible for auto-proxying)
2021-11-04 13:51:22 [INFO] org.springframework.context.support.PostProcessorRegistrationDelegate$BeanPostProcessorChecker : Bean 'socketIoConfig' of type [com.csicit.ace.data.persistent.messenger.config.SocketIoConfig$$EnhancerBySpringCGLIB$$9726c40] is not eligible for getting processed by all BeanPostProcessors (for example: not eligible for auto-proxying)
2021-11-04 13:51:22 [INFO] org.redisson.Version : Redisson 3.11.0
2021-11-04 13:51:22 [INFO] org.redisson.connection.pool.MasterConnectionPool : 2 connections initialized for 192.168.19.8/192.168.19.8:6379
2021-11-04 13:51:22 [INFO] org.redisson.connection.pool.MasterPubSubConnectionPool : 1 connections initialized for 192.168.19.8/192.168.19.8:6379
2021-11-04 13:51:22 [INFO] org.springframework.context.support.PostProcessorRegistrationDelegate$BeanPostProcessorChecker : Bean 'redissonClient' of type [org.redisson.Redisson] is not eligible for getting processed by all BeanPostProcessors (for example: not eligible for auto-proxying)
2021-11-04 13:51:23 [INFO] org.springframework.context.support.PostProcessorRegistrationDelegate$BeanPostProcessorChecker : Bean 'socketIOServer' of type [com.corundumstudio.socketio.SocketIOServer] is not eligible for getting processed by all BeanPostProcessors (for example: not eligible for auto-proxying)
2021-11-04 13:51:23 [INFO] org.springframework.context.support.PostProcessorRegistrationDelegate$BeanPostProcessorChecker : Bean 'org.springframework.cloud.autoconfigure.ConfigurationPropertiesRebinderAutoConfiguration' of type [org.springframework.cloud.autoconfigure.ConfigurationPropertiesRebinderAutoConfiguration$$EnhancerBySpringCGLIB$$993939f6] is not eligible for getting processed by all BeanPostProcessors (for example: not eligible for auto-proxying)
2021-11-04 13:51:23 [INFO] org.springframework.boot.web.embedded.tomcat.TomcatWebServer : Tomcat initialized with port(s): 2100 (http)
2021-11-04 13:51:23 [INFO] org.apache.catalina.core.StandardService : Starting service [Tomcat]
2021-11-04 13:51:23 [INFO] org.apache.catalina.core.StandardEngine : Starting Servlet engine: [Apache Tomcat/9.0.14]
2021-11-04 13:51:23 [INFO] org.apache.jasper.servlet.TldScanner : At least one JAR was scanned for TLDs yet contained no TLDs. Enable debug logging for this logger for a complete list of JARs that were scanned but no TLDs were found in them. Skipping unneeded JARs during scanning can improve startup time and JSP compilation time.
2021-11-04 13:51:23 [INFO] org.apache.catalina.core.ContainerBase.[Tomcat].[localhost].[/] : Initializing Spring embedded WebApplicationContext
2021-11-04 13:51:23 [INFO] org.springframework.web.context.ContextLoader : Root WebApplicationContext: initialization completed in 3384 ms
2021-11-04 13:51:23 [WARN] com.netflix.config.sources.URLConfigurationSource : No URLs will be polled as dynamic configuration sources.
2021-11-04 13:51:23 [INFO] com.netflix.config.sources.URLConfigurationSource : To enable URLs as dynamic configuration sources, define System property archaius.configurationSource.additionalUrls or make config.properties available on classpath.
2021-11-04 13:51:23 [INFO] com.netflix.config.DynamicPropertyFactory : DynamicPropertyFactory is initialized with configuration sources: com.netflix.config.ConcurrentCompositeConfiguration@4d0abb23
2021-11-04 13:51:24 [INFO] com.alibaba.druid.spring.boot.autoconfigure.DruidDataSourceAutoConfigure : Init DruidDataSource
2021-11-04 13:51:24 [INFO] com.alibaba.druid.pool.DruidDataSource : {dataSource-1} inited
2021-11-04 13:51:33 [INFO] org.quartz.impl.StdSchedulerFactory : Using default implementation for ThreadExecutor
2021-11-04 13:51:33 [INFO] org.quartz.core.SchedulerSignalerImpl : Initialized Scheduler Signaller of type: class org.quartz.core.SchedulerSignalerImpl
2021-11-04 13:51:33 [INFO] org.quartz.core.QuartzScheduler : Quartz Scheduler v.2.3.1 created.
2021-11-04 13:51:33 [INFO] com.csicit.ace.quartz.core.plugins.AceJobConfigLoaderPlugin : Registering Quartz Job Initialization Plug-in.
2021-11-04 13:51:33 [INFO] org.quartz.core.QuartzScheduler : Scheduler meta-data: Quartz Scheduler (v2.3.1) 'JariScheduler' with instanceId 'DESKTOP-A03RJ151636005093505'
  Scheduler class: 'org.quartz.core.QuartzScheduler' - running locally.
  NOT STARTED.
  Currently in standby mode.
  Number of jobs executed: 0
  Using thread pool 'org.quartz.simpl.SimpleThreadPool' - with 20 threads.
  Using job-store 'org.springframework.scheduling.quartz.LocalDataSourceJobStore' - which supports persistence. and is clustered.

2021-11-04 13:51:33 [INFO] org.quartz.impl.StdSchedulerFactory : Quartz scheduler 'JariScheduler' initialized from an externally provided properties instance.
2021-11-04 13:51:33 [INFO] org.quartz.impl.StdSchedulerFactory : Quartz scheduler version: 2.3.1
2021-11-04 13:51:33 [INFO] org.quartz.core.QuartzScheduler : JobFactory set to: com.csicit.ace.quartz.core.factory.MyJobFactory@c555e1e
2021-11-04 13:51:33 [WARN] com.baomidou.mybatisplus.core.toolkit.TableInfoHelper : Warn: Could not find @TableId in Class: com.csicit.ace.common.pojo.vo.GrantAuthReciveVO.
2021-11-04 13:51:34 [INFO] liquibase.integration.spring.SpringLiquibase : Liquibase did not run because 'shouldRun' property was set to false on liquibase Liquibase Spring bean.
2021-11-04 13:51:35 [WARN] com.netflix.config.sources.URLConfigurationSource : No URLs will be polled as dynamic configuration sources.
2021-11-04 13:51:35 [INFO] com.netflix.config.sources.URLConfigurationSource : To enable URLs as dynamic configuration sources, define System property archaius.configurationSource.additionalUrls or make config.properties available on classpath.
2021-11-04 13:51:35 [INFO] org.springframework.scheduling.concurrent.ThreadPoolTaskExecutor : Initializing ExecutorService 'applicationTaskExecutor'
2021-11-04 13:51:35 [INFO] org.springframework.boot.autoconfigure.web.servlet.WelcomePageHandlerMapping : Adding welcome page template: index
2021-11-04 13:51:36 [WARN] org.springframework.boot.starter.redis.RedisStarterDeprecationWarningAutoConfiguration : spring-boot-starter-redis is deprecated as of Spring Boot 1.4, please migrate to spring-boot-starter-data-redis
2021-11-04 13:51:36 [INFO] org.springframework.cloud.netflix.zuul.ZuulFilterInitializer : Starting filter initializer
2021-11-04 13:51:36 [INFO] org.springframework.boot.actuate.endpoint.web.EndpointLinksResolver : Exposing 2 endpoint(s) beneath base path '/actuator'
2021-11-04 13:51:36 [INFO] org.quartz.xml.XMLSchedulingDataProcessor : Parsing XML from stream with systemId:  
2021-11-04 13:51:36 [INFO] org.quartz.xml.XMLSchedulingDataProcessor : Adding 1 jobs, 0 triggers.
2021-11-04 13:51:36 [INFO] org.quartz.xml.XMLSchedulingDataProcessor : Replacing job: tt.xxx
2021-11-04 13:51:36 [INFO] org.quartz.xml.XMLSchedulingDataProcessor : Parsing XML from stream with systemId:  
2021-11-04 13:51:36 [INFO] org.quartz.xml.XMLSchedulingDataProcessor : Adding 1 jobs, 0 triggers.
2021-11-04 13:51:36 [INFO] org.quartz.xml.XMLSchedulingDataProcessor : Replacing job: tt.xxx
2021-11-04 13:51:36 [INFO] org.quartz.xml.XMLSchedulingDataProcessor : Parsing XML from stream with systemId:  
2021-11-04 13:51:36 [INFO] org.quartz.xml.XMLSchedulingDataProcessor : Adding 1 jobs, 1 triggers.
2021-11-04 13:51:36 [INFO] org.quartz.xml.XMLSchedulingDataProcessor : Replacing job: 测试任务组.711HM
2021-11-04 13:51:36 [INFO] org.quartz.xml.XMLSchedulingDataProcessor : Parsing XML from stream with systemId:  
2021-11-04 13:51:36 [INFO] org.quartz.xml.XMLSchedulingDataProcessor : Adding 1 jobs, 0 triggers.
2021-11-04 13:51:36 [INFO] org.quartz.xml.XMLSchedulingDataProcessor : Replacing job: tt.xxx
2021-11-04 13:51:36 [INFO] org.quartz.xml.XMLSchedulingDataProcessor : Parsing XML from stream with systemId:  
2021-11-04 13:51:36 [INFO] org.quartz.xml.XMLSchedulingDataProcessor : Adding 16 jobs, 0 triggers.
2021-11-04 13:51:36 [INFO] org.quartz.xml.XMLSchedulingDataProcessor : Replacing job: tt.xxx
2021-11-04 13:51:36 [INFO] org.quartz.xml.XMLSchedulingDataProcessor : Replacing job: tt.xxx
2021-11-04 13:51:36 [INFO] org.quartz.xml.XMLSchedulingDataProcessor : Replacing job: tt.xxx
2021-11-04 13:51:36 [INFO] org.quartz.xml.XMLSchedulingDataProcessor : Replacing job: tt.xxx
2021-11-04 13:51:36 [INFO] org.quartz.xml.XMLSchedulingDataProcessor : Replacing job: tt.xxx
2021-11-04 13:51:36 [INFO] org.quartz.xml.XMLSchedulingDataProcessor : Replacing job: tt.xxx
2021-11-04 13:51:36 [INFO] org.quartz.xml.XMLSchedulingDataProcessor : Replacing job: tt.xxx
2021-11-04 13:51:36 [INFO] org.quartz.xml.XMLSchedulingDataProcessor : Replacing job: tt.xxx
2021-11-04 13:51:36 [INFO] org.quartz.xml.XMLSchedulingDataProcessor : Replacing job: tt.xxx
2021-11-04 13:51:36 [INFO] org.quartz.xml.XMLSchedulingDataProcessor : Replacing job: tt.xxx
2021-11-04 13:51:36 [INFO] org.quartz.xml.XMLSchedulingDataProcessor : Replacing job: tt.xxx
2021-11-04 13:51:36 [INFO] org.quartz.xml.XMLSchedulingDataProcessor : Replacing job: tt.xxx
2021-11-04 13:51:36 [INFO] org.quartz.xml.XMLSchedulingDataProcessor : Replacing job: tt.xxx
2021-11-04 13:51:36 [INFO] org.quartz.xml.XMLSchedulingDataProcessor : Replacing job: tt.xxx
2021-11-04 13:51:36 [INFO] org.quartz.xml.XMLSchedulingDataProcessor : Replacing job: tt.xxx
2021-11-04 13:51:36 [INFO] org.quartz.xml.XMLSchedulingDataProcessor : Replacing job: tt.xxx
2021-11-04 13:51:37 [INFO] org.quartz.xml.XMLSchedulingDataProcessor : Parsing XML from stream with systemId:  
2021-11-04 13:51:37 [INFO] org.quartz.xml.XMLSchedulingDataProcessor : Adding 1 jobs, 0 triggers.
2021-11-04 13:51:37 [INFO] org.quartz.xml.XMLSchedulingDataProcessor : Replacing job: tt.xxx
2021-11-04 13:51:37 [INFO] org.quartz.xml.XMLSchedulingDataProcessor : Parsing XML from stream with systemId:  
2021-11-04 13:51:37 [INFO] org.quartz.xml.XMLSchedulingDataProcessor : Adding 1 jobs, 0 triggers.
2021-11-04 13:51:37 [INFO] org.quartz.xml.XMLSchedulingDataProcessor : Replacing job: tt.xxx
2021-11-04 13:51:37 [INFO] org.quartz.xml.XMLSchedulingDataProcessor : Parsing XML from stream with systemId:  
2021-11-04 13:51:37 [INFO] org.quartz.xml.XMLSchedulingDataProcessor : Adding 1 jobs, 0 triggers.
2021-11-04 13:51:37 [INFO] org.quartz.xml.XMLSchedulingDataProcessor : Replacing job: tt.xxx
2021-11-04 13:51:37 [INFO] org.quartz.xml.XMLSchedulingDataProcessor : Parsing XML from stream with systemId:  
2021-11-04 13:51:37 [INFO] org.quartz.xml.XMLSchedulingDataProcessor : Adding 1 jobs, 0 triggers.
2021-11-04 13:51:37 [INFO] org.quartz.xml.XMLSchedulingDataProcessor : Replacing job: tt.xxx
2021-11-04 13:51:37 [INFO] org.quartz.xml.XMLSchedulingDataProcessor : Parsing XML from stream with systemId:  
2021-11-04 13:51:37 [INFO] org.quartz.xml.XMLSchedulingDataProcessor : Adding 1 jobs, 0 triggers.
2021-11-04 13:51:37 [INFO] org.quartz.xml.XMLSchedulingDataProcessor : Replacing job: tt.xxx
2021-11-04 13:51:37 [INFO] org.quartz.xml.XMLSchedulingDataProcessor : Parsing XML from stream with systemId:  
2021-11-04 13:51:37 [INFO] org.quartz.xml.XMLSchedulingDataProcessor : Adding 1 jobs, 0 triggers.
2021-11-04 13:51:37 [INFO] org.quartz.xml.XMLSchedulingDataProcessor : Replacing job: tt.xxx
2021-11-04 13:51:37 [INFO] org.quartz.xml.XMLSchedulingDataProcessor : Parsing XML from stream with systemId:  
2021-11-04 13:51:37 [INFO] org.quartz.xml.XMLSchedulingDataProcessor : Adding 1 jobs, 0 triggers.
2021-11-04 13:51:37 [INFO] org.quartz.xml.XMLSchedulingDataProcessor : Replacing job: tt.xxx
2021-11-04 13:51:37 [INFO] org.quartz.xml.XMLSchedulingDataProcessor : Parsing XML from stream with systemId:  
2021-11-04 13:51:37 [INFO] org.quartz.xml.XMLSchedulingDataProcessor : Adding 1 jobs, 0 triggers.
2021-11-04 13:51:37 [INFO] org.quartz.xml.XMLSchedulingDataProcessor : Replacing job: tt.xxx
2021-11-04 13:51:37 [INFO] org.quartz.xml.XMLSchedulingDataProcessor : Parsing XML from stream with systemId:  
2021-11-04 13:51:37 [INFO] org.quartz.xml.XMLSchedulingDataProcessor : Adding 1 jobs, 0 triggers.
2021-11-04 13:51:37 [INFO] org.quartz.xml.XMLSchedulingDataProcessor : Replacing job: tt.xxx
2021-11-04 13:51:37 [INFO] org.quartz.xml.XMLSchedulingDataProcessor : Parsing XML from stream with systemId:  
2021-11-04 13:51:37 [INFO] org.quartz.xml.XMLSchedulingDataProcessor : Adding 1 jobs, 0 triggers.
2021-11-04 13:51:37 [INFO] org.quartz.xml.XMLSchedulingDataProcessor : Replacing job: tt.xxx
2021-11-04 13:51:37 [INFO] org.quartz.xml.XMLSchedulingDataProcessor : Parsing XML from stream with systemId:  
2021-11-04 13:51:37 [INFO] org.quartz.xml.XMLSchedulingDataProcessor : Adding 1 jobs, 0 triggers.
2021-11-04 13:51:37 [INFO] org.quartz.xml.XMLSchedulingDataProcessor : Replacing job: tt.xxx
2021-11-04 13:51:37 [INFO] org.quartz.xml.XMLSchedulingDataProcessor : Parsing XML from stream with systemId:  
2021-11-04 13:51:37 [INFO] org.quartz.xml.XMLSchedulingDataProcessor : Adding 1 jobs, 0 triggers.
2021-11-04 13:51:37 [INFO] org.quartz.xml.XMLSchedulingDataProcessor : Replacing job: tt.xxx
2021-11-04 13:51:37 [INFO] org.quartz.xml.XMLSchedulingDataProcessor : Parsing XML from stream with systemId:  
2021-11-04 13:51:37 [INFO] org.quartz.xml.XMLSchedulingDataProcessor : Adding 2 jobs, 0 triggers.
2021-11-04 13:51:37 [INFO] org.quartz.xml.XMLSchedulingDataProcessor : Replacing job: urgeTask.催办提醒
2021-11-04 13:51:37 [INFO] org.quartz.xml.XMLSchedulingDataProcessor : Replacing job: 催办提醒任务组.催办提醒
2021-11-04 13:51:37 [INFO] org.quartz.xml.XMLSchedulingDataProcessor : Parsing XML from stream with systemId:  
2021-11-04 13:51:37 [INFO] org.quartz.xml.XMLSchedulingDataProcessor : Adding 1 jobs, 1 triggers.
2021-11-04 13:51:37 [INFO] org.quartz.xml.XMLSchedulingDataProcessor : Replacing job: 业务平台内部定时任务.大屏消息推送
2021-11-04 13:51:37 [INFO] org.quartz.core.QuartzScheduler : Scheduler JariScheduler_$_DESKTOP-A03RJ151636005093505 started.
2021-11-04 13:51:37 [INFO] org.springframework.boot.web.embedded.tomcat.TomcatWebServer : Tomcat started on port(s): 2100 (http) with context path ''
2021-11-04 13:51:37 [INFO] com.csicit.ace.zuul.ZuulStartApp : Started ZuulStartApp in 19.017 seconds (JVM running for 19.742)
2021-11-04 13:51:37 [INFO] org.reflections.Reflections : Reflections took 34 ms to scan 1 urls, producing 17 keys and 25 values 
2021-11-04 13:51:38 [INFO] com.corundumstudio.socketio.SocketIOServer : Session store / pubsub factory used: RedissonStoreFactory (distributed session store, distributed publish/subscribe)
2021-11-04 13:51:38 [INFO] com.csicit.ace.common.log.AceLocalLogger : socketLog_消息服务已启动!
2021-11-04 13:51:38 [INFO] com.corundumstudio.socketio.SocketIOServer : SocketIO server started at port: 5070
2021-11-04 13:51:38 [INFO] com.csicit.ace.common.log.AceLocalLogger : socketLog_创建命名空间:dv-testapp-platform
2021-11-04 13:51:38 [INFO] com.csicit.ace.common.log.AceLocalLogger : socketLog_创建命名空间:aa-test
2021-11-04 13:51:38 [INFO] com.csicit.ace.common.log.AceLocalLogger : socketLog_创建命名空间:ei-service
2021-11-04 13:51:42 [INFO] com.csicit.ace.common.log.AceLocalLogger : socketLog_建立连接：e8679ba1-af36-4d81-8d43-3870afaef598
2021-11-04 13:51:43 [INFO] org.apache.catalina.core.ContainerBase.[Tomcat].[localhost].[/] : Initializing Spring DispatcherServlet 'dispatcherServlet'
2021-11-04 13:51:43 [INFO] org.springframework.web.servlet.DispatcherServlet : Initializing Servlet 'dispatcherServlet'
2021-11-04 13:51:43 [INFO] org.springframework.web.servlet.DispatcherServlet : Completed initialization in 17 ms
2021-11-04 13:51:43 [INFO] com.csicit.ace.common.log.AceLocalLogger :  03180--请求地址: http://192.168.20.136:2100/login ,HTTP_METHOD: POST ,IP: 192.168.20.136 ,CLASS_METHOD: com.csicit.ace.platform.core.controller.LoginController.login ,参数: testappadmin
2021-11-04 13:51:43 [WARN] com.baomidou.mybatisplus.core.toolkit.sql.SqlHelper : Warn: execute Method There are  4116 results.
2021-11-04 13:51:43 [WARN] com.baomidou.mybatisplus.core.toolkit.sql.SqlHelper : Warn: execute Method There are  2 results.
2021-11-04 13:51:43 [INFO] com.csicit.ace.common.log.AceLocalLogger :  03180--耗时 : 710
2021-11-04 13:51:43 [INFO] com.csicit.ace.common.log.AceLocalLogger :  03950--请求地址: http://192.168.20.136:2100/sysMenus/action/tree/platform ,HTTP_METHOD: GET ,IP: 192.168.20.136 ,CLASS_METHOD: com.csicit.ace.platform.core.controller.SysMenuController.listSideTree ,请求参数: {"aceTimestamp":["1636005103921"]}
2021-11-04 13:51:44 [INFO] com.csicit.ace.common.log.AceLocalLogger :  03950--耗时 : 797
2021-11-04 13:51:44 [INFO] com.csicit.ace.common.log.AceLocalLogger :  04851--请求地址: http://192.168.20.136:2100/getLoginInfo ,HTTP_METHOD: GET ,IP: 192.168.20.136 ,CLASS_METHOD: com.csicit.ace.platform.core.controller.LoginController.getLoginInfo ,请求参数: {}
2021-11-04 13:51:44 [INFO] com.csicit.ace.common.log.AceLocalLogger :  04858--请求地址: http://192.168.20.136:2100/sysConfigs/action/downloadImg/menulo ,HTTP_METHOD: GET ,IP: 192.168.20.136 ,CLASS_METHOD: com.csicit.ace.platform.core.controller.SysConfigController.downloadImg ,请求参数: {"t":["1636005104786"]}
2021-11-04 13:51:44 [INFO] com.csicit.ace.common.log.AceLocalLogger :  04858--请求地址: http://192.168.20.136:2100/sysUsers/action/info ,HTTP_METHOD: GET ,IP: 192.168.20.136 ,CLASS_METHOD: com.csicit.ace.platform.core.controller.SysUserController.info ,请求参数: {"aceTimestamp":["1636005104782"]}
2021-11-04 13:51:44 [INFO] com.csicit.ace.common.log.AceLocalLogger :  04851--耗时 : 29
2021-11-04 13:51:44 [INFO] com.csicit.ace.common.log.AceLocalLogger :  04858--耗时 : 25
2021-11-04 13:51:44 [INFO] com.csicit.ace.common.log.AceLocalLogger :  04905--请求地址: http://192.168.20.136:2100/sysGroupApps/list/userOrgApp ,HTTP_METHOD: GET ,IP: 192.168.20.136 ,CLASS_METHOD: com.csicit.ace.platform.core.controller.SysGroupAppController.listUserOrgApp ,请求参数: {"aceTimestamp":["1636005104890"]}
2021-11-04 13:51:44 [INFO] com.csicit.ace.common.log.AceLocalLogger :  04858--耗时 : 52
2021-11-04 13:51:44 [INFO] com.csicit.ace.common.log.AceLocalLogger :  04905--耗时 : 12
2021-11-04 13:51:46 [INFO] com.csicit.ace.common.log.AceLocalLogger :  06637--请求地址: http://192.168.20.136:2100/orgGroups ,HTTP_METHOD: GET ,IP: 192.168.20.136 ,CLASS_METHOD: com.csicit.ace.platform.core.controller.OrgGroupController.list ,请求参数: {"aceTimestamp":["1636005106585"]}
2021-11-04 13:51:46 [INFO] com.csicit.ace.common.log.AceLocalLogger :  06637--耗时 : 32
2021-11-04 13:51:46 [INFO] com.csicit.ace.common.log.AceLocalLogger :  06692--请求地址: http://192.168.20.136:2100/sysGroupApps/list/userOrgApp ,HTTP_METHOD: GET ,IP: 192.168.20.136 ,CLASS_METHOD: com.csicit.ace.platform.core.controller.SysGroupAppController.listUserOrgApp ,请求参数: {"aceTimestamp":["1636005106672"],"online":["yes"],"useBpm":["yes"]}
2021-11-04 13:51:46 [INFO] com.csicit.ace.common.log.AceLocalLogger :  06692--耗时 : 20
2021-11-04 13:51:46 [INFO] com.csicit.ace.common.log.AceLocalLogger : REQUEST_URL:/aa-test/wfdFlowCategorys, REQUEST_METHOD:GET, REQUEST_IP:192.168.20.136
2021-11-04 13:51:46 [INFO] com.csicit.ace.common.log.AceLocalLogger : REQUEST_URL:/aa-test/wfdFlowCategorys/list/all, REQUEST_METHOD:GET, REQUEST_IP:192.168.20.136
2021-11-04 13:51:46 [INFO] com.csicit.ace.common.log.AceLocalLogger : REQUEST_USER: testappadmin(测试平台应用admin), REQUEST_IP:   192.168.20.136
2021-11-04 13:51:46 [INFO] com.csicit.ace.common.log.AceLocalLogger : REQUEST_USER: testappadmin(测试平台应用admin), REQUEST_IP:   192.168.20.136
2021-11-04 13:51:48 [INFO] com.csicit.ace.common.log.AceLocalLogger : REQUEST_URL:/dv-testapp-platform/wfdFlowCategorys/list/all, REQUEST_METHOD:GET, REQUEST_IP:192.168.20.136
2021-11-04 13:51:48 [INFO] com.csicit.ace.common.log.AceLocalLogger : REQUEST_URL:/dv-testapp-platform/wfdFlowCategorys, REQUEST_METHOD:GET, REQUEST_IP:192.168.20.136
2021-11-04 13:51:48 [INFO] com.csicit.ace.common.log.AceLocalLogger : REQUEST_USER: testappadmin(测试平台应用admin), REQUEST_IP:   192.168.20.136
2021-11-04 13:51:48 [INFO] com.csicit.ace.common.log.AceLocalLogger : REQUEST_USER: testappadmin(测试平台应用admin), REQUEST_IP:   192.168.20.136
2021-11-04 13:51:48 [INFO] com.csicit.ace.common.log.AceLocalLogger : REQUEST_URL:/dv-testapp-platform/wfdFlows/list/all, REQUEST_METHOD:GET, REQUEST_IP:192.168.20.136
2021-11-04 13:51:48 [INFO] com.csicit.ace.common.log.AceLocalLogger : REQUEST_URL:/dv-testapp-platform/wfdFlows/list/all, REQUEST_METHOD:GET, REQUEST_IP:192.168.20.136
2021-11-04 13:51:48 [INFO] com.csicit.ace.common.log.AceLocalLogger : REQUEST_URL:/dv-testapp-platform/wfdFlows/list/all, REQUEST_METHOD:GET, REQUEST_IP:192.168.20.136
2021-11-04 13:51:48 [INFO] com.csicit.ace.common.log.AceLocalLogger : REQUEST_USER: testappadmin(测试平台应用admin), REQUEST_IP:   192.168.20.136
2021-11-04 13:51:48 [INFO] com.csicit.ace.common.log.AceLocalLogger : REQUEST_USER: testappadmin(测试平台应用admin), REQUEST_IP:   192.168.20.136
2021-11-04 13:51:48 [INFO] com.csicit.ace.common.log.AceLocalLogger : REQUEST_URL:/dv-testapp-platform/wfdFlows/list/all, REQUEST_METHOD:GET, REQUEST_IP:192.168.20.136
2021-11-04 13:51:48 [INFO] com.csicit.ace.common.log.AceLocalLogger : REQUEST_USER: testappadmin(测试平台应用admin), REQUEST_IP:   192.168.20.136
2021-11-04 13:51:48 [INFO] com.csicit.ace.common.log.AceLocalLogger : REQUEST_USER: testappadmin(测试平台应用admin), REQUEST_IP:   192.168.20.136
2021-11-04 13:51:48 [INFO] com.csicit.ace.common.log.AceLocalLogger : REQUEST_URL:/dv-testapp-platform/wfdFlows/list/all, REQUEST_METHOD:GET, REQUEST_IP:192.168.20.136
2021-11-04 13:51:48 [INFO] com.csicit.ace.common.log.AceLocalLogger : REQUEST_USER: testappadmin(测试平台应用admin), REQUEST_IP:   192.168.20.136
2021-11-04 13:51:48 [WARN] org.springframework.cloud.netflix.zuul.filters.post.SendErrorFilter : Error during filtering
com.netflix.zuul.exception.ZuulException: Forwarding error
	at org.springframework.cloud.netflix.zuul.filters.route.SimpleHostRoutingFilter.handleException(SimpleHostRoutingFilter.java:246)
	at org.springframework.cloud.netflix.zuul.filters.route.SimpleHostRoutingFilter.run(SimpleHostRoutingFilter.java:226)
	at com.netflix.zuul.ZuulFilter.runFilter(ZuulFilter.java:117)
	at com.netflix.zuul.FilterProcessor.processZuulFilter(FilterProcessor.java:193)
	at com.netflix.zuul.FilterProcessor.runFilters(FilterProcessor.java:157)
	at com.netflix.zuul.FilterProcessor.route(FilterProcessor.java:118)
	at com.netflix.zuul.ZuulRunner.route(ZuulRunner.java:96)
	at com.netflix.zuul.http.ZuulServlet.route(ZuulServlet.java:116)
	at com.netflix.zuul.http.ZuulServlet.service(ZuulServlet.java:81)
	at org.springframework.web.servlet.mvc.ServletWrappingController.handleRequestInternal(ServletWrappingController.java:165)
	at org.springframework.cloud.netflix.zuul.web.ZuulController.handleRequest(ZuulController.java:44)
	at org.springframework.web.servlet.mvc.SimpleControllerHandlerAdapter.handle(SimpleControllerHandlerAdapter.java:52)
	at org.springframework.web.servlet.DispatcherServlet.doDispatch(DispatcherServlet.java:1038)
	at org.springframework.web.servlet.DispatcherServlet.doService(DispatcherServlet.java:942)
	at org.springframework.web.servlet.FrameworkServlet.processRequest(FrameworkServlet.java:1005)
	at org.springframework.web.servlet.FrameworkServlet.doGet(FrameworkServlet.java:897)
	at javax.servlet.http.HttpServlet.service(HttpServlet.java:634)
	at org.springframework.web.servlet.FrameworkServlet.service(FrameworkServlet.java:882)
	at javax.servlet.http.HttpServlet.service(HttpServlet.java:741)
	at org.apache.catalina.core.ApplicationFilterChain.internalDoFilter(ApplicationFilterChain.java:231)
	at org.apache.catalina.core.ApplicationFilterChain.doFilter(ApplicationFilterChain.java:166)
	at org.apache.tomcat.websocket.server.WsFilter.doFilter(WsFilter.java:53)
	at org.apache.catalina.core.ApplicationFilterChain.internalDoFilter(ApplicationFilterChain.java:193)
	at org.apache.catalina.core.ApplicationFilterChain.doFilter(ApplicationFilterChain.java:166)
	at org.springframework.web.filter.CorsFilter.doFilterInternal(CorsFilter.java:96)
	at org.springframework.web.filter.OncePerRequestFilter.doFilter(OncePerRequestFilter.java:109)
	at org.apache.catalina.core.ApplicationFilterChain.internalDoFilter(ApplicationFilterChain.java:193)
	at org.apache.catalina.core.ApplicationFilterChain.doFilter(ApplicationFilterChain.java:166)
	at org.springframework.boot.actuate.web.trace.servlet.HttpTraceFilter.doFilterInternal(HttpTraceFilter.java:88)
	at org.springframework.web.filter.OncePerRequestFilter.doFilter(OncePerRequestFilter.java:109)
	at org.apache.catalina.core.ApplicationFilterChain.internalDoFilter(ApplicationFilterChain.java:193)
	at org.apache.catalina.core.ApplicationFilterChain.doFilter(ApplicationFilterChain.java:166)
	at org.springframework.web.filter.RequestContextFilter.doFilterInternal(RequestContextFilter.java:99)
	at org.springframework.web.filter.OncePerRequestFilter.doFilter(OncePerRequestFilter.java:109)
	at org.apache.catalina.core.ApplicationFilterChain.internalDoFilter(ApplicationFilterChain.java:193)
	at org.apache.catalina.core.ApplicationFilterChain.doFilter(ApplicationFilterChain.java:166)
	at org.springframework.web.filter.FormContentFilter.doFilterInternal(FormContentFilter.java:92)
	at org.springframework.web.filter.OncePerRequestFilter.doFilter(OncePerRequestFilter.java:109)
	at org.apache.catalina.core.ApplicationFilterChain.internalDoFilter(ApplicationFilterChain.java:193)
	at org.apache.catalina.core.ApplicationFilterChain.doFilter(ApplicationFilterChain.java:166)
	at org.springframework.web.filter.HiddenHttpMethodFilter.doFilterInternal(HiddenHttpMethodFilter.java:93)
	at org.springframework.web.filter.OncePerRequestFilter.doFilter(OncePerRequestFilter.java:109)
	at org.apache.catalina.core.ApplicationFilterChain.internalDoFilter(ApplicationFilterChain.java:193)
	at org.apache.catalina.core.ApplicationFilterChain.doFilter(ApplicationFilterChain.java:166)
	at org.springframework.boot.actuate.metrics.web.servlet.WebMvcMetricsFilter.filterAndRecordMetrics(WebMvcMetricsFilter.java:114)
	at org.springframework.boot.actuate.metrics.web.servlet.WebMvcMetricsFilter.doFilterInternal(WebMvcMetricsFilter.java:104)
	at org.springframework.web.filter.OncePerRequestFilter.doFilter(OncePerRequestFilter.java:109)
	at org.apache.catalina.core.ApplicationFilterChain.internalDoFilter(ApplicationFilterChain.java:193)
	at org.apache.catalina.core.ApplicationFilterChain.doFilter(ApplicationFilterChain.java:166)
	at org.springframework.web.filter.CharacterEncodingFilter.doFilterInternal(CharacterEncodingFilter.java:200)
	at org.springframework.web.filter.OncePerRequestFilter.doFilter(OncePerRequestFilter.java:109)
	at org.apache.catalina.core.ApplicationFilterChain.internalDoFilter(ApplicationFilterChain.java:193)
	at org.apache.catalina.core.ApplicationFilterChain.doFilter(ApplicationFilterChain.java:166)
	at org.apache.catalina.core.StandardWrapperValve.invoke(StandardWrapperValve.java:199)
	at org.apache.catalina.core.StandardContextValve.invoke(StandardContextValve.java:96)
	at org.apache.catalina.authenticator.AuthenticatorBase.invoke(AuthenticatorBase.java:490)
	at org.apache.catalina.core.StandardHostValve.invoke(StandardHostValve.java:139)
	at org.apache.catalina.valves.ErrorReportValve.invoke(ErrorReportValve.java:92)
	at org.apache.catalina.core.StandardEngineValve.invoke(StandardEngineValve.java:74)
	at org.apache.catalina.connector.CoyoteAdapter.service(CoyoteAdapter.java:343)
	at org.apache.coyote.http11.Http11Processor.service(Http11Processor.java:408)
	at org.apache.coyote.AbstractProcessorLight.process(AbstractProcessorLight.java:66)
	at org.apache.coyote.AbstractProtocol$ConnectionHandler.process(AbstractProtocol.java:834)
	at org.apache.tomcat.util.net.NioEndpoint$SocketProcessor.doRun(NioEndpoint.java:1417)
	at org.apache.tomcat.util.net.SocketProcessorBase.run(SocketProcessorBase.java:49)
	at java.util.concurrent.ThreadPoolExecutor.runWorker(ThreadPoolExecutor.java:1149)
	at java.util.concurrent.ThreadPoolExecutor$Worker.run(ThreadPoolExecutor.java:624)
	at org.apache.tomcat.util.threads.TaskThread$WrappingRunnable.run(TaskThread.java:61)
	at java.lang.Thread.run(Thread.java:748)
Caused by: org.apache.http.conn.HttpHostConnectException: Connect to 127.0.0.1:8816 [/127.0.0.1] failed: Connection refused: connect
	at org.apache.http.impl.conn.DefaultHttpClientConnectionOperator.connect(DefaultHttpClientConnectionOperator.java:156)
	at org.apache.http.impl.conn.PoolingHttpClientConnectionManager.connect(PoolingHttpClientConnectionManager.java:374)
	at org.apache.http.impl.execchain.MainClientExec.establishRoute(MainClientExec.java:393)
	at org.apache.http.impl.execchain.MainClientExec.execute(MainClientExec.java:236)
	at org.apache.http.impl.execchain.ProtocolExec.execute(ProtocolExec.java:186)
	at org.apache.http.impl.execchain.RetryExec.execute(RetryExec.java:89)
	at org.apache.http.impl.client.InternalHttpClient.doExecute(InternalHttpClient.java:185)
	at org.apache.http.impl.client.CloseableHttpClient.execute(CloseableHttpClient.java:118)
	at org.springframework.cloud.netflix.zuul.filters.route.SimpleHostRoutingFilter.forwardRequest(SimpleHostRoutingFilter.java:396)
	at org.springframework.cloud.netflix.zuul.filters.route.SimpleHostRoutingFilter.forward(SimpleHostRoutingFilter.java:315)
	at org.springframework.cloud.netflix.zuul.filters.route.SimpleHostRoutingFilter.run(SimpleHostRoutingFilter.java:221)
	... 67 common frames omitted
Caused by: java.net.ConnectException: Connection refused: connect
	at java.net.DualStackPlainSocketImpl.waitForConnect(Native Method)
	at java.net.DualStackPlainSocketImpl.socketConnect(DualStackPlainSocketImpl.java:85)
	at java.net.AbstractPlainSocketImpl.doConnect(AbstractPlainSocketImpl.java:350)
	at java.net.AbstractPlainSocketImpl.connectToAddress(AbstractPlainSocketImpl.java:206)
	at java.net.AbstractPlainSocketImpl.connect(AbstractPlainSocketImpl.java:188)
	at java.net.PlainSocketImpl.connect(PlainSocketImpl.java:172)
	at java.net.SocksSocketImpl.connect(SocksSocketImpl.java:392)
	at java.net.Socket.connect(Socket.java:589)
	at org.apache.http.conn.socket.PlainConnectionSocketFactory.connectSocket(PlainConnectionSocketFactory.java:75)
	at org.apache.http.impl.conn.DefaultHttpClientConnectionOperator.connect(DefaultHttpClientConnectionOperator.java:142)
	... 77 common frames omitted
2021-11-04 13:51:48 [WARN] org.springframework.cloud.netflix.zuul.filters.post.SendErrorFilter : Error during filtering
com.netflix.zuul.exception.ZuulException: Forwarding error
	at org.springframework.cloud.netflix.zuul.filters.route.SimpleHostRoutingFilter.handleException(SimpleHostRoutingFilter.java:246)
	at org.springframework.cloud.netflix.zuul.filters.route.SimpleHostRoutingFilter.run(SimpleHostRoutingFilter.java:226)
	at com.netflix.zuul.ZuulFilter.runFilter(ZuulFilter.java:117)
	at com.netflix.zuul.FilterProcessor.processZuulFilter(FilterProcessor.java:193)
	at com.netflix.zuul.FilterProcessor.runFilters(FilterProcessor.java:157)
	at com.netflix.zuul.FilterProcessor.route(FilterProcessor.java:118)
	at com.netflix.zuul.ZuulRunner.route(ZuulRunner.java:96)
	at com.netflix.zuul.http.ZuulServlet.route(ZuulServlet.java:116)
	at com.netflix.zuul.http.ZuulServlet.service(ZuulServlet.java:81)
	at org.springframework.web.servlet.mvc.ServletWrappingController.handleRequestInternal(ServletWrappingController.java:165)
	at org.springframework.cloud.netflix.zuul.web.ZuulController.handleRequest(ZuulController.java:44)
	at org.springframework.web.servlet.mvc.SimpleControllerHandlerAdapter.handle(SimpleControllerHandlerAdapter.java:52)
	at org.springframework.web.servlet.DispatcherServlet.doDispatch(DispatcherServlet.java:1038)
	at org.springframework.web.servlet.DispatcherServlet.doService(DispatcherServlet.java:942)
	at org.springframework.web.servlet.FrameworkServlet.processRequest(FrameworkServlet.java:1005)
	at org.springframework.web.servlet.FrameworkServlet.doGet(FrameworkServlet.java:897)
	at javax.servlet.http.HttpServlet.service(HttpServlet.java:634)
	at org.springframework.web.servlet.FrameworkServlet.service(FrameworkServlet.java:882)
	at javax.servlet.http.HttpServlet.service(HttpServlet.java:741)
	at org.apache.catalina.core.ApplicationFilterChain.internalDoFilter(ApplicationFilterChain.java:231)
	at org.apache.catalina.core.ApplicationFilterChain.doFilter(ApplicationFilterChain.java:166)
	at org.apache.tomcat.websocket.server.WsFilter.doFilter(WsFilter.java:53)
	at org.apache.catalina.core.ApplicationFilterChain.internalDoFilter(ApplicationFilterChain.java:193)
	at org.apache.catalina.core.ApplicationFilterChain.doFilter(ApplicationFilterChain.java:166)
	at org.springframework.web.filter.CorsFilter.doFilterInternal(CorsFilter.java:96)
	at org.springframework.web.filter.OncePerRequestFilter.doFilter(OncePerRequestFilter.java:109)
	at org.apache.catalina.core.ApplicationFilterChain.internalDoFilter(ApplicationFilterChain.java:193)
	at org.apache.catalina.core.ApplicationFilterChain.doFilter(ApplicationFilterChain.java:166)
	at org.springframework.boot.actuate.web.trace.servlet.HttpTraceFilter.doFilterInternal(HttpTraceFilter.java:88)
	at org.springframework.web.filter.OncePerRequestFilter.doFilter(OncePerRequestFilter.java:109)
	at org.apache.catalina.core.ApplicationFilterChain.internalDoFilter(ApplicationFilterChain.java:193)
	at org.apache.catalina.core.ApplicationFilterChain.doFilter(ApplicationFilterChain.java:166)
	at org.springframework.web.filter.RequestContextFilter.doFilterInternal(RequestContextFilter.java:99)
	at org.springframework.web.filter.OncePerRequestFilter.doFilter(OncePerRequestFilter.java:109)
	at org.apache.catalina.core.ApplicationFilterChain.internalDoFilter(ApplicationFilterChain.java:193)
	at org.apache.catalina.core.ApplicationFilterChain.doFilter(ApplicationFilterChain.java:166)
	at org.springframework.web.filter.FormContentFilter.doFilterInternal(FormContentFilter.java:92)
	at org.springframework.web.filter.OncePerRequestFilter.doFilter(OncePerRequestFilter.java:109)
	at org.apache.catalina.core.ApplicationFilterChain.internalDoFilter(ApplicationFilterChain.java:193)
	at org.apache.catalina.core.ApplicationFilterChain.doFilter(ApplicationFilterChain.java:166)
	at org.springframework.web.filter.HiddenHttpMethodFilter.doFilterInternal(HiddenHttpMethodFilter.java:93)
	at org.springframework.web.filter.OncePerRequestFilter.doFilter(OncePerRequestFilter.java:109)
	at org.apache.catalina.core.ApplicationFilterChain.internalDoFilter(ApplicationFilterChain.java:193)
	at org.apache.catalina.core.ApplicationFilterChain.doFilter(ApplicationFilterChain.java:166)
	at org.springframework.boot.actuate.metrics.web.servlet.WebMvcMetricsFilter.filterAndRecordMetrics(WebMvcMetricsFilter.java:114)
	at org.springframework.boot.actuate.metrics.web.servlet.WebMvcMetricsFilter.doFilterInternal(WebMvcMetricsFilter.java:104)
	at org.springframework.web.filter.OncePerRequestFilter.doFilter(OncePerRequestFilter.java:109)
	at org.apache.catalina.core.ApplicationFilterChain.internalDoFilter(ApplicationFilterChain.java:193)
	at org.apache.catalina.core.ApplicationFilterChain.doFilter(ApplicationFilterChain.java:166)
	at org.springframework.web.filter.CharacterEncodingFilter.doFilterInternal(CharacterEncodingFilter.java:200)
	at org.springframework.web.filter.OncePerRequestFilter.doFilter(OncePerRequestFilter.java:109)
	at org.apache.catalina.core.ApplicationFilterChain.internalDoFilter(ApplicationFilterChain.java:193)
	at org.apache.catalina.core.ApplicationFilterChain.doFilter(ApplicationFilterChain.java:166)
	at org.apache.catalina.core.StandardWrapperValve.invoke(StandardWrapperValve.java:199)
	at org.apache.catalina.core.StandardContextValve.invoke(StandardContextValve.java:96)
	at org.apache.catalina.authenticator.AuthenticatorBase.invoke(AuthenticatorBase.java:490)
	at org.apache.catalina.core.StandardHostValve.invoke(StandardHostValve.java:139)
	at org.apache.catalina.valves.ErrorReportValve.invoke(ErrorReportValve.java:92)
	at org.apache.catalina.core.StandardEngineValve.invoke(StandardEngineValve.java:74)
	at org.apache.catalina.connector.CoyoteAdapter.service(CoyoteAdapter.java:343)
	at org.apache.coyote.http11.Http11Processor.service(Http11Processor.java:408)
	at org.apache.coyote.AbstractProcessorLight.process(AbstractProcessorLight.java:66)
	at org.apache.coyote.AbstractProtocol$ConnectionHandler.process(AbstractProtocol.java:834)
	at org.apache.tomcat.util.net.NioEndpoint$SocketProcessor.doRun(NioEndpoint.java:1417)
	at org.apache.tomcat.util.net.SocketProcessorBase.run(SocketProcessorBase.java:49)
	at java.util.concurrent.ThreadPoolExecutor.runWorker(ThreadPoolExecutor.java:1149)
	at java.util.concurrent.ThreadPoolExecutor$Worker.run(ThreadPoolExecutor.java:624)
	at org.apache.tomcat.util.threads.TaskThread$WrappingRunnable.run(TaskThread.java:61)
	at java.lang.Thread.run(Thread.java:748)
Caused by: org.apache.http.conn.HttpHostConnectException: Connect to 127.0.0.1:8816 [/127.0.0.1] failed: Connection refused: connect
	at org.apache.http.impl.conn.DefaultHttpClientConnectionOperator.connect(DefaultHttpClientConnectionOperator.java:156)
	at org.apache.http.impl.conn.PoolingHttpClientConnectionManager.connect(PoolingHttpClientConnectionManager.java:374)
	at org.apache.http.impl.execchain.MainClientExec.establishRoute(MainClientExec.java:393)
	at org.apache.http.impl.execchain.MainClientExec.execute(MainClientExec.java:236)
	at org.apache.http.impl.execchain.ProtocolExec.execute(ProtocolExec.java:186)
	at org.apache.http.impl.execchain.RetryExec.execute(RetryExec.java:89)
	at org.apache.http.impl.client.InternalHttpClient.doExecute(InternalHttpClient.java:185)
	at org.apache.http.impl.client.CloseableHttpClient.execute(CloseableHttpClient.java:118)
	at org.springframework.cloud.netflix.zuul.filters.route.SimpleHostRoutingFilter.forwardRequest(SimpleHostRoutingFilter.java:396)
	at org.springframework.cloud.netflix.zuul.filters.route.SimpleHostRoutingFilter.forward(SimpleHostRoutingFilter.java:315)
	at org.springframework.cloud.netflix.zuul.filters.route.SimpleHostRoutingFilter.run(SimpleHostRoutingFilter.java:221)
	... 67 common frames omitted
Caused by: java.net.ConnectException: Connection refused: connect
	at java.net.DualStackPlainSocketImpl.waitForConnect(Native Method)
	at java.net.DualStackPlainSocketImpl.socketConnect(DualStackPlainSocketImpl.java:85)
	at java.net.AbstractPlainSocketImpl.doConnect(AbstractPlainSocketImpl.java:350)
	at java.net.AbstractPlainSocketImpl.connectToAddress(AbstractPlainSocketImpl.java:206)
	at java.net.AbstractPlainSocketImpl.connect(AbstractPlainSocketImpl.java:188)
	at java.net.PlainSocketImpl.connect(PlainSocketImpl.java:172)
	at java.net.SocksSocketImpl.connect(SocksSocketImpl.java:392)
	at java.net.Socket.connect(Socket.java:589)
	at org.apache.http.conn.socket.PlainConnectionSocketFactory.connectSocket(PlainConnectionSocketFactory.java:75)
	at org.apache.http.impl.conn.DefaultHttpClientConnectionOperator.connect(DefaultHttpClientConnectionOperator.java:142)
	... 77 common frames omitted
2021-11-04 13:51:51 [INFO] com.csicit.ace.common.log.AceLocalLogger : REQUEST_URL:/dv-testapp-platform/wfdFlows/fid-42604d0a-e8e3-43ba-ab02-63a13adcb059, REQUEST_METHOD:GET, REQUEST_IP:192.168.20.136
2021-11-04 13:51:51 [INFO] com.csicit.ace.common.log.AceLocalLogger : REQUEST_URL:/dv-testapp-platform/wfdVFlows/getLastVersion, REQUEST_METHOD:POST, REQUEST_IP:192.168.20.136
2021-11-04 13:51:51 [INFO] com.csicit.ace.common.log.AceLocalLogger : REQUEST_USER: testappadmin(测试平台应用admin), REQUEST_IP:   192.168.20.136
2021-11-04 13:51:51 [INFO] com.csicit.ace.common.log.AceLocalLogger : REQUEST_USER: testappadmin(测试平台应用admin), REQUEST_IP:   192.168.20.136
2021-11-04 13:51:51 [INFO] com.csicit.ace.common.log.AceLocalLogger : REQUEST_URL:/dv-testapp-platform/wfdGlobalRules/list/all, REQUEST_METHOD:GET, REQUEST_IP:192.168.20.136
2021-11-04 13:51:51 [INFO] com.csicit.ace.common.log.AceLocalLogger : REQUEST_URL:/dv-testapp-platform/wfdGlobalVariants/list/all, REQUEST_METHOD:GET, REQUEST_IP:192.168.20.136
2021-11-04 13:51:51 [INFO] com.csicit.ace.common.log.AceLocalLogger : REQUEST_USER: testappadmin(测试平台应用admin), REQUEST_IP:   192.168.20.136
2021-11-04 13:51:51 [INFO] com.csicit.ace.common.log.AceLocalLogger : REQUEST_USER: testappadmin(测试平台应用admin), REQUEST_IP:   192.168.20.136
2021-11-04 13:51:52 [INFO] com.csicit.ace.common.log.AceLocalLogger : REQUEST_URL:/dv-testapp-platform/wfdFlows/fid-3d9f8c2d-eeaa-4d06-9386-e93929e5d527, REQUEST_METHOD:GET, REQUEST_IP:192.168.20.136
2021-11-04 13:51:52 [INFO] com.csicit.ace.common.log.AceLocalLogger : REQUEST_URL:/dv-testapp-platform/wfdVFlows/getLastVersion, REQUEST_METHOD:POST, REQUEST_IP:192.168.20.136
2021-11-04 13:51:52 [INFO] com.csicit.ace.common.log.AceLocalLogger : REQUEST_USER: testappadmin(测试平台应用admin), REQUEST_IP:   192.168.20.136
2021-11-04 13:51:52 [INFO] com.csicit.ace.common.log.AceLocalLogger : REQUEST_USER: testappadmin(测试平台应用admin), REQUEST_IP:   192.168.20.136
2021-11-04 13:51:52 [INFO] com.csicit.ace.common.log.AceLocalLogger : REQUEST_URL:/dv-testapp-platform/wfdGlobalRules/list/all, REQUEST_METHOD:GET, REQUEST_IP:192.168.20.136
2021-11-04 13:51:52 [INFO] com.csicit.ace.common.log.AceLocalLogger : REQUEST_URL:/dv-testapp-platform/wfdGlobalVariants/list/all, REQUEST_METHOD:GET, REQUEST_IP:192.168.20.136
2021-11-04 13:51:52 [INFO] com.csicit.ace.common.log.AceLocalLogger : REQUEST_USER: testappadmin(测试平台应用admin), REQUEST_IP:   192.168.20.136
2021-11-04 13:51:52 [INFO] com.csicit.ace.common.log.AceLocalLogger : REQUEST_USER: testappadmin(测试平台应用admin), REQUEST_IP:   192.168.20.136
2021-11-04 13:51:53 [INFO] com.csicit.ace.common.log.AceLocalLogger : REQUEST_URL:/dv-testapp-platform/wfdFlows/fid-99fd813d-a1c9-46ea-bbc9-a4f8bfc5c0cf, REQUEST_METHOD:GET, REQUEST_IP:192.168.20.136
2021-11-04 13:51:53 [INFO] com.csicit.ace.common.log.AceLocalLogger : REQUEST_URL:/dv-testapp-platform/wfdVFlows/getLastVersion, REQUEST_METHOD:POST, REQUEST_IP:192.168.20.136
2021-11-04 13:51:53 [INFO] com.csicit.ace.common.log.AceLocalLogger : REQUEST_USER: testappadmin(测试平台应用admin), REQUEST_IP:   192.168.20.136
2021-11-04 13:51:53 [INFO] com.csicit.ace.common.log.AceLocalLogger : REQUEST_USER: testappadmin(测试平台应用admin), REQUEST_IP:   192.168.20.136
2021-11-04 13:51:53 [INFO] com.csicit.ace.common.log.AceLocalLogger : REQUEST_URL:/dv-testapp-platform/wfdGlobalRules/list/all, REQUEST_METHOD:GET, REQUEST_IP:192.168.20.136
2021-11-04 13:51:53 [INFO] com.csicit.ace.common.log.AceLocalLogger : REQUEST_URL:/dv-testapp-platform/wfdGlobalVariants/list/all, REQUEST_METHOD:GET, REQUEST_IP:192.168.20.136
2021-11-04 13:51:53 [INFO] com.csicit.ace.common.log.AceLocalLogger : REQUEST_USER: testappadmin(测试平台应用admin), REQUEST_IP:   192.168.20.136
2021-11-04 13:51:53 [INFO] com.csicit.ace.common.log.AceLocalLogger : REQUEST_USER: testappadmin(测试平台应用admin), REQUEST_IP:   192.168.20.136
2021-11-04 13:51:53 [INFO] com.csicit.ace.common.log.AceLocalLogger : REQUEST_URL:/dv-testapp-platform/wfdFlows/commit/jsonInfo, REQUEST_METHOD:POST, REQUEST_IP:192.168.20.136
2021-11-04 13:51:53 [INFO] com.csicit.ace.common.log.AceLocalLogger : REQUEST_USER: testappadmin(测试平台应用admin), REQUEST_IP:   192.168.20.136
2021-11-04 13:51:54 [INFO] com.csicit.ace.common.log.AceLocalLogger : REQUEST_URL:/dv-testapp-platform/wfdFlowCategorys/list/all, REQUEST_METHOD:GET, REQUEST_IP:192.168.20.136
2021-11-04 13:51:54 [INFO] com.csicit.ace.common.log.AceLocalLogger : REQUEST_URL:/dv-testapp-platform/wfdFlows, REQUEST_METHOD:GET, REQUEST_IP:192.168.20.136
2021-11-04 13:51:54 [INFO] com.csicit.ace.common.log.AceLocalLogger : REQUEST_URL:/dv-testapp-platform/wfdFlows/fid-99fd813d-a1c9-46ea-bbc9-a4f8bfc5c0cf, REQUEST_METHOD:GET, REQUEST_IP:192.168.20.136
2021-11-04 13:51:54 [INFO] com.csicit.ace.common.log.AceLocalLogger : REQUEST_URL:/dv-testapp-platform/wfdVFlows/getLastVersion, REQUEST_METHOD:POST, REQUEST_IP:192.168.20.136
2021-11-04 13:51:54 [INFO] com.csicit.ace.common.log.AceLocalLogger : REQUEST_USER: testappadmin(测试平台应用admin), REQUEST_IP:   192.168.20.136
2021-11-04 13:51:54 [INFO] com.csicit.ace.common.log.AceLocalLogger : REQUEST_USER: testappadmin(测试平台应用admin), REQUEST_IP:   192.168.20.136
2021-11-04 13:51:54 [INFO] com.csicit.ace.common.log.AceLocalLogger : REQUEST_USER: testappadmin(测试平台应用admin), REQUEST_IP:   192.168.20.136
2021-11-04 13:51:54 [INFO] com.csicit.ace.common.log.AceLocalLogger : REQUEST_USER: testappadmin(测试平台应用admin), REQUEST_IP:   192.168.20.136
2021-11-04 13:51:54 [INFO] com.csicit.ace.common.log.AceLocalLogger : REQUEST_URL:/dv-testapp-platform/wfdFlows/list/all, REQUEST_METHOD:GET, REQUEST_IP:192.168.20.136
2021-11-04 13:51:54 [INFO] com.csicit.ace.common.log.AceLocalLogger : REQUEST_URL:/dv-testapp-platform/wfdFlows/list/all, REQUEST_METHOD:GET, REQUEST_IP:192.168.20.136
2021-11-04 13:51:54 [INFO] com.csicit.ace.common.log.AceLocalLogger : REQUEST_USER: testappadmin(测试平台应用admin), REQUEST_IP:   192.168.20.136
2021-11-04 13:51:54 [INFO] com.csicit.ace.common.log.AceLocalLogger : REQUEST_URL:/dv-testapp-platform/wfdFlows/list/all, REQUEST_METHOD:GET, REQUEST_IP:192.168.20.136
2021-11-04 13:51:54 [INFO] com.csicit.ace.common.log.AceLocalLogger : REQUEST_USER: testappadmin(测试平台应用admin), REQUEST_IP:   192.168.20.136
2021-11-04 13:51:54 [INFO] com.csicit.ace.common.log.AceLocalLogger : REQUEST_USER: testappadmin(测试平台应用admin), REQUEST_IP:   192.168.20.136
2021-11-04 13:51:54 [INFO] com.csicit.ace.common.log.AceLocalLogger : REQUEST_URL:/dv-testapp-platform/wfdFlows/list/all, REQUEST_METHOD:GET, REQUEST_IP:192.168.20.136
2021-11-04 13:51:54 [INFO] com.csicit.ace.common.log.AceLocalLogger : REQUEST_URL:/dv-testapp-platform/wfdFlows/list/all, REQUEST_METHOD:GET, REQUEST_IP:192.168.20.136
2021-11-04 13:51:54 [INFO] com.csicit.ace.common.log.AceLocalLogger : REQUEST_USER: testappadmin(测试平台应用admin), REQUEST_IP:   192.168.20.136
2021-11-04 13:51:54 [INFO] com.csicit.ace.common.log.AceLocalLogger : REQUEST_USER: testappadmin(测试平台应用admin), REQUEST_IP:   192.168.20.136
2021-11-04 13:51:54 [INFO] com.csicit.ace.common.log.AceLocalLogger : REQUEST_URL:/dv-testapp-platform/wfdGlobalRules/list/all, REQUEST_METHOD:GET, REQUEST_IP:192.168.20.136
2021-11-04 13:51:54 [INFO] com.csicit.ace.common.log.AceLocalLogger : REQUEST_URL:/dv-testapp-platform/wfdGlobalVariants/list/all, REQUEST_METHOD:GET, REQUEST_IP:192.168.20.136
2021-11-04 13:51:54 [INFO] com.csicit.ace.common.log.AceLocalLogger : REQUEST_USER: testappadmin(测试平台应用admin), REQUEST_IP:   192.168.20.136
2021-11-04 13:51:54 [INFO] com.csicit.ace.common.log.AceLocalLogger : REQUEST_USER: testappadmin(测试平台应用admin), REQUEST_IP:   192.168.20.136
2021-11-04 13:51:55 [INFO] com.csicit.ace.common.log.AceLocalLogger : REQUEST_URL:/dv-testapp-platform/wfdFlows/commit/jsonInfo, REQUEST_METHOD:POST, REQUEST_IP:192.168.20.136
2021-11-04 13:51:55 [INFO] com.csicit.ace.common.log.AceLocalLogger : REQUEST_USER: testappadmin(测试平台应用admin), REQUEST_IP:   192.168.20.136
2021-11-04 13:51:55 [INFO] com.csicit.ace.common.log.AceLocalLogger : REQUEST_URL:/dv-testapp-platform/wfdFlowCategorys/list/all, REQUEST_METHOD:GET, REQUEST_IP:192.168.20.136
2021-11-04 13:51:55 [INFO] com.csicit.ace.common.log.AceLocalLogger : REQUEST_URL:/dv-testapp-platform/wfdFlows, REQUEST_METHOD:GET, REQUEST_IP:192.168.20.136
2021-11-04 13:51:55 [INFO] com.csicit.ace.common.log.AceLocalLogger : REQUEST_URL:/dv-testapp-platform/wfdFlows/fid-99fd813d-a1c9-46ea-bbc9-a4f8bfc5c0cf, REQUEST_METHOD:GET, REQUEST_IP:192.168.20.136
2021-11-04 13:51:55 [INFO] com.csicit.ace.common.log.AceLocalLogger : REQUEST_USER: testappadmin(测试平台应用admin), REQUEST_IP:   192.168.20.136
2021-11-04 13:51:55 [INFO] com.csicit.ace.common.log.AceLocalLogger : REQUEST_USER: testappadmin(测试平台应用admin), REQUEST_IP:   192.168.20.136
2021-11-04 13:51:55 [INFO] com.csicit.ace.common.log.AceLocalLogger : REQUEST_URL:/dv-testapp-platform/wfdVFlows/getLastVersion, REQUEST_METHOD:POST, REQUEST_IP:192.168.20.136
2021-11-04 13:51:55 [INFO] com.csicit.ace.common.log.AceLocalLogger : REQUEST_USER: testappadmin(测试平台应用admin), REQUEST_IP:   192.168.20.136
2021-11-04 13:51:55 [INFO] com.csicit.ace.common.log.AceLocalLogger : REQUEST_USER: testappadmin(测试平台应用admin), REQUEST_IP:   192.168.20.136
2021-11-04 13:51:55 [INFO] com.csicit.ace.common.log.AceLocalLogger : REQUEST_URL:/dv-testapp-platform/wfdFlows/list/all, REQUEST_METHOD:GET, REQUEST_IP:192.168.20.136
2021-11-04 13:51:55 [INFO] com.csicit.ace.common.log.AceLocalLogger : REQUEST_URL:/dv-testapp-platform/wfdFlows/list/all, REQUEST_METHOD:GET, REQUEST_IP:192.168.20.136
2021-11-04 13:51:55 [INFO] com.csicit.ace.common.log.AceLocalLogger : REQUEST_URL:/dv-testapp-platform/wfdFlows/list/all, REQUEST_METHOD:GET, REQUEST_IP:192.168.20.136
2021-11-04 13:51:55 [INFO] com.csicit.ace.common.log.AceLocalLogger : REQUEST_URL:/dv-testapp-platform/wfdFlows/list/all, REQUEST_METHOD:GET, REQUEST_IP:192.168.20.136
2021-11-04 13:51:55 [INFO] com.csicit.ace.common.log.AceLocalLogger : REQUEST_USER: testappadmin(测试平台应用admin), REQUEST_IP:   192.168.20.136
2021-11-04 13:51:55 [INFO] com.csicit.ace.common.log.AceLocalLogger : REQUEST_USER: testappadmin(测试平台应用admin), REQUEST_IP:   192.168.20.136
2021-11-04 13:51:55 [INFO] com.csicit.ace.common.log.AceLocalLogger : REQUEST_URL:/dv-testapp-platform/wfdFlows/list/all, REQUEST_METHOD:GET, REQUEST_IP:192.168.20.136
2021-11-04 13:51:55 [INFO] com.csicit.ace.common.log.AceLocalLogger : REQUEST_USER: testappadmin(测试平台应用admin), REQUEST_IP:   192.168.20.136
2021-11-04 13:51:55 [INFO] com.csicit.ace.common.log.AceLocalLogger : REQUEST_USER: testappadmin(测试平台应用admin), REQUEST_IP:   192.168.20.136
2021-11-04 13:51:55 [INFO] com.csicit.ace.common.log.AceLocalLogger : REQUEST_USER: testappadmin(测试平台应用admin), REQUEST_IP:   192.168.20.136
2021-11-04 13:51:55 [INFO] com.csicit.ace.common.log.AceLocalLogger : REQUEST_URL:/dv-testapp-platform/wfdGlobalRules/list/all, REQUEST_METHOD:GET, REQUEST_IP:192.168.20.136
2021-11-04 13:51:55 [INFO] com.csicit.ace.common.log.AceLocalLogger : REQUEST_URL:/dv-testapp-platform/wfdGlobalVariants/list/all, REQUEST_METHOD:GET, REQUEST_IP:192.168.20.136
2021-11-04 13:51:55 [INFO] com.csicit.ace.common.log.AceLocalLogger : REQUEST_USER: testappadmin(测试平台应用admin), REQUEST_IP:   192.168.20.136
2021-11-04 13:51:55 [INFO] com.csicit.ace.common.log.AceLocalLogger : REQUEST_USER: testappadmin(测试平台应用admin), REQUEST_IP:   192.168.20.136
2021-11-04 13:51:55 [INFO] com.csicit.ace.common.log.AceLocalLogger : REQUEST_URL:/dv-testapp-platform/wfdFlows/action/getServerTime, REQUEST_METHOD:GET, REQUEST_IP:192.168.20.136
2021-11-04 13:51:55 [INFO] com.csicit.ace.common.log.AceLocalLogger : REQUEST_USER: testappadmin(测试平台应用admin), REQUEST_IP:   192.168.20.136
2021-11-04 13:51:55 [INFO] com.csicit.ace.common.log.AceLocalLogger : REQUEST_URL:/dv-testapp-platform/wfdVFlows/getLastVersion, REQUEST_METHOD:POST, REQUEST_IP:192.168.20.136
2021-11-04 13:51:55 [INFO] com.csicit.ace.common.log.AceLocalLogger : REQUEST_USER: testappadmin(测试平台应用admin), REQUEST_IP:   192.168.20.136
2021-11-04 13:51:56 [INFO] com.csicit.ace.common.log.AceLocalLogger : REQUEST_URL:/dv-testapp-platform/bpm/deploy, REQUEST_METHOD:POST, REQUEST_IP:192.168.20.136
2021-11-04 13:51:56 [INFO] com.csicit.ace.common.log.AceLocalLogger : REQUEST_USER: testappadmin(测试平台应用admin), REQUEST_IP:   192.168.20.136
2021-11-04 13:51:56 [INFO] com.csicit.ace.common.log.AceLocalLogger :  16887--请求地址: http://127.0.0.1:2100/orgauth/sysAuditLogs ,HTTP_METHOD: POST ,IP: 192.168.20.136 ,CLASS_METHOD: com.csicit.ace.orgauth.core.controller.SysAuditLogControllerO.saveLog ,请求参数: {"title":["流程发布"],"opContent":["流程标识：zzj-testflow，流程名称：张招君测试流程，流程版本：14"],"groupId":["0b810652d0e84269addf1f147a9c551d"],"appId":["dv-testapp-platform"]}
2021-11-04 13:51:56 [WARN] com.baomidou.mybatisplus.core.toolkit.sql.SqlHelper : Warn: execute Method There are  2 results.
2021-11-04 13:51:56 [INFO] com.csicit.ace.common.log.AceLocalLogger :  16887--耗时 : 20
2021-11-04 13:51:56 [INFO] com.csicit.ace.common.log.AceLocalLogger : REQUEST_URL:/dv-testapp-platform/wfdFlowCategorys/list/all, REQUEST_METHOD:GET, REQUEST_IP:192.168.20.136
2021-11-04 13:51:56 [INFO] com.csicit.ace.common.log.AceLocalLogger : REQUEST_URL:/dv-testapp-platform/wfdFlows, REQUEST_METHOD:GET, REQUEST_IP:192.168.20.136
2021-11-04 13:51:56 [INFO] com.csicit.ace.common.log.AceLocalLogger : REQUEST_URL:/dv-testapp-platform/wfdFlows/fid-99fd813d-a1c9-46ea-bbc9-a4f8bfc5c0cf, REQUEST_METHOD:GET, REQUEST_IP:192.168.20.136
2021-11-04 13:51:56 [INFO] com.csicit.ace.common.log.AceLocalLogger : REQUEST_USER: testappadmin(测试平台应用admin), REQUEST_IP:   192.168.20.136
2021-11-04 13:51:56 [INFO] com.csicit.ace.common.log.AceLocalLogger : REQUEST_USER: testappadmin(测试平台应用admin), REQUEST_IP:   192.168.20.136
2021-11-04 13:51:56 [INFO] com.csicit.ace.common.log.AceLocalLogger : REQUEST_URL:/dv-testapp-platform/wfdVFlows/getLastVersion, REQUEST_METHOD:POST, REQUEST_IP:192.168.20.136
2021-11-04 13:51:56 [INFO] com.csicit.ace.common.log.AceLocalLogger : REQUEST_USER: testappadmin(测试平台应用admin), REQUEST_IP:   192.168.20.136
2021-11-04 13:51:56 [INFO] com.csicit.ace.common.log.AceLocalLogger : REQUEST_USER: testappadmin(测试平台应用admin), REQUEST_IP:   192.168.20.136
2021-11-04 13:51:56 [INFO] com.csicit.ace.common.log.AceLocalLogger : REQUEST_URL:/dv-testapp-platform/wfdFlows/list/all, REQUEST_METHOD:GET, REQUEST_IP:192.168.20.136
2021-11-04 13:51:56 [INFO] com.csicit.ace.common.log.AceLocalLogger : REQUEST_URL:/dv-testapp-platform/wfdFlows/list/all, REQUEST_METHOD:GET, REQUEST_IP:192.168.20.136
2021-11-04 13:51:56 [INFO] com.csicit.ace.common.log.AceLocalLogger : REQUEST_URL:/dv-testapp-platform/wfdFlows/list/all, REQUEST_METHOD:GET, REQUEST_IP:192.168.20.136
2021-11-04 13:51:56 [INFO] com.csicit.ace.common.log.AceLocalLogger : REQUEST_USER: testappadmin(测试平台应用admin), REQUEST_IP:   192.168.20.136
2021-11-04 13:51:56 [INFO] com.csicit.ace.common.log.AceLocalLogger : REQUEST_USER: testappadmin(测试平台应用admin), REQUEST_IP:   192.168.20.136
2021-11-04 13:51:56 [INFO] com.csicit.ace.common.log.AceLocalLogger : REQUEST_URL:/dv-testapp-platform/wfdFlows/list/all, REQUEST_METHOD:GET, REQUEST_IP:192.168.20.136
2021-11-04 13:51:56 [INFO] com.csicit.ace.common.log.AceLocalLogger : REQUEST_URL:/dv-testapp-platform/wfdFlows/list/all, REQUEST_METHOD:GET, REQUEST_IP:192.168.20.136
2021-11-04 13:51:56 [INFO] com.csicit.ace.common.log.AceLocalLogger : REQUEST_USER: testappadmin(测试平台应用admin), REQUEST_IP:   192.168.20.136
2021-11-04 13:51:56 [INFO] com.csicit.ace.common.log.AceLocalLogger : REQUEST_USER: testappadmin(测试平台应用admin), REQUEST_IP:   192.168.20.136
2021-11-04 13:51:56 [INFO] com.csicit.ace.common.log.AceLocalLogger : REQUEST_USER: testappadmin(测试平台应用admin), REQUEST_IP:   192.168.20.136
2021-11-04 13:51:57 [INFO] com.csicit.ace.common.log.AceLocalLogger : REQUEST_URL:/dv-testapp-platform/wfdGlobalRules/list/all, REQUEST_METHOD:GET, REQUEST_IP:192.168.20.136
2021-11-04 13:51:57 [INFO] com.csicit.ace.common.log.AceLocalLogger : REQUEST_URL:/dv-testapp-platform/wfdGlobalVariants/list/all, REQUEST_METHOD:GET, REQUEST_IP:192.168.20.136
2021-11-04 13:51:57 [INFO] com.csicit.ace.common.log.AceLocalLogger : REQUEST_USER: testappadmin(测试平台应用admin), REQUEST_IP:   192.168.20.136
2021-11-04 13:51:57 [INFO] com.csicit.ace.common.log.AceLocalLogger : REQUEST_USER: testappadmin(测试平台应用admin), REQUEST_IP:   192.168.20.136
2021-11-04 13:52:01 [INFO] org.quartz.plugins.history.LoggingJobHistoryPlugin : Job 测试任务组.711HM fired (by trigger 711HM$测试任务组.每100毫秒发送一次) at:  13:52:01 11/04/2021
2021-11-04 13:52:01 [WARN] com.csicit.ace.quartz.core.job.AgentJob : 任务执行失败，原因为：应用ah-csicpm不在线
2021-11-04 13:52:01 [INFO] org.quartz.plugins.history.LoggingJobHistoryPlugin : Job 测试任务组.711HM execution complete at  13:52:01 11/04/2021 and reports: null
2021-11-04 13:52:16 [INFO] com.csicit.ace.common.log.AceLocalLogger : REQUEST_URL:/dv-testapp-platform/wfdFlows/fid-99fd813d-a1c9-46ea-bbc9-a4f8bfc5c0cf, REQUEST_METHOD:GET, REQUEST_IP:192.168.20.136
2021-11-04 13:52:16 [INFO] com.csicit.ace.common.log.AceLocalLogger : REQUEST_URL:/dv-testapp-platform/wfdVFlows/getLastVersion, REQUEST_METHOD:POST, REQUEST_IP:192.168.20.136
2021-11-04 13:52:16 [INFO] com.csicit.ace.common.log.AceLocalLogger : REQUEST_USER: testappadmin(测试平台应用admin), REQUEST_IP:   192.168.20.136
2021-11-04 13:52:16 [INFO] com.csicit.ace.common.log.AceLocalLogger : REQUEST_USER: testappadmin(测试平台应用admin), REQUEST_IP:   192.168.20.136
2021-11-04 13:52:16 [INFO] com.csicit.ace.common.log.AceLocalLogger : REQUEST_URL:/dv-testapp-platform/wfdGlobalRules/list/all, REQUEST_METHOD:GET, REQUEST_IP:192.168.20.136
2021-11-04 13:52:16 [INFO] com.csicit.ace.common.log.AceLocalLogger : REQUEST_URL:/dv-testapp-platform/wfdGlobalVariants/list/all, REQUEST_METHOD:GET, REQUEST_IP:192.168.20.136
2021-11-04 13:52:16 [INFO] com.csicit.ace.common.log.AceLocalLogger : REQUEST_USER: testappadmin(测试平台应用admin), REQUEST_IP:   192.168.20.136
2021-11-04 13:52:16 [INFO] com.csicit.ace.common.log.AceLocalLogger : REQUEST_USER: testappadmin(测试平台应用admin), REQUEST_IP:   192.168.20.136
2021-11-04 13:52:17 [INFO] com.csicit.ace.common.log.AceLocalLogger : REQUEST_URL:/dv-testapp-platform/wfdFlows/action/getServerTime, REQUEST_METHOD:GET, REQUEST_IP:192.168.20.136
2021-11-04 13:52:17 [INFO] com.csicit.ace.common.log.AceLocalLogger : REQUEST_USER: testappadmin(测试平台应用admin), REQUEST_IP:   192.168.20.136
2021-11-04 13:52:17 [INFO] com.csicit.ace.common.log.AceLocalLogger : REQUEST_URL:/dv-testapp-platform/wfdVFlows/getLastVersion, REQUEST_METHOD:POST, REQUEST_IP:192.168.20.136
2021-11-04 13:52:17 [INFO] com.csicit.ace.common.log.AceLocalLogger : REQUEST_USER: testappadmin(测试平台应用admin), REQUEST_IP:   192.168.20.136
2021-11-04 13:52:19 [INFO] com.csicit.ace.common.log.AceLocalLogger : REQUEST_URL:/dv-testapp-platform/wfdFlows/checkOut/editing, REQUEST_METHOD:POST, REQUEST_IP:192.168.20.136
2021-11-04 13:52:19 [INFO] com.csicit.ace.common.log.AceLocalLogger : REQUEST_USER: testappadmin(测试平台应用admin), REQUEST_IP:   192.168.20.136
2021-11-04 13:52:19 [INFO] com.csicit.ace.common.log.AceLocalLogger : REQUEST_URL:/dv-testapp-platform/wfdFlowCategorys/list/all, REQUEST_METHOD:GET, REQUEST_IP:192.168.20.136
2021-11-04 13:52:19 [INFO] com.csicit.ace.common.log.AceLocalLogger : REQUEST_URL:/dv-testapp-platform/wfdFlows, REQUEST_METHOD:GET, REQUEST_IP:192.168.20.136
2021-11-04 13:52:19 [INFO] com.csicit.ace.common.log.AceLocalLogger : REQUEST_URL:/dv-testapp-platform/wfdFlows/fid-99fd813d-a1c9-46ea-bbc9-a4f8bfc5c0cf, REQUEST_METHOD:GET, REQUEST_IP:192.168.20.136
2021-11-04 13:52:19 [INFO] com.csicit.ace.common.log.AceLocalLogger : REQUEST_USER: testappadmin(测试平台应用admin), REQUEST_IP:   192.168.20.136
2021-11-04 13:52:19 [INFO] com.csicit.ace.common.log.AceLocalLogger : REQUEST_USER: testappadmin(测试平台应用admin), REQUEST_IP:   192.168.20.136
2021-11-04 13:52:19 [INFO] com.csicit.ace.common.log.AceLocalLogger : REQUEST_URL:/dv-testapp-platform/wfdVFlows/getLastVersion, REQUEST_METHOD:POST, REQUEST_IP:192.168.20.136
2021-11-04 13:52:19 [INFO] com.csicit.ace.common.log.AceLocalLogger : REQUEST_USER: testappadmin(测试平台应用admin), REQUEST_IP:   192.168.20.136
2021-11-04 13:52:19 [INFO] com.csicit.ace.common.log.AceLocalLogger : REQUEST_USER: testappadmin(测试平台应用admin), REQUEST_IP:   192.168.20.136
2021-11-04 13:52:19 [INFO] com.csicit.ace.common.log.AceLocalLogger : REQUEST_URL:/dv-testapp-platform/wfdFlows/list/all, REQUEST_METHOD:GET, REQUEST_IP:192.168.20.136
2021-11-04 13:52:19 [INFO] com.csicit.ace.common.log.AceLocalLogger : REQUEST_USER: testappadmin(测试平台应用admin), REQUEST_IP:   192.168.20.136
2021-11-04 13:52:19 [INFO] com.csicit.ace.common.log.AceLocalLogger : REQUEST_URL:/dv-testapp-platform/wfdFlows/list/all, REQUEST_METHOD:GET, REQUEST_IP:192.168.20.136
2021-11-04 13:52:19 [INFO] com.csicit.ace.common.log.AceLocalLogger : REQUEST_URL:/dv-testapp-platform/wfdFlows/list/all, REQUEST_METHOD:GET, REQUEST_IP:192.168.20.136
2021-11-04 13:52:19 [INFO] com.csicit.ace.common.log.AceLocalLogger : REQUEST_URL:/dv-testapp-platform/wfdFlows/list/all, REQUEST_METHOD:GET, REQUEST_IP:192.168.20.136
2021-11-04 13:52:19 [INFO] com.csicit.ace.common.log.AceLocalLogger : REQUEST_URL:/dv-testapp-platform/wfdFlows/list/all, REQUEST_METHOD:GET, REQUEST_IP:192.168.20.136
2021-11-04 13:52:19 [INFO] com.csicit.ace.common.log.AceLocalLogger : REQUEST_USER: testappadmin(测试平台应用admin), REQUEST_IP:   192.168.20.136
2021-11-04 13:52:19 [INFO] com.csicit.ace.common.log.AceLocalLogger : REQUEST_USER: testappadmin(测试平台应用admin), REQUEST_IP:   192.168.20.136
2021-11-04 13:52:19 [INFO] com.csicit.ace.common.log.AceLocalLogger : REQUEST_USER: testappadmin(测试平台应用admin), REQUEST_IP:   192.168.20.136
2021-11-04 13:52:19 [INFO] com.csicit.ace.common.log.AceLocalLogger : REQUEST_USER: testappadmin(测试平台应用admin), REQUEST_IP:   192.168.20.136
2021-11-04 13:52:19 [INFO] com.csicit.ace.common.log.AceLocalLogger : REQUEST_URL:/dv-testapp-platform/wfdGlobalRules/list/all, REQUEST_METHOD:GET, REQUEST_IP:192.168.20.136
2021-11-04 13:52:19 [INFO] com.csicit.ace.common.log.AceLocalLogger : REQUEST_URL:/dv-testapp-platform/wfdGlobalVariants/list/all, REQUEST_METHOD:GET, REQUEST_IP:192.168.20.136
2021-11-04 13:52:19 [INFO] com.csicit.ace.common.log.AceLocalLogger : REQUEST_USER: testappadmin(测试平台应用admin), REQUEST_IP:   192.168.20.136
2021-11-04 13:52:19 [INFO] com.csicit.ace.common.log.AceLocalLogger : REQUEST_USER: testappadmin(测试平台应用admin), REQUEST_IP:   192.168.20.136
2021-11-04 13:52:20 [INFO] com.csicit.ace.common.log.AceLocalLogger : REQUEST_URL:/dv-testapp-platform/wfdFlows/commit/jsonInfo, REQUEST_METHOD:POST, REQUEST_IP:192.168.20.136
2021-11-04 13:52:20 [INFO] com.csicit.ace.common.log.AceLocalLogger : REQUEST_USER: testappadmin(测试平台应用admin), REQUEST_IP:   192.168.20.136
2021-11-04 13:52:20 [INFO] com.csicit.ace.common.log.AceLocalLogger : REQUEST_URL:/dv-testapp-platform/wfdFlowCategorys/list/all, REQUEST_METHOD:GET, REQUEST_IP:192.168.20.136
2021-11-04 13:52:20 [INFO] com.csicit.ace.common.log.AceLocalLogger : REQUEST_URL:/dv-testapp-platform/wfdFlows, REQUEST_METHOD:GET, REQUEST_IP:192.168.20.136
2021-11-04 13:52:20 [INFO] com.csicit.ace.common.log.AceLocalLogger : REQUEST_URL:/dv-testapp-platform/wfdFlows/fid-99fd813d-a1c9-46ea-bbc9-a4f8bfc5c0cf, REQUEST_METHOD:GET, REQUEST_IP:192.168.20.136
2021-11-04 13:52:20 [INFO] com.csicit.ace.common.log.AceLocalLogger : REQUEST_USER: testappadmin(测试平台应用admin), REQUEST_IP:   192.168.20.136
2021-11-04 13:52:20 [INFO] com.csicit.ace.common.log.AceLocalLogger : REQUEST_USER: testappadmin(测试平台应用admin), REQUEST_IP:   192.168.20.136
2021-11-04 13:52:20 [INFO] com.csicit.ace.common.log.AceLocalLogger : REQUEST_URL:/dv-testapp-platform/wfdVFlows/getLastVersion, REQUEST_METHOD:POST, REQUEST_IP:192.168.20.136
2021-11-04 13:52:20 [INFO] com.csicit.ace.common.log.AceLocalLogger : REQUEST_USER: testappadmin(测试平台应用admin), REQUEST_IP:   192.168.20.136
2021-11-04 13:52:20 [INFO] com.csicit.ace.common.log.AceLocalLogger : REQUEST_USER: testappadmin(测试平台应用admin), REQUEST_IP:   192.168.20.136
2021-11-04 13:52:20 [INFO] com.csicit.ace.common.log.AceLocalLogger : REQUEST_URL:/dv-testapp-platform/wfdFlows/list/all, REQUEST_METHOD:GET, REQUEST_IP:192.168.20.136
2021-11-04 13:52:20 [INFO] com.csicit.ace.common.log.AceLocalLogger : REQUEST_URL:/dv-testapp-platform/wfdFlows/list/all, REQUEST_METHOD:GET, REQUEST_IP:192.168.20.136
2021-11-04 13:52:20 [INFO] com.csicit.ace.common.log.AceLocalLogger : REQUEST_URL:/dv-testapp-platform/wfdFlows/list/all, REQUEST_METHOD:GET, REQUEST_IP:192.168.20.136
2021-11-04 13:52:20 [INFO] com.csicit.ace.common.log.AceLocalLogger : REQUEST_URL:/dv-testapp-platform/wfdFlows/list/all, REQUEST_METHOD:GET, REQUEST_IP:192.168.20.136
2021-11-04 13:52:20 [INFO] com.csicit.ace.common.log.AceLocalLogger : REQUEST_USER: testappadmin(测试平台应用admin), REQUEST_IP:   192.168.20.136
2021-11-04 13:52:20 [INFO] com.csicit.ace.common.log.AceLocalLogger : REQUEST_USER: testappadmin(测试平台应用admin), REQUEST_IP:   192.168.20.136
2021-11-04 13:52:20 [INFO] com.csicit.ace.common.log.AceLocalLogger : REQUEST_USER: testappadmin(测试平台应用admin), REQUEST_IP:   192.168.20.136
2021-11-04 13:52:20 [INFO] com.csicit.ace.common.log.AceLocalLogger : REQUEST_URL:/dv-testapp-platform/wfdFlows/list/all, REQUEST_METHOD:GET, REQUEST_IP:192.168.20.136
2021-11-04 13:52:20 [INFO] com.csicit.ace.common.log.AceLocalLogger : REQUEST_USER: testappadmin(测试平台应用admin), REQUEST_IP:   192.168.20.136
2021-11-04 13:52:20 [INFO] com.csicit.ace.common.log.AceLocalLogger : REQUEST_USER: testappadmin(测试平台应用admin), REQUEST_IP:   192.168.20.136
2021-11-04 13:52:20 [INFO] com.csicit.ace.common.log.AceLocalLogger : REQUEST_URL:/dv-testapp-platform/wfdGlobalRules/list/all, REQUEST_METHOD:GET, REQUEST_IP:192.168.20.136
2021-11-04 13:52:20 [INFO] com.csicit.ace.common.log.AceLocalLogger : REQUEST_URL:/dv-testapp-platform/wfdGlobalVariants/list/all, REQUEST_METHOD:GET, REQUEST_IP:192.168.20.136
2021-11-04 13:52:20 [INFO] com.csicit.ace.common.log.AceLocalLogger : REQUEST_USER: testappadmin(测试平台应用admin), REQUEST_IP:   192.168.20.136
2021-11-04 13:52:20 [INFO] com.csicit.ace.common.log.AceLocalLogger : REQUEST_USER: testappadmin(测试平台应用admin), REQUEST_IP:   192.168.20.136
2021-11-04 13:53:01 [INFO] org.quartz.plugins.history.LoggingJobHistoryPlugin : Job 测试任务组.711HM fired (by trigger 711HM$测试任务组.每100毫秒发送一次) at:  13:53:01 11/04/2021
2021-11-04 13:53:01 [WARN] com.csicit.ace.quartz.core.job.AgentJob : 任务执行失败，原因为：应用ah-csicpm不在线
2021-11-04 13:53:01 [INFO] org.quartz.plugins.history.LoggingJobHistoryPlugin : Job 测试任务组.711HM execution complete at  13:53:01 11/04/2021 and reports: null
2021-11-04 13:53:29 [INFO] com.csicit.ace.common.log.AceLocalLogger : REQUEST_URL:/dv-testapp-platform/wfdFlows/commit/jsonInfo, REQUEST_METHOD:POST, REQUEST_IP:192.168.20.136
2021-11-04 13:53:29 [INFO] com.csicit.ace.common.log.AceLocalLogger : REQUEST_USER: testappadmin(测试平台应用admin), REQUEST_IP:   192.168.20.136
2021-11-04 13:53:29 [INFO] com.csicit.ace.common.log.AceLocalLogger : REQUEST_URL:/dv-testapp-platform/wfdFlowCategorys/list/all, REQUEST_METHOD:GET, REQUEST_IP:192.168.20.136
2021-11-04 13:53:29 [INFO] com.csicit.ace.common.log.AceLocalLogger : REQUEST_URL:/dv-testapp-platform/wfdFlows, REQUEST_METHOD:GET, REQUEST_IP:192.168.20.136
2021-11-04 13:53:29 [INFO] com.csicit.ace.common.log.AceLocalLogger : REQUEST_URL:/dv-testapp-platform/wfdFlows/fid-99fd813d-a1c9-46ea-bbc9-a4f8bfc5c0cf, REQUEST_METHOD:GET, REQUEST_IP:192.168.20.136
2021-11-04 13:53:29 [INFO] com.csicit.ace.common.log.AceLocalLogger : REQUEST_USER: testappadmin(测试平台应用admin), REQUEST_IP:   192.168.20.136
2021-11-04 13:53:29 [INFO] com.csicit.ace.common.log.AceLocalLogger : REQUEST_USER: testappadmin(测试平台应用admin), REQUEST_IP:   192.168.20.136
2021-11-04 13:53:29 [INFO] com.csicit.ace.common.log.AceLocalLogger : REQUEST_URL:/dv-testapp-platform/wfdVFlows/getLastVersion, REQUEST_METHOD:POST, REQUEST_IP:192.168.20.136
2021-11-04 13:53:29 [INFO] com.csicit.ace.common.log.AceLocalLogger : REQUEST_USER: testappadmin(测试平台应用admin), REQUEST_IP:   192.168.20.136
2021-11-04 13:53:29 [INFO] com.csicit.ace.common.log.AceLocalLogger : REQUEST_USER: testappadmin(测试平台应用admin), REQUEST_IP:   192.168.20.136
2021-11-04 13:53:29 [INFO] com.csicit.ace.common.log.AceLocalLogger : REQUEST_URL:/dv-testapp-platform/wfdFlows/list/all, REQUEST_METHOD:GET, REQUEST_IP:192.168.20.136
2021-11-04 13:53:29 [INFO] com.csicit.ace.common.log.AceLocalLogger : REQUEST_URL:/dv-testapp-platform/wfdFlows/list/all, REQUEST_METHOD:GET, REQUEST_IP:192.168.20.136
2021-11-04 13:53:29 [INFO] com.csicit.ace.common.log.AceLocalLogger : REQUEST_URL:/dv-testapp-platform/wfdFlows/list/all, REQUEST_METHOD:GET, REQUEST_IP:192.168.20.136
2021-11-04 13:53:29 [INFO] com.csicit.ace.common.log.AceLocalLogger : REQUEST_URL:/dv-testapp-platform/wfdFlows/list/all, REQUEST_METHOD:GET, REQUEST_IP:192.168.20.136
2021-11-04 13:53:29 [INFO] com.csicit.ace.common.log.AceLocalLogger : REQUEST_USER: testappadmin(测试平台应用admin), REQUEST_IP:   192.168.20.136
2021-11-04 13:53:29 [INFO] com.csicit.ace.common.log.AceLocalLogger : REQUEST_USER: testappadmin(测试平台应用admin), REQUEST_IP:   192.168.20.136
2021-11-04 13:53:29 [INFO] com.csicit.ace.common.log.AceLocalLogger : REQUEST_URL:/dv-testapp-platform/wfdFlows/list/all, REQUEST_METHOD:GET, REQUEST_IP:192.168.20.136
2021-11-04 13:53:29 [INFO] com.csicit.ace.common.log.AceLocalLogger : REQUEST_USER: testappadmin(测试平台应用admin), REQUEST_IP:   192.168.20.136
2021-11-04 13:53:29 [INFO] com.csicit.ace.common.log.AceLocalLogger : REQUEST_USER: testappadmin(测试平台应用admin), REQUEST_IP:   192.168.20.136
2021-11-04 13:53:29 [INFO] com.csicit.ace.common.log.AceLocalLogger : REQUEST_USER: testappadmin(测试平台应用admin), REQUEST_IP:   192.168.20.136
2021-11-04 13:53:30 [INFO] com.csicit.ace.common.log.AceLocalLogger : REQUEST_URL:/dv-testapp-platform/wfdGlobalRules/list/all, REQUEST_METHOD:GET, REQUEST_IP:192.168.20.136
2021-11-04 13:53:30 [INFO] com.csicit.ace.common.log.AceLocalLogger : REQUEST_URL:/dv-testapp-platform/wfdGlobalVariants/list/all, REQUEST_METHOD:GET, REQUEST_IP:192.168.20.136
2021-11-04 13:53:30 [INFO] com.csicit.ace.common.log.AceLocalLogger : REQUEST_USER: testappadmin(测试平台应用admin), REQUEST_IP:   192.168.20.136
2021-11-04 13:53:30 [INFO] com.csicit.ace.common.log.AceLocalLogger : REQUEST_USER: testappadmin(测试平台应用admin), REQUEST_IP:   192.168.20.136
2021-11-04 13:54:01 [INFO] org.quartz.plugins.history.LoggingJobHistoryPlugin : Job 测试任务组.711HM fired (by trigger 711HM$测试任务组.每100毫秒发送一次) at:  13:54:01 11/04/2021
2021-11-04 13:54:01 [WARN] com.csicit.ace.quartz.core.job.AgentJob : 任务执行失败，原因为：应用ah-csicpm不在线
2021-11-04 13:54:01 [INFO] org.quartz.plugins.history.LoggingJobHistoryPlugin : Job 测试任务组.711HM execution complete at  13:54:01 11/04/2021 and reports: null
2021-11-04 13:55:00 [INFO] org.quartz.plugins.history.LoggingJobHistoryPlugin : Job 业务平台内部定时任务.大屏消息推送 fired (by trigger 大屏消息推送$业务平台内部定时任务.每5分钟执行一次) at:  13:55:00 11/04/2021
2021-11-04 13:55:00 [INFO] com.csicit.ace.common.log.AceLocalLogger :  00048--请求地址: http://127.0.0.1:2100/bladeVisualMsgs/bladeVisual/msg/push ,HTTP_METHOD: GET ,IP: 127.0.0.1 ,CLASS_METHOD: com.csicit.ace.platform.core.controller.BladeVisualMsgController.bladeVisualMsgPush ,请求参数: {}
2021-11-04 13:55:00 [INFO] com.csicit.ace.common.log.AceLocalLogger :  00048--耗时 : 35
2021-11-04 13:55:00 [INFO] org.quartz.plugins.history.LoggingJobHistoryPlugin : Job 业务平台内部定时任务.大屏消息推送 execution complete at  13:55:00 11/04/2021 and reports: null
2021-11-04 13:55:01 [INFO] org.quartz.plugins.history.LoggingJobHistoryPlugin : Job 测试任务组.711HM fired (by trigger 711HM$测试任务组.每100毫秒发送一次) at:  13:55:01 11/04/2021
2021-11-04 13:55:01 [WARN] com.csicit.ace.quartz.core.job.AgentJob : 任务执行失败，原因为：应用ah-csicpm不在线
2021-11-04 13:55:01 [INFO] org.quartz.plugins.history.LoggingJobHistoryPlugin : Job 测试任务组.711HM execution complete at  13:55:01 11/04/2021 and reports: null
2021-11-04 13:56:01 [INFO] org.quartz.plugins.history.LoggingJobHistoryPlugin : Job 测试任务组.711HM fired (by trigger 711HM$测试任务组.每100毫秒发送一次) at:  13:56:01 11/04/2021
2021-11-04 13:56:01 [WARN] com.csicit.ace.quartz.core.job.AgentJob : 任务执行失败，原因为：应用ah-csicpm不在线
2021-11-04 13:56:01 [INFO] org.quartz.plugins.history.LoggingJobHistoryPlugin : Job 测试任务组.711HM execution complete at  13:56:01 11/04/2021 and reports: null
2021-11-04 13:56:17 [INFO] com.csicit.ace.common.log.AceLocalLogger : REQUEST_URL:/dv-testapp-platform/wfdFlows/commit/jsonInfo, REQUEST_METHOD:POST, REQUEST_IP:192.168.20.136
2021-11-04 13:56:17 [INFO] com.csicit.ace.common.log.AceLocalLogger : REQUEST_USER: testappadmin(测试平台应用admin), REQUEST_IP:   192.168.20.136
2021-11-04 13:56:17 [INFO] com.csicit.ace.common.log.AceLocalLogger : REQUEST_URL:/dv-testapp-platform/wfdFlowCategorys/list/all, REQUEST_METHOD:GET, REQUEST_IP:192.168.20.136
2021-11-04 13:56:17 [INFO] com.csicit.ace.common.log.AceLocalLogger : REQUEST_URL:/dv-testapp-platform/wfdFlows, REQUEST_METHOD:GET, REQUEST_IP:192.168.20.136
2021-11-04 13:56:17 [INFO] com.csicit.ace.common.log.AceLocalLogger : REQUEST_URL:/dv-testapp-platform/wfdFlows/fid-99fd813d-a1c9-46ea-bbc9-a4f8bfc5c0cf, REQUEST_METHOD:GET, REQUEST_IP:192.168.20.136
2021-11-04 13:56:17 [INFO] com.csicit.ace.common.log.AceLocalLogger : REQUEST_USER: testappadmin(测试平台应用admin), REQUEST_IP:   192.168.20.136
2021-11-04 13:56:17 [INFO] com.csicit.ace.common.log.AceLocalLogger : REQUEST_URL:/dv-testapp-platform/wfdVFlows/getLastVersion, REQUEST_METHOD:POST, REQUEST_IP:192.168.20.136
2021-11-04 13:56:17 [INFO] com.csicit.ace.common.log.AceLocalLogger : REQUEST_USER: testappadmin(测试平台应用admin), REQUEST_IP:   192.168.20.136
2021-11-04 13:56:17 [INFO] com.csicit.ace.common.log.AceLocalLogger : REQUEST_USER: testappadmin(测试平台应用admin), REQUEST_IP:   192.168.20.136
2021-11-04 13:56:17 [INFO] com.csicit.ace.common.log.AceLocalLogger : REQUEST_USER: testappadmin(测试平台应用admin), REQUEST_IP:   192.168.20.136
2021-11-04 13:56:17 [INFO] com.csicit.ace.common.log.AceLocalLogger : REQUEST_URL:/dv-testapp-platform/wfdFlows/list/all, REQUEST_METHOD:GET, REQUEST_IP:192.168.20.136
2021-11-04 13:56:17 [INFO] com.csicit.ace.common.log.AceLocalLogger : REQUEST_URL:/dv-testapp-platform/wfdFlows/list/all, REQUEST_METHOD:GET, REQUEST_IP:192.168.20.136
2021-11-04 13:56:17 [INFO] com.csicit.ace.common.log.AceLocalLogger : REQUEST_URL:/dv-testapp-platform/wfdFlows/list/all, REQUEST_METHOD:GET, REQUEST_IP:192.168.20.136
2021-11-04 13:56:17 [INFO] com.csicit.ace.common.log.AceLocalLogger : REQUEST_URL:/dv-testapp-platform/wfdFlows/list/all, REQUEST_METHOD:GET, REQUEST_IP:192.168.20.136
2021-11-04 13:56:17 [INFO] com.csicit.ace.common.log.AceLocalLogger : REQUEST_USER: testappadmin(测试平台应用admin), REQUEST_IP:   192.168.20.136
2021-11-04 13:56:17 [INFO] com.csicit.ace.common.log.AceLocalLogger : REQUEST_USER: testappadmin(测试平台应用admin), REQUEST_IP:   192.168.20.136
2021-11-04 13:56:17 [INFO] com.csicit.ace.common.log.AceLocalLogger : REQUEST_USER: testappadmin(测试平台应用admin), REQUEST_IP:   192.168.20.136
2021-11-04 13:56:17 [INFO] com.csicit.ace.common.log.AceLocalLogger : REQUEST_URL:/dv-testapp-platform/wfdFlows/list/all, REQUEST_METHOD:GET, REQUEST_IP:192.168.20.136
2021-11-04 13:56:17 [INFO] com.csicit.ace.common.log.AceLocalLogger : REQUEST_USER: testappadmin(测试平台应用admin), REQUEST_IP:   192.168.20.136
2021-11-04 13:56:17 [INFO] com.csicit.ace.common.log.AceLocalLogger : REQUEST_USER: testappadmin(测试平台应用admin), REQUEST_IP:   192.168.20.136
2021-11-04 13:56:17 [INFO] com.csicit.ace.common.log.AceLocalLogger : REQUEST_URL:/dv-testapp-platform/wfdGlobalRules/list/all, REQUEST_METHOD:GET, REQUEST_IP:192.168.20.136
2021-11-04 13:56:17 [INFO] com.csicit.ace.common.log.AceLocalLogger : REQUEST_URL:/dv-testapp-platform/wfdGlobalVariants/list/all, REQUEST_METHOD:GET, REQUEST_IP:192.168.20.136
2021-11-04 13:56:17 [INFO] com.csicit.ace.common.log.AceLocalLogger : REQUEST_USER: testappadmin(测试平台应用admin), REQUEST_IP:   192.168.20.136
2021-11-04 13:56:17 [INFO] com.csicit.ace.common.log.AceLocalLogger : REQUEST_USER: testappadmin(测试平台应用admin), REQUEST_IP:   192.168.20.136
2021-11-04 13:57:01 [INFO] org.quartz.plugins.history.LoggingJobHistoryPlugin : Job 测试任务组.711HM fired (by trigger 711HM$测试任务组.每100毫秒发送一次) at:  13:57:01 11/04/2021
2021-11-04 13:57:01 [WARN] com.csicit.ace.quartz.core.job.AgentJob : 任务执行失败，原因为：应用ah-csicpm不在线
2021-11-04 13:57:01 [INFO] org.quartz.plugins.history.LoggingJobHistoryPlugin : Job 测试任务组.711HM execution complete at  13:57:01 11/04/2021 and reports: null
2021-11-04 13:58:01 [INFO] org.quartz.plugins.history.LoggingJobHistoryPlugin : Job 测试任务组.711HM fired (by trigger 711HM$测试任务组.每100毫秒发送一次) at:  13:58:01 11/04/2021
2021-11-04 13:58:01 [WARN] com.csicit.ace.quartz.core.job.AgentJob : 任务执行失败，原因为：应用ah-csicpm不在线
2021-11-04 13:58:01 [INFO] org.quartz.plugins.history.LoggingJobHistoryPlugin : Job 测试任务组.711HM execution complete at  13:58:01 11/04/2021 and reports: null
2021-11-04 13:59:01 [INFO] org.quartz.plugins.history.LoggingJobHistoryPlugin : Job 测试任务组.711HM fired (by trigger 711HM$测试任务组.每100毫秒发送一次) at:  13:59:01 11/04/2021
2021-11-04 13:59:01 [WARN] com.csicit.ace.quartz.core.job.AgentJob : 任务执行失败，原因为：应用ah-csicpm不在线
2021-11-04 13:59:01 [INFO] org.quartz.plugins.history.LoggingJobHistoryPlugin : Job 测试任务组.711HM execution complete at  13:59:01 11/04/2021 and reports: null
2021-11-04 14:00:00 [INFO] org.quartz.plugins.history.LoggingJobHistoryPlugin : Job 业务平台内部定时任务.大屏消息推送 fired (by trigger 大屏消息推送$业务平台内部定时任务.每5分钟执行一次) at:  14:00:00 11/04/2021
2021-11-04 14:00:00 [INFO] com.csicit.ace.common.log.AceLocalLogger :  00030--请求地址: http://127.0.0.1:2100/bladeVisualMsgs/bladeVisual/msg/push ,HTTP_METHOD: GET ,IP: 127.0.0.1 ,CLASS_METHOD: com.csicit.ace.platform.core.controller.BladeVisualMsgController.bladeVisualMsgPush ,请求参数: {}
2021-11-04 14:00:00 [INFO] com.csicit.ace.common.log.AceLocalLogger :  00030--耗时 : 26
2021-11-04 14:00:00 [INFO] org.quartz.plugins.history.LoggingJobHistoryPlugin : Job 业务平台内部定时任务.大屏消息推送 execution complete at  14:00:00 11/04/2021 and reports: null
2021-11-04 14:00:01 [INFO] org.quartz.plugins.history.LoggingJobHistoryPlugin : Job 测试任务组.711HM fired (by trigger 711HM$测试任务组.每100毫秒发送一次) at:  14:00:01 11/04/2021
2021-11-04 14:00:01 [WARN] com.csicit.ace.quartz.core.job.AgentJob : 任务执行失败，原因为：应用ah-csicpm不在线
2021-11-04 14:00:01 [INFO] org.quartz.plugins.history.LoggingJobHistoryPlugin : Job 测试任务组.711HM execution complete at  14:00:01 11/04/2021 and reports: null
