2021-11-09 14:22:37 [INFO] com.csicit.ace.zuul.ZuulStartApp : The following profiles are active: routes
2021-11-09 14:22:39 [WARN] org.springframework.boot.actuate.endpoint.EndpointId : Endpoint ID 'hystrix.stream' contains invalid characters, please migrate to a valid format.
2021-11-09 14:22:39 [INFO] org.springframework.cloud.context.scope.GenericScope : BeanFactory id=e7d6b7b8-1456-3fed-aecb-7deb0e3fb33e
2021-11-09 14:22:40 [INFO] org.springframework.context.support.PostProcessorRegistrationDelegate$BeanPostProcessorChecker : Bean 'org.springframework.transaction.annotation.ProxyTransactionManagementConfiguration' of type [org.springframework.transaction.annotation.ProxyTransactionManagementConfiguration$$EnhancerBySpringCGLIB$$7d1f36f9] is not eligible for getting processed by all BeanPostProcessors (for example: not eligible for auto-proxying)
2021-11-09 14:22:40 [INFO] org.springframework.context.support.PostProcessorRegistrationDelegate$BeanPostProcessorChecker : Bean 'socketIoConfig' of type [com.csicit.ace.data.persistent.messenger.config.SocketIoConfig$$EnhancerBySpringCGLIB$$9726c40] is not eligible for getting processed by all BeanPostProcessors (for example: not eligible for auto-proxying)
2021-11-09 14:22:40 [INFO] org.springframework.context.support.PostProcessorRegistrationDelegate$BeanPostProcessorChecker : Bean 'redissonClient' of type [org.springframework.beans.factory.support.NullBean] is not eligible for getting processed by all BeanPostProcessors (for example: not eligible for auto-proxying)
2021-11-09 14:22:40 [INFO] org.springframework.context.support.PostProcessorRegistrationDelegate$BeanPostProcessorChecker : Bean 'socketIOServer' of type [com.corundumstudio.socketio.SocketIOServer] is not eligible for getting processed by all BeanPostProcessors (for example: not eligible for auto-proxying)
2021-11-09 14:22:40 [INFO] org.springframework.context.support.PostProcessorRegistrationDelegate$BeanPostProcessorChecker : Bean 'org.springframework.cloud.autoconfigure.ConfigurationPropertiesRebinderAutoConfiguration' of type [org.springframework.cloud.autoconfigure.ConfigurationPropertiesRebinderAutoConfiguration$$EnhancerBySpringCGLIB$$993939f6] is not eligible for getting processed by all BeanPostProcessors (for example: not eligible for auto-proxying)
2021-11-09 14:22:40 [INFO] org.springframework.boot.web.embedded.tomcat.TomcatWebServer : Tomcat initialized with port(s): 2100 (http)
2021-11-09 14:22:40 [INFO] org.apache.catalina.core.StandardService : Starting service [Tomcat]
2021-11-09 14:22:40 [INFO] org.apache.catalina.core.StandardEngine : Starting Servlet engine: [Apache Tomcat/9.0.14]
2021-11-09 14:22:40 [INFO] org.apache.jasper.servlet.TldScanner : At least one JAR was scanned for TLDs yet contained no TLDs. Enable debug logging for this logger for a complete list of JARs that were scanned but no TLDs were found in them. Skipping unneeded JARs during scanning can improve startup time and JSP compilation time.
2021-11-09 14:22:40 [INFO] org.apache.catalina.core.ContainerBase.[Tomcat].[localhost].[/] : Initializing Spring embedded WebApplicationContext
2021-11-09 14:22:40 [INFO] org.springframework.web.context.ContextLoader : Root WebApplicationContext: initialization completed in 2883 ms
2021-11-09 14:22:41 [WARN] com.netflix.config.sources.URLConfigurationSource : No URLs will be polled as dynamic configuration sources.
2021-11-09 14:22:41 [INFO] com.netflix.config.sources.URLConfigurationSource : To enable URLs as dynamic configuration sources, define System property archaius.configurationSource.additionalUrls or make config.properties available on classpath.
2021-11-09 14:22:41 [INFO] com.netflix.config.DynamicPropertyFactory : DynamicPropertyFactory is initialized with configuration sources: com.netflix.config.ConcurrentCompositeConfiguration@5eb2972f
2021-11-09 14:22:41 [WARN] net.sf.ehcache.config.ConfigurationFactory : No configuration found. Configuring ehcache from ehcache-failsafe.xml  found in the classpath: jar:file:/D:/mavenRepo/net/sf/ehcache/ehcache/2.10.6/ehcache-2.10.6.jar!/ehcache-failsafe.xml
2021-11-09 14:22:41 [INFO] com.alibaba.druid.spring.boot.autoconfigure.DruidDataSourceAutoConfigure : Init DruidDataSource
2021-11-09 14:22:41 [INFO] com.alibaba.druid.pool.DruidDataSource : {dataSource-1} inited
2021-11-09 14:22:49 [INFO] org.quartz.impl.StdSchedulerFactory : Using default implementation for ThreadExecutor
2021-11-09 14:22:49 [INFO] org.quartz.core.SchedulerSignalerImpl : Initialized Scheduler Signaller of type: class org.quartz.core.SchedulerSignalerImpl
2021-11-09 14:22:49 [INFO] org.quartz.core.QuartzScheduler : Quartz Scheduler v.2.3.1 created.
2021-11-09 14:22:49 [INFO] com.csicit.ace.quartz.core.plugins.AceJobConfigLoaderPlugin : Registering Quartz Job Initialization Plug-in.
2021-11-09 14:22:49 [INFO] org.quartz.core.QuartzScheduler : Scheduler meta-data: Quartz Scheduler (v2.3.1) 'JariScheduler' with instanceId 'DESKTOP-A03RJ151636438969170'
  Scheduler class: 'org.quartz.core.QuartzScheduler' - running locally.
  NOT STARTED.
  Currently in standby mode.
  Number of jobs executed: 0
  Using thread pool 'org.quartz.simpl.SimpleThreadPool' - with 20 threads.
  Using job-store 'org.springframework.scheduling.quartz.LocalDataSourceJobStore' - which supports persistence. and is clustered.

2021-11-09 14:22:49 [INFO] org.quartz.impl.StdSchedulerFactory : Quartz scheduler 'JariScheduler' initialized from an externally provided properties instance.
2021-11-09 14:22:49 [INFO] org.quartz.impl.StdSchedulerFactory : Quartz scheduler version: 2.3.1
2021-11-09 14:22:49 [INFO] org.quartz.core.QuartzScheduler : JobFactory set to: com.csicit.ace.quartz.core.factory.MyJobFactory@45c28c49
2021-11-09 14:22:49 [WARN] com.baomidou.mybatisplus.core.toolkit.TableInfoHelper : Warn: Could not find @TableId in Class: com.csicit.ace.common.pojo.vo.GrantAuthReciveVO.
2021-11-09 14:22:50 [INFO] liquibase.integration.spring.SpringLiquibase : Liquibase did not run because 'shouldRun' property was set to false on liquibase Liquibase Spring bean.
2021-11-09 14:22:50 [WARN] com.netflix.config.sources.URLConfigurationSource : No URLs will be polled as dynamic configuration sources.
2021-11-09 14:22:50 [INFO] com.netflix.config.sources.URLConfigurationSource : To enable URLs as dynamic configuration sources, define System property archaius.configurationSource.additionalUrls or make config.properties available on classpath.
2021-11-09 14:22:51 [INFO] org.springframework.scheduling.concurrent.ThreadPoolTaskExecutor : Initializing ExecutorService 'applicationTaskExecutor'
2021-11-09 14:22:51 [INFO] org.springframework.boot.autoconfigure.web.servlet.WelcomePageHandlerMapping : Adding welcome page template: index
2021-11-09 14:22:51 [WARN] org.springframework.boot.starter.redis.RedisStarterDeprecationWarningAutoConfiguration : spring-boot-starter-redis is deprecated as of Spring Boot 1.4, please migrate to spring-boot-starter-data-redis
2021-11-09 14:22:52 [INFO] org.springframework.cloud.netflix.zuul.ZuulFilterInitializer : Starting filter initializer
2021-11-09 14:22:52 [INFO] org.springframework.boot.actuate.endpoint.web.EndpointLinksResolver : Exposing 2 endpoint(s) beneath base path '/actuator'
2021-11-09 14:22:52 [INFO] org.quartz.xml.XMLSchedulingDataProcessor : Parsing XML from stream with systemId:  
2021-11-09 14:22:52 [INFO] org.quartz.xml.XMLSchedulingDataProcessor : Adding 1 jobs, 0 triggers.
2021-11-09 14:22:52 [INFO] org.quartz.xml.XMLSchedulingDataProcessor : Replacing job: tt.xxx
2021-11-09 14:22:52 [INFO] org.quartz.xml.XMLSchedulingDataProcessor : Parsing XML from stream with systemId:  
2021-11-09 14:22:52 [INFO] org.quartz.xml.XMLSchedulingDataProcessor : Adding 1 jobs, 0 triggers.
2021-11-09 14:22:52 [INFO] org.quartz.xml.XMLSchedulingDataProcessor : Replacing job: tt.xxx
2021-11-09 14:22:52 [INFO] org.quartz.xml.XMLSchedulingDataProcessor : Parsing XML from stream with systemId:  
2021-11-09 14:22:52 [INFO] org.quartz.xml.XMLSchedulingDataProcessor : Adding 1 jobs, 1 triggers.
2021-11-09 14:22:52 [INFO] org.quartz.xml.XMLSchedulingDataProcessor : Replacing job: 测试任务组.711HM
2021-11-09 14:22:52 [INFO] org.quartz.xml.XMLSchedulingDataProcessor : Parsing XML from stream with systemId:  
2021-11-09 14:22:52 [INFO] org.quartz.xml.XMLSchedulingDataProcessor : Adding 1 jobs, 0 triggers.
2021-11-09 14:22:52 [INFO] org.quartz.xml.XMLSchedulingDataProcessor : Replacing job: tt.xxx
2021-11-09 14:22:52 [INFO] org.quartz.xml.XMLSchedulingDataProcessor : Parsing XML from stream with systemId:  
2021-11-09 14:22:52 [INFO] org.quartz.xml.XMLSchedulingDataProcessor : Adding 16 jobs, 0 triggers.
2021-11-09 14:22:52 [INFO] org.quartz.xml.XMLSchedulingDataProcessor : Replacing job: tt.xxx
2021-11-09 14:22:52 [INFO] org.quartz.xml.XMLSchedulingDataProcessor : Replacing job: tt.xxx
2021-11-09 14:22:52 [INFO] org.quartz.xml.XMLSchedulingDataProcessor : Replacing job: tt.xxx
2021-11-09 14:22:52 [INFO] org.quartz.xml.XMLSchedulingDataProcessor : Replacing job: tt.xxx
2021-11-09 14:22:52 [INFO] org.quartz.xml.XMLSchedulingDataProcessor : Replacing job: tt.xxx
2021-11-09 14:22:52 [INFO] org.quartz.xml.XMLSchedulingDataProcessor : Replacing job: tt.xxx
2021-11-09 14:22:52 [INFO] org.quartz.xml.XMLSchedulingDataProcessor : Replacing job: tt.xxx
2021-11-09 14:22:52 [INFO] org.quartz.xml.XMLSchedulingDataProcessor : Replacing job: tt.xxx
2021-11-09 14:22:52 [INFO] org.quartz.xml.XMLSchedulingDataProcessor : Replacing job: tt.xxx
2021-11-09 14:22:52 [INFO] org.quartz.xml.XMLSchedulingDataProcessor : Replacing job: tt.xxx
2021-11-09 14:22:52 [INFO] org.quartz.xml.XMLSchedulingDataProcessor : Replacing job: tt.xxx
2021-11-09 14:22:52 [INFO] org.quartz.xml.XMLSchedulingDataProcessor : Replacing job: tt.xxx
2021-11-09 14:22:52 [INFO] org.quartz.xml.XMLSchedulingDataProcessor : Replacing job: tt.xxx
2021-11-09 14:22:52 [INFO] org.quartz.xml.XMLSchedulingDataProcessor : Replacing job: tt.xxx
2021-11-09 14:22:52 [INFO] org.quartz.xml.XMLSchedulingDataProcessor : Replacing job: tt.xxx
2021-11-09 14:22:52 [INFO] org.quartz.xml.XMLSchedulingDataProcessor : Replacing job: tt.xxx
2021-11-09 14:22:52 [INFO] org.quartz.xml.XMLSchedulingDataProcessor : Parsing XML from stream with systemId:  
2021-11-09 14:22:52 [INFO] org.quartz.xml.XMLSchedulingDataProcessor : Adding 1 jobs, 0 triggers.
2021-11-09 14:22:52 [INFO] org.quartz.xml.XMLSchedulingDataProcessor : Replacing job: tt.xxx
2021-11-09 14:22:52 [INFO] org.quartz.xml.XMLSchedulingDataProcessor : Parsing XML from stream with systemId:  
2021-11-09 14:22:52 [INFO] org.quartz.xml.XMLSchedulingDataProcessor : Adding 1 jobs, 0 triggers.
2021-11-09 14:22:52 [INFO] org.quartz.xml.XMLSchedulingDataProcessor : Replacing job: tt.xxx
2021-11-09 14:22:52 [INFO] org.quartz.xml.XMLSchedulingDataProcessor : Parsing XML from stream with systemId:  
2021-11-09 14:22:52 [INFO] org.quartz.xml.XMLSchedulingDataProcessor : Adding 1 jobs, 0 triggers.
2021-11-09 14:22:52 [INFO] org.quartz.xml.XMLSchedulingDataProcessor : Replacing job: tt.xxx
2021-11-09 14:22:52 [INFO] org.quartz.xml.XMLSchedulingDataProcessor : Parsing XML from stream with systemId:  
2021-11-09 14:22:52 [INFO] org.quartz.xml.XMLSchedulingDataProcessor : Adding 1 jobs, 0 triggers.
2021-11-09 14:22:52 [INFO] org.quartz.xml.XMLSchedulingDataProcessor : Replacing job: tt.xxx
2021-11-09 14:22:52 [INFO] org.quartz.xml.XMLSchedulingDataProcessor : Parsing XML from stream with systemId:  
2021-11-09 14:22:52 [INFO] org.quartz.xml.XMLSchedulingDataProcessor : Adding 1 jobs, 0 triggers.
2021-11-09 14:22:52 [INFO] org.quartz.xml.XMLSchedulingDataProcessor : Replacing job: tt.xxx
2021-11-09 14:22:52 [INFO] org.quartz.xml.XMLSchedulingDataProcessor : Parsing XML from stream with systemId:  
2021-11-09 14:22:52 [INFO] org.quartz.xml.XMLSchedulingDataProcessor : Adding 1 jobs, 0 triggers.
2021-11-09 14:22:52 [INFO] org.quartz.xml.XMLSchedulingDataProcessor : Replacing job: tt.xxx
2021-11-09 14:22:52 [INFO] org.quartz.xml.XMLSchedulingDataProcessor : Parsing XML from stream with systemId:  
2021-11-09 14:22:52 [INFO] org.quartz.xml.XMLSchedulingDataProcessor : Adding 1 jobs, 0 triggers.
2021-11-09 14:22:52 [INFO] org.quartz.xml.XMLSchedulingDataProcessor : Replacing job: tt.xxx
2021-11-09 14:22:52 [INFO] org.quartz.xml.XMLSchedulingDataProcessor : Parsing XML from stream with systemId:  
2021-11-09 14:22:52 [INFO] org.quartz.xml.XMLSchedulingDataProcessor : Adding 1 jobs, 0 triggers.
2021-11-09 14:22:52 [INFO] org.quartz.xml.XMLSchedulingDataProcessor : Replacing job: tt.xxx
2021-11-09 14:22:52 [INFO] org.quartz.xml.XMLSchedulingDataProcessor : Parsing XML from stream with systemId:  
2021-11-09 14:22:52 [INFO] org.quartz.xml.XMLSchedulingDataProcessor : Adding 1 jobs, 0 triggers.
2021-11-09 14:22:52 [INFO] org.quartz.xml.XMLSchedulingDataProcessor : Replacing job: tt.xxx
2021-11-09 14:22:52 [INFO] org.quartz.xml.XMLSchedulingDataProcessor : Parsing XML from stream with systemId:  
2021-11-09 14:22:52 [INFO] org.quartz.xml.XMLSchedulingDataProcessor : Adding 1 jobs, 0 triggers.
2021-11-09 14:22:52 [INFO] org.quartz.xml.XMLSchedulingDataProcessor : Replacing job: tt.xxx
2021-11-09 14:22:52 [INFO] org.quartz.xml.XMLSchedulingDataProcessor : Parsing XML from stream with systemId:  
2021-11-09 14:22:52 [INFO] org.quartz.xml.XMLSchedulingDataProcessor : Adding 1 jobs, 0 triggers.
2021-11-09 14:22:52 [INFO] org.quartz.xml.XMLSchedulingDataProcessor : Replacing job: tt.xxx
2021-11-09 14:22:52 [INFO] org.quartz.xml.XMLSchedulingDataProcessor : Parsing XML from stream with systemId:  
2021-11-09 14:22:52 [INFO] org.quartz.xml.XMLSchedulingDataProcessor : Adding 1 jobs, 0 triggers.
2021-11-09 14:22:52 [INFO] org.quartz.xml.XMLSchedulingDataProcessor : Replacing job: tt.xxx
2021-11-09 14:22:52 [INFO] org.quartz.xml.XMLSchedulingDataProcessor : Parsing XML from stream with systemId:  
2021-11-09 14:22:52 [INFO] org.quartz.xml.XMLSchedulingDataProcessor : Adding 2 jobs, 0 triggers.
2021-11-09 14:22:52 [INFO] org.quartz.xml.XMLSchedulingDataProcessor : Replacing job: urgeTask.催办提醒
2021-11-09 14:22:52 [INFO] org.quartz.xml.XMLSchedulingDataProcessor : Replacing job: 催办提醒任务组.催办提醒
2021-11-09 14:22:52 [INFO] org.quartz.xml.XMLSchedulingDataProcessor : Parsing XML from stream with systemId:  
2021-11-09 14:22:52 [INFO] org.quartz.xml.XMLSchedulingDataProcessor : Adding 1 jobs, 1 triggers.
2021-11-09 14:22:52 [INFO] org.quartz.xml.XMLSchedulingDataProcessor : Replacing job: 业务平台内部定时任务.大屏消息推送
2021-11-09 14:22:52 [INFO] org.quartz.core.QuartzScheduler : Scheduler JariScheduler_$_DESKTOP-A03RJ151636438969170 started.
2021-11-09 14:22:52 [INFO] org.springframework.boot.web.embedded.tomcat.TomcatWebServer : Tomcat started on port(s): 2100 (http) with context path ''
2021-11-09 14:22:52 [INFO] com.csicit.ace.zuul.ZuulStartApp : Started ZuulStartApp in 16.923 seconds (JVM running for 17.694)
2021-11-09 14:22:53 [INFO] org.reflections.Reflections : Reflections took 29 ms to scan 1 urls, producing 17 keys and 25 values 
2021-11-09 14:22:53 [INFO] com.corundumstudio.socketio.SocketIOServer : Session store / pubsub factory used: MemoryStoreFactory (local session store only)
2021-11-09 14:22:54 [INFO] com.csicit.ace.common.log.AceLocalLogger : socketLog_消息服务已启动!
2021-11-09 14:22:54 [INFO] com.corundumstudio.socketio.SocketIOServer : SocketIO server started at port: 5070
2021-11-09 14:22:54 [INFO] com.csicit.ace.common.log.AceLocalLogger : socketLog_创建命名空间:dv-testapp-platform
2021-11-09 14:22:54 [INFO] com.csicit.ace.common.log.AceLocalLogger : socketLog_创建命名空间:ei-service
2021-11-09 14:22:57 [INFO] com.csicit.ace.common.log.AceLocalLogger : socketLog_建立连接：cf06aae0-602e-46b2-8888-2036e9b8d871
2021-11-09 14:22:59 [INFO] com.csicit.ace.common.log.AceLocalLogger : socketLog_建立连接：58668fc2-81dc-407f-8ded-984ce17fae47
2021-11-09 14:22:59 [INFO] org.apache.catalina.core.ContainerBase.[Tomcat].[localhost].[/] : Initializing Spring DispatcherServlet 'dispatcherServlet'
2021-11-09 14:22:59 [INFO] org.springframework.web.servlet.DispatcherServlet : Initializing Servlet 'dispatcherServlet'
2021-11-09 14:22:59 [INFO] org.springframework.web.servlet.DispatcherServlet : Completed initialization in 17 ms
2021-11-09 14:22:59 [ERROR] com.csicit.ace.common.log.AceLocalLogger : Request method 'POST' not supported
org.springframework.web.HttpRequestMethodNotSupportedException: Request method 'POST' not supported
	at org.springframework.web.servlet.mvc.method.RequestMappingInfoHandlerMapping.handleNoMatch(RequestMappingInfoHandlerMapping.java:200)
	at org.springframework.web.servlet.handler.AbstractHandlerMethodMapping.lookupHandlerMethod(AbstractHandlerMethodMapping.java:419)
	at org.springframework.web.servlet.handler.AbstractHandlerMethodMapping.getHandlerInternal(AbstractHandlerMethodMapping.java:365)
	at org.springframework.web.servlet.handler.AbstractHandlerMethodMapping.getHandlerInternal(AbstractHandlerMethodMapping.java:65)
	at org.springframework.web.servlet.handler.AbstractHandlerMapping.getHandler(AbstractHandlerMapping.java:401)
	at org.springframework.web.servlet.DispatcherServlet.getHandler(DispatcherServlet.java:1231)
	at org.springframework.web.servlet.DispatcherServlet.doDispatch(DispatcherServlet.java:1014)
	at org.springframework.web.servlet.DispatcherServlet.doService(DispatcherServlet.java:942)
	at org.springframework.web.servlet.FrameworkServlet.processRequest(FrameworkServlet.java:1005)
	at org.springframework.web.servlet.FrameworkServlet.doPost(FrameworkServlet.java:908)
	at javax.servlet.http.HttpServlet.service(HttpServlet.java:660)
	at org.springframework.web.servlet.FrameworkServlet.service(FrameworkServlet.java:882)
	at javax.servlet.http.HttpServlet.service(HttpServlet.java:741)
	at org.apache.catalina.core.ApplicationFilterChain.internalDoFilter(ApplicationFilterChain.java:231)
	at org.apache.catalina.core.ApplicationFilterChain.doFilter(ApplicationFilterChain.java:166)
	at org.apache.tomcat.websocket.server.WsFilter.doFilter(WsFilter.java:53)
	at org.apache.catalina.core.ApplicationFilterChain.internalDoFilter(ApplicationFilterChain.java:193)
	at org.apache.catalina.core.ApplicationFilterChain.doFilter(ApplicationFilterChain.java:166)
	at org.apache.catalina.core.ApplicationDispatcher.invoke(ApplicationDispatcher.java:712)
	at org.apache.catalina.core.ApplicationDispatcher.processRequest(ApplicationDispatcher.java:459)
	at org.apache.catalina.core.ApplicationDispatcher.doForward(ApplicationDispatcher.java:384)
	at org.apache.catalina.core.ApplicationDispatcher.forward(ApplicationDispatcher.java:312)
	at com.csicit.ace.zuul.config.GlobalInterceptor.preHandle(GlobalInterceptor.java:102)
	at org.springframework.web.servlet.HandlerExecutionChain.applyPreHandle(HandlerExecutionChain.java:136)
	at org.springframework.web.servlet.DispatcherServlet.doDispatch(DispatcherServlet.java:1033)
	at org.springframework.web.servlet.DispatcherServlet.doService(DispatcherServlet.java:942)
	at org.springframework.web.servlet.FrameworkServlet.processRequest(FrameworkServlet.java:1005)
	at org.springframework.web.servlet.FrameworkServlet.doPost(FrameworkServlet.java:908)
	at javax.servlet.http.HttpServlet.service(HttpServlet.java:660)
	at org.springframework.web.servlet.FrameworkServlet.service(FrameworkServlet.java:882)
	at javax.servlet.http.HttpServlet.service(HttpServlet.java:741)
	at org.apache.catalina.core.ApplicationFilterChain.internalDoFilter(ApplicationFilterChain.java:231)
	at org.apache.catalina.core.ApplicationFilterChain.doFilter(ApplicationFilterChain.java:166)
	at org.apache.tomcat.websocket.server.WsFilter.doFilter(WsFilter.java:53)
	at org.apache.catalina.core.ApplicationFilterChain.internalDoFilter(ApplicationFilterChain.java:193)
	at org.apache.catalina.core.ApplicationFilterChain.doFilter(ApplicationFilterChain.java:166)
	at org.springframework.web.filter.CorsFilter.doFilterInternal(CorsFilter.java:96)
	at org.springframework.web.filter.OncePerRequestFilter.doFilter(OncePerRequestFilter.java:109)
	at org.apache.catalina.core.ApplicationFilterChain.internalDoFilter(ApplicationFilterChain.java:193)
	at org.apache.catalina.core.ApplicationFilterChain.doFilter(ApplicationFilterChain.java:166)
	at org.springframework.boot.actuate.web.trace.servlet.HttpTraceFilter.doFilterInternal(HttpTraceFilter.java:88)
	at org.springframework.web.filter.OncePerRequestFilter.doFilter(OncePerRequestFilter.java:109)
	at org.apache.catalina.core.ApplicationFilterChain.internalDoFilter(ApplicationFilterChain.java:193)
	at org.apache.catalina.core.ApplicationFilterChain.doFilter(ApplicationFilterChain.java:166)
	at org.springframework.web.filter.RequestContextFilter.doFilterInternal(RequestContextFilter.java:99)
	at org.springframework.web.filter.OncePerRequestFilter.doFilter(OncePerRequestFilter.java:109)
	at org.apache.catalina.core.ApplicationFilterChain.internalDoFilter(ApplicationFilterChain.java:193)
	at org.apache.catalina.core.ApplicationFilterChain.doFilter(ApplicationFilterChain.java:166)
	at org.springframework.web.filter.FormContentFilter.doFilterInternal(FormContentFilter.java:92)
	at org.springframework.web.filter.OncePerRequestFilter.doFilter(OncePerRequestFilter.java:109)
	at org.apache.catalina.core.ApplicationFilterChain.internalDoFilter(ApplicationFilterChain.java:193)
	at org.apache.catalina.core.ApplicationFilterChain.doFilter(ApplicationFilterChain.java:166)
	at org.springframework.web.filter.HiddenHttpMethodFilter.doFilterInternal(HiddenHttpMethodFilter.java:93)
	at org.springframework.web.filter.OncePerRequestFilter.doFilter(OncePerRequestFilter.java:109)
	at org.apache.catalina.core.ApplicationFilterChain.internalDoFilter(ApplicationFilterChain.java:193)
	at org.apache.catalina.core.ApplicationFilterChain.doFilter(ApplicationFilterChain.java:166)
	at org.springframework.boot.actuate.metrics.web.servlet.WebMvcMetricsFilter.filterAndRecordMetrics(WebMvcMetricsFilter.java:114)
	at org.springframework.boot.actuate.metrics.web.servlet.WebMvcMetricsFilter.doFilterInternal(WebMvcMetricsFilter.java:104)
	at org.springframework.web.filter.OncePerRequestFilter.doFilter(OncePerRequestFilter.java:109)
	at org.apache.catalina.core.ApplicationFilterChain.internalDoFilter(ApplicationFilterChain.java:193)
	at org.apache.catalina.core.ApplicationFilterChain.doFilter(ApplicationFilterChain.java:166)
	at org.springframework.web.filter.CharacterEncodingFilter.doFilterInternal(CharacterEncodingFilter.java:200)
	at org.springframework.web.filter.OncePerRequestFilter.doFilter(OncePerRequestFilter.java:109)
	at org.apache.catalina.core.ApplicationFilterChain.internalDoFilter(ApplicationFilterChain.java:193)
	at org.apache.catalina.core.ApplicationFilterChain.doFilter(ApplicationFilterChain.java:166)
	at org.apache.catalina.core.StandardWrapperValve.invoke(StandardWrapperValve.java:199)
	at org.apache.catalina.core.StandardContextValve.invoke(StandardContextValve.java:96)
	at org.apache.catalina.authenticator.AuthenticatorBase.invoke(AuthenticatorBase.java:490)
	at org.apache.catalina.core.StandardHostValve.invoke(StandardHostValve.java:139)
	at org.apache.catalina.valves.ErrorReportValve.invoke(ErrorReportValve.java:92)
	at org.apache.catalina.core.StandardEngineValve.invoke(StandardEngineValve.java:74)
	at org.apache.catalina.connector.CoyoteAdapter.service(CoyoteAdapter.java:343)
	at org.apache.coyote.http11.Http11Processor.service(Http11Processor.java:408)
	at org.apache.coyote.AbstractProcessorLight.process(AbstractProcessorLight.java:66)
	at org.apache.coyote.AbstractProtocol$ConnectionHandler.process(AbstractProtocol.java:834)
	at org.apache.tomcat.util.net.NioEndpoint$SocketProcessor.doRun(NioEndpoint.java:1417)
	at org.apache.tomcat.util.net.SocketProcessorBase.run(SocketProcessorBase.java:49)
	at java.util.concurrent.ThreadPoolExecutor.runWorker(ThreadPoolExecutor.java:1149)
	at java.util.concurrent.ThreadPoolExecutor$Worker.run(ThreadPoolExecutor.java:624)
	at org.apache.tomcat.util.threads.TaskThread$WrappingRunnable.run(TaskThread.java:61)
	at java.lang.Thread.run(Thread.java:748)
2021-11-09 14:23:01 [INFO] org.quartz.plugins.history.LoggingJobHistoryPlugin : Job 测试任务组.711HM fired (by trigger 711HM$测试任务组.每100毫秒发送一次) at:  14:23:01 11/09/2021
2021-11-09 14:23:01 [WARN] com.csicit.ace.quartz.core.job.AgentJob : 任务执行失败，原因为：应用ah-csicpm不在线
2021-11-09 14:23:01 [INFO] org.quartz.plugins.history.LoggingJobHistoryPlugin : Job 测试任务组.711HM execution complete at  14:23:01 11/09/2021 and reports: null
2021-11-09 14:23:05 [INFO] com.csicit.ace.common.log.AceLocalLogger : socketLog_断开连接：58668fc2-81dc-407f-8ded-984ce17fae47
2021-11-09 14:23:07 [INFO] com.csicit.ace.common.log.AceLocalLogger :  87885--请求地址: http://127.0.0.1:2100/init ,HTTP_METHOD: GET ,IP: 127.0.0.1 ,CLASS_METHOD: com.csicit.ace.platform.core.controller.InitController.getDefaultArgs ,请求参数: {}
2021-11-09 14:23:07 [INFO] com.csicit.ace.common.log.AceLocalLogger :  87885--请求地址: http://127.0.0.1:2100/sysConfigs/action/downloadImg/lglo ,HTTP_METHOD: GET ,IP: 127.0.0.1 ,CLASS_METHOD: com.csicit.ace.platform.core.controller.SysConfigController.downloadImg ,请求参数: {"t":["1636438987839"]}
2021-11-09 14:23:07 [INFO] com.csicit.ace.common.log.AceLocalLogger :  87885--请求地址: http://127.0.0.1:2100/sysConfigs/action/downloadImg/lgbg ,HTTP_METHOD: GET ,IP: 127.0.0.1 ,CLASS_METHOD: com.csicit.ace.platform.core.controller.SysConfigController.downloadImg ,请求参数: {"t":["1636438987838"]}
2021-11-09 14:23:07 [INFO] com.csicit.ace.common.log.AceLocalLogger :  87885--耗时 : 8
2021-11-09 14:23:07 [INFO] com.csicit.ace.common.log.AceLocalLogger :  87885--耗时 : 16
2021-11-09 14:23:07 [INFO] com.csicit.ace.common.log.AceLocalLogger :  87885--耗时 : 32
2021-11-09 14:23:08 [INFO] com.csicit.ace.common.log.AceLocalLogger :  88277--请求地址: http://127.0.0.1:2100/sysConfigs/action/downloadImg/lgbg ,HTTP_METHOD: GET ,IP: 127.0.0.1 ,CLASS_METHOD: com.csicit.ace.platform.core.controller.SysConfigController.downloadImg ,请求参数: {"t":["1636438987838"]}
2021-11-09 14:23:08 [INFO] com.csicit.ace.common.log.AceLocalLogger :  88277--耗时 : 18
2021-11-09 14:23:10 [INFO] com.csicit.ace.common.log.AceLocalLogger :  90748--请求地址: http://127.0.0.1:2100/login ,HTTP_METHOD: POST ,IP: 127.0.0.1 ,CLASS_METHOD: com.csicit.ace.platform.core.controller.LoginController.login ,参数: zzjtestflow
2021-11-09 14:23:10 [WARN] com.baomidou.mybatisplus.core.toolkit.sql.SqlHelper : Warn: execute Method There are  86 results.
2021-11-09 14:23:11 [WARN] com.baomidou.mybatisplus.core.toolkit.sql.SqlHelper : Warn: execute Method There are  2 results.
2021-11-09 14:23:11 [INFO] com.csicit.ace.common.log.AceLocalLogger :  90748--耗时 : 330
2021-11-09 14:23:12 [INFO] com.csicit.ace.common.log.AceLocalLogger :  92150--请求地址: http://127.0.0.1:2100/sysMenus/action/tree/dv-testapp-platform ,HTTP_METHOD: GET ,IP: 127.0.0.1 ,CLASS_METHOD: com.csicit.ace.platform.core.controller.SysMenuController.listSideTree ,请求参数: {}
2021-11-09 14:23:12 [INFO] com.csicit.ace.common.log.AceLocalLogger :  92150--耗时 : 816
2021-11-09 14:23:13 [INFO] com.csicit.ace.common.log.AceLocalLogger :  93298--请求地址: http://127.0.0.1:2100/sysUsers/action/info ,HTTP_METHOD: GET ,IP: 127.0.0.1 ,CLASS_METHOD: com.csicit.ace.platform.core.controller.SysUserController.info ,请求参数: {}
2021-11-09 14:23:13 [INFO] com.csicit.ace.common.log.AceLocalLogger : socketLog_建立连接：d60da413-691d-4bc5-b716-9861d3dba2e8
2021-11-09 14:23:13 [INFO] com.csicit.ace.common.log.AceLocalLogger : socketLog_建立连接用户：f5d6d37948d3414e938343cb5ac96f21
2021-11-09 14:23:13 [INFO] com.csicit.ace.common.log.AceLocalLogger :  93298--耗时 : 92
2021-11-09 14:23:13 [INFO] com.csicit.ace.common.log.AceLocalLogger : REQUEST_URL:/dv-testapp-platform/bpm/listFocusedWorks, REQUEST_METHOD:GET, REQUEST_IP:127.0.0.1
2021-11-09 14:23:13 [INFO] com.csicit.ace.common.log.AceLocalLogger : REQUEST_URL:/dv-testapp-platform/bpm/listTaskDelegate, REQUEST_METHOD:GET, REQUEST_IP:127.0.0.1
2021-11-09 14:23:13 [INFO] com.csicit.ace.common.log.AceLocalLogger : REQUEST_URL:/dv-testapp-platform/bpm/listTaskMineByParams, REQUEST_METHOD:GET, REQUEST_IP:127.0.0.1
2021-11-09 14:23:13 [INFO] com.csicit.ace.common.log.AceLocalLogger : REQUEST_URL:/dv-testapp-platform/bpm/listTaskMineByParams, REQUEST_METHOD:GET, REQUEST_IP:127.0.0.1
2021-11-09 14:23:13 [INFO] com.csicit.ace.common.log.AceLocalLogger : REQUEST_USER: zzjtestflow(zzjtestflow), REQUEST_IP:   127.0.0.1
2021-11-09 14:23:13 [INFO] com.csicit.ace.common.log.AceLocalLogger : REQUEST_USER: zzjtestflow(zzjtestflow), REQUEST_IP:   127.0.0.1
2021-11-09 14:23:13 [INFO] com.csicit.ace.common.log.AceLocalLogger : REQUEST_USER: zzjtestflow(zzjtestflow), REQUEST_IP:   127.0.0.1
2021-11-09 14:23:13 [INFO] com.csicit.ace.common.log.AceLocalLogger : REQUEST_USER: zzjtestflow(zzjtestflow), REQUEST_IP:   127.0.0.1
2021-11-09 14:23:13 [INFO] com.csicit.ace.common.log.AceLocalLogger :  93412--请求地址: http://127.0.0.1:2100/orgauth/sysMsgs/query/noReadMsg/f5d6d37948d3414e938343cb5ac96f21/dv-testapp-platform ,HTTP_METHOD: GET ,IP: 127.0.0.1 ,CLASS_METHOD: com.csicit.ace.orgauth.core.controller.SysMessageController.listUserNoReadMsg ,请求参数: {"token":["2ucy_1-1CIKoDcOa_Ioji72eDC-iY6zBZbqbsQuusoGlMC--kokcn0o1m_fymppVnY0U6g2NOxpfiNV6kjUcxprStp4dh_salMacpWmYYDRj7xMm71j7-QlL4Xm3x7V1hOoi9kp9iQB2fj_U6dEhKg=="]}
2021-11-09 14:23:13 [INFO] com.csicit.ace.common.log.AceLocalLogger :  93412--耗时 : 17
2021-11-09 14:23:13 [INFO] com.csicit.ace.common.log.AceLocalLogger :  93456--请求地址: http://127.0.0.1:2100/ehcache/action/get ,HTTP_METHOD: GET ,IP: 127.0.0.1 ,CLASS_METHOD: com.csicit.ace.zuul.controller.EhcacheHttpController.get ,请求参数: {"key":["platform_internationalization"]}
2021-11-09 14:23:13 [INFO] com.csicit.ace.common.log.AceLocalLogger :  93456--请求地址: http://127.0.0.1:2100/ehcache/action/get ,HTTP_METHOD: GET ,IP: 127.0.0.1 ,CLASS_METHOD: com.csicit.ace.zuul.controller.EhcacheHttpController.get ,请求参数: {"key":["2ucy_1-1CIKoDcOa_Ioji72eDC-iY6zBZbqbsQuusoGlMC--kokcn0o1m_fymppVnY0U6g2NOxpfiNV6kjUcxprStp4dh_salMacpWmYYDRj7xMm71j7-QlL4Xm3x7V1hOoi9kp9iQB2fj_U6dEhKg==userid"]}
2021-11-09 14:23:13 [INFO] com.csicit.ace.common.log.AceLocalLogger :  93456--请求地址: http://127.0.0.1:2100/ehcache/action/get ,HTTP_METHOD: GET ,IP: 127.0.0.1 ,CLASS_METHOD: com.csicit.ace.zuul.controller.EhcacheHttpController.get ,请求参数: {"key":["2ucy_1-1CIKoDcOa_Ioji72eDC-iY6zBZbqbsQuusoGlMC--kokcn0o1m_fymppVnY0U6g2NOxpfiNV6kjUcxprStp4dh_salMacpWmYYDRj7xMm71j7-QlL4Xm3x7V1hOoi9kp9iQB2fj_U6dEhKg==userid"]}
2021-11-09 14:23:13 [INFO] com.csicit.ace.common.log.AceLocalLogger :  93456--请求地址: http://127.0.0.1:2100/ehcache/action/get ,HTTP_METHOD: GET ,IP: 127.0.0.1 ,CLASS_METHOD: com.csicit.ace.zuul.controller.EhcacheHttpController.get ,请求参数: {"key":["platform_internationalization"]}
2021-11-09 14:23:13 [INFO] com.csicit.ace.common.log.AceLocalLogger :  93456--耗时 : 1
2021-11-09 14:23:13 [INFO] com.csicit.ace.common.log.AceLocalLogger :  93456--耗时 : 1
2021-11-09 14:23:13 [INFO] com.csicit.ace.common.log.AceLocalLogger :  93456--耗时 : 1
2021-11-09 14:23:13 [INFO] com.csicit.ace.common.log.AceLocalLogger :  93456--耗时 : 1
2021-11-09 14:23:13 [INFO] com.csicit.ace.common.log.AceLocalLogger :  93462--请求地址: http://127.0.0.1:2100/ehcache/action/get ,HTTP_METHOD: GET ,IP: 127.0.0.1 ,CLASS_METHOD: com.csicit.ace.zuul.controller.EhcacheHttpController.get ,请求参数: {"key":["2ucy_1-1CIKoDcOa_Ioji72eDC-iY6zBZbqbsQuusoGlMC--kokcn0o1m_fymppVnY0U6g2NOxpfiNV6kjUcxprStp4dh_salMacpWmYYDRj7xMm71j7-QlL4Xm3x7V1hOoi9kp9iQB2fj_U6dEhKg==userid"]}
2021-11-09 14:23:13 [INFO] com.csicit.ace.common.log.AceLocalLogger :  93462--耗时 : 0
2021-11-09 14:23:13 [INFO] com.csicit.ace.common.log.AceLocalLogger :  93463--请求地址: http://127.0.0.1:2100/ehcache/action/get ,HTTP_METHOD: GET ,IP: 127.0.0.1 ,CLASS_METHOD: com.csicit.ace.zuul.controller.EhcacheHttpController.get ,请求参数: {"key":["2ucy_1-1CIKoDcOa_Ioji72eDC-iY6zBZbqbsQuusoGlMC--kokcn0o1m_fymppVnY0U6g2NOxpfiNV6kjUcxprStp4dh_salMacpWmYYDRj7xMm71j7-QlL4Xm3x7V1hOoi9kp9iQB2fj_U6dEhKg==userid"]}
2021-11-09 14:23:13 [INFO] com.csicit.ace.common.log.AceLocalLogger :  93463--耗时 : 0
2021-11-09 14:23:13 [INFO] com.csicit.ace.common.log.AceLocalLogger :  93471--请求地址: http://127.0.0.1:2100/ehcache/action/get ,HTTP_METHOD: GET ,IP: 127.0.0.1 ,CLASS_METHOD: com.csicit.ace.zuul.controller.EhcacheHttpController.get ,请求参数: {"key":["platform_internationalization"]}
2021-11-09 14:23:13 [INFO] com.csicit.ace.common.log.AceLocalLogger :  93471--耗时 : 1
2021-11-09 14:23:13 [INFO] com.csicit.ace.common.log.AceLocalLogger :  93473--请求地址: http://127.0.0.1:2100/orgauth/sysUsers/action/getSomeUsers ,HTTP_METHOD: GET ,IP: 127.0.0.1 ,CLASS_METHOD: com.csicit.ace.orgauth.core.controller.SysUserControllerO.getSomeUsers ,请求参数: {"code":["user"],"ids":["[\"f5d6d37948d3414e938343cb5ac96f21\"]"]}
2021-11-09 14:23:13 [INFO] com.csicit.ace.common.log.AceLocalLogger :  93473--耗时 : 14
2021-11-09 14:23:13 [INFO] com.csicit.ace.common.log.AceLocalLogger :  93499--请求地址: http://127.0.0.1:2100/orgauth/sysUsers/action/getSomeUsers ,HTTP_METHOD: GET ,IP: 127.0.0.1 ,CLASS_METHOD: com.csicit.ace.orgauth.core.controller.SysUserControllerO.getSomeUsers ,请求参数: {"code":["user"],"ids":["[\"f5d6d37948d3414e938343cb5ac96f21\"]"]}
2021-11-09 14:23:13 [INFO] com.csicit.ace.common.log.AceLocalLogger :  93499--耗时 : 6
2021-11-09 14:23:13 [INFO] com.csicit.ace.common.log.AceLocalLogger :  93510--请求地址: http://127.0.0.1:2100/ehcache/action/get ,HTTP_METHOD: GET ,IP: 127.0.0.1 ,CLASS_METHOD: com.csicit.ace.zuul.controller.EhcacheHttpController.get ,请求参数: {"key":["2ucy_1-1CIKoDcOa_Ioji72eDC-iY6zBZbqbsQuusoGlMC--kokcn0o1m_fymppVnY0U6g2NOxpfiNV6kjUcxprStp4dh_salMacpWmYYDRj7xMm71j7-QlL4Xm3x7V1hOoi9kp9iQB2fj_U6dEhKg==userid"]}
2021-11-09 14:23:13 [INFO] com.csicit.ace.common.log.AceLocalLogger :  93510--耗时 : 1
2021-11-09 14:23:13 [INFO] com.csicit.ace.common.log.AceLocalLogger :  93512--请求地址: http://127.0.0.1:2100/orgauth/sysUsers/action/getSomeUsers ,HTTP_METHOD: GET ,IP: 127.0.0.1 ,CLASS_METHOD: com.csicit.ace.orgauth.core.controller.SysUserControllerO.getSomeUsers ,请求参数: {"code":["user"],"ids":["[\"f5d6d37948d3414e938343cb5ac96f21\",\"46d0b4c6d26e462a9928f463f3378757\"]"]}
2021-11-09 14:23:13 [INFO] com.csicit.ace.common.log.AceLocalLogger :  93512--耗时 : 14
2021-11-09 14:23:13 [INFO] com.csicit.ace.common.log.AceLocalLogger :  93532--请求地址: http://127.0.0.1:2100/ehcache/action/get ,HTTP_METHOD: GET ,IP: 127.0.0.1 ,CLASS_METHOD: com.csicit.ace.zuul.controller.EhcacheHttpController.get ,请求参数: {"key":["2ucy_1-1CIKoDcOa_Ioji72eDC-iY6zBZbqbsQuusoGlMC--kokcn0o1m_fymppVnY0U6g2NOxpfiNV6kjUcxprStp4dh_salMacpWmYYDRj7xMm71j7-QlL4Xm3x7V1hOoi9kp9iQB2fj_U6dEhKg==userid"]}
2021-11-09 14:23:13 [INFO] com.csicit.ace.common.log.AceLocalLogger :  93532--耗时 : 0
2021-11-09 14:23:13 [INFO] com.csicit.ace.common.log.AceLocalLogger :  93547--请求地址: http://127.0.0.1:2100/ehcache/action/get ,HTTP_METHOD: GET ,IP: 127.0.0.1 ,CLASS_METHOD: com.csicit.ace.zuul.controller.EhcacheHttpController.get ,请求参数: {"key":["platform_internationalization"]}
2021-11-09 14:23:13 [INFO] com.csicit.ace.common.log.AceLocalLogger :  93547--耗时 : 1
2021-11-09 14:23:19 [INFO] com.csicit.ace.common.log.AceLocalLogger :  99621--请求地址: http://127.0.0.1:2100/fileUpload/uploadReview ,HTTP_METHOD: POST ,IP: 127.0.0.1 ,CLASS_METHOD: com.csicit.ace.fileserver.core.controller.FileUploadController.uploadReview ,请求参数: {"flowCode":["BorrowBookApplication"]}
2021-11-09 14:23:19 [INFO] com.csicit.ace.common.log.AceLocalLogger :  99621--耗时 : 12
2021-11-09 14:24:01 [INFO] org.quartz.plugins.history.LoggingJobHistoryPlugin : Job 测试任务组.711HM fired (by trigger 711HM$测试任务组.每100毫秒发送一次) at:  14:24:01 11/09/2021
2021-11-09 14:24:01 [WARN] com.csicit.ace.quartz.core.job.AgentJob : 任务执行失败，原因为：应用ah-csicpm不在线
2021-11-09 14:24:01 [INFO] org.quartz.plugins.history.LoggingJobHistoryPlugin : Job 测试任务组.711HM execution complete at  14:24:01 11/09/2021 and reports: null
2021-11-09 14:25:00 [INFO] org.quartz.plugins.history.LoggingJobHistoryPlugin : Job 业务平台内部定时任务.大屏消息推送 fired (by trigger 大屏消息推送$业务平台内部定时任务.每5分钟执行一次) at:  14:25:00 11/09/2021
2021-11-09 14:25:00 [INFO] com.csicit.ace.common.log.AceLocalLogger :  00046--请求地址: http://127.0.0.1:2100/bladeVisualMsgs/bladeVisual/msg/push ,HTTP_METHOD: GET ,IP: 127.0.0.1 ,CLASS_METHOD: com.csicit.ace.platform.core.controller.BladeVisualMsgController.bladeVisualMsgPush ,请求参数: {}
2021-11-09 14:25:00 [INFO] com.csicit.ace.common.log.AceLocalLogger :  00046--耗时 : 34
2021-11-09 14:25:00 [INFO] org.quartz.plugins.history.LoggingJobHistoryPlugin : Job 业务平台内部定时任务.大屏消息推送 execution complete at  14:25:00 11/09/2021 and reports: null
