2021-11-22 09:49:57 [INFO] com.csicit.ace.zuul.ZuulStartApp : The following profiles are active: routes
2021-11-22 09:49:59 [WARN] org.springframework.boot.actuate.endpoint.EndpointId : Endpoint ID 'hystrix.stream' contains invalid characters, please migrate to a valid format.
2021-11-22 09:49:59 [INFO] org.springframework.cloud.context.scope.GenericScope : BeanFactory id=5bde780a-911a-3ece-8356-ae4b252c9797
2021-11-22 09:49:59 [INFO] org.springframework.context.support.PostProcessorRegistrationDelegate$BeanPostProcessorChecker : Bean 'org.springframework.transaction.annotation.ProxyTransactionManagementConfiguration' of type [org.springframework.transaction.annotation.ProxyTransactionManagementConfiguration$$EnhancerBySpringCGLIB$$7d1f36f9] is not eligible for getting processed by all BeanPostProcessors (for example: not eligible for auto-proxying)
2021-11-22 09:49:59 [INFO] org.springframework.context.support.PostProcessorRegistrationDelegate$BeanPostProcessorChecker : Bean 'socketIoConfig' of type [com.csicit.ace.data.persistent.messenger.config.SocketIoConfig$$EnhancerBySpringCGLIB$$9726c40] is not eligible for getting processed by all BeanPostProcessors (for example: not eligible for auto-proxying)
2021-11-22 09:49:59 [INFO] org.springframework.context.support.PostProcessorRegistrationDelegate$BeanPostProcessorChecker : Bean 'redissonClient' of type [org.springframework.beans.factory.support.NullBean] is not eligible for getting processed by all BeanPostProcessors (for example: not eligible for auto-proxying)
2021-11-22 09:49:59 [INFO] org.springframework.context.support.PostProcessorRegistrationDelegate$BeanPostProcessorChecker : Bean 'socketIOServer' of type [com.corundumstudio.socketio.SocketIOServer] is not eligible for getting processed by all BeanPostProcessors (for example: not eligible for auto-proxying)
2021-11-22 09:49:59 [INFO] org.springframework.context.support.PostProcessorRegistrationDelegate$BeanPostProcessorChecker : Bean 'org.springframework.cloud.autoconfigure.ConfigurationPropertiesRebinderAutoConfiguration' of type [org.springframework.cloud.autoconfigure.ConfigurationPropertiesRebinderAutoConfiguration$$EnhancerBySpringCGLIB$$993939f6] is not eligible for getting processed by all BeanPostProcessors (for example: not eligible for auto-proxying)
2021-11-22 09:50:00 [INFO] org.springframework.boot.web.embedded.tomcat.TomcatWebServer : Tomcat initialized with port(s): 2100 (http)
2021-11-22 09:50:00 [INFO] org.apache.catalina.core.StandardService : Starting service [Tomcat]
2021-11-22 09:50:00 [INFO] org.apache.catalina.core.StandardEngine : Starting Servlet engine: [Apache Tomcat/9.0.14]
2021-11-22 09:50:00 [INFO] org.apache.jasper.servlet.TldScanner : At least one JAR was scanned for TLDs yet contained no TLDs. Enable debug logging for this logger for a complete list of JARs that were scanned but no TLDs were found in them. Skipping unneeded JARs during scanning can improve startup time and JSP compilation time.
2021-11-22 09:50:00 [INFO] org.apache.catalina.core.ContainerBase.[Tomcat].[localhost].[/] : Initializing Spring embedded WebApplicationContext
2021-11-22 09:50:00 [INFO] org.springframework.web.context.ContextLoader : Root WebApplicationContext: initialization completed in 2770 ms
2021-11-22 09:50:00 [WARN] com.netflix.config.sources.URLConfigurationSource : No URLs will be polled as dynamic configuration sources.
2021-11-22 09:50:00 [INFO] com.netflix.config.sources.URLConfigurationSource : To enable URLs as dynamic configuration sources, define System property archaius.configurationSource.additionalUrls or make config.properties available on classpath.
2021-11-22 09:50:00 [INFO] com.netflix.config.DynamicPropertyFactory : DynamicPropertyFactory is initialized with configuration sources: com.netflix.config.ConcurrentCompositeConfiguration@111fe921
2021-11-22 09:50:00 [WARN] net.sf.ehcache.config.ConfigurationFactory : No configuration found. Configuring ehcache from ehcache-failsafe.xml  found in the classpath: jar:file:/D:/mavenRepo/net/sf/ehcache/ehcache/2.10.6/ehcache-2.10.6.jar!/ehcache-failsafe.xml
2021-11-22 09:50:00 [INFO] com.alibaba.druid.spring.boot.autoconfigure.DruidDataSourceAutoConfigure : Init DruidDataSource
2021-11-22 09:50:01 [INFO] com.alibaba.druid.pool.DruidDataSource : {dataSource-1} inited
2021-11-22 09:50:10 [INFO] org.quartz.impl.StdSchedulerFactory : Using default implementation for ThreadExecutor
2021-11-22 09:50:10 [INFO] org.quartz.core.SchedulerSignalerImpl : Initialized Scheduler Signaller of type: class org.quartz.core.SchedulerSignalerImpl
2021-11-22 09:50:10 [INFO] org.quartz.core.QuartzScheduler : Quartz Scheduler v.2.3.1 created.
2021-11-22 09:50:10 [INFO] com.csicit.ace.quartz.core.plugins.AceJobConfigLoaderPlugin : Registering Quartz Job Initialization Plug-in.
2021-11-22 09:50:10 [INFO] org.quartz.core.QuartzScheduler : Scheduler meta-data: Quartz Scheduler (v2.3.1) 'JariScheduler' with instanceId 'DESKTOP-A03RJ151637545810460'
  Scheduler class: 'org.quartz.core.QuartzScheduler' - running locally.
  NOT STARTED.
  Currently in standby mode.
  Number of jobs executed: 0
  Using thread pool 'org.quartz.simpl.SimpleThreadPool' - with 20 threads.
  Using job-store 'org.springframework.scheduling.quartz.LocalDataSourceJobStore' - which supports persistence. and is clustered.

2021-11-22 09:50:10 [INFO] org.quartz.impl.StdSchedulerFactory : Quartz scheduler 'JariScheduler' initialized from an externally provided properties instance.
2021-11-22 09:50:10 [INFO] org.quartz.impl.StdSchedulerFactory : Quartz scheduler version: 2.3.1
2021-11-22 09:50:10 [INFO] org.quartz.core.QuartzScheduler : JobFactory set to: com.csicit.ace.quartz.core.factory.MyJobFactory@2175d53f
2021-11-22 09:50:10 [WARN] com.baomidou.mybatisplus.core.toolkit.TableInfoHelper : Warn: Could not find @TableId in Class: com.csicit.ace.common.pojo.vo.GrantAuthReciveVO.
2021-11-22 09:50:11 [INFO] liquibase.integration.spring.SpringLiquibase : Liquibase did not run because 'shouldRun' property was set to false on liquibase Liquibase Spring bean.
2021-11-22 09:50:11 [WARN] com.netflix.config.sources.URLConfigurationSource : No URLs will be polled as dynamic configuration sources.
2021-11-22 09:50:11 [INFO] com.netflix.config.sources.URLConfigurationSource : To enable URLs as dynamic configuration sources, define System property archaius.configurationSource.additionalUrls or make config.properties available on classpath.
2021-11-22 09:50:12 [INFO] org.springframework.scheduling.concurrent.ThreadPoolTaskExecutor : Initializing ExecutorService 'applicationTaskExecutor'
2021-11-22 09:50:12 [INFO] org.springframework.boot.autoconfigure.web.servlet.WelcomePageHandlerMapping : Adding welcome page template: index
2021-11-22 09:50:12 [WARN] org.springframework.boot.starter.redis.RedisStarterDeprecationWarningAutoConfiguration : spring-boot-starter-redis is deprecated as of Spring Boot 1.4, please migrate to spring-boot-starter-data-redis
2021-11-22 09:50:12 [INFO] org.springframework.cloud.netflix.zuul.ZuulFilterInitializer : Starting filter initializer
2021-11-22 09:50:12 [INFO] org.springframework.boot.actuate.endpoint.web.EndpointLinksResolver : Exposing 2 endpoint(s) beneath base path '/actuator'
2021-11-22 09:50:13 [INFO] org.quartz.xml.XMLSchedulingDataProcessor : Parsing XML from stream with systemId:  
2021-11-22 09:50:13 [INFO] org.quartz.xml.XMLSchedulingDataProcessor : Adding 1 jobs, 0 triggers.
2021-11-22 09:50:13 [INFO] org.quartz.xml.XMLSchedulingDataProcessor : Replacing job: tt.xxx
2021-11-22 09:50:13 [INFO] org.quartz.xml.XMLSchedulingDataProcessor : Parsing XML from stream with systemId:  
2021-11-22 09:50:13 [INFO] org.quartz.xml.XMLSchedulingDataProcessor : Adding 1 jobs, 0 triggers.
2021-11-22 09:50:13 [INFO] org.quartz.xml.XMLSchedulingDataProcessor : Replacing job: tt.xxx
2021-11-22 09:50:13 [INFO] org.quartz.xml.XMLSchedulingDataProcessor : Parsing XML from stream with systemId:  
2021-11-22 09:50:13 [INFO] org.quartz.xml.XMLSchedulingDataProcessor : Adding 1 jobs, 1 triggers.
2021-11-22 09:50:13 [INFO] org.quartz.xml.XMLSchedulingDataProcessor : Replacing job: 测试任务组.711HM
2021-11-22 09:50:13 [INFO] org.quartz.xml.XMLSchedulingDataProcessor : Parsing XML from stream with systemId:  
2021-11-22 09:50:13 [INFO] org.quartz.xml.XMLSchedulingDataProcessor : Adding 1 jobs, 0 triggers.
2021-11-22 09:50:13 [INFO] org.quartz.xml.XMLSchedulingDataProcessor : Replacing job: tt.xxx
2021-11-22 09:50:13 [INFO] org.quartz.xml.XMLSchedulingDataProcessor : Parsing XML from stream with systemId:  
2021-11-22 09:50:13 [INFO] org.quartz.xml.XMLSchedulingDataProcessor : Adding 16 jobs, 0 triggers.
2021-11-22 09:50:13 [INFO] org.quartz.xml.XMLSchedulingDataProcessor : Replacing job: tt.xxx
2021-11-22 09:50:13 [INFO] org.quartz.xml.XMLSchedulingDataProcessor : Replacing job: tt.xxx
2021-11-22 09:50:13 [INFO] org.quartz.xml.XMLSchedulingDataProcessor : Replacing job: tt.xxx
2021-11-22 09:50:13 [INFO] org.quartz.xml.XMLSchedulingDataProcessor : Replacing job: tt.xxx
2021-11-22 09:50:13 [INFO] org.quartz.xml.XMLSchedulingDataProcessor : Replacing job: tt.xxx
2021-11-22 09:50:13 [INFO] org.quartz.xml.XMLSchedulingDataProcessor : Replacing job: tt.xxx
2021-11-22 09:50:13 [INFO] org.quartz.xml.XMLSchedulingDataProcessor : Replacing job: tt.xxx
2021-11-22 09:50:13 [INFO] org.quartz.xml.XMLSchedulingDataProcessor : Replacing job: tt.xxx
2021-11-22 09:50:13 [INFO] org.quartz.xml.XMLSchedulingDataProcessor : Replacing job: tt.xxx
2021-11-22 09:50:13 [INFO] org.quartz.xml.XMLSchedulingDataProcessor : Replacing job: tt.xxx
2021-11-22 09:50:13 [INFO] org.quartz.xml.XMLSchedulingDataProcessor : Replacing job: tt.xxx
2021-11-22 09:50:13 [INFO] org.quartz.xml.XMLSchedulingDataProcessor : Replacing job: tt.xxx
2021-11-22 09:50:13 [INFO] org.quartz.xml.XMLSchedulingDataProcessor : Replacing job: tt.xxx
2021-11-22 09:50:13 [INFO] org.quartz.xml.XMLSchedulingDataProcessor : Replacing job: tt.xxx
2021-11-22 09:50:13 [INFO] org.quartz.xml.XMLSchedulingDataProcessor : Replacing job: tt.xxx
2021-11-22 09:50:13 [INFO] org.quartz.xml.XMLSchedulingDataProcessor : Replacing job: tt.xxx
2021-11-22 09:50:13 [INFO] org.quartz.xml.XMLSchedulingDataProcessor : Parsing XML from stream with systemId:  
2021-11-22 09:50:13 [INFO] org.quartz.xml.XMLSchedulingDataProcessor : Adding 1 jobs, 0 triggers.
2021-11-22 09:50:13 [INFO] org.quartz.xml.XMLSchedulingDataProcessor : Replacing job: tt.xxx
2021-11-22 09:50:13 [INFO] org.quartz.xml.XMLSchedulingDataProcessor : Parsing XML from stream with systemId:  
2021-11-22 09:50:13 [INFO] org.quartz.xml.XMLSchedulingDataProcessor : Adding 1 jobs, 0 triggers.
2021-11-22 09:50:13 [INFO] org.quartz.xml.XMLSchedulingDataProcessor : Replacing job: tt.xxx
2021-11-22 09:50:13 [INFO] org.quartz.xml.XMLSchedulingDataProcessor : Parsing XML from stream with systemId:  
2021-11-22 09:50:13 [INFO] org.quartz.xml.XMLSchedulingDataProcessor : Adding 1 jobs, 0 triggers.
2021-11-22 09:50:13 [INFO] org.quartz.xml.XMLSchedulingDataProcessor : Replacing job: tt.xxx
2021-11-22 09:50:13 [INFO] org.quartz.xml.XMLSchedulingDataProcessor : Parsing XML from stream with systemId:  
2021-11-22 09:50:13 [INFO] org.quartz.xml.XMLSchedulingDataProcessor : Adding 1 jobs, 0 triggers.
2021-11-22 09:50:13 [INFO] org.quartz.xml.XMLSchedulingDataProcessor : Replacing job: tt.xxx
2021-11-22 09:50:13 [INFO] org.quartz.xml.XMLSchedulingDataProcessor : Parsing XML from stream with systemId:  
2021-11-22 09:50:13 [INFO] org.quartz.xml.XMLSchedulingDataProcessor : Adding 1 jobs, 0 triggers.
2021-11-22 09:50:13 [INFO] org.quartz.xml.XMLSchedulingDataProcessor : Replacing job: tt.xxx
2021-11-22 09:50:13 [INFO] org.quartz.xml.XMLSchedulingDataProcessor : Parsing XML from stream with systemId:  
2021-11-22 09:50:13 [INFO] org.quartz.xml.XMLSchedulingDataProcessor : Adding 1 jobs, 0 triggers.
2021-11-22 09:50:13 [INFO] org.quartz.xml.XMLSchedulingDataProcessor : Replacing job: tt.xxx
2021-11-22 09:50:13 [INFO] org.quartz.xml.XMLSchedulingDataProcessor : Parsing XML from stream with systemId:  
2021-11-22 09:50:13 [INFO] org.quartz.xml.XMLSchedulingDataProcessor : Adding 1 jobs, 0 triggers.
2021-11-22 09:50:13 [INFO] org.quartz.xml.XMLSchedulingDataProcessor : Replacing job: tt.xxx
2021-11-22 09:50:13 [INFO] org.quartz.xml.XMLSchedulingDataProcessor : Parsing XML from stream with systemId:  
2021-11-22 09:50:13 [INFO] org.quartz.xml.XMLSchedulingDataProcessor : Adding 1 jobs, 0 triggers.
2021-11-22 09:50:13 [INFO] org.quartz.xml.XMLSchedulingDataProcessor : Replacing job: tt.xxx
2021-11-22 09:50:13 [INFO] org.quartz.xml.XMLSchedulingDataProcessor : Parsing XML from stream with systemId:  
2021-11-22 09:50:13 [INFO] org.quartz.xml.XMLSchedulingDataProcessor : Adding 1 jobs, 0 triggers.
2021-11-22 09:50:13 [INFO] org.quartz.xml.XMLSchedulingDataProcessor : Replacing job: tt.xxx
2021-11-22 09:50:13 [INFO] org.quartz.xml.XMLSchedulingDataProcessor : Parsing XML from stream with systemId:  
2021-11-22 09:50:13 [INFO] org.quartz.xml.XMLSchedulingDataProcessor : Adding 1 jobs, 0 triggers.
2021-11-22 09:50:13 [INFO] org.quartz.xml.XMLSchedulingDataProcessor : Replacing job: tt.xxx
2021-11-22 09:50:13 [INFO] org.quartz.xml.XMLSchedulingDataProcessor : Parsing XML from stream with systemId:  
2021-11-22 09:50:13 [INFO] org.quartz.xml.XMLSchedulingDataProcessor : Adding 1 jobs, 0 triggers.
2021-11-22 09:50:13 [INFO] org.quartz.xml.XMLSchedulingDataProcessor : Replacing job: tt.xxx
2021-11-22 09:50:13 [INFO] org.quartz.xml.XMLSchedulingDataProcessor : Parsing XML from stream with systemId:  
2021-11-22 09:50:13 [INFO] org.quartz.xml.XMLSchedulingDataProcessor : Adding 1 jobs, 0 triggers.
2021-11-22 09:50:13 [INFO] org.quartz.xml.XMLSchedulingDataProcessor : Replacing job: tt.xxx
2021-11-22 09:50:13 [INFO] org.quartz.xml.XMLSchedulingDataProcessor : Parsing XML from stream with systemId:  
2021-11-22 09:50:13 [INFO] org.quartz.xml.XMLSchedulingDataProcessor : Adding 2 jobs, 0 triggers.
2021-11-22 09:50:13 [INFO] org.quartz.xml.XMLSchedulingDataProcessor : Replacing job: urgeTask.催办提醒
2021-11-22 09:50:13 [INFO] org.quartz.xml.XMLSchedulingDataProcessor : Replacing job: 催办提醒任务组.催办提醒
2021-11-22 09:50:13 [INFO] org.quartz.xml.XMLSchedulingDataProcessor : Parsing XML from stream with systemId:  
2021-11-22 09:50:13 [INFO] org.quartz.xml.XMLSchedulingDataProcessor : Adding 1 jobs, 1 triggers.
2021-11-22 09:50:13 [INFO] org.quartz.xml.XMLSchedulingDataProcessor : Replacing job: 业务平台内部定时任务.大屏消息推送
2021-11-22 09:50:13 [INFO] org.quartz.core.QuartzScheduler : Scheduler JariScheduler_$_DESKTOP-A03RJ151637545810460 started.
2021-11-22 09:50:13 [INFO] org.springframework.boot.web.embedded.tomcat.TomcatWebServer : Tomcat started on port(s): 2100 (http) with context path ''
2021-11-22 09:50:13 [INFO] com.csicit.ace.zuul.ZuulStartApp : Started ZuulStartApp in 18.144 seconds (JVM running for 18.819)
2021-11-22 09:50:14 [INFO] org.reflections.Reflections : Reflections took 32 ms to scan 1 urls, producing 17 keys and 25 values 
2021-11-22 09:50:15 [INFO] com.corundumstudio.socketio.SocketIOServer : Session store / pubsub factory used: MemoryStoreFactory (local session store only)
2021-11-22 09:50:15 [INFO] com.csicit.ace.common.log.AceLocalLogger : socketLog_消息服务已启动!
2021-11-22 09:50:15 [INFO] com.corundumstudio.socketio.SocketIOServer : SocketIO server started at port: 5070
2021-11-22 09:50:15 [INFO] com.csicit.ace.common.log.AceLocalLogger : socketLog_创建命名空间:dv-testapp-platform
2021-11-22 09:50:15 [INFO] com.csicit.ace.common.log.AceLocalLogger : socketLog_创建命名空间:ei-service
2021-11-22 09:50:36 [INFO] org.apache.catalina.core.ContainerBase.[Tomcat].[localhost].[/] : Initializing Spring DispatcherServlet 'dispatcherServlet'
2021-11-22 09:50:36 [INFO] org.springframework.web.servlet.DispatcherServlet : Initializing Servlet 'dispatcherServlet'
2021-11-22 09:50:36 [INFO] org.springframework.web.servlet.DispatcherServlet : Completed initialization in 19 ms
2021-11-22 09:50:36 [INFO] com.csicit.ace.common.log.AceLocalLogger :  36575--请求地址: http://127.0.0.1:2100/init ,HTTP_METHOD: GET ,IP: 127.0.0.1 ,CLASS_METHOD: com.csicit.ace.platform.core.controller.InitController.getDefaultArgs ,请求参数: {}
2021-11-22 09:50:36 [INFO] com.csicit.ace.common.log.AceLocalLogger :  36576--请求地址: http://127.0.0.1:2100/sysConfigs/action/downloadImg/lglo ,HTTP_METHOD: GET ,IP: 127.0.0.1 ,CLASS_METHOD: com.csicit.ace.platform.core.controller.SysConfigController.downloadImg ,请求参数: {"t":["1637545836525"]}
2021-11-22 09:50:36 [INFO] com.csicit.ace.common.log.AceLocalLogger :  36576--请求地址: http://127.0.0.1:2100/sysConfigs/action/downloadImg/lgbg ,HTTP_METHOD: GET ,IP: 127.0.0.1 ,CLASS_METHOD: com.csicit.ace.platform.core.controller.SysConfigController.downloadImg ,请求参数: {"t":["1637545836525"]}
2021-11-22 09:50:36 [INFO] com.csicit.ace.common.log.AceLocalLogger :  36575--耗时 : 10
2021-11-22 09:50:36 [INFO] com.csicit.ace.common.log.AceLocalLogger :  36576--耗时 : 23
2021-11-22 09:50:36 [ERROR] com.csicit.ace.platform.core.controller.SysConfigController : java.io.IOException: 你的主机中的软件中止了一个已建立的连接。
2021-11-22 09:50:36 [ERROR] com.csicit.ace.common.log.AceLocalLogger : 未知异常，请联系管理员或查看异常日志。
com.csicit.ace.common.exception.RException: 未知异常，请联系管理员或查看异常日志。
	at com.csicit.ace.platform.core.controller.SysConfigController.downloadImg(SysConfigController.java:330)
	at com.csicit.ace.platform.core.controller.SysConfigController$$FastClassBySpringCGLIB$$9b19b2e4.invoke(<generated>)
	at org.springframework.cglib.proxy.MethodProxy.invoke(MethodProxy.java:218)
	at org.springframework.aop.framework.CglibAopProxy$CglibMethodInvocation.invokeJoinpoint(CglibAopProxy.java:749)
	at org.springframework.aop.framework.ReflectiveMethodInvocation.proceed(ReflectiveMethodInvocation.java:163)
	at org.springframework.aop.framework.adapter.MethodBeforeAdviceInterceptor.invoke(MethodBeforeAdviceInterceptor.java:56)
	at org.springframework.aop.framework.ReflectiveMethodInvocation.proceed(ReflectiveMethodInvocation.java:175)
	at org.springframework.aop.aspectj.MethodInvocationProceedingJoinPoint.proceed(MethodInvocationProceedingJoinPoint.java:88)
	at com.csicit.ace.common.aspect.WebLogAspect.doAround(WebLogAspect.java:130)
	at sun.reflect.NativeMethodAccessorImpl.invoke0(Native Method)
	at sun.reflect.NativeMethodAccessorImpl.invoke(NativeMethodAccessorImpl.java:62)
	at sun.reflect.DelegatingMethodAccessorImpl.invoke(DelegatingMethodAccessorImpl.java:43)
	at java.lang.reflect.Method.invoke(Method.java:498)
	at org.springframework.aop.aspectj.AbstractAspectJAdvice.invokeAdviceMethodWithGivenArgs(AbstractAspectJAdvice.java:644)
	at org.springframework.aop.aspectj.AbstractAspectJAdvice.invokeAdviceMethod(AbstractAspectJAdvice.java:633)
	at org.springframework.aop.aspectj.AspectJAroundAdvice.invoke(AspectJAroundAdvice.java:70)
	at org.springframework.aop.framework.ReflectiveMethodInvocation.proceed(ReflectiveMethodInvocation.java:175)
	at org.springframework.aop.framework.adapter.AfterReturningAdviceInterceptor.invoke(AfterReturningAdviceInterceptor.java:55)
	at org.springframework.aop.framework.ReflectiveMethodInvocation.proceed(ReflectiveMethodInvocation.java:175)
	at org.springframework.aop.interceptor.ExposeInvocationInterceptor.invoke(ExposeInvocationInterceptor.java:93)
	at org.springframework.aop.framework.ReflectiveMethodInvocation.proceed(ReflectiveMethodInvocation.java:186)
	at org.springframework.aop.framework.CglibAopProxy$DynamicAdvisedInterceptor.intercept(CglibAopProxy.java:688)
	at com.csicit.ace.platform.core.controller.SysConfigController$$EnhancerBySpringCGLIB$$91dcb497.downloadImg(<generated>)
	at sun.reflect.NativeMethodAccessorImpl.invoke0(Native Method)
	at sun.reflect.NativeMethodAccessorImpl.invoke(NativeMethodAccessorImpl.java:62)
	at sun.reflect.DelegatingMethodAccessorImpl.invoke(DelegatingMethodAccessorImpl.java:43)
	at java.lang.reflect.Method.invoke(Method.java:498)
	at org.springframework.web.method.support.InvocableHandlerMethod.doInvoke(InvocableHandlerMethod.java:190)
	at org.springframework.web.method.support.InvocableHandlerMethod.invokeForRequest(InvocableHandlerMethod.java:138)
	at org.springframework.web.servlet.mvc.method.annotation.ServletInvocableHandlerMethod.invokeAndHandle(ServletInvocableHandlerMethod.java:102)
	at org.springframework.web.servlet.mvc.method.annotation.RequestMappingHandlerAdapter.invokeHandlerMethod(RequestMappingHandlerAdapter.java:895)
	at org.springframework.web.servlet.mvc.method.annotation.RequestMappingHandlerAdapter.handleInternal(RequestMappingHandlerAdapter.java:800)
	at org.springframework.web.servlet.mvc.method.AbstractHandlerMethodAdapter.handle(AbstractHandlerMethodAdapter.java:87)
	at org.springframework.web.servlet.DispatcherServlet.doDispatch(DispatcherServlet.java:1038)
	at org.springframework.web.servlet.DispatcherServlet.doService(DispatcherServlet.java:942)
	at org.springframework.web.servlet.FrameworkServlet.processRequest(FrameworkServlet.java:1005)
	at org.springframework.web.servlet.FrameworkServlet.doGet(FrameworkServlet.java:897)
	at javax.servlet.http.HttpServlet.service(HttpServlet.java:634)
	at org.springframework.web.servlet.FrameworkServlet.service(FrameworkServlet.java:882)
	at javax.servlet.http.HttpServlet.service(HttpServlet.java:741)
	at org.apache.catalina.core.ApplicationFilterChain.internalDoFilter(ApplicationFilterChain.java:231)
	at org.apache.catalina.core.ApplicationFilterChain.doFilter(ApplicationFilterChain.java:166)
	at org.apache.tomcat.websocket.server.WsFilter.doFilter(WsFilter.java:53)
	at org.apache.catalina.core.ApplicationFilterChain.internalDoFilter(ApplicationFilterChain.java:193)
	at org.apache.catalina.core.ApplicationFilterChain.doFilter(ApplicationFilterChain.java:166)
	at org.apache.catalina.core.ApplicationDispatcher.invoke(ApplicationDispatcher.java:712)
	at org.apache.catalina.core.ApplicationDispatcher.processRequest(ApplicationDispatcher.java:459)
	at org.apache.catalina.core.ApplicationDispatcher.doForward(ApplicationDispatcher.java:384)
	at org.apache.catalina.core.ApplicationDispatcher.forward(ApplicationDispatcher.java:312)
	at com.csicit.ace.zuul.config.GlobalInterceptor.preHandle(GlobalInterceptor.java:68)
	at org.springframework.web.servlet.HandlerExecutionChain.applyPreHandle(HandlerExecutionChain.java:136)
	at org.springframework.web.servlet.DispatcherServlet.doDispatch(DispatcherServlet.java:1033)
	at org.springframework.web.servlet.DispatcherServlet.doService(DispatcherServlet.java:942)
	at org.springframework.web.servlet.FrameworkServlet.processRequest(FrameworkServlet.java:1005)
	at org.springframework.web.servlet.FrameworkServlet.doGet(FrameworkServlet.java:897)
	at javax.servlet.http.HttpServlet.service(HttpServlet.java:634)
	at org.springframework.web.servlet.FrameworkServlet.service(FrameworkServlet.java:882)
	at javax.servlet.http.HttpServlet.service(HttpServlet.java:741)
	at org.apache.catalina.core.ApplicationFilterChain.internalDoFilter(ApplicationFilterChain.java:231)
	at org.apache.catalina.core.ApplicationFilterChain.doFilter(ApplicationFilterChain.java:166)
	at org.apache.tomcat.websocket.server.WsFilter.doFilter(WsFilter.java:53)
	at org.apache.catalina.core.ApplicationFilterChain.internalDoFilter(ApplicationFilterChain.java:193)
	at org.apache.catalina.core.ApplicationFilterChain.doFilter(ApplicationFilterChain.java:166)
	at org.springframework.web.filter.CorsFilter.doFilterInternal(CorsFilter.java:96)
	at org.springframework.web.filter.OncePerRequestFilter.doFilter(OncePerRequestFilter.java:109)
	at org.apache.catalina.core.ApplicationFilterChain.internalDoFilter(ApplicationFilterChain.java:193)
	at org.apache.catalina.core.ApplicationFilterChain.doFilter(ApplicationFilterChain.java:166)
	at org.springframework.boot.actuate.web.trace.servlet.HttpTraceFilter.doFilterInternal(HttpTraceFilter.java:88)
	at org.springframework.web.filter.OncePerRequestFilter.doFilter(OncePerRequestFilter.java:109)
	at org.apache.catalina.core.ApplicationFilterChain.internalDoFilter(ApplicationFilterChain.java:193)
	at org.apache.catalina.core.ApplicationFilterChain.doFilter(ApplicationFilterChain.java:166)
	at org.springframework.web.filter.RequestContextFilter.doFilterInternal(RequestContextFilter.java:99)
	at org.springframework.web.filter.OncePerRequestFilter.doFilter(OncePerRequestFilter.java:109)
	at org.apache.catalina.core.ApplicationFilterChain.internalDoFilter(ApplicationFilterChain.java:193)
	at org.apache.catalina.core.ApplicationFilterChain.doFilter(ApplicationFilterChain.java:166)
	at org.springframework.web.filter.FormContentFilter.doFilterInternal(FormContentFilter.java:92)
	at org.springframework.web.filter.OncePerRequestFilter.doFilter(OncePerRequestFilter.java:109)
	at org.apache.catalina.core.ApplicationFilterChain.internalDoFilter(ApplicationFilterChain.java:193)
	at org.apache.catalina.core.ApplicationFilterChain.doFilter(ApplicationFilterChain.java:166)
	at org.springframework.web.filter.HiddenHttpMethodFilter.doFilterInternal(HiddenHttpMethodFilter.java:93)
	at org.springframework.web.filter.OncePerRequestFilter.doFilter(OncePerRequestFilter.java:109)
	at org.apache.catalina.core.ApplicationFilterChain.internalDoFilter(ApplicationFilterChain.java:193)
	at org.apache.catalina.core.ApplicationFilterChain.doFilter(ApplicationFilterChain.java:166)
	at org.springframework.boot.actuate.metrics.web.servlet.WebMvcMetricsFilter.filterAndRecordMetrics(WebMvcMetricsFilter.java:114)
	at org.springframework.boot.actuate.metrics.web.servlet.WebMvcMetricsFilter.doFilterInternal(WebMvcMetricsFilter.java:104)
	at org.springframework.web.filter.OncePerRequestFilter.doFilter(OncePerRequestFilter.java:109)
	at org.apache.catalina.core.ApplicationFilterChain.internalDoFilter(ApplicationFilterChain.java:193)
	at org.apache.catalina.core.ApplicationFilterChain.doFilter(ApplicationFilterChain.java:166)
	at org.springframework.web.filter.CharacterEncodingFilter.doFilterInternal(CharacterEncodingFilter.java:200)
	at org.springframework.web.filter.OncePerRequestFilter.doFilter(OncePerRequestFilter.java:109)
	at org.apache.catalina.core.ApplicationFilterChain.internalDoFilter(ApplicationFilterChain.java:193)
	at org.apache.catalina.core.ApplicationFilterChain.doFilter(ApplicationFilterChain.java:166)
	at org.apache.catalina.core.StandardWrapperValve.invoke(StandardWrapperValve.java:199)
	at org.apache.catalina.core.StandardContextValve.invoke(StandardContextValve.java:96)
	at org.apache.catalina.authenticator.AuthenticatorBase.invoke(AuthenticatorBase.java:490)
	at org.apache.catalina.core.StandardHostValve.invoke(StandardHostValve.java:139)
	at org.apache.catalina.valves.ErrorReportValve.invoke(ErrorReportValve.java:92)
	at org.apache.catalina.core.StandardEngineValve.invoke(StandardEngineValve.java:74)
	at org.apache.catalina.connector.CoyoteAdapter.service(CoyoteAdapter.java:343)
	at org.apache.coyote.http11.Http11Processor.service(Http11Processor.java:408)
	at org.apache.coyote.AbstractProcessorLight.process(AbstractProcessorLight.java:66)
	at org.apache.coyote.AbstractProtocol$ConnectionHandler.process(AbstractProtocol.java:834)
	at org.apache.tomcat.util.net.NioEndpoint$SocketProcessor.doRun(NioEndpoint.java:1417)
	at org.apache.tomcat.util.net.SocketProcessorBase.run(SocketProcessorBase.java:49)
	at java.util.concurrent.ThreadPoolExecutor.runWorker(ThreadPoolExecutor.java:1149)
	at java.util.concurrent.ThreadPoolExecutor$Worker.run(ThreadPoolExecutor.java:624)
	at org.apache.tomcat.util.threads.TaskThread$WrappingRunnable.run(TaskThread.java:61)
	at java.lang.Thread.run(Thread.java:748)
2021-11-22 09:50:36 [WARN] org.springframework.web.servlet.mvc.method.annotation.ExceptionHandlerExceptionResolver : Failure in @ExceptionHandler public com.csicit.ace.common.utils.server.R com.csicit.ace.common.exception.RExceptionHandler.handleRException(com.csicit.ace.common.exception.RException)
org.springframework.web.HttpMediaTypeNotAcceptableException: Could not find acceptable representation
	at org.springframework.web.servlet.mvc.method.annotation.AbstractMessageConverterMethodProcessor.writeWithMessageConverters(AbstractMessageConverterMethodProcessor.java:307)
	at org.springframework.web.servlet.mvc.method.annotation.RequestResponseBodyMethodProcessor.handleReturnValue(RequestResponseBodyMethodProcessor.java:180)
	at org.springframework.web.method.support.HandlerMethodReturnValueHandlerComposite.handleReturnValue(HandlerMethodReturnValueHandlerComposite.java:82)
	at org.springframework.web.servlet.mvc.method.annotation.ServletInvocableHandlerMethod.invokeAndHandle(ServletInvocableHandlerMethod.java:119)
	at org.springframework.web.servlet.mvc.method.annotation.ExceptionHandlerExceptionResolver.doResolveHandlerMethodException(ExceptionHandlerExceptionResolver.java:412)
	at org.springframework.web.servlet.handler.AbstractHandlerMethodExceptionResolver.doResolveException(AbstractHandlerMethodExceptionResolver.java:61)
	at org.springframework.web.servlet.handler.AbstractHandlerExceptionResolver.resolveException(AbstractHandlerExceptionResolver.java:139)
	at org.springframework.web.servlet.handler.HandlerExceptionResolverComposite.resolveException(HandlerExceptionResolverComposite.java:80)
	at org.springframework.web.servlet.DispatcherServlet.processHandlerException(DispatcherServlet.java:1297)
	at org.springframework.web.servlet.DispatcherServlet.processDispatchResult(DispatcherServlet.java:1109)
	at org.springframework.web.servlet.DispatcherServlet.doDispatch(DispatcherServlet.java:1055)
	at org.springframework.web.servlet.DispatcherServlet.doService(DispatcherServlet.java:942)
	at org.springframework.web.servlet.FrameworkServlet.processRequest(FrameworkServlet.java:1005)
	at org.springframework.web.servlet.FrameworkServlet.doGet(FrameworkServlet.java:897)
	at javax.servlet.http.HttpServlet.service(HttpServlet.java:634)
	at org.springframework.web.servlet.FrameworkServlet.service(FrameworkServlet.java:882)
	at javax.servlet.http.HttpServlet.service(HttpServlet.java:741)
	at org.apache.catalina.core.ApplicationFilterChain.internalDoFilter(ApplicationFilterChain.java:231)
	at org.apache.catalina.core.ApplicationFilterChain.doFilter(ApplicationFilterChain.java:166)
	at org.apache.tomcat.websocket.server.WsFilter.doFilter(WsFilter.java:53)
	at org.apache.catalina.core.ApplicationFilterChain.internalDoFilter(ApplicationFilterChain.java:193)
	at org.apache.catalina.core.ApplicationFilterChain.doFilter(ApplicationFilterChain.java:166)
	at org.apache.catalina.core.ApplicationDispatcher.invoke(ApplicationDispatcher.java:712)
	at org.apache.catalina.core.ApplicationDispatcher.processRequest(ApplicationDispatcher.java:459)
	at org.apache.catalina.core.ApplicationDispatcher.doForward(ApplicationDispatcher.java:384)
	at org.apache.catalina.core.ApplicationDispatcher.forward(ApplicationDispatcher.java:312)
	at com.csicit.ace.zuul.config.GlobalInterceptor.preHandle(GlobalInterceptor.java:68)
	at org.springframework.web.servlet.HandlerExecutionChain.applyPreHandle(HandlerExecutionChain.java:136)
	at org.springframework.web.servlet.DispatcherServlet.doDispatch(DispatcherServlet.java:1033)
	at org.springframework.web.servlet.DispatcherServlet.doService(DispatcherServlet.java:942)
	at org.springframework.web.servlet.FrameworkServlet.processRequest(FrameworkServlet.java:1005)
	at org.springframework.web.servlet.FrameworkServlet.doGet(FrameworkServlet.java:897)
	at javax.servlet.http.HttpServlet.service(HttpServlet.java:634)
	at org.springframework.web.servlet.FrameworkServlet.service(FrameworkServlet.java:882)
	at javax.servlet.http.HttpServlet.service(HttpServlet.java:741)
	at org.apache.catalina.core.ApplicationFilterChain.internalDoFilter(ApplicationFilterChain.java:231)
	at org.apache.catalina.core.ApplicationFilterChain.doFilter(ApplicationFilterChain.java:166)
	at org.apache.tomcat.websocket.server.WsFilter.doFilter(WsFilter.java:53)
	at org.apache.catalina.core.ApplicationFilterChain.internalDoFilter(ApplicationFilterChain.java:193)
	at org.apache.catalina.core.ApplicationFilterChain.doFilter(ApplicationFilterChain.java:166)
	at org.springframework.web.filter.CorsFilter.doFilterInternal(CorsFilter.java:96)
	at org.springframework.web.filter.OncePerRequestFilter.doFilter(OncePerRequestFilter.java:109)
	at org.apache.catalina.core.ApplicationFilterChain.internalDoFilter(ApplicationFilterChain.java:193)
	at org.apache.catalina.core.ApplicationFilterChain.doFilter(ApplicationFilterChain.java:166)
	at org.springframework.boot.actuate.web.trace.servlet.HttpTraceFilter.doFilterInternal(HttpTraceFilter.java:88)
	at org.springframework.web.filter.OncePerRequestFilter.doFilter(OncePerRequestFilter.java:109)
	at org.apache.catalina.core.ApplicationFilterChain.internalDoFilter(ApplicationFilterChain.java:193)
	at org.apache.catalina.core.ApplicationFilterChain.doFilter(ApplicationFilterChain.java:166)
	at org.springframework.web.filter.RequestContextFilter.doFilterInternal(RequestContextFilter.java:99)
	at org.springframework.web.filter.OncePerRequestFilter.doFilter(OncePerRequestFilter.java:109)
	at org.apache.catalina.core.ApplicationFilterChain.internalDoFilter(ApplicationFilterChain.java:193)
	at org.apache.catalina.core.ApplicationFilterChain.doFilter(ApplicationFilterChain.java:166)
	at org.springframework.web.filter.FormContentFilter.doFilterInternal(FormContentFilter.java:92)
	at org.springframework.web.filter.OncePerRequestFilter.doFilter(OncePerRequestFilter.java:109)
	at org.apache.catalina.core.ApplicationFilterChain.internalDoFilter(ApplicationFilterChain.java:193)
	at org.apache.catalina.core.ApplicationFilterChain.doFilter(ApplicationFilterChain.java:166)
	at org.springframework.web.filter.HiddenHttpMethodFilter.doFilterInternal(HiddenHttpMethodFilter.java:93)
	at org.springframework.web.filter.OncePerRequestFilter.doFilter(OncePerRequestFilter.java:109)
	at org.apache.catalina.core.ApplicationFilterChain.internalDoFilter(ApplicationFilterChain.java:193)
	at org.apache.catalina.core.ApplicationFilterChain.doFilter(ApplicationFilterChain.java:166)
	at org.springframework.boot.actuate.metrics.web.servlet.WebMvcMetricsFilter.filterAndRecordMetrics(WebMvcMetricsFilter.java:114)
	at org.springframework.boot.actuate.metrics.web.servlet.WebMvcMetricsFilter.doFilterInternal(WebMvcMetricsFilter.java:104)
	at org.springframework.web.filter.OncePerRequestFilter.doFilter(OncePerRequestFilter.java:109)
	at org.apache.catalina.core.ApplicationFilterChain.internalDoFilter(ApplicationFilterChain.java:193)
	at org.apache.catalina.core.ApplicationFilterChain.doFilter(ApplicationFilterChain.java:166)
	at org.springframework.web.filter.CharacterEncodingFilter.doFilterInternal(CharacterEncodingFilter.java:200)
	at org.springframework.web.filter.OncePerRequestFilter.doFilter(OncePerRequestFilter.java:109)
	at org.apache.catalina.core.ApplicationFilterChain.internalDoFilter(ApplicationFilterChain.java:193)
	at org.apache.catalina.core.ApplicationFilterChain.doFilter(ApplicationFilterChain.java:166)
	at org.apache.catalina.core.StandardWrapperValve.invoke(StandardWrapperValve.java:199)
	at org.apache.catalina.core.StandardContextValve.invoke(StandardContextValve.java:96)
	at org.apache.catalina.authenticator.AuthenticatorBase.invoke(AuthenticatorBase.java:490)
	at org.apache.catalina.core.StandardHostValve.invoke(StandardHostValve.java:139)
	at org.apache.catalina.valves.ErrorReportValve.invoke(ErrorReportValve.java:92)
	at org.apache.catalina.core.StandardEngineValve.invoke(StandardEngineValve.java:74)
	at org.apache.catalina.connector.CoyoteAdapter.service(CoyoteAdapter.java:343)
	at org.apache.coyote.http11.Http11Processor.service(Http11Processor.java:408)
	at org.apache.coyote.AbstractProcessorLight.process(AbstractProcessorLight.java:66)
	at org.apache.coyote.AbstractProtocol$ConnectionHandler.process(AbstractProtocol.java:834)
	at org.apache.tomcat.util.net.NioEndpoint$SocketProcessor.doRun(NioEndpoint.java:1417)
	at org.apache.tomcat.util.net.SocketProcessorBase.run(SocketProcessorBase.java:49)
	at java.util.concurrent.ThreadPoolExecutor.runWorker(ThreadPoolExecutor.java:1149)
	at java.util.concurrent.ThreadPoolExecutor$Worker.run(ThreadPoolExecutor.java:624)
	at org.apache.tomcat.util.threads.TaskThread$WrappingRunnable.run(TaskThread.java:61)
	at java.lang.Thread.run(Thread.java:748)
2021-11-22 09:50:36 [ERROR] org.apache.catalina.core.ContainerBase.[Tomcat].[localhost].[/].[dispatcherServlet] : Servlet.service() for servlet [dispatcherServlet] threw exception
com.csicit.ace.common.exception.RException: 未知异常，请联系管理员或查看异常日志。
	at com.csicit.ace.platform.core.controller.SysConfigController.downloadImg(SysConfigController.java:330)
	at com.csicit.ace.platform.core.controller.SysConfigController$$FastClassBySpringCGLIB$$9b19b2e4.invoke(<generated>)
	at org.springframework.cglib.proxy.MethodProxy.invoke(MethodProxy.java:218)
	at org.springframework.aop.framework.CglibAopProxy$CglibMethodInvocation.invokeJoinpoint(CglibAopProxy.java:749)
	at org.springframework.aop.framework.ReflectiveMethodInvocation.proceed(ReflectiveMethodInvocation.java:163)
	at org.springframework.aop.framework.adapter.MethodBeforeAdviceInterceptor.invoke(MethodBeforeAdviceInterceptor.java:56)
	at org.springframework.aop.framework.ReflectiveMethodInvocation.proceed(ReflectiveMethodInvocation.java:175)
	at org.springframework.aop.aspectj.MethodInvocationProceedingJoinPoint.proceed(MethodInvocationProceedingJoinPoint.java:88)
	at com.csicit.ace.common.aspect.WebLogAspect.doAround(WebLogAspect.java:130)
	at sun.reflect.NativeMethodAccessorImpl.invoke0(Native Method)
	at sun.reflect.NativeMethodAccessorImpl.invoke(NativeMethodAccessorImpl.java:62)
	at sun.reflect.DelegatingMethodAccessorImpl.invoke(DelegatingMethodAccessorImpl.java:43)
	at java.lang.reflect.Method.invoke(Method.java:498)
	at org.springframework.aop.aspectj.AbstractAspectJAdvice.invokeAdviceMethodWithGivenArgs(AbstractAspectJAdvice.java:644)
	at org.springframework.aop.aspectj.AbstractAspectJAdvice.invokeAdviceMethod(AbstractAspectJAdvice.java:633)
	at org.springframework.aop.aspectj.AspectJAroundAdvice.invoke(AspectJAroundAdvice.java:70)
	at org.springframework.aop.framework.ReflectiveMethodInvocation.proceed(ReflectiveMethodInvocation.java:175)
	at org.springframework.aop.framework.adapter.AfterReturningAdviceInterceptor.invoke(AfterReturningAdviceInterceptor.java:55)
	at org.springframework.aop.framework.ReflectiveMethodInvocation.proceed(ReflectiveMethodInvocation.java:175)
	at org.springframework.aop.interceptor.ExposeInvocationInterceptor.invoke(ExposeInvocationInterceptor.java:93)
	at org.springframework.aop.framework.ReflectiveMethodInvocation.proceed(ReflectiveMethodInvocation.java:186)
	at org.springframework.aop.framework.CglibAopProxy$DynamicAdvisedInterceptor.intercept(CglibAopProxy.java:688)
	at com.csicit.ace.platform.core.controller.SysConfigController$$EnhancerBySpringCGLIB$$91dcb497.downloadImg(<generated>)
	at sun.reflect.NativeMethodAccessorImpl.invoke0(Native Method)
	at sun.reflect.NativeMethodAccessorImpl.invoke(NativeMethodAccessorImpl.java:62)
	at sun.reflect.DelegatingMethodAccessorImpl.invoke(DelegatingMethodAccessorImpl.java:43)
	at java.lang.reflect.Method.invoke(Method.java:498)
	at org.springframework.web.method.support.InvocableHandlerMethod.doInvoke(InvocableHandlerMethod.java:190)
	at org.springframework.web.method.support.InvocableHandlerMethod.invokeForRequest(InvocableHandlerMethod.java:138)
	at org.springframework.web.servlet.mvc.method.annotation.ServletInvocableHandlerMethod.invokeAndHandle(ServletInvocableHandlerMethod.java:102)
	at org.springframework.web.servlet.mvc.method.annotation.RequestMappingHandlerAdapter.invokeHandlerMethod(RequestMappingHandlerAdapter.java:895)
	at org.springframework.web.servlet.mvc.method.annotation.RequestMappingHandlerAdapter.handleInternal(RequestMappingHandlerAdapter.java:800)
	at org.springframework.web.servlet.mvc.method.AbstractHandlerMethodAdapter.handle(AbstractHandlerMethodAdapter.java:87)
	at org.springframework.web.servlet.DispatcherServlet.doDispatch(DispatcherServlet.java:1038)
	at org.springframework.web.servlet.DispatcherServlet.doService(DispatcherServlet.java:942)
	at org.springframework.web.servlet.FrameworkServlet.processRequest(FrameworkServlet.java:1005)
	at org.springframework.web.servlet.FrameworkServlet.doGet(FrameworkServlet.java:897)
	at javax.servlet.http.HttpServlet.service(HttpServlet.java:634)
	at org.springframework.web.servlet.FrameworkServlet.service(FrameworkServlet.java:882)
	at javax.servlet.http.HttpServlet.service(HttpServlet.java:741)
	at org.apache.catalina.core.ApplicationFilterChain.internalDoFilter(ApplicationFilterChain.java:231)
	at org.apache.catalina.core.ApplicationFilterChain.doFilter(ApplicationFilterChain.java:166)
	at org.apache.tomcat.websocket.server.WsFilter.doFilter(WsFilter.java:53)
	at org.apache.catalina.core.ApplicationFilterChain.internalDoFilter(ApplicationFilterChain.java:193)
	at org.apache.catalina.core.ApplicationFilterChain.doFilter(ApplicationFilterChain.java:166)
	at org.apache.catalina.core.ApplicationDispatcher.invoke(ApplicationDispatcher.java:712)
	at org.apache.catalina.core.ApplicationDispatcher.processRequest(ApplicationDispatcher.java:459)
	at org.apache.catalina.core.ApplicationDispatcher.doForward(ApplicationDispatcher.java:384)
	at org.apache.catalina.core.ApplicationDispatcher.forward(ApplicationDispatcher.java:312)
	at com.csicit.ace.zuul.config.GlobalInterceptor.preHandle(GlobalInterceptor.java:68)
	at org.springframework.web.servlet.HandlerExecutionChain.applyPreHandle(HandlerExecutionChain.java:136)
	at org.springframework.web.servlet.DispatcherServlet.doDispatch(DispatcherServlet.java:1033)
	at org.springframework.web.servlet.DispatcherServlet.doService(DispatcherServlet.java:942)
	at org.springframework.web.servlet.FrameworkServlet.processRequest(FrameworkServlet.java:1005)
	at org.springframework.web.servlet.FrameworkServlet.doGet(FrameworkServlet.java:897)
	at javax.servlet.http.HttpServlet.service(HttpServlet.java:634)
	at org.springframework.web.servlet.FrameworkServlet.service(FrameworkServlet.java:882)
	at javax.servlet.http.HttpServlet.service(HttpServlet.java:741)
	at org.apache.catalina.core.ApplicationFilterChain.internalDoFilter(ApplicationFilterChain.java:231)
	at org.apache.catalina.core.ApplicationFilterChain.doFilter(ApplicationFilterChain.java:166)
	at org.apache.tomcat.websocket.server.WsFilter.doFilter(WsFilter.java:53)
	at org.apache.catalina.core.ApplicationFilterChain.internalDoFilter(ApplicationFilterChain.java:193)
	at org.apache.catalina.core.ApplicationFilterChain.doFilter(ApplicationFilterChain.java:166)
	at org.springframework.web.filter.CorsFilter.doFilterInternal(CorsFilter.java:96)
	at org.springframework.web.filter.OncePerRequestFilter.doFilter(OncePerRequestFilter.java:109)
	at org.apache.catalina.core.ApplicationFilterChain.internalDoFilter(ApplicationFilterChain.java:193)
	at org.apache.catalina.core.ApplicationFilterChain.doFilter(ApplicationFilterChain.java:166)
	at org.springframework.boot.actuate.web.trace.servlet.HttpTraceFilter.doFilterInternal(HttpTraceFilter.java:88)
	at org.springframework.web.filter.OncePerRequestFilter.doFilter(OncePerRequestFilter.java:109)
	at org.apache.catalina.core.ApplicationFilterChain.internalDoFilter(ApplicationFilterChain.java:193)
	at org.apache.catalina.core.ApplicationFilterChain.doFilter(ApplicationFilterChain.java:166)
	at org.springframework.web.filter.RequestContextFilter.doFilterInternal(RequestContextFilter.java:99)
	at org.springframework.web.filter.OncePerRequestFilter.doFilter(OncePerRequestFilter.java:109)
	at org.apache.catalina.core.ApplicationFilterChain.internalDoFilter(ApplicationFilterChain.java:193)
	at org.apache.catalina.core.ApplicationFilterChain.doFilter(ApplicationFilterChain.java:166)
	at org.springframework.web.filter.FormContentFilter.doFilterInternal(FormContentFilter.java:92)
	at org.springframework.web.filter.OncePerRequestFilter.doFilter(OncePerRequestFilter.java:109)
	at org.apache.catalina.core.ApplicationFilterChain.internalDoFilter(ApplicationFilterChain.java:193)
	at org.apache.catalina.core.ApplicationFilterChain.doFilter(ApplicationFilterChain.java:166)
	at org.springframework.web.filter.HiddenHttpMethodFilter.doFilterInternal(HiddenHttpMethodFilter.java:93)
	at org.springframework.web.filter.OncePerRequestFilter.doFilter(OncePerRequestFilter.java:109)
	at org.apache.catalina.core.ApplicationFilterChain.internalDoFilter(ApplicationFilterChain.java:193)
	at org.apache.catalina.core.ApplicationFilterChain.doFilter(ApplicationFilterChain.java:166)
	at org.springframework.boot.actuate.metrics.web.servlet.WebMvcMetricsFilter.filterAndRecordMetrics(WebMvcMetricsFilter.java:114)
	at org.springframework.boot.actuate.metrics.web.servlet.WebMvcMetricsFilter.doFilterInternal(WebMvcMetricsFilter.java:104)
	at org.springframework.web.filter.OncePerRequestFilter.doFilter(OncePerRequestFilter.java:109)
	at org.apache.catalina.core.ApplicationFilterChain.internalDoFilter(ApplicationFilterChain.java:193)
	at org.apache.catalina.core.ApplicationFilterChain.doFilter(ApplicationFilterChain.java:166)
	at org.springframework.web.filter.CharacterEncodingFilter.doFilterInternal(CharacterEncodingFilter.java:200)
	at org.springframework.web.filter.OncePerRequestFilter.doFilter(OncePerRequestFilter.java:109)
	at org.apache.catalina.core.ApplicationFilterChain.internalDoFilter(ApplicationFilterChain.java:193)
	at org.apache.catalina.core.ApplicationFilterChain.doFilter(ApplicationFilterChain.java:166)
	at org.apache.catalina.core.StandardWrapperValve.invoke(StandardWrapperValve.java:199)
	at org.apache.catalina.core.StandardContextValve.invoke(StandardContextValve.java:96)
	at org.apache.catalina.authenticator.AuthenticatorBase.invoke(AuthenticatorBase.java:490)
	at org.apache.catalina.core.StandardHostValve.invoke(StandardHostValve.java:139)
	at org.apache.catalina.valves.ErrorReportValve.invoke(ErrorReportValve.java:92)
	at org.apache.catalina.core.StandardEngineValve.invoke(StandardEngineValve.java:74)
	at org.apache.catalina.connector.CoyoteAdapter.service(CoyoteAdapter.java:343)
	at org.apache.coyote.http11.Http11Processor.service(Http11Processor.java:408)
	at org.apache.coyote.AbstractProcessorLight.process(AbstractProcessorLight.java:66)
	at org.apache.coyote.AbstractProtocol$ConnectionHandler.process(AbstractProtocol.java:834)
	at org.apache.tomcat.util.net.NioEndpoint$SocketProcessor.doRun(NioEndpoint.java:1417)
	at org.apache.tomcat.util.net.SocketProcessorBase.run(SocketProcessorBase.java:49)
	at java.util.concurrent.ThreadPoolExecutor.runWorker(ThreadPoolExecutor.java:1149)
	at java.util.concurrent.ThreadPoolExecutor$Worker.run(ThreadPoolExecutor.java:624)
	at org.apache.tomcat.util.threads.TaskThread$WrappingRunnable.run(TaskThread.java:61)
	at java.lang.Thread.run(Thread.java:748)
2021-11-22 09:50:36 [ERROR] org.apache.catalina.core.ContainerBase.[Tomcat].[localhost].[/].[dispatcherServlet] : Servlet.service() for servlet [dispatcherServlet] in context with path [] threw exception [Request processing failed; nested exception is com.csicit.ace.common.exception.RException: 未知异常，请联系管理员或查看异常日志。] with root cause
com.csicit.ace.common.exception.RException: 未知异常，请联系管理员或查看异常日志。
	at com.csicit.ace.platform.core.controller.SysConfigController.downloadImg(SysConfigController.java:330)
	at com.csicit.ace.platform.core.controller.SysConfigController$$FastClassBySpringCGLIB$$9b19b2e4.invoke(<generated>)
	at org.springframework.cglib.proxy.MethodProxy.invoke(MethodProxy.java:218)
	at org.springframework.aop.framework.CglibAopProxy$CglibMethodInvocation.invokeJoinpoint(CglibAopProxy.java:749)
	at org.springframework.aop.framework.ReflectiveMethodInvocation.proceed(ReflectiveMethodInvocation.java:163)
	at org.springframework.aop.framework.adapter.MethodBeforeAdviceInterceptor.invoke(MethodBeforeAdviceInterceptor.java:56)
	at org.springframework.aop.framework.ReflectiveMethodInvocation.proceed(ReflectiveMethodInvocation.java:175)
	at org.springframework.aop.aspectj.MethodInvocationProceedingJoinPoint.proceed(MethodInvocationProceedingJoinPoint.java:88)
	at com.csicit.ace.common.aspect.WebLogAspect.doAround(WebLogAspect.java:130)
	at sun.reflect.NativeMethodAccessorImpl.invoke0(Native Method)
	at sun.reflect.NativeMethodAccessorImpl.invoke(NativeMethodAccessorImpl.java:62)
	at sun.reflect.DelegatingMethodAccessorImpl.invoke(DelegatingMethodAccessorImpl.java:43)
	at java.lang.reflect.Method.invoke(Method.java:498)
	at org.springframework.aop.aspectj.AbstractAspectJAdvice.invokeAdviceMethodWithGivenArgs(AbstractAspectJAdvice.java:644)
	at org.springframework.aop.aspectj.AbstractAspectJAdvice.invokeAdviceMethod(AbstractAspectJAdvice.java:633)
	at org.springframework.aop.aspectj.AspectJAroundAdvice.invoke(AspectJAroundAdvice.java:70)
	at org.springframework.aop.framework.ReflectiveMethodInvocation.proceed(ReflectiveMethodInvocation.java:175)
	at org.springframework.aop.framework.adapter.AfterReturningAdviceInterceptor.invoke(AfterReturningAdviceInterceptor.java:55)
	at org.springframework.aop.framework.ReflectiveMethodInvocation.proceed(ReflectiveMethodInvocation.java:175)
	at org.springframework.aop.interceptor.ExposeInvocationInterceptor.invoke(ExposeInvocationInterceptor.java:93)
	at org.springframework.aop.framework.ReflectiveMethodInvocation.proceed(ReflectiveMethodInvocation.java:186)
	at org.springframework.aop.framework.CglibAopProxy$DynamicAdvisedInterceptor.intercept(CglibAopProxy.java:688)
	at com.csicit.ace.platform.core.controller.SysConfigController$$EnhancerBySpringCGLIB$$91dcb497.downloadImg(<generated>)
	at sun.reflect.NativeMethodAccessorImpl.invoke0(Native Method)
	at sun.reflect.NativeMethodAccessorImpl.invoke(NativeMethodAccessorImpl.java:62)
	at sun.reflect.DelegatingMethodAccessorImpl.invoke(DelegatingMethodAccessorImpl.java:43)
	at java.lang.reflect.Method.invoke(Method.java:498)
	at org.springframework.web.method.support.InvocableHandlerMethod.doInvoke(InvocableHandlerMethod.java:190)
	at org.springframework.web.method.support.InvocableHandlerMethod.invokeForRequest(InvocableHandlerMethod.java:138)
	at org.springframework.web.servlet.mvc.method.annotation.ServletInvocableHandlerMethod.invokeAndHandle(ServletInvocableHandlerMethod.java:102)
	at org.springframework.web.servlet.mvc.method.annotation.RequestMappingHandlerAdapter.invokeHandlerMethod(RequestMappingHandlerAdapter.java:895)
	at org.springframework.web.servlet.mvc.method.annotation.RequestMappingHandlerAdapter.handleInternal(RequestMappingHandlerAdapter.java:800)
	at org.springframework.web.servlet.mvc.method.AbstractHandlerMethodAdapter.handle(AbstractHandlerMethodAdapter.java:87)
	at org.springframework.web.servlet.DispatcherServlet.doDispatch(DispatcherServlet.java:1038)
	at org.springframework.web.servlet.DispatcherServlet.doService(DispatcherServlet.java:942)
	at org.springframework.web.servlet.FrameworkServlet.processRequest(FrameworkServlet.java:1005)
	at org.springframework.web.servlet.FrameworkServlet.doGet(FrameworkServlet.java:897)
	at javax.servlet.http.HttpServlet.service(HttpServlet.java:634)
	at org.springframework.web.servlet.FrameworkServlet.service(FrameworkServlet.java:882)
	at javax.servlet.http.HttpServlet.service(HttpServlet.java:741)
	at org.apache.catalina.core.ApplicationFilterChain.internalDoFilter(ApplicationFilterChain.java:231)
	at org.apache.catalina.core.ApplicationFilterChain.doFilter(ApplicationFilterChain.java:166)
	at org.apache.tomcat.websocket.server.WsFilter.doFilter(WsFilter.java:53)
	at org.apache.catalina.core.ApplicationFilterChain.internalDoFilter(ApplicationFilterChain.java:193)
	at org.apache.catalina.core.ApplicationFilterChain.doFilter(ApplicationFilterChain.java:166)
	at org.apache.catalina.core.ApplicationDispatcher.invoke(ApplicationDispatcher.java:712)
	at org.apache.catalina.core.ApplicationDispatcher.processRequest(ApplicationDispatcher.java:459)
	at org.apache.catalina.core.ApplicationDispatcher.doForward(ApplicationDispatcher.java:384)
	at org.apache.catalina.core.ApplicationDispatcher.forward(ApplicationDispatcher.java:312)
	at com.csicit.ace.zuul.config.GlobalInterceptor.preHandle(GlobalInterceptor.java:68)
	at org.springframework.web.servlet.HandlerExecutionChain.applyPreHandle(HandlerExecutionChain.java:136)
	at org.springframework.web.servlet.DispatcherServlet.doDispatch(DispatcherServlet.java:1033)
	at org.springframework.web.servlet.DispatcherServlet.doService(DispatcherServlet.java:942)
	at org.springframework.web.servlet.FrameworkServlet.processRequest(FrameworkServlet.java:1005)
	at org.springframework.web.servlet.FrameworkServlet.doGet(FrameworkServlet.java:897)
	at javax.servlet.http.HttpServlet.service(HttpServlet.java:634)
	at org.springframework.web.servlet.FrameworkServlet.service(FrameworkServlet.java:882)
	at javax.servlet.http.HttpServlet.service(HttpServlet.java:741)
	at org.apache.catalina.core.ApplicationFilterChain.internalDoFilter(ApplicationFilterChain.java:231)
	at org.apache.catalina.core.ApplicationFilterChain.doFilter(ApplicationFilterChain.java:166)
	at org.apache.tomcat.websocket.server.WsFilter.doFilter(WsFilter.java:53)
	at org.apache.catalina.core.ApplicationFilterChain.internalDoFilter(ApplicationFilterChain.java:193)
	at org.apache.catalina.core.ApplicationFilterChain.doFilter(ApplicationFilterChain.java:166)
	at org.springframework.web.filter.CorsFilter.doFilterInternal(CorsFilter.java:96)
	at org.springframework.web.filter.OncePerRequestFilter.doFilter(OncePerRequestFilter.java:109)
	at org.apache.catalina.core.ApplicationFilterChain.internalDoFilter(ApplicationFilterChain.java:193)
	at org.apache.catalina.core.ApplicationFilterChain.doFilter(ApplicationFilterChain.java:166)
	at org.springframework.boot.actuate.web.trace.servlet.HttpTraceFilter.doFilterInternal(HttpTraceFilter.java:88)
	at org.springframework.web.filter.OncePerRequestFilter.doFilter(OncePerRequestFilter.java:109)
	at org.apache.catalina.core.ApplicationFilterChain.internalDoFilter(ApplicationFilterChain.java:193)
	at org.apache.catalina.core.ApplicationFilterChain.doFilter(ApplicationFilterChain.java:166)
	at org.springframework.web.filter.RequestContextFilter.doFilterInternal(RequestContextFilter.java:99)
	at org.springframework.web.filter.OncePerRequestFilter.doFilter(OncePerRequestFilter.java:109)
	at org.apache.catalina.core.ApplicationFilterChain.internalDoFilter(ApplicationFilterChain.java:193)
	at org.apache.catalina.core.ApplicationFilterChain.doFilter(ApplicationFilterChain.java:166)
	at org.springframework.web.filter.FormContentFilter.doFilterInternal(FormContentFilter.java:92)
	at org.springframework.web.filter.OncePerRequestFilter.doFilter(OncePerRequestFilter.java:109)
	at org.apache.catalina.core.ApplicationFilterChain.internalDoFilter(ApplicationFilterChain.java:193)
	at org.apache.catalina.core.ApplicationFilterChain.doFilter(ApplicationFilterChain.java:166)
	at org.springframework.web.filter.HiddenHttpMethodFilter.doFilterInternal(HiddenHttpMethodFilter.java:93)
	at org.springframework.web.filter.OncePerRequestFilter.doFilter(OncePerRequestFilter.java:109)
	at org.apache.catalina.core.ApplicationFilterChain.internalDoFilter(ApplicationFilterChain.java:193)
	at org.apache.catalina.core.ApplicationFilterChain.doFilter(ApplicationFilterChain.java:166)
	at org.springframework.boot.actuate.metrics.web.servlet.WebMvcMetricsFilter.filterAndRecordMetrics(WebMvcMetricsFilter.java:114)
	at org.springframework.boot.actuate.metrics.web.servlet.WebMvcMetricsFilter.doFilterInternal(WebMvcMetricsFilter.java:104)
	at org.springframework.web.filter.OncePerRequestFilter.doFilter(OncePerRequestFilter.java:109)
	at org.apache.catalina.core.ApplicationFilterChain.internalDoFilter(ApplicationFilterChain.java:193)
	at org.apache.catalina.core.ApplicationFilterChain.doFilter(ApplicationFilterChain.java:166)
	at org.springframework.web.filter.CharacterEncodingFilter.doFilterInternal(CharacterEncodingFilter.java:200)
	at org.springframework.web.filter.OncePerRequestFilter.doFilter(OncePerRequestFilter.java:109)
	at org.apache.catalina.core.ApplicationFilterChain.internalDoFilter(ApplicationFilterChain.java:193)
	at org.apache.catalina.core.ApplicationFilterChain.doFilter(ApplicationFilterChain.java:166)
	at org.apache.catalina.core.StandardWrapperValve.invoke(StandardWrapperValve.java:199)
	at org.apache.catalina.core.StandardContextValve.invoke(StandardContextValve.java:96)
	at org.apache.catalina.authenticator.AuthenticatorBase.invoke(AuthenticatorBase.java:490)
	at org.apache.catalina.core.StandardHostValve.invoke(StandardHostValve.java:139)
	at org.apache.catalina.valves.ErrorReportValve.invoke(ErrorReportValve.java:92)
	at org.apache.catalina.core.StandardEngineValve.invoke(StandardEngineValve.java:74)
	at org.apache.catalina.connector.CoyoteAdapter.service(CoyoteAdapter.java:343)
	at org.apache.coyote.http11.Http11Processor.service(Http11Processor.java:408)
	at org.apache.coyote.AbstractProcessorLight.process(AbstractProcessorLight.java:66)
	at org.apache.coyote.AbstractProtocol$ConnectionHandler.process(AbstractProtocol.java:834)
	at org.apache.tomcat.util.net.NioEndpoint$SocketProcessor.doRun(NioEndpoint.java:1417)
	at org.apache.tomcat.util.net.SocketProcessorBase.run(SocketProcessorBase.java:49)
	at java.util.concurrent.ThreadPoolExecutor.runWorker(ThreadPoolExecutor.java:1149)
	at java.util.concurrent.ThreadPoolExecutor$Worker.run(ThreadPoolExecutor.java:624)
	at org.apache.tomcat.util.threads.TaskThread$WrappingRunnable.run(TaskThread.java:61)
	at java.lang.Thread.run(Thread.java:748)
2021-11-22 09:50:37 [INFO] com.csicit.ace.common.log.AceLocalLogger :  37726--请求地址: http://127.0.0.1:2100/sysConfigs/action/downloadImg/lgbg ,HTTP_METHOD: GET ,IP: 127.0.0.1 ,CLASS_METHOD: com.csicit.ace.platform.core.controller.SysConfigController.downloadImg ,请求参数: {"t":["1637545837698"]}
2021-11-22 09:50:37 [INFO] com.csicit.ace.common.log.AceLocalLogger :  37742--请求地址: http://127.0.0.1:2100/init ,HTTP_METHOD: GET ,IP: 127.0.0.1 ,CLASS_METHOD: com.csicit.ace.platform.core.controller.InitController.getDefaultArgs ,请求参数: {}
2021-11-22 09:50:37 [INFO] com.csicit.ace.common.log.AceLocalLogger :  37742--耗时 : 0
2021-11-22 09:50:37 [INFO] com.csicit.ace.common.log.AceLocalLogger :  37744--请求地址: http://127.0.0.1:2100/sysConfigs/action/downloadImg/lglo ,HTTP_METHOD: GET ,IP: 127.0.0.1 ,CLASS_METHOD: com.csicit.ace.platform.core.controller.SysConfigController.downloadImg ,请求参数: {"t":["1637545837699"]}
2021-11-22 09:50:37 [INFO] com.csicit.ace.common.log.AceLocalLogger :  37726--耗时 : 23
2021-11-22 09:50:37 [INFO] com.csicit.ace.common.log.AceLocalLogger :  37744--耗时 : 5
2021-11-22 09:50:39 [INFO] com.csicit.ace.common.log.AceLocalLogger :  39911--请求地址: http://127.0.0.1:2100/login ,HTTP_METHOD: POST ,IP: 127.0.0.1 ,CLASS_METHOD: com.csicit.ace.platform.core.controller.LoginController.login ,参数: zzjtestflow
2021-11-22 09:50:39 [WARN] com.baomidou.mybatisplus.core.toolkit.sql.SqlHelper : Warn: execute Method There are  169 results.
2021-11-22 09:50:40 [WARN] com.baomidou.mybatisplus.core.toolkit.sql.SqlHelper : Warn: execute Method There are  2 results.
2021-11-22 09:50:40 [INFO] com.csicit.ace.common.log.AceLocalLogger :  39911--耗时 : 335
2021-11-22 09:50:41 [INFO] com.csicit.ace.common.log.AceLocalLogger :  41362--请求地址: http://127.0.0.1:2100/sysMenus/action/tree/dv-testapp-platform ,HTTP_METHOD: GET ,IP: 127.0.0.1 ,CLASS_METHOD: com.csicit.ace.platform.core.controller.SysMenuController.listSideTree ,请求参数: {}
2021-11-22 09:50:42 [INFO] com.csicit.ace.common.log.AceLocalLogger :  41362--耗时 : 836
2021-11-22 09:50:42 [INFO] com.csicit.ace.common.log.AceLocalLogger :  42548--请求地址: http://127.0.0.1:2100/sysUsers/action/info ,HTTP_METHOD: GET ,IP: 127.0.0.1 ,CLASS_METHOD: com.csicit.ace.platform.core.controller.SysUserController.info ,请求参数: {}
2021-11-22 09:50:42 [INFO] com.csicit.ace.common.log.AceLocalLogger :  42548--耗时 : 22
2021-11-22 09:50:42 [INFO] com.csicit.ace.common.log.AceLocalLogger : REQUEST_URL:/dv-testapp-platform/bpm/listTaskMineByParams, REQUEST_METHOD:GET, REQUEST_IP:127.0.0.1
2021-11-22 09:50:42 [INFO] com.csicit.ace.common.log.AceLocalLogger : REQUEST_URL:/dv-testapp-platform/bpm/listTaskMineByParams, REQUEST_METHOD:GET, REQUEST_IP:127.0.0.1
2021-11-22 09:50:42 [INFO] com.csicit.ace.common.log.AceLocalLogger : REQUEST_URL:/dv-testapp-platform/bpm/listFocusedWorks, REQUEST_METHOD:GET, REQUEST_IP:127.0.0.1
2021-11-22 09:50:42 [INFO] com.csicit.ace.common.log.AceLocalLogger : REQUEST_URL:/dv-testapp-platform/bpm/listTaskDelegate, REQUEST_METHOD:GET, REQUEST_IP:127.0.0.1
2021-11-22 09:50:42 [INFO] com.csicit.ace.common.log.AceLocalLogger : REQUEST_USER: zzjtestflow(zzjtestflow), REQUEST_IP:   127.0.0.1
2021-11-22 09:50:42 [INFO] com.csicit.ace.common.log.AceLocalLogger : REQUEST_USER: zzjtestflow(zzjtestflow), REQUEST_IP:   127.0.0.1
2021-11-22 09:50:42 [INFO] com.csicit.ace.common.log.AceLocalLogger : REQUEST_USER: zzjtestflow(zzjtestflow), REQUEST_IP:   127.0.0.1
2021-11-22 09:50:42 [INFO] com.csicit.ace.common.log.AceLocalLogger : REQUEST_USER: zzjtestflow(zzjtestflow), REQUEST_IP:   127.0.0.1
2021-11-22 09:50:42 [INFO] com.csicit.ace.common.log.AceLocalLogger :  42595--请求地址: http://127.0.0.1:2100/orgauth/sysMsgs/query/noReadMsg/f5d6d37948d3414e938343cb5ac96f21/dv-testapp-platform ,HTTP_METHOD: GET ,IP: 127.0.0.1 ,CLASS_METHOD: com.csicit.ace.orgauth.core.controller.SysMessageController.listUserNoReadMsg ,请求参数: {"token":["2ucy_1-1CIKoDcOa_Ioji84nQCVSuNt70XGJ2sAKv-97Yl0hOQh-RatEByPVrMuRnY0U6g2NOxpfiNV6kjUcxprStp4dh_salMacpWmYYDRj7xMm71j7-QlL4Xm3x7V1hOoi9kp9iQB2fj_U6dEhKg=="]}
2021-11-22 09:50:42 [INFO] com.csicit.ace.common.log.AceLocalLogger :  42595--耗时 : 20
2021-11-22 09:50:42 [INFO] com.csicit.ace.common.log.AceLocalLogger :  42635--请求地址: http://127.0.0.1:2100/ehcache/action/get ,HTTP_METHOD: GET ,IP: 127.0.0.1 ,CLASS_METHOD: com.csicit.ace.zuul.controller.EhcacheHttpController.get ,请求参数: {"key":["platform_internationalization"]}
2021-11-22 09:50:42 [INFO] com.csicit.ace.common.log.AceLocalLogger :  42635--请求地址: http://127.0.0.1:2100/ehcache/action/get ,HTTP_METHOD: GET ,IP: 127.0.0.1 ,CLASS_METHOD: com.csicit.ace.zuul.controller.EhcacheHttpController.get ,请求参数: {"key":["2ucy_1-1CIKoDcOa_Ioji84nQCVSuNt70XGJ2sAKv-97Yl0hOQh-RatEByPVrMuRnY0U6g2NOxpfiNV6kjUcxprStp4dh_salMacpWmYYDRj7xMm71j7-QlL4Xm3x7V1hOoi9kp9iQB2fj_U6dEhKg==userid"]}
2021-11-22 09:50:42 [INFO] com.csicit.ace.common.log.AceLocalLogger :  42635--请求地址: http://127.0.0.1:2100/ehcache/action/get ,HTTP_METHOD: GET ,IP: 127.0.0.1 ,CLASS_METHOD: com.csicit.ace.zuul.controller.EhcacheHttpController.get ,请求参数: {"key":["2ucy_1-1CIKoDcOa_Ioji84nQCVSuNt70XGJ2sAKv-97Yl0hOQh-RatEByPVrMuRnY0U6g2NOxpfiNV6kjUcxprStp4dh_salMacpWmYYDRj7xMm71j7-QlL4Xm3x7V1hOoi9kp9iQB2fj_U6dEhKg==userid"]}
2021-11-22 09:50:42 [INFO] com.csicit.ace.common.log.AceLocalLogger :  42635--请求地址: http://127.0.0.1:2100/ehcache/action/get ,HTTP_METHOD: GET ,IP: 127.0.0.1 ,CLASS_METHOD: com.csicit.ace.zuul.controller.EhcacheHttpController.get ,请求参数: {"key":["platform_internationalization"]}
2021-11-22 09:50:42 [INFO] com.csicit.ace.common.log.AceLocalLogger :  42635--耗时 : 2
2021-11-22 09:50:42 [INFO] com.csicit.ace.common.log.AceLocalLogger :  42635--耗时 : 2
2021-11-22 09:50:42 [INFO] com.csicit.ace.common.log.AceLocalLogger :  42635--耗时 : 2
2021-11-22 09:50:42 [INFO] com.csicit.ace.common.log.AceLocalLogger :  42635--耗时 : 2
2021-11-22 09:50:42 [INFO] com.csicit.ace.common.log.AceLocalLogger :  42642--请求地址: http://127.0.0.1:2100/ehcache/action/get ,HTTP_METHOD: GET ,IP: 127.0.0.1 ,CLASS_METHOD: com.csicit.ace.zuul.controller.EhcacheHttpController.get ,请求参数: {"key":["2ucy_1-1CIKoDcOa_Ioji84nQCVSuNt70XGJ2sAKv-97Yl0hOQh-RatEByPVrMuRnY0U6g2NOxpfiNV6kjUcxprStp4dh_salMacpWmYYDRj7xMm71j7-QlL4Xm3x7V1hOoi9kp9iQB2fj_U6dEhKg==userid"]}
2021-11-22 09:50:42 [INFO] com.csicit.ace.common.log.AceLocalLogger :  42642--耗时 : 1
2021-11-22 09:50:42 [INFO] com.csicit.ace.common.log.AceLocalLogger :  42643--请求地址: http://127.0.0.1:2100/ehcache/action/get ,HTTP_METHOD: GET ,IP: 127.0.0.1 ,CLASS_METHOD: com.csicit.ace.zuul.controller.EhcacheHttpController.get ,请求参数: {"key":["2ucy_1-1CIKoDcOa_Ioji84nQCVSuNt70XGJ2sAKv-97Yl0hOQh-RatEByPVrMuRnY0U6g2NOxpfiNV6kjUcxprStp4dh_salMacpWmYYDRj7xMm71j7-QlL4Xm3x7V1hOoi9kp9iQB2fj_U6dEhKg==userid"]}
2021-11-22 09:50:42 [INFO] com.csicit.ace.common.log.AceLocalLogger :  42643--耗时 : 1
2021-11-22 09:50:42 [INFO] com.csicit.ace.common.log.AceLocalLogger :  42654--请求地址: http://127.0.0.1:2100/ehcache/action/get ,HTTP_METHOD: GET ,IP: 127.0.0.1 ,CLASS_METHOD: com.csicit.ace.zuul.controller.EhcacheHttpController.get ,请求参数: {"key":["platform_internationalization"]}
2021-11-22 09:50:42 [INFO] com.csicit.ace.common.log.AceLocalLogger :  42654--耗时 : 0
2021-11-22 09:50:42 [INFO] com.csicit.ace.common.log.AceLocalLogger :  42656--请求地址: http://127.0.0.1:2100/orgauth/sysUsers/action/getSomeUsers ,HTTP_METHOD: GET ,IP: 127.0.0.1 ,CLASS_METHOD: com.csicit.ace.orgauth.core.controller.SysUserControllerO.getSomeUsers ,请求参数: {"code":["user"],"ids":["[\"f5d6d37948d3414e938343cb5ac96f21\"]"]}
2021-11-22 09:50:42 [INFO] com.csicit.ace.common.log.AceLocalLogger :  42656--耗时 : 17
2021-11-22 09:50:42 [INFO] com.csicit.ace.common.log.AceLocalLogger :  42674--请求地址: http://127.0.0.1:2100/orgauth/sysUsers/action/getSomeUsers ,HTTP_METHOD: GET ,IP: 127.0.0.1 ,CLASS_METHOD: com.csicit.ace.orgauth.core.controller.SysUserControllerO.getSomeUsers ,请求参数: {"code":["user"],"ids":["[\"f5d6d37948d3414e938343cb5ac96f21\"]"]}
2021-11-22 09:50:42 [INFO] com.csicit.ace.common.log.AceLocalLogger :  42674--耗时 : 6
2021-11-22 09:50:42 [INFO] com.csicit.ace.common.log.AceLocalLogger :  42686--请求地址: http://127.0.0.1:2100/ehcache/action/get ,HTTP_METHOD: GET ,IP: 127.0.0.1 ,CLASS_METHOD: com.csicit.ace.zuul.controller.EhcacheHttpController.get ,请求参数: {"key":["2ucy_1-1CIKoDcOa_Ioji84nQCVSuNt70XGJ2sAKv-97Yl0hOQh-RatEByPVrMuRnY0U6g2NOxpfiNV6kjUcxprStp4dh_salMacpWmYYDRj7xMm71j7-QlL4Xm3x7V1hOoi9kp9iQB2fj_U6dEhKg==userid"]}
2021-11-22 09:50:42 [INFO] com.csicit.ace.common.log.AceLocalLogger :  42686--耗时 : 0
2021-11-22 09:50:42 [INFO] com.csicit.ace.common.log.AceLocalLogger :  42691--请求地址: http://127.0.0.1:2100/orgauth/sysUsers/action/getSomeUsers ,HTTP_METHOD: GET ,IP: 127.0.0.1 ,CLASS_METHOD: com.csicit.ace.orgauth.core.controller.SysUserControllerO.getSomeUsers ,请求参数: {"code":["user"],"ids":["[\"f5d6d37948d3414e938343cb5ac96f21\",\"46d0b4c6d26e462a9928f463f3378757\"]"]}
2021-11-22 09:50:42 [INFO] com.csicit.ace.common.log.AceLocalLogger :  42691--耗时 : 15
2021-11-22 09:50:42 [INFO] com.csicit.ace.common.log.AceLocalLogger :  42711--请求地址: http://127.0.0.1:2100/ehcache/action/get ,HTTP_METHOD: GET ,IP: 127.0.0.1 ,CLASS_METHOD: com.csicit.ace.zuul.controller.EhcacheHttpController.get ,请求参数: {"key":["2ucy_1-1CIKoDcOa_Ioji84nQCVSuNt70XGJ2sAKv-97Yl0hOQh-RatEByPVrMuRnY0U6g2NOxpfiNV6kjUcxprStp4dh_salMacpWmYYDRj7xMm71j7-QlL4Xm3x7V1hOoi9kp9iQB2fj_U6dEhKg==userid"]}
2021-11-22 09:50:42 [INFO] com.csicit.ace.common.log.AceLocalLogger :  42711--耗时 : 0
2021-11-22 09:50:42 [INFO] com.csicit.ace.common.log.AceLocalLogger :  42713--请求地址: http://127.0.0.1:2100/ehcache/action/get ,HTTP_METHOD: GET ,IP: 127.0.0.1 ,CLASS_METHOD: com.csicit.ace.zuul.controller.EhcacheHttpController.get ,请求参数: {"key":["platform_internationalization"]}
2021-11-22 09:50:42 [INFO] com.csicit.ace.common.log.AceLocalLogger :  42713--耗时 : 0
2021-11-22 09:50:43 [INFO] com.csicit.ace.common.log.AceLocalLogger : REQUEST_URL:/dv-testapp-platform/borrowBooks/list/paramJson, REQUEST_METHOD:POST, REQUEST_IP:127.0.0.1
2021-11-22 09:50:43 [INFO] com.csicit.ace.common.log.AceLocalLogger : REQUEST_USER: zzjtestflow(zzjtestflow), REQUEST_IP:   127.0.0.1
2021-11-22 09:50:43 [INFO] com.csicit.ace.common.log.AceLocalLogger :  43865--请求地址: http://127.0.0.1:2100/ehcache/action/get ,HTTP_METHOD: GET ,IP: 127.0.0.1 ,CLASS_METHOD: com.csicit.ace.zuul.controller.EhcacheHttpController.get ,请求参数: {"key":["platform_internationalization"]}
2021-11-22 09:50:43 [INFO] com.csicit.ace.common.log.AceLocalLogger :  43865--耗时 : 0
2021-11-22 09:50:43 [INFO] com.csicit.ace.common.log.AceLocalLogger :  43870--请求地址: http://127.0.0.1:2100/ehcache/action/get ,HTTP_METHOD: GET ,IP: 127.0.0.1 ,CLASS_METHOD: com.csicit.ace.zuul.controller.EhcacheHttpController.get ,请求参数: {"key":["platform_internationalization"]}
2021-11-22 09:50:43 [INFO] com.csicit.ace.common.log.AceLocalLogger :  43870--耗时 : 0
2021-11-22 09:50:46 [INFO] com.csicit.ace.common.log.AceLocalLogger : REQUEST_URL:/dv-testapp-platform/bpm/getFlowModelByCode, REQUEST_METHOD:GET, REQUEST_IP:127.0.0.1
2021-11-22 09:50:46 [INFO] com.csicit.ace.common.log.AceLocalLogger : REQUEST_USER: zzjtestflow(zzjtestflow), REQUEST_IP:   127.0.0.1
2021-11-22 09:50:46 [INFO] com.csicit.ace.common.log.AceLocalLogger :  46233--请求地址: http://127.0.0.1:2100/ehcache/action/get ,HTTP_METHOD: GET ,IP: 127.0.0.1 ,CLASS_METHOD: com.csicit.ace.zuul.controller.EhcacheHttpController.get ,请求参数: {"key":["platform_internationalization"]}
2021-11-22 09:50:46 [INFO] com.csicit.ace.common.log.AceLocalLogger :  46233--耗时 : 0
2021-11-22 09:50:46 [INFO] com.csicit.ace.common.log.AceLocalLogger : REQUEST_URL:/dv-testapp-platform/bpm/getNodeInfo, REQUEST_METHOD:GET, REQUEST_IP:127.0.0.1
2021-11-22 09:50:46 [INFO] com.csicit.ace.common.log.AceLocalLogger : REQUEST_USER: zzjtestflow(zzjtestflow), REQUEST_IP:   127.0.0.1
2021-11-22 09:50:46 [INFO] com.csicit.ace.common.log.AceLocalLogger :  46291--请求地址: http://127.0.0.1:2100/ehcache/action/get ,HTTP_METHOD: GET ,IP: 127.0.0.1 ,CLASS_METHOD: com.csicit.ace.zuul.controller.EhcacheHttpController.get ,请求参数: {"key":["2ucy_1-1CIKoDcOa_Ioji84nQCVSuNt70XGJ2sAKv-97Yl0hOQh-RatEByPVrMuRnY0U6g2NOxpfiNV6kjUcxprStp4dh_salMacpWmYYDRj7xMm71j7-QlL4Xm3x7V1hOoi9kp9iQB2fj_U6dEhKg=="]}
2021-11-22 09:50:46 [INFO] com.csicit.ace.common.log.AceLocalLogger :  46291--耗时 : 0
2021-11-22 09:50:46 [INFO] com.csicit.ace.common.log.AceLocalLogger :  46295--请求地址: http://127.0.0.1:2100/orgauth/sysAuths/action/hasAuthorityWithUserId/f5d6d37948d3414e938343cb5ac96f21/3e3b2ff54f574154935321702a3c4e6b ,HTTP_METHOD: GET ,IP: 127.0.0.1 ,CLASS_METHOD: com.csicit.ace.orgauth.core.controller.SysAuthControllerO.hasAuthorityWithUserId ,请求参数: {}
2021-11-22 09:50:46 [INFO] com.csicit.ace.common.log.AceLocalLogger :  46295--耗时 : 8
2021-11-22 09:50:46 [INFO] com.csicit.ace.common.log.AceLocalLogger :  46307--请求地址: http://127.0.0.1:2100/ehcache/action/get ,HTTP_METHOD: GET ,IP: 127.0.0.1 ,CLASS_METHOD: com.csicit.ace.zuul.controller.EhcacheHttpController.get ,请求参数: {"key":["platform_internationalization"]}
2021-11-22 09:50:46 [INFO] com.csicit.ace.common.log.AceLocalLogger :  46307--耗时 : 0
2021-11-22 09:50:46 [INFO] com.csicit.ace.common.log.AceLocalLogger :  46460--请求地址: http://127.0.0.1:2100/fileConfiguration/load ,HTTP_METHOD: POST ,IP: 127.0.0.1 ,CLASS_METHOD: com.csicit.ace.fileserver.core.controller.FileConfigurationController.load ,请求参数: {"appName":["dv-testapp-platform"],"token":["2ucy_1-1CIKoDcOa_Ioji84nQCVSuNt70XGJ2sAKv-97Yl0hOQh-RatEByPVrMuRnY0U6g2NOxpfiNV6kjUcxprStp4dh_salMacpWmYYDRj7xMm71j7-QlL4Xm3x7V1hOoi9kp9iQB2fj_U6dEhKg=="]}
2021-11-22 09:50:46 [INFO] com.csicit.ace.common.log.AceLocalLogger :  46460--耗时 : 233
2021-11-22 09:50:46 [INFO] com.csicit.ace.common.log.AceLocalLogger : REQUEST_URL:/dv-testapp-platform/bpm/wfdUserPage/something, REQUEST_METHOD:GET, REQUEST_IP:127.0.0.1
2021-11-22 09:50:46 [INFO] com.csicit.ace.common.log.AceLocalLogger : REQUEST_URL:/dv-testapp-platform/interfaces/getManageDepName/f5d6d37948d3414e938343cb5ac96f21, REQUEST_METHOD:GET, REQUEST_IP:127.0.0.1
2021-11-22 09:50:46 [INFO] com.csicit.ace.common.log.AceLocalLogger : REQUEST_USER: zzjtestflow(zzjtestflow), REQUEST_IP:   127.0.0.1
2021-11-22 09:50:46 [INFO] com.csicit.ace.common.log.AceLocalLogger : REQUEST_USER: zzjtestflow(zzjtestflow), REQUEST_IP:   127.0.0.1
2021-11-22 09:50:46 [INFO] com.csicit.ace.common.log.AceLocalLogger :  46743--请求地址: http://127.0.0.1:2100/ehcache/action/get ,HTTP_METHOD: GET ,IP: 127.0.0.1 ,CLASS_METHOD: com.csicit.ace.zuul.controller.EhcacheHttpController.get ,请求参数: {"key":["2ucy_1-1CIKoDcOa_Ioji84nQCVSuNt70XGJ2sAKv-97Yl0hOQh-RatEByPVrMuRnY0U6g2NOxpfiNV6kjUcxprStp4dh_salMacpWmYYDRj7xMm71j7-QlL4Xm3x7V1hOoi9kp9iQB2fj_U6dEhKg==userid"]}
2021-11-22 09:50:46 [INFO] com.csicit.ace.common.log.AceLocalLogger :  46743--耗时 : 0
2021-11-22 09:50:46 [INFO] com.csicit.ace.common.log.AceLocalLogger :  46745--请求地址: http://127.0.0.1:2100/orgauth/orgDepartments/action/getMainDeptByUserId/f5d6d37948d3414e938343cb5ac96f21 ,HTTP_METHOD: GET ,IP: 127.0.0.1 ,CLASS_METHOD: com.csicit.ace.orgauth.core.controller.OrgDepartmentControllerO.getMainDeptByUserId ,请求参数: {}
2021-11-22 09:50:46 [INFO] com.csicit.ace.common.log.AceLocalLogger :  46745--耗时 : 10
2021-11-22 09:50:46 [INFO] com.csicit.ace.common.log.AceLocalLogger :  46758--请求地址: http://127.0.0.1:2100/ehcache/action/get ,HTTP_METHOD: GET ,IP: 127.0.0.1 ,CLASS_METHOD: com.csicit.ace.zuul.controller.EhcacheHttpController.get ,请求参数: {"key":["platform_internationalization"]}
2021-11-22 09:50:46 [INFO] com.csicit.ace.common.log.AceLocalLogger :  46758--耗时 : 2
2021-11-22 09:50:46 [INFO] com.csicit.ace.common.log.AceLocalLogger :  46767--请求地址: http://127.0.0.1:2100/ehcache/action/get ,HTTP_METHOD: GET ,IP: 127.0.0.1 ,CLASS_METHOD: com.csicit.ace.zuul.controller.EhcacheHttpController.get ,请求参数: {"key":["platform_internationalization"]}
2021-11-22 09:50:46 [INFO] com.csicit.ace.common.log.AceLocalLogger :  46767--耗时 : 0
2021-11-22 09:51:01 [INFO] org.quartz.plugins.history.LoggingJobHistoryPlugin : Job 测试任务组.711HM fired (by trigger 711HM$测试任务组.每100毫秒发送一次) at:  09:51:01 11/22/2021
2021-11-22 09:51:01 [WARN] com.csicit.ace.quartz.core.job.AgentJob : 任务执行失败，原因为：应用ah-csicpm不在线
2021-11-22 09:51:01 [INFO] org.quartz.plugins.history.LoggingJobHistoryPlugin : Job 测试任务组.711HM execution complete at  09:51:01 11/22/2021 and reports: null
2021-11-22 09:51:03 [INFO] com.csicit.ace.common.log.AceLocalLogger :  63273--请求地址: http://127.0.0.1:2100/fileRepository/allocateSpace ,HTTP_METHOD: POST ,IP: 127.0.0.1 ,CLASS_METHOD: com.csicit.ace.fileserver.core.controller.FileRepositoryController.allocateSpace ,请求参数: {"appName":["dv-testapp-platform"],"token":["2ucy_1-1CIKoDcOa_Ioji84nQCVSuNt70XGJ2sAKv-97Yl0hOQh-RatEByPVrMuRnY0U6g2NOxpfiNV6kjUcxprStp4dh_salMacpWmYYDRj7xMm71j7-QlL4Xm3x7V1hOoi9kp9iQB2fj_U6dEhKg=="]}
2021-11-22 09:51:03 [WARN] com.baomidou.mybatisplus.core.toolkit.sql.SqlHelper : Warn: execute Method There are  2 results.
2021-11-22 09:51:03 [INFO] com.csicit.ace.common.log.AceLocalLogger :  63273--耗时 : 232
2021-11-22 09:51:03 [INFO] com.csicit.ace.common.log.AceLocalLogger :  63568--请求地址: http://127.0.0.1:2100/fileUpload/uploadReview ,HTTP_METHOD: POST ,IP: 127.0.0.1 ,CLASS_METHOD: com.csicit.ace.fileserver.core.controller.FileUploadController.uploadReview ,请求参数: {"appName":["dv-testapp-platform","dv-testapp-platform"],"token":["2ucy_1-1CIKoDcOa_Ioji84nQCVSuNt70XGJ2sAKv-97Yl0hOQh-RatEByPVrMuRnY0U6g2NOxpfiNV6kjUcxprStp4dh_salMacpWmYYDRj7xMm71j7-QlL4Xm3x7V1hOoi9kp9iQB2fj_U6dEhKg=="],"configurationKey":["test-file"],"id":["WU_FILE_0"],"name":["微信图片_20211015152713.png"],"type":["image/png"],"lastModifiedDate":["Fri Oct 15 2021 15:27:16 GMT+0800 (中国标准时间)"],"size":["30397"],"yfId":["d45a5530-81c8-4217-a194-6a4c29beabdf"]}
2021-11-22 09:51:03 [WARN] com.baomidou.mybatisplus.core.toolkit.sql.SqlHelper : Warn: execute Method There are  2 results.
2021-11-22 09:51:03 [INFO] org.slf4j.Logger : file upload: 微信图片_20211015152713.png
2021-11-22 09:51:03 [INFO] com.csicit.ace.common.log.AceLocalLogger :  63568--耗时 : 216
2021-11-22 09:51:31 [INFO] com.csicit.ace.common.log.AceLocalLogger :  91950--请求地址: http://127.0.0.1:2100/fileUpload/REVIEWFILE ,HTTP_METHOD: POST ,IP: 127.0.0.1 ,CLASS_METHOD: com.csicit.ace.fileserver.core.controller.FileUploadController.reviewFile ,请求参数: {"oldFormId":["f4bbb31c-8283-4e58-98bb-f9c639ef5541"],"newFormId":["8888888888888888888888"]}
2021-11-22 09:51:32 [INFO] com.csicit.ace.common.log.AceLocalLogger :  91950--耗时 : 246
2021-11-22 09:52:01 [INFO] org.quartz.plugins.history.LoggingJobHistoryPlugin : Job 测试任务组.711HM fired (by trigger 711HM$测试任务组.每100毫秒发送一次) at:  09:52:01 11/22/2021
2021-11-22 09:52:01 [WARN] com.csicit.ace.quartz.core.job.AgentJob : 任务执行失败，原因为：应用ah-csicpm不在线
2021-11-22 09:52:01 [INFO] org.quartz.plugins.history.LoggingJobHistoryPlugin : Job 测试任务组.711HM execution complete at  09:52:01 11/22/2021 and reports: null
2021-11-22 09:53:01 [INFO] org.quartz.plugins.history.LoggingJobHistoryPlugin : Job 测试任务组.711HM fired (by trigger 711HM$测试任务组.每100毫秒发送一次) at:  09:53:01 11/22/2021
2021-11-22 09:53:01 [WARN] com.csicit.ace.quartz.core.job.AgentJob : 任务执行失败，原因为：应用ah-csicpm不在线
2021-11-22 09:53:01 [INFO] org.quartz.plugins.history.LoggingJobHistoryPlugin : Job 测试任务组.711HM execution complete at  09:53:01 11/22/2021 and reports: null
2021-11-22 09:54:01 [INFO] org.quartz.plugins.history.LoggingJobHistoryPlugin : Job 测试任务组.711HM fired (by trigger 711HM$测试任务组.每100毫秒发送一次) at:  09:54:01 11/22/2021
2021-11-22 09:54:01 [WARN] com.csicit.ace.quartz.core.job.AgentJob : 任务执行失败，原因为：应用ah-csicpm不在线
2021-11-22 09:54:01 [INFO] org.quartz.plugins.history.LoggingJobHistoryPlugin : Job 测试任务组.711HM execution complete at  09:54:01 11/22/2021 and reports: null
2021-11-22 09:55:00 [INFO] org.quartz.plugins.history.LoggingJobHistoryPlugin : Job 业务平台内部定时任务.大屏消息推送 fired (by trigger 大屏消息推送$业务平台内部定时任务.每5分钟执行一次) at:  09:55:00 11/22/2021
2021-11-22 09:55:00 [INFO] com.csicit.ace.common.log.AceLocalLogger :  00048--请求地址: http://127.0.0.1:2100/bladeVisualMsgs/bladeVisual/msg/push ,HTTP_METHOD: GET ,IP: 127.0.0.1 ,CLASS_METHOD: com.csicit.ace.platform.core.controller.BladeVisualMsgController.bladeVisualMsgPush ,请求参数: {}
2021-11-22 09:55:00 [INFO] com.csicit.ace.common.log.AceLocalLogger :  00048--耗时 : 32
2021-11-22 09:55:00 [INFO] org.quartz.plugins.history.LoggingJobHistoryPlugin : Job 业务平台内部定时任务.大屏消息推送 execution complete at  09:55:00 11/22/2021 and reports: null
2021-11-22 09:55:01 [INFO] org.quartz.plugins.history.LoggingJobHistoryPlugin : Job 测试任务组.711HM fired (by trigger 711HM$测试任务组.每100毫秒发送一次) at:  09:55:01 11/22/2021
2021-11-22 09:55:01 [WARN] com.csicit.ace.quartz.core.job.AgentJob : 任务执行失败，原因为：应用ah-csicpm不在线
2021-11-22 09:55:01 [INFO] org.quartz.plugins.history.LoggingJobHistoryPlugin : Job 测试任务组.711HM execution complete at  09:55:01 11/22/2021 and reports: null
2021-11-22 09:56:01 [INFO] org.quartz.plugins.history.LoggingJobHistoryPlugin : Job 测试任务组.711HM fired (by trigger 711HM$测试任务组.每100毫秒发送一次) at:  09:56:01 11/22/2021
2021-11-22 09:56:01 [WARN] com.csicit.ace.quartz.core.job.AgentJob : 任务执行失败，原因为：应用ah-csicpm不在线
2021-11-22 09:56:01 [INFO] org.quartz.plugins.history.LoggingJobHistoryPlugin : Job 测试任务组.711HM execution complete at  09:56:01 11/22/2021 and reports: null
