2021-12-02 11:32:53 [INFO] com.csicit.ace.zuul.ZuulStartApp : The following profiles are active: routes
2021-12-02 11:32:54 [WARN] org.springframework.boot.actuate.endpoint.EndpointId : Endpoint ID 'hystrix.stream' contains invalid characters, please migrate to a valid format.
2021-12-02 11:32:54 [INFO] org.springframework.cloud.context.scope.GenericScope : BeanFactory id=e86bd7c9-85ee-3455-8ab1-85c264d5cd0c
2021-12-02 11:32:55 [INFO] org.springframework.context.support.PostProcessorRegistrationDelegate$BeanPostProcessorChecker : Bean 'org.springframework.transaction.annotation.ProxyTransactionManagementConfiguration' of type [org.springframework.transaction.annotation.ProxyTransactionManagementConfiguration$$EnhancerBySpringCGLIB$$7d1f36f9] is not eligible for getting processed by all BeanPostProcessors (for example: not eligible for auto-proxying)
2021-12-02 11:32:55 [INFO] org.springframework.context.support.PostProcessorRegistrationDelegate$BeanPostProcessorChecker : Bean 'socketIoConfig' of type [com.csicit.ace.data.persistent.messenger.config.SocketIoConfig$$EnhancerBySpringCGLIB$$9726c40] is not eligible for getting processed by all BeanPostProcessors (for example: not eligible for auto-proxying)
2021-12-02 11:32:55 [INFO] org.springframework.context.support.PostProcessorRegistrationDelegate$BeanPostProcessorChecker : Bean 'redissonClient' of type [org.springframework.beans.factory.support.NullBean] is not eligible for getting processed by all BeanPostProcessors (for example: not eligible for auto-proxying)
2021-12-02 11:32:55 [INFO] org.springframework.context.support.PostProcessorRegistrationDelegate$BeanPostProcessorChecker : Bean 'socketIOServer' of type [com.corundumstudio.socketio.SocketIOServer] is not eligible for getting processed by all BeanPostProcessors (for example: not eligible for auto-proxying)
2021-12-02 11:32:55 [INFO] org.springframework.context.support.PostProcessorRegistrationDelegate$BeanPostProcessorChecker : Bean 'org.springframework.cloud.autoconfigure.ConfigurationPropertiesRebinderAutoConfiguration' of type [org.springframework.cloud.autoconfigure.ConfigurationPropertiesRebinderAutoConfiguration$$EnhancerBySpringCGLIB$$993939f6] is not eligible for getting processed by all BeanPostProcessors (for example: not eligible for auto-proxying)
2021-12-02 11:32:55 [INFO] org.springframework.boot.web.embedded.tomcat.TomcatWebServer : Tomcat initialized with port(s): 2100 (http)
2021-12-02 11:32:55 [INFO] org.apache.catalina.core.StandardService : Starting service [Tomcat]
2021-12-02 11:32:55 [INFO] org.apache.catalina.core.StandardEngine : Starting Servlet engine: [Apache Tomcat/9.0.14]
2021-12-02 11:32:55 [INFO] org.apache.jasper.servlet.TldScanner : At least one JAR was scanned for TLDs yet contained no TLDs. Enable debug logging for this logger for a complete list of JARs that were scanned but no TLDs were found in them. Skipping unneeded JARs during scanning can improve startup time and JSP compilation time.
2021-12-02 11:32:55 [INFO] org.apache.catalina.core.ContainerBase.[Tomcat].[localhost].[/] : Initializing Spring embedded WebApplicationContext
2021-12-02 11:32:55 [INFO] org.springframework.web.context.ContextLoader : Root WebApplicationContext: initialization completed in 2725 ms
2021-12-02 11:32:56 [WARN] com.netflix.config.sources.URLConfigurationSource : No URLs will be polled as dynamic configuration sources.
2021-12-02 11:32:56 [INFO] com.netflix.config.sources.URLConfigurationSource : To enable URLs as dynamic configuration sources, define System property archaius.configurationSource.additionalUrls or make config.properties available on classpath.
2021-12-02 11:32:56 [INFO] com.netflix.config.DynamicPropertyFactory : DynamicPropertyFactory is initialized with configuration sources: com.netflix.config.ConcurrentCompositeConfiguration@3593e074
2021-12-02 11:32:56 [WARN] net.sf.ehcache.config.ConfigurationFactory : No configuration found. Configuring ehcache from ehcache-failsafe.xml  found in the classpath: jar:file:/D:/mavenRepo/net/sf/ehcache/ehcache/2.10.6/ehcache-2.10.6.jar!/ehcache-failsafe.xml
2021-12-02 11:32:56 [INFO] com.alibaba.druid.spring.boot.autoconfigure.DruidDataSourceAutoConfigure : Init DruidDataSource
2021-12-02 11:32:56 [INFO] com.alibaba.druid.pool.DruidDataSource : {dataSource-1} inited
2021-12-02 11:33:04 [INFO] org.quartz.impl.StdSchedulerFactory : Using default implementation for ThreadExecutor
2021-12-02 11:33:04 [INFO] org.quartz.core.SchedulerSignalerImpl : Initialized Scheduler Signaller of type: class org.quartz.core.SchedulerSignalerImpl
2021-12-02 11:33:04 [INFO] org.quartz.core.QuartzScheduler : Quartz Scheduler v.2.3.1 created.
2021-12-02 11:33:04 [INFO] com.csicit.ace.quartz.core.plugins.AceJobConfigLoaderPlugin : Registering Quartz Job Initialization Plug-in.
2021-12-02 11:33:04 [INFO] org.quartz.core.QuartzScheduler : Scheduler meta-data: Quartz Scheduler (v2.3.1) 'JariScheduler' with instanceId 'DESKTOP-A03RJ151638415984508'
  Scheduler class: 'org.quartz.core.QuartzScheduler' - running locally.
  NOT STARTED.
  Currently in standby mode.
  Number of jobs executed: 0
  Using thread pool 'org.quartz.simpl.SimpleThreadPool' - with 20 threads.
  Using job-store 'org.springframework.scheduling.quartz.LocalDataSourceJobStore' - which supports persistence. and is clustered.

2021-12-02 11:33:04 [INFO] org.quartz.impl.StdSchedulerFactory : Quartz scheduler 'JariScheduler' initialized from an externally provided properties instance.
2021-12-02 11:33:04 [INFO] org.quartz.impl.StdSchedulerFactory : Quartz scheduler version: 2.3.1
2021-12-02 11:33:04 [INFO] org.quartz.core.QuartzScheduler : JobFactory set to: com.csicit.ace.quartz.core.factory.MyJobFactory@5570dc21
2021-12-02 11:33:04 [WARN] com.baomidou.mybatisplus.core.toolkit.TableInfoHelper : Warn: Could not find @TableId in Class: com.csicit.ace.common.pojo.vo.GrantAuthReciveVO.
2021-12-02 11:33:05 [INFO] org.springframework.scheduling.concurrent.ThreadPoolTaskScheduler : Initializing ExecutorService 'taskScheduler'
2021-12-02 11:33:05 [INFO] liquibase.integration.spring.SpringLiquibase : Liquibase did not run because 'shouldRun' property was set to false on liquibase Liquibase Spring bean.
2021-12-02 11:33:06 [WARN] com.netflix.config.sources.URLConfigurationSource : No URLs will be polled as dynamic configuration sources.
2021-12-02 11:33:06 [INFO] com.netflix.config.sources.URLConfigurationSource : To enable URLs as dynamic configuration sources, define System property archaius.configurationSource.additionalUrls or make config.properties available on classpath.
2021-12-02 11:33:06 [INFO] org.springframework.scheduling.concurrent.ThreadPoolTaskExecutor : Initializing ExecutorService 'applicationTaskExecutor'
2021-12-02 11:33:06 [INFO] org.springframework.boot.autoconfigure.web.servlet.WelcomePageHandlerMapping : Adding welcome page template: index
2021-12-02 11:33:07 [WARN] org.springframework.boot.starter.redis.RedisStarterDeprecationWarningAutoConfiguration : spring-boot-starter-redis is deprecated as of Spring Boot 1.4, please migrate to spring-boot-starter-data-redis
2021-12-02 11:33:07 [INFO] org.springframework.cloud.netflix.zuul.ZuulFilterInitializer : Starting filter initializer
2021-12-02 11:33:07 [INFO] org.springframework.boot.actuate.endpoint.web.EndpointLinksResolver : Exposing 2 endpoint(s) beneath base path '/actuator'
2021-12-02 11:33:07 [INFO] org.quartz.xml.XMLSchedulingDataProcessor : Parsing XML from stream with systemId:  
2021-12-02 11:33:07 [INFO] org.quartz.xml.XMLSchedulingDataProcessor : Adding 1 jobs, 0 triggers.
2021-12-02 11:33:07 [INFO] org.quartz.xml.XMLSchedulingDataProcessor : Replacing job: tt.xxx
2021-12-02 11:33:07 [INFO] org.quartz.xml.XMLSchedulingDataProcessor : Parsing XML from stream with systemId:  
2021-12-02 11:33:07 [INFO] org.quartz.xml.XMLSchedulingDataProcessor : Adding 1 jobs, 0 triggers.
2021-12-02 11:33:07 [INFO] org.quartz.xml.XMLSchedulingDataProcessor : Replacing job: tt.xxx
2021-12-02 11:33:07 [INFO] org.quartz.xml.XMLSchedulingDataProcessor : Parsing XML from stream with systemId:  
2021-12-02 11:33:07 [INFO] org.quartz.xml.XMLSchedulingDataProcessor : Adding 1 jobs, 1 triggers.
2021-12-02 11:33:07 [INFO] org.quartz.xml.XMLSchedulingDataProcessor : Replacing job: 测试任务组.711HM
2021-12-02 11:33:07 [INFO] org.quartz.xml.XMLSchedulingDataProcessor : Parsing XML from stream with systemId:  
2021-12-02 11:33:07 [INFO] org.quartz.xml.XMLSchedulingDataProcessor : Adding 1 jobs, 0 triggers.
2021-12-02 11:33:07 [INFO] org.quartz.xml.XMLSchedulingDataProcessor : Replacing job: tt.xxx
2021-12-02 11:33:07 [INFO] org.quartz.xml.XMLSchedulingDataProcessor : Parsing XML from stream with systemId:  
2021-12-02 11:33:07 [INFO] org.quartz.xml.XMLSchedulingDataProcessor : Adding 16 jobs, 0 triggers.
2021-12-02 11:33:07 [INFO] org.quartz.xml.XMLSchedulingDataProcessor : Replacing job: tt.xxx
2021-12-02 11:33:07 [INFO] org.quartz.xml.XMLSchedulingDataProcessor : Replacing job: tt.xxx
2021-12-02 11:33:07 [INFO] org.quartz.xml.XMLSchedulingDataProcessor : Replacing job: tt.xxx
2021-12-02 11:33:07 [INFO] org.quartz.xml.XMLSchedulingDataProcessor : Replacing job: tt.xxx
2021-12-02 11:33:07 [INFO] org.quartz.xml.XMLSchedulingDataProcessor : Replacing job: tt.xxx
2021-12-02 11:33:07 [INFO] org.quartz.xml.XMLSchedulingDataProcessor : Replacing job: tt.xxx
2021-12-02 11:33:07 [INFO] org.quartz.xml.XMLSchedulingDataProcessor : Replacing job: tt.xxx
2021-12-02 11:33:07 [INFO] org.quartz.xml.XMLSchedulingDataProcessor : Replacing job: tt.xxx
2021-12-02 11:33:07 [INFO] org.quartz.xml.XMLSchedulingDataProcessor : Replacing job: tt.xxx
2021-12-02 11:33:07 [INFO] org.quartz.xml.XMLSchedulingDataProcessor : Replacing job: tt.xxx
2021-12-02 11:33:07 [INFO] org.quartz.xml.XMLSchedulingDataProcessor : Replacing job: tt.xxx
2021-12-02 11:33:07 [INFO] org.quartz.xml.XMLSchedulingDataProcessor : Replacing job: tt.xxx
2021-12-02 11:33:07 [INFO] org.quartz.xml.XMLSchedulingDataProcessor : Replacing job: tt.xxx
2021-12-02 11:33:07 [INFO] org.quartz.xml.XMLSchedulingDataProcessor : Replacing job: tt.xxx
2021-12-02 11:33:07 [INFO] org.quartz.xml.XMLSchedulingDataProcessor : Replacing job: tt.xxx
2021-12-02 11:33:07 [INFO] org.quartz.xml.XMLSchedulingDataProcessor : Replacing job: tt.xxx
2021-12-02 11:33:07 [INFO] org.quartz.xml.XMLSchedulingDataProcessor : Parsing XML from stream with systemId:  
2021-12-02 11:33:07 [INFO] org.quartz.xml.XMLSchedulingDataProcessor : Adding 1 jobs, 0 triggers.
2021-12-02 11:33:07 [INFO] org.quartz.xml.XMLSchedulingDataProcessor : Replacing job: tt.xxx
2021-12-02 11:33:07 [INFO] org.quartz.xml.XMLSchedulingDataProcessor : Parsing XML from stream with systemId:  
2021-12-02 11:33:07 [INFO] org.quartz.xml.XMLSchedulingDataProcessor : Adding 1 jobs, 0 triggers.
2021-12-02 11:33:07 [INFO] org.quartz.xml.XMLSchedulingDataProcessor : Replacing job: tt.xxx
2021-12-02 11:33:07 [INFO] org.quartz.xml.XMLSchedulingDataProcessor : Parsing XML from stream with systemId:  
2021-12-02 11:33:07 [INFO] org.quartz.xml.XMLSchedulingDataProcessor : Adding 1 jobs, 0 triggers.
2021-12-02 11:33:07 [INFO] org.quartz.xml.XMLSchedulingDataProcessor : Replacing job: tt.xxx
2021-12-02 11:33:07 [INFO] org.quartz.xml.XMLSchedulingDataProcessor : Parsing XML from stream with systemId:  
2021-12-02 11:33:07 [INFO] org.quartz.xml.XMLSchedulingDataProcessor : Adding 1 jobs, 0 triggers.
2021-12-02 11:33:07 [INFO] org.quartz.xml.XMLSchedulingDataProcessor : Replacing job: tt.xxx
2021-12-02 11:33:07 [INFO] org.quartz.xml.XMLSchedulingDataProcessor : Parsing XML from stream with systemId:  
2021-12-02 11:33:07 [INFO] org.quartz.xml.XMLSchedulingDataProcessor : Adding 1 jobs, 0 triggers.
2021-12-02 11:33:07 [INFO] org.quartz.xml.XMLSchedulingDataProcessor : Replacing job: tt.xxx
2021-12-02 11:33:07 [INFO] org.quartz.xml.XMLSchedulingDataProcessor : Parsing XML from stream with systemId:  
2021-12-02 11:33:07 [INFO] org.quartz.xml.XMLSchedulingDataProcessor : Adding 1 jobs, 0 triggers.
2021-12-02 11:33:07 [INFO] org.quartz.xml.XMLSchedulingDataProcessor : Replacing job: tt.xxx
2021-12-02 11:33:07 [INFO] org.quartz.xml.XMLSchedulingDataProcessor : Parsing XML from stream with systemId:  
2021-12-02 11:33:07 [INFO] org.quartz.xml.XMLSchedulingDataProcessor : Adding 1 jobs, 0 triggers.
2021-12-02 11:33:07 [INFO] org.quartz.xml.XMLSchedulingDataProcessor : Replacing job: tt.xxx
2021-12-02 11:33:07 [INFO] org.quartz.xml.XMLSchedulingDataProcessor : Parsing XML from stream with systemId:  
2021-12-02 11:33:07 [INFO] org.quartz.xml.XMLSchedulingDataProcessor : Adding 1 jobs, 0 triggers.
2021-12-02 11:33:07 [INFO] org.quartz.xml.XMLSchedulingDataProcessor : Replacing job: tt.xxx
2021-12-02 11:33:07 [INFO] org.quartz.xml.XMLSchedulingDataProcessor : Parsing XML from stream with systemId:  
2021-12-02 11:33:07 [INFO] org.quartz.xml.XMLSchedulingDataProcessor : Adding 1 jobs, 0 triggers.
2021-12-02 11:33:07 [INFO] org.quartz.xml.XMLSchedulingDataProcessor : Replacing job: tt.xxx
2021-12-02 11:33:07 [INFO] org.quartz.xml.XMLSchedulingDataProcessor : Parsing XML from stream with systemId:  
2021-12-02 11:33:08 [INFO] org.quartz.xml.XMLSchedulingDataProcessor : Adding 1 jobs, 0 triggers.
2021-12-02 11:33:08 [INFO] org.quartz.xml.XMLSchedulingDataProcessor : Replacing job: tt.xxx
2021-12-02 11:33:08 [INFO] org.quartz.xml.XMLSchedulingDataProcessor : Parsing XML from stream with systemId:  
2021-12-02 11:33:08 [INFO] org.quartz.xml.XMLSchedulingDataProcessor : Adding 1 jobs, 0 triggers.
2021-12-02 11:33:08 [INFO] org.quartz.xml.XMLSchedulingDataProcessor : Replacing job: tt.xxx
2021-12-02 11:33:08 [INFO] org.quartz.xml.XMLSchedulingDataProcessor : Parsing XML from stream with systemId:  
2021-12-02 11:33:08 [INFO] org.quartz.xml.XMLSchedulingDataProcessor : Adding 1 jobs, 0 triggers.
2021-12-02 11:33:08 [INFO] org.quartz.xml.XMLSchedulingDataProcessor : Replacing job: tt.xxx
2021-12-02 11:33:08 [INFO] org.quartz.xml.XMLSchedulingDataProcessor : Parsing XML from stream with systemId:  
2021-12-02 11:33:08 [INFO] org.quartz.xml.XMLSchedulingDataProcessor : Adding 2 jobs, 0 triggers.
2021-12-02 11:33:08 [INFO] org.quartz.xml.XMLSchedulingDataProcessor : Replacing job: urgeTask.催办提醒
2021-12-02 11:33:08 [INFO] org.quartz.xml.XMLSchedulingDataProcessor : Replacing job: 催办提醒任务组.催办提醒
2021-12-02 11:33:08 [INFO] org.quartz.xml.XMLSchedulingDataProcessor : Parsing XML from stream with systemId:  
2021-12-02 11:33:08 [INFO] org.quartz.xml.XMLSchedulingDataProcessor : Adding 1 jobs, 1 triggers.
2021-12-02 11:33:08 [INFO] org.quartz.xml.XMLSchedulingDataProcessor : Replacing job: 业务平台内部定时任务.大屏消息推送
2021-12-02 11:33:08 [INFO] org.quartz.core.QuartzScheduler : Scheduler JariScheduler_$_DESKTOP-A03RJ151638415984508 started.
2021-12-02 11:33:08 [INFO] org.springframework.boot.web.embedded.tomcat.TomcatWebServer : Tomcat started on port(s): 2100 (http) with context path ''
2021-12-02 11:33:08 [INFO] com.csicit.ace.zuul.ZuulStartApp : Started ZuulStartApp in 16.96 seconds (JVM running for 17.601)
2021-12-02 11:33:08 [INFO] org.reflections.Reflections : Reflections took 29 ms to scan 1 urls, producing 19 keys and 29 values 
2021-12-02 11:33:09 [INFO] com.corundumstudio.socketio.SocketIOServer : Session store / pubsub factory used: MemoryStoreFactory (local session store only)
2021-12-02 11:33:09 [INFO] com.csicit.ace.common.log.AceLocalLogger : socketLog_消息服务已启动!
2021-12-02 11:33:09 [INFO] com.corundumstudio.socketio.SocketIOServer : SocketIO server started at port: 5070
2021-12-02 11:33:09 [INFO] com.csicit.ace.common.log.AceLocalLogger : socketLog_创建命名空间:dv-testapp-platform
2021-12-02 11:33:09 [INFO] com.csicit.ace.common.log.AceLocalLogger : socketLog_创建命名空间:cd-jari716oa
2021-12-02 11:33:09 [INFO] com.csicit.ace.common.log.AceLocalLogger : socketLog_创建命名空间:ei-service
2021-12-02 11:33:13 [INFO] org.apache.catalina.core.ContainerBase.[Tomcat].[localhost].[/] : Initializing Spring DispatcherServlet 'dispatcherServlet'
2021-12-02 11:33:13 [INFO] org.springframework.web.servlet.DispatcherServlet : Initializing Servlet 'dispatcherServlet'
2021-12-02 11:33:13 [INFO] org.springframework.web.servlet.DispatcherServlet : Completed initialization in 16 ms
2021-12-02 11:33:13 [INFO] com.csicit.ace.common.log.AceLocalLogger :  93919--请求地址: http://192.168.20.136:2100/logout ,HTTP_METHOD: GET ,IP: 192.168.20.136 ,CLASS_METHOD: com.csicit.ace.platform.core.controller.LoginController.logout ,请求参数: {}
2021-12-02 11:33:13 [ERROR] com.csicit.ace.common.log.AceLocalLogger : token失效，请重新登录！
com.csicit.ace.common.exception.RException: token失效，请重新登录！
	at com.csicit.ace.common.utils.system.SecurityUtils.getUserByToken(SecurityUtils.java:336)
	at com.csicit.ace.common.utils.system.SecurityUtils.getCurrentUser(SecurityUtils.java:318)
	at com.csicit.ace.data.persistent.service.impl.SysAuditLogServiceImpl.saveLog(SysAuditLogServiceImpl.java:424)
	at com.csicit.ace.data.persistent.service.impl.SysAuditLogServiceImpl$$FastClassBySpringCGLIB$$a701d58a.invoke(<generated>)
	at org.springframework.cglib.proxy.MethodProxy.invoke(MethodProxy.java:218)
	at org.springframework.aop.framework.CglibAopProxy$CglibMethodInvocation.invokeJoinpoint(CglibAopProxy.java:749)
	at org.springframework.aop.framework.ReflectiveMethodInvocation.proceed(ReflectiveMethodInvocation.java:163)
	at org.springframework.transaction.interceptor.TransactionAspectSupport.invokeWithinTransaction(TransactionAspectSupport.java:295)
	at org.springframework.transaction.interceptor.TransactionInterceptor.invoke(TransactionInterceptor.java:98)
	at org.springframework.aop.framework.ReflectiveMethodInvocation.proceed(ReflectiveMethodInvocation.java:186)
	at org.springframework.aop.framework.CglibAopProxy$DynamicAdvisedInterceptor.intercept(CglibAopProxy.java:688)
	at com.csicit.ace.data.persistent.service.impl.SysAuditLogServiceImpl$$EnhancerBySpringCGLIB$$90f52eeb.saveLog(<generated>)
	at com.csicit.ace.platform.core.controller.LoginController.logout(LoginController.java:79)
	at com.csicit.ace.platform.core.controller.LoginController$$FastClassBySpringCGLIB$$4bbd35de.invoke(<generated>)
	at org.springframework.cglib.proxy.MethodProxy.invoke(MethodProxy.java:218)
	at org.springframework.aop.framework.CglibAopProxy$CglibMethodInvocation.invokeJoinpoint(CglibAopProxy.java:749)
	at org.springframework.aop.framework.ReflectiveMethodInvocation.proceed(ReflectiveMethodInvocation.java:163)
	at org.springframework.aop.framework.adapter.MethodBeforeAdviceInterceptor.invoke(MethodBeforeAdviceInterceptor.java:56)
	at org.springframework.aop.framework.ReflectiveMethodInvocation.proceed(ReflectiveMethodInvocation.java:175)
	at org.springframework.aop.aspectj.MethodInvocationProceedingJoinPoint.proceed(MethodInvocationProceedingJoinPoint.java:88)
	at com.csicit.ace.common.aspect.WebLogAspect.doAround(WebLogAspect.java:130)
	at sun.reflect.NativeMethodAccessorImpl.invoke0(Native Method)
	at sun.reflect.NativeMethodAccessorImpl.invoke(NativeMethodAccessorImpl.java:62)
	at sun.reflect.DelegatingMethodAccessorImpl.invoke(DelegatingMethodAccessorImpl.java:43)
	at java.lang.reflect.Method.invoke(Method.java:498)
	at org.springframework.aop.aspectj.AbstractAspectJAdvice.invokeAdviceMethodWithGivenArgs(AbstractAspectJAdvice.java:644)
	at org.springframework.aop.aspectj.AbstractAspectJAdvice.invokeAdviceMethod(AbstractAspectJAdvice.java:633)
	at org.springframework.aop.aspectj.AspectJAroundAdvice.invoke(AspectJAroundAdvice.java:70)
	at org.springframework.aop.framework.ReflectiveMethodInvocation.proceed(ReflectiveMethodInvocation.java:175)
	at org.springframework.aop.framework.adapter.AfterReturningAdviceInterceptor.invoke(AfterReturningAdviceInterceptor.java:55)
	at org.springframework.aop.framework.ReflectiveMethodInvocation.proceed(ReflectiveMethodInvocation.java:175)
	at org.springframework.aop.interceptor.ExposeInvocationInterceptor.invoke(ExposeInvocationInterceptor.java:93)
	at org.springframework.aop.framework.ReflectiveMethodInvocation.proceed(ReflectiveMethodInvocation.java:186)
	at org.springframework.aop.framework.CglibAopProxy$DynamicAdvisedInterceptor.intercept(CglibAopProxy.java:688)
	at com.csicit.ace.platform.core.controller.LoginController$$EnhancerBySpringCGLIB$$8b6d1bbd.logout(<generated>)
	at sun.reflect.NativeMethodAccessorImpl.invoke0(Native Method)
	at sun.reflect.NativeMethodAccessorImpl.invoke(NativeMethodAccessorImpl.java:62)
	at sun.reflect.DelegatingMethodAccessorImpl.invoke(DelegatingMethodAccessorImpl.java:43)
	at java.lang.reflect.Method.invoke(Method.java:498)
	at org.springframework.web.method.support.InvocableHandlerMethod.doInvoke(InvocableHandlerMethod.java:190)
	at org.springframework.web.method.support.InvocableHandlerMethod.invokeForRequest(InvocableHandlerMethod.java:138)
	at org.springframework.web.servlet.mvc.method.annotation.ServletInvocableHandlerMethod.invokeAndHandle(ServletInvocableHandlerMethod.java:102)
	at org.springframework.web.servlet.mvc.method.annotation.RequestMappingHandlerAdapter.invokeHandlerMethod(RequestMappingHandlerAdapter.java:895)
	at org.springframework.web.servlet.mvc.method.annotation.RequestMappingHandlerAdapter.handleInternal(RequestMappingHandlerAdapter.java:800)
	at org.springframework.web.servlet.mvc.method.AbstractHandlerMethodAdapter.handle(AbstractHandlerMethodAdapter.java:87)
	at org.springframework.web.servlet.DispatcherServlet.doDispatch(DispatcherServlet.java:1038)
	at org.springframework.web.servlet.DispatcherServlet.doService(DispatcherServlet.java:942)
	at org.springframework.web.servlet.FrameworkServlet.processRequest(FrameworkServlet.java:1005)
	at org.springframework.web.servlet.FrameworkServlet.doGet(FrameworkServlet.java:897)
	at javax.servlet.http.HttpServlet.service(HttpServlet.java:634)
	at org.springframework.web.servlet.FrameworkServlet.service(FrameworkServlet.java:882)
	at javax.servlet.http.HttpServlet.service(HttpServlet.java:741)
	at org.apache.catalina.core.ApplicationFilterChain.internalDoFilter(ApplicationFilterChain.java:231)
	at org.apache.catalina.core.ApplicationFilterChain.doFilter(ApplicationFilterChain.java:166)
	at org.apache.tomcat.websocket.server.WsFilter.doFilter(WsFilter.java:53)
	at org.apache.catalina.core.ApplicationFilterChain.internalDoFilter(ApplicationFilterChain.java:193)
	at org.apache.catalina.core.ApplicationFilterChain.doFilter(ApplicationFilterChain.java:166)
	at org.apache.catalina.core.ApplicationDispatcher.invoke(ApplicationDispatcher.java:712)
	at org.apache.catalina.core.ApplicationDispatcher.processRequest(ApplicationDispatcher.java:459)
	at org.apache.catalina.core.ApplicationDispatcher.doForward(ApplicationDispatcher.java:384)
	at org.apache.catalina.core.ApplicationDispatcher.forward(ApplicationDispatcher.java:312)
	at com.csicit.ace.zuul.config.GlobalInterceptor.preHandle(GlobalInterceptor.java:68)
	at org.springframework.web.servlet.HandlerExecutionChain.applyPreHandle(HandlerExecutionChain.java:136)
	at org.springframework.web.servlet.DispatcherServlet.doDispatch(DispatcherServlet.java:1033)
	at org.springframework.web.servlet.DispatcherServlet.doService(DispatcherServlet.java:942)
	at org.springframework.web.servlet.FrameworkServlet.processRequest(FrameworkServlet.java:1005)
	at org.springframework.web.servlet.FrameworkServlet.doGet(FrameworkServlet.java:897)
	at javax.servlet.http.HttpServlet.service(HttpServlet.java:634)
	at org.springframework.web.servlet.FrameworkServlet.service(FrameworkServlet.java:882)
	at javax.servlet.http.HttpServlet.service(HttpServlet.java:741)
	at org.apache.catalina.core.ApplicationFilterChain.internalDoFilter(ApplicationFilterChain.java:231)
	at org.apache.catalina.core.ApplicationFilterChain.doFilter(ApplicationFilterChain.java:166)
	at org.apache.tomcat.websocket.server.WsFilter.doFilter(WsFilter.java:53)
	at org.apache.catalina.core.ApplicationFilterChain.internalDoFilter(ApplicationFilterChain.java:193)
	at org.apache.catalina.core.ApplicationFilterChain.doFilter(ApplicationFilterChain.java:166)
	at org.springframework.web.filter.CorsFilter.doFilterInternal(CorsFilter.java:96)
	at org.springframework.web.filter.OncePerRequestFilter.doFilter(OncePerRequestFilter.java:109)
	at org.apache.catalina.core.ApplicationFilterChain.internalDoFilter(ApplicationFilterChain.java:193)
	at org.apache.catalina.core.ApplicationFilterChain.doFilter(ApplicationFilterChain.java:166)
	at org.springframework.boot.actuate.web.trace.servlet.HttpTraceFilter.doFilterInternal(HttpTraceFilter.java:88)
	at org.springframework.web.filter.OncePerRequestFilter.doFilter(OncePerRequestFilter.java:109)
	at org.apache.catalina.core.ApplicationFilterChain.internalDoFilter(ApplicationFilterChain.java:193)
	at org.apache.catalina.core.ApplicationFilterChain.doFilter(ApplicationFilterChain.java:166)
	at org.springframework.web.filter.RequestContextFilter.doFilterInternal(RequestContextFilter.java:99)
	at org.springframework.web.filter.OncePerRequestFilter.doFilter(OncePerRequestFilter.java:109)
	at org.apache.catalina.core.ApplicationFilterChain.internalDoFilter(ApplicationFilterChain.java:193)
	at org.apache.catalina.core.ApplicationFilterChain.doFilter(ApplicationFilterChain.java:166)
	at org.springframework.web.filter.FormContentFilter.doFilterInternal(FormContentFilter.java:92)
	at org.springframework.web.filter.OncePerRequestFilter.doFilter(OncePerRequestFilter.java:109)
	at org.apache.catalina.core.ApplicationFilterChain.internalDoFilter(ApplicationFilterChain.java:193)
	at org.apache.catalina.core.ApplicationFilterChain.doFilter(ApplicationFilterChain.java:166)
	at org.springframework.web.filter.HiddenHttpMethodFilter.doFilterInternal(HiddenHttpMethodFilter.java:93)
	at org.springframework.web.filter.OncePerRequestFilter.doFilter(OncePerRequestFilter.java:109)
	at org.apache.catalina.core.ApplicationFilterChain.internalDoFilter(ApplicationFilterChain.java:193)
	at org.apache.catalina.core.ApplicationFilterChain.doFilter(ApplicationFilterChain.java:166)
	at org.springframework.boot.actuate.metrics.web.servlet.WebMvcMetricsFilter.filterAndRecordMetrics(WebMvcMetricsFilter.java:114)
	at org.springframework.boot.actuate.metrics.web.servlet.WebMvcMetricsFilter.doFilterInternal(WebMvcMetricsFilter.java:104)
	at org.springframework.web.filter.OncePerRequestFilter.doFilter(OncePerRequestFilter.java:109)
	at org.apache.catalina.core.ApplicationFilterChain.internalDoFilter(ApplicationFilterChain.java:193)
	at org.apache.catalina.core.ApplicationFilterChain.doFilter(ApplicationFilterChain.java:166)
	at org.springframework.web.filter.CharacterEncodingFilter.doFilterInternal(CharacterEncodingFilter.java:200)
	at org.springframework.web.filter.OncePerRequestFilter.doFilter(OncePerRequestFilter.java:109)
	at org.apache.catalina.core.ApplicationFilterChain.internalDoFilter(ApplicationFilterChain.java:193)
	at org.apache.catalina.core.ApplicationFilterChain.doFilter(ApplicationFilterChain.java:166)
	at org.apache.catalina.core.StandardWrapperValve.invoke(StandardWrapperValve.java:199)
	at org.apache.catalina.core.StandardContextValve.invoke(StandardContextValve.java:96)
	at org.apache.catalina.authenticator.AuthenticatorBase.invoke(AuthenticatorBase.java:490)
	at org.apache.catalina.core.StandardHostValve.invoke(StandardHostValve.java:139)
	at org.apache.catalina.valves.ErrorReportValve.invoke(ErrorReportValve.java:92)
	at org.apache.catalina.core.StandardEngineValve.invoke(StandardEngineValve.java:74)
	at org.apache.catalina.connector.CoyoteAdapter.service(CoyoteAdapter.java:343)
	at org.apache.coyote.http11.Http11Processor.service(Http11Processor.java:408)
	at org.apache.coyote.AbstractProcessorLight.process(AbstractProcessorLight.java:66)
	at org.apache.coyote.AbstractProtocol$ConnectionHandler.process(AbstractProtocol.java:834)
	at org.apache.tomcat.util.net.NioEndpoint$SocketProcessor.doRun(NioEndpoint.java:1417)
	at org.apache.tomcat.util.net.SocketProcessorBase.run(SocketProcessorBase.java:49)
	at java.util.concurrent.ThreadPoolExecutor.runWorker(ThreadPoolExecutor.java:1149)
	at java.util.concurrent.ThreadPoolExecutor$Worker.run(ThreadPoolExecutor.java:624)
	at org.apache.tomcat.util.threads.TaskThread$WrappingRunnable.run(TaskThread.java:61)
	at java.lang.Thread.run(Thread.java:748)
2021-12-02 11:33:15 [INFO] com.csicit.ace.common.log.AceLocalLogger :  95226--请求地址: http://192.168.20.136:2100/sysConfigs/action/downloadImg/lgbg ,HTTP_METHOD: GET ,IP: 192.168.20.136 ,CLASS_METHOD: com.csicit.ace.platform.core.controller.SysConfigController.downloadImg ,请求参数: {"t":["1638415995191"]}
2021-12-02 11:33:15 [INFO] com.csicit.ace.common.log.AceLocalLogger :  95232--请求地址: http://192.168.20.136:2100/sysConfigs/action/downloadImg/lglo ,HTTP_METHOD: GET ,IP: 192.168.20.136 ,CLASS_METHOD: com.csicit.ace.platform.core.controller.SysConfigController.downloadImg ,请求参数: {"t":["1638415995192"]}
2021-12-02 11:33:15 [INFO] com.csicit.ace.common.log.AceLocalLogger :  95235--请求地址: http://192.168.20.136:2100/init ,HTTP_METHOD: GET ,IP: 192.168.20.136 ,CLASS_METHOD: com.csicit.ace.platform.core.controller.InitController.getDefaultArgs ,请求参数: {}
2021-12-02 11:33:15 [INFO] com.csicit.ace.common.log.AceLocalLogger :  95235--耗时 : 3
2021-12-02 11:33:15 [INFO] com.csicit.ace.common.log.AceLocalLogger :  95232--耗时 : 8
2021-12-02 11:33:15 [INFO] com.csicit.ace.common.log.AceLocalLogger :  95226--耗时 : 27
2021-12-02 11:33:15 [INFO] com.csicit.ace.common.log.AceLocalLogger : socketLog_建立连接：ff7f3544-5a9e-491a-8c35-cfa18418da18
2021-12-02 11:33:17 [INFO] com.csicit.ace.common.log.AceLocalLogger :  97371--请求地址: http://192.168.20.136:2100/login ,HTTP_METHOD: POST ,IP: 192.168.20.136 ,CLASS_METHOD: com.csicit.ace.platform.core.controller.LoginController.login ,参数: hu11
2021-12-02 11:33:17 [WARN] com.baomidou.mybatisplus.core.toolkit.sql.SqlHelper : Warn: execute Method There are  649 results.
2021-12-02 11:33:17 [WARN] com.baomidou.mybatisplus.core.toolkit.sql.SqlHelper : Warn: execute Method There are  2 results.
2021-12-02 11:33:17 [INFO] com.csicit.ace.common.log.AceLocalLogger :  97371--耗时 : 347
2021-12-02 11:33:21 [INFO] com.csicit.ace.common.log.AceLocalLogger :  01975--请求地址: http://192.168.20.136:2100/sysMenus/action/tree/dv-testapp-platform ,HTTP_METHOD: GET ,IP: 192.168.20.136 ,CLASS_METHOD: com.csicit.ace.platform.core.controller.SysMenuController.listSideTree ,请求参数: {}
2021-12-02 11:33:22 [INFO] com.csicit.ace.common.log.AceLocalLogger :  01975--耗时 : 841
2021-12-02 11:33:23 [INFO] com.csicit.ace.common.log.AceLocalLogger :  03462--请求地址: http://192.168.20.136:2100/sysUsers/action/info ,HTTP_METHOD: GET ,IP: 192.168.20.136 ,CLASS_METHOD: com.csicit.ace.platform.core.controller.SysUserController.info ,请求参数: {}
2021-12-02 11:33:23 [INFO] com.csicit.ace.common.log.AceLocalLogger : REQUEST_URL:/dv-testapp-platform/bpm/listTaskDelegate, REQUEST_METHOD:GET, REQUEST_IP:192.168.20.136
2021-12-02 11:33:23 [INFO] com.csicit.ace.common.log.AceLocalLogger : -----token:2ucy_1-1CIKoDcOa_Ioji_bQVgc1xzxvfGcGRBHk1XsXfnTGODb0v_CvVZzhqqkwIwLijH-uDjEETdM_asXscQ7FMfGWN6Cx_yeFfJNO7xj4mBqIov_PcNMQk2fVReVNfiTTunk2hioF-KRzxI_kJg==
2021-12-02 11:33:23 [INFO] com.csicit.ace.common.log.AceLocalLogger : -----sysUserDO:SysUserDO(staffNo=54353, userName=hu11, realName=胡11, email=null, phoneNumber=, userType=3, startFlag=1, secretLevel=4, sortIndex=128020, userPost=null, password=null, passwordUpdateTime=2021-06-29T09:21:22.279, personDocId=c01da1db324840f4a1e6fa1e5e4a2ae7, personDoc=null, bdPersonJobDO=null, baseDocType=null, pinyin=hu11, pswPolicyId=null, failLoginTimes=0, unlockTime=2021-12-02T09:53:17.431, organizationId=1447ac5ad4cd408ba55e2cb6f2ff6ee3, organizationName=null, departmentId=null, departmentCode=null, departmentName=null, departmentSortPath=null, groupId=0b810652d0e84269addf1f147a9c551d, groupName=null, firstLogin=0, beDeleted=0, organizes=null, groups=null, apps=null, userGroups=null, roleType=null, ipBind=0, ipAddress=192.168.19.73)
2021-12-02 11:33:23 [INFO] com.csicit.ace.common.log.AceLocalLogger : REQUEST_USER: hu11(胡11), REQUEST_IP:   192.168.20.136
2021-12-02 11:33:23 [INFO] com.csicit.ace.common.log.AceLocalLogger :  03462--耗时 : 60
2021-12-02 11:33:23 [INFO] com.csicit.ace.common.log.AceLocalLogger : REQUEST_URL:/dv-testapp-platform/bpm/listTaskMineByParams, REQUEST_METHOD:GET, REQUEST_IP:192.168.20.136
2021-12-02 11:33:23 [INFO] com.csicit.ace.common.log.AceLocalLogger : REQUEST_URL:/dv-testapp-platform/bpm/listFocusedWorks, REQUEST_METHOD:GET, REQUEST_IP:192.168.20.136
2021-12-02 11:33:23 [INFO] com.csicit.ace.common.log.AceLocalLogger : -----token:2ucy_1-1CIKoDcOa_Ioji_bQVgc1xzxvfGcGRBHk1XsXfnTGODb0v_CvVZzhqqkwIwLijH-uDjEETdM_asXscQ7FMfGWN6Cx_yeFfJNO7xj4mBqIov_PcNMQk2fVReVNfiTTunk2hioF-KRzxI_kJg==
2021-12-02 11:33:23 [INFO] com.csicit.ace.common.log.AceLocalLogger : -----token:2ucy_1-1CIKoDcOa_Ioji_bQVgc1xzxvfGcGRBHk1XsXfnTGODb0v_CvVZzhqqkwIwLijH-uDjEETdM_asXscQ7FMfGWN6Cx_yeFfJNO7xj4mBqIov_PcNMQk2fVReVNfiTTunk2hioF-KRzxI_kJg==
2021-12-02 11:33:23 [INFO] com.csicit.ace.common.log.AceLocalLogger : -----sysUserDO:SysUserDO(staffNo=54353, userName=hu11, realName=胡11, email=null, phoneNumber=, userType=3, startFlag=1, secretLevel=4, sortIndex=128020, userPost=null, password=null, passwordUpdateTime=2021-06-29T09:21:22.279, personDocId=c01da1db324840f4a1e6fa1e5e4a2ae7, personDoc=null, bdPersonJobDO=null, baseDocType=null, pinyin=hu11, pswPolicyId=null, failLoginTimes=0, unlockTime=2021-12-02T09:53:17.431, organizationId=1447ac5ad4cd408ba55e2cb6f2ff6ee3, organizationName=null, departmentId=null, departmentCode=null, departmentName=null, departmentSortPath=null, groupId=0b810652d0e84269addf1f147a9c551d, groupName=null, firstLogin=0, beDeleted=0, organizes=null, groups=null, apps=null, userGroups=null, roleType=null, ipBind=0, ipAddress=192.168.19.73)
2021-12-02 11:33:23 [INFO] com.csicit.ace.common.log.AceLocalLogger : REQUEST_USER: hu11(胡11), REQUEST_IP:   192.168.20.136
2021-12-02 11:33:23 [INFO] com.csicit.ace.common.log.AceLocalLogger : REQUEST_URL:/dv-testapp-platform/bpm/listTaskMineByParams, REQUEST_METHOD:GET, REQUEST_IP:192.168.20.136
2021-12-02 11:33:23 [INFO] com.csicit.ace.common.log.AceLocalLogger : -----token:2ucy_1-1CIKoDcOa_Ioji_bQVgc1xzxvfGcGRBHk1XsXfnTGODb0v_CvVZzhqqkwIwLijH-uDjEETdM_asXscQ7FMfGWN6Cx_yeFfJNO7xj4mBqIov_PcNMQk2fVReVNfiTTunk2hioF-KRzxI_kJg==
2021-12-02 11:33:23 [INFO] com.csicit.ace.common.log.AceLocalLogger : -----sysUserDO:SysUserDO(staffNo=54353, userName=hu11, realName=胡11, email=null, phoneNumber=, userType=3, startFlag=1, secretLevel=4, sortIndex=128020, userPost=null, password=null, passwordUpdateTime=2021-06-29T09:21:22.279, personDocId=c01da1db324840f4a1e6fa1e5e4a2ae7, personDoc=null, bdPersonJobDO=null, baseDocType=null, pinyin=hu11, pswPolicyId=null, failLoginTimes=0, unlockTime=2021-12-02T09:53:17.431, organizationId=1447ac5ad4cd408ba55e2cb6f2ff6ee3, organizationName=null, departmentId=null, departmentCode=null, departmentName=null, departmentSortPath=null, groupId=0b810652d0e84269addf1f147a9c551d, groupName=null, firstLogin=0, beDeleted=0, organizes=null, groups=null, apps=null, userGroups=null, roleType=null, ipBind=0, ipAddress=192.168.19.73)
2021-12-02 11:33:23 [INFO] com.csicit.ace.common.log.AceLocalLogger : REQUEST_USER: hu11(胡11), REQUEST_IP:   192.168.20.136
2021-12-02 11:33:23 [INFO] com.csicit.ace.common.log.AceLocalLogger : -----sysUserDO:SysUserDO(staffNo=54353, userName=hu11, realName=胡11, email=null, phoneNumber=, userType=3, startFlag=1, secretLevel=4, sortIndex=128020, userPost=null, password=null, passwordUpdateTime=2021-06-29T09:21:22.279, personDocId=c01da1db324840f4a1e6fa1e5e4a2ae7, personDoc=null, bdPersonJobDO=null, baseDocType=null, pinyin=hu11, pswPolicyId=null, failLoginTimes=0, unlockTime=2021-12-02T09:53:17.431, organizationId=1447ac5ad4cd408ba55e2cb6f2ff6ee3, organizationName=null, departmentId=null, departmentCode=null, departmentName=null, departmentSortPath=null, groupId=0b810652d0e84269addf1f147a9c551d, groupName=null, firstLogin=0, beDeleted=0, organizes=null, groups=null, apps=null, userGroups=null, roleType=null, ipBind=0, ipAddress=192.168.19.73)
2021-12-02 11:33:23 [INFO] com.csicit.ace.common.log.AceLocalLogger : REQUEST_USER: hu11(胡11), REQUEST_IP:   192.168.20.136
2021-12-02 11:33:23 [INFO] com.csicit.ace.common.log.AceLocalLogger :  03675--请求地址: http://127.0.0.1:2100/ehcache/action/get ,HTTP_METHOD: GET ,IP: 127.0.0.1 ,CLASS_METHOD: com.csicit.ace.zuul.controller.EhcacheHttpController.get ,请求参数: {"key":["2ucy_1-1CIKoDcOa_Ioji_bQVgc1xzxvfGcGRBHk1XsXfnTGODb0v_CvVZzhqqkwIwLijH-uDjEETdM_asXscQ7FMfGWN6Cx_yeFfJNO7xj4mBqIov_PcNMQk2fVReVNfiTTunk2hioF-KRzxI_kJg==userid"]}
2021-12-02 11:33:23 [INFO] com.csicit.ace.common.log.AceLocalLogger :  03676--请求地址: http://127.0.0.1:2100/ehcache/action/get ,HTTP_METHOD: GET ,IP: 127.0.0.1 ,CLASS_METHOD: com.csicit.ace.zuul.controller.EhcacheHttpController.get ,请求参数: {"key":["platform_internationalization"]}
2021-12-02 11:33:23 [INFO] com.csicit.ace.common.log.AceLocalLogger :  03675--耗时 : 2
2021-12-02 11:33:23 [INFO] com.csicit.ace.common.log.AceLocalLogger :  03677--请求地址: http://127.0.0.1:2100/ehcache/action/get ,HTTP_METHOD: GET ,IP: 127.0.0.1 ,CLASS_METHOD: com.csicit.ace.zuul.controller.EhcacheHttpController.get ,请求参数: {"key":["2ucy_1-1CIKoDcOa_Ioji_bQVgc1xzxvfGcGRBHk1XsXfnTGODb0v_CvVZzhqqkwIwLijH-uDjEETdM_asXscQ7FMfGWN6Cx_yeFfJNO7xj4mBqIov_PcNMQk2fVReVNfiTTunk2hioF-KRzxI_kJg==userid"]}
2021-12-02 11:33:23 [INFO] com.csicit.ace.common.log.AceLocalLogger :  03677--耗时 : 1
2021-12-02 11:33:23 [INFO] com.csicit.ace.common.log.AceLocalLogger :  03676--耗时 : 3
2021-12-02 11:33:23 [INFO] com.csicit.ace.common.log.AceLocalLogger :  03679--请求地址: http://192.168.20.136:2100/orgauth/sysMsgs/query/noReadMsg/46d0b4c6d26e462a9928f463f3378757/dv-testapp-platform ,HTTP_METHOD: GET ,IP: 192.168.20.136 ,CLASS_METHOD: com.csicit.ace.orgauth.core.controller.SysMessageController.listUserNoReadMsg ,请求参数: {"token":["2ucy_1-1CIKoDcOa_Ioji_bQVgc1xzxvfGcGRBHk1XsXfnTGODb0v_CvVZzhqqkwIwLijH-uDjEETdM_asXscQ7FMfGWN6Cx_yeFfJNO7xj4mBqIov_PcNMQk2fVReVNfiTTunk2hioF-KRzxI_kJg=="]}
2021-12-02 11:33:23 [INFO] com.csicit.ace.common.log.AceLocalLogger :  03681--请求地址: http://127.0.0.1:2100/ehcache/action/get ,HTTP_METHOD: GET ,IP: 127.0.0.1 ,CLASS_METHOD: com.csicit.ace.zuul.controller.EhcacheHttpController.get ,请求参数: {"key":["platform_internationalization"]}
2021-12-02 11:33:23 [INFO] com.csicit.ace.common.log.AceLocalLogger :  03681--耗时 : 1
2021-12-02 11:33:23 [INFO] com.csicit.ace.common.log.AceLocalLogger :  03693--请求地址: http://127.0.0.1:2100/ehcache/action/get ,HTTP_METHOD: GET ,IP: 127.0.0.1 ,CLASS_METHOD: com.csicit.ace.zuul.controller.EhcacheHttpController.get ,请求参数: {"key":["2ucy_1-1CIKoDcOa_Ioji_bQVgc1xzxvfGcGRBHk1XsXfnTGODb0v_CvVZzhqqkwIwLijH-uDjEETdM_asXscQ7FMfGWN6Cx_yeFfJNO7xj4mBqIov_PcNMQk2fVReVNfiTTunk2hioF-KRzxI_kJg==userid"]}
2021-12-02 11:33:23 [INFO] com.csicit.ace.common.log.AceLocalLogger :  03693--耗时 : 0
2021-12-02 11:33:23 [INFO] com.csicit.ace.common.log.AceLocalLogger :  03694--请求地址: http://127.0.0.1:2100/ehcache/action/get ,HTTP_METHOD: GET ,IP: 127.0.0.1 ,CLASS_METHOD: com.csicit.ace.zuul.controller.EhcacheHttpController.get ,请求参数: {"key":["2ucy_1-1CIKoDcOa_Ioji_bQVgc1xzxvfGcGRBHk1XsXfnTGODb0v_CvVZzhqqkwIwLijH-uDjEETdM_asXscQ7FMfGWN6Cx_yeFfJNO7xj4mBqIov_PcNMQk2fVReVNfiTTunk2hioF-KRzxI_kJg==userid"]}
2021-12-02 11:33:23 [INFO] com.csicit.ace.common.log.AceLocalLogger :  03694--耗时 : 0
2021-12-02 11:33:23 [INFO] com.csicit.ace.common.log.AceLocalLogger :  03704--请求地址: http://127.0.0.1:2100/ehcache/action/get ,HTTP_METHOD: GET ,IP: 127.0.0.1 ,CLASS_METHOD: com.csicit.ace.zuul.controller.EhcacheHttpController.get ,请求参数: {"key":["platform_internationalization"]}
2021-12-02 11:33:23 [INFO] com.csicit.ace.common.log.AceLocalLogger :  03704--耗时 : 0
2021-12-02 11:33:23 [INFO] com.csicit.ace.common.log.AceLocalLogger :  03710--请求地址: http://127.0.0.1:2100/orgauth/sysUsers/action/getSomeUsers ,HTTP_METHOD: GET ,IP: 192.168.20.136 ,CLASS_METHOD: com.csicit.ace.orgauth.core.controller.SysUserControllerO.getSomeUsers ,请求参数: {"code":["user"],"ids":["[\"46d0b4c6d26e462a9928f463f3378757\"]"]}
2021-12-02 11:33:23 [INFO] com.csicit.ace.common.log.AceLocalLogger :  03679--耗时 : 35
2021-12-02 11:33:23 [INFO] com.csicit.ace.common.log.AceLocalLogger :  03710--耗时 : 35
2021-12-02 11:33:23 [INFO] com.csicit.ace.common.log.AceLocalLogger :  03747--请求地址: http://127.0.0.1:2100/orgauth/sysUsers/action/getSomeUsers ,HTTP_METHOD: GET ,IP: 192.168.20.136 ,CLASS_METHOD: com.csicit.ace.orgauth.core.controller.SysUserControllerO.getSomeUsers ,请求参数: {"code":["user"],"ids":["[\"46d0b4c6d26e462a9928f463f3378757\"]"]}
2021-12-02 11:33:23 [INFO] com.csicit.ace.common.log.AceLocalLogger :  03748--请求地址: http://127.0.0.1:2100/orgauth/sysUsers/action/getSomeUsers ,HTTP_METHOD: GET ,IP: 192.168.20.136 ,CLASS_METHOD: com.csicit.ace.orgauth.core.controller.SysUserControllerO.getSomeUsers ,请求参数: {"code":["user"],"ids":["[\"8ae19f6869284437b3bb41b5b875e8cc\",\"46d0b4c6d26e462a9928f463f3378757\"]"]}
2021-12-02 11:33:23 [INFO] com.csicit.ace.common.log.AceLocalLogger :  03747--耗时 : 12
2021-12-02 11:33:23 [INFO] com.csicit.ace.common.log.AceLocalLogger :  03748--耗时 : 14
2021-12-02 11:33:23 [INFO] com.csicit.ace.common.log.AceLocalLogger :  03768--请求地址: http://127.0.0.1:2100/ehcache/action/get ,HTTP_METHOD: GET ,IP: 127.0.0.1 ,CLASS_METHOD: com.csicit.ace.zuul.controller.EhcacheHttpController.get ,请求参数: {"key":["2ucy_1-1CIKoDcOa_Ioji_bQVgc1xzxvfGcGRBHk1XsXfnTGODb0v_CvVZzhqqkwIwLijH-uDjEETdM_asXscQ7FMfGWN6Cx_yeFfJNO7xj4mBqIov_PcNMQk2fVReVNfiTTunk2hioF-KRzxI_kJg==userid"]}
2021-12-02 11:33:23 [INFO] com.csicit.ace.common.log.AceLocalLogger :  03768--耗时 : 1
2021-12-02 11:33:23 [INFO] com.csicit.ace.common.log.AceLocalLogger :  03773--请求地址: http://127.0.0.1:2100/ehcache/action/get ,HTTP_METHOD: GET ,IP: 127.0.0.1 ,CLASS_METHOD: com.csicit.ace.zuul.controller.EhcacheHttpController.get ,请求参数: {"key":["2ucy_1-1CIKoDcOa_Ioji_bQVgc1xzxvfGcGRBHk1XsXfnTGODb0v_CvVZzhqqkwIwLijH-uDjEETdM_asXscQ7FMfGWN6Cx_yeFfJNO7xj4mBqIov_PcNMQk2fVReVNfiTTunk2hioF-KRzxI_kJg==userid"]}
2021-12-02 11:33:23 [INFO] com.csicit.ace.common.log.AceLocalLogger :  03773--耗时 : 0
2021-12-02 11:33:23 [INFO] com.csicit.ace.common.log.AceLocalLogger :  03797--请求地址: http://127.0.0.1:2100/ehcache/action/get ,HTTP_METHOD: GET ,IP: 127.0.0.1 ,CLASS_METHOD: com.csicit.ace.zuul.controller.EhcacheHttpController.get ,请求参数: {"key":["platform_internationalization"]}
2021-12-02 11:33:23 [INFO] com.csicit.ace.common.log.AceLocalLogger :  03797--耗时 : 0
2021-12-02 11:33:25 [INFO] com.csicit.ace.common.log.AceLocalLogger : REQUEST_URL:/dv-testapp-platform/borrowBooks/list/paramJson, REQUEST_METHOD:POST, REQUEST_IP:192.168.20.136
2021-12-02 11:33:25 [INFO] com.csicit.ace.common.log.AceLocalLogger : -----token:2ucy_1-1CIKoDcOa_Ioji_bQVgc1xzxvfGcGRBHk1XsXfnTGODb0v_CvVZzhqqkwIwLijH-uDjEETdM_asXscQ7FMfGWN6Cx_yeFfJNO7xj4mBqIov_PcNMQk2fVReVNfiTTunk2hioF-KRzxI_kJg==
2021-12-02 11:33:25 [INFO] com.csicit.ace.common.log.AceLocalLogger : -----sysUserDO:SysUserDO(staffNo=54353, userName=hu11, realName=胡11, email=null, phoneNumber=, userType=3, startFlag=1, secretLevel=4, sortIndex=128020, userPost=null, password=null, passwordUpdateTime=2021-06-29T09:21:22.279, personDocId=c01da1db324840f4a1e6fa1e5e4a2ae7, personDoc=null, bdPersonJobDO=null, baseDocType=null, pinyin=hu11, pswPolicyId=null, failLoginTimes=0, unlockTime=2021-12-02T09:53:17.431, organizationId=1447ac5ad4cd408ba55e2cb6f2ff6ee3, organizationName=null, departmentId=null, departmentCode=null, departmentName=null, departmentSortPath=null, groupId=0b810652d0e84269addf1f147a9c551d, groupName=null, firstLogin=0, beDeleted=0, organizes=null, groups=null, apps=null, userGroups=null, roleType=null, ipBind=0, ipAddress=192.168.19.73)
2021-12-02 11:33:25 [INFO] com.csicit.ace.common.log.AceLocalLogger : REQUEST_USER: hu11(胡11), REQUEST_IP:   192.168.20.136
2021-12-02 11:33:25 [INFO] com.csicit.ace.common.log.AceLocalLogger :  05198--请求地址: http://127.0.0.1:2100/ehcache/action/get ,HTTP_METHOD: GET ,IP: 127.0.0.1 ,CLASS_METHOD: com.csicit.ace.zuul.controller.EhcacheHttpController.get ,请求参数: {"key":["platform_internationalization"]}
2021-12-02 11:33:25 [INFO] com.csicit.ace.common.log.AceLocalLogger :  05198--耗时 : 0
2021-12-02 11:33:25 [INFO] com.csicit.ace.common.log.AceLocalLogger :  05202--请求地址: http://127.0.0.1:2100/ehcache/action/get ,HTTP_METHOD: GET ,IP: 127.0.0.1 ,CLASS_METHOD: com.csicit.ace.zuul.controller.EhcacheHttpController.get ,请求参数: {"key":["platform_internationalization"]}
2021-12-02 11:33:25 [INFO] com.csicit.ace.common.log.AceLocalLogger :  05202--耗时 : 0
2021-12-02 11:33:25 [INFO] com.csicit.ace.common.log.AceLocalLogger : REQUEST_URL:/dv-testapp-platform/bpm/getFlowModelByCode, REQUEST_METHOD:GET, REQUEST_IP:192.168.20.136
2021-12-02 11:33:25 [INFO] com.csicit.ace.common.log.AceLocalLogger : -----token:2ucy_1-1CIKoDcOa_Ioji_bQVgc1xzxvfGcGRBHk1XsXfnTGODb0v_CvVZzhqqkwIwLijH-uDjEETdM_asXscQ7FMfGWN6Cx_yeFfJNO7xj4mBqIov_PcNMQk2fVReVNfiTTunk2hioF-KRzxI_kJg==
2021-12-02 11:33:25 [INFO] com.csicit.ace.common.log.AceLocalLogger : -----sysUserDO:SysUserDO(staffNo=54353, userName=hu11, realName=胡11, email=null, phoneNumber=, userType=3, startFlag=1, secretLevel=4, sortIndex=128020, userPost=null, password=null, passwordUpdateTime=2021-06-29T09:21:22.279, personDocId=c01da1db324840f4a1e6fa1e5e4a2ae7, personDoc=null, bdPersonJobDO=null, baseDocType=null, pinyin=hu11, pswPolicyId=null, failLoginTimes=0, unlockTime=2021-12-02T09:53:17.431, organizationId=1447ac5ad4cd408ba55e2cb6f2ff6ee3, organizationName=null, departmentId=null, departmentCode=null, departmentName=null, departmentSortPath=null, groupId=0b810652d0e84269addf1f147a9c551d, groupName=null, firstLogin=0, beDeleted=0, organizes=null, groups=null, apps=null, userGroups=null, roleType=null, ipBind=0, ipAddress=192.168.19.73)
2021-12-02 11:33:25 [INFO] com.csicit.ace.common.log.AceLocalLogger : REQUEST_USER: hu11(胡11), REQUEST_IP:   192.168.20.136
2021-12-02 11:33:26 [INFO] com.csicit.ace.common.log.AceLocalLogger :  06000--请求地址: http://127.0.0.1:2100/ehcache/action/get ,HTTP_METHOD: GET ,IP: 127.0.0.1 ,CLASS_METHOD: com.csicit.ace.zuul.controller.EhcacheHttpController.get ,请求参数: {"key":["platform_internationalization"]}
2021-12-02 11:33:26 [INFO] com.csicit.ace.common.log.AceLocalLogger :  06000--耗时 : 1
2021-12-02 11:33:26 [INFO] com.csicit.ace.common.log.AceLocalLogger : REQUEST_URL:/dv-testapp-platform/bpm/getNodeInfo, REQUEST_METHOD:GET, REQUEST_IP:192.168.20.136
2021-12-02 11:33:26 [INFO] com.csicit.ace.common.log.AceLocalLogger : -----token:2ucy_1-1CIKoDcOa_Ioji_bQVgc1xzxvfGcGRBHk1XsXfnTGODb0v_CvVZzhqqkwIwLijH-uDjEETdM_asXscQ7FMfGWN6Cx_yeFfJNO7xj4mBqIov_PcNMQk2fVReVNfiTTunk2hioF-KRzxI_kJg==
2021-12-02 11:33:26 [INFO] com.csicit.ace.common.log.AceLocalLogger : -----sysUserDO:SysUserDO(staffNo=54353, userName=hu11, realName=胡11, email=null, phoneNumber=, userType=3, startFlag=1, secretLevel=4, sortIndex=128020, userPost=null, password=null, passwordUpdateTime=2021-06-29T09:21:22.279, personDocId=c01da1db324840f4a1e6fa1e5e4a2ae7, personDoc=null, bdPersonJobDO=null, baseDocType=null, pinyin=hu11, pswPolicyId=null, failLoginTimes=0, unlockTime=2021-12-02T09:53:17.431, organizationId=1447ac5ad4cd408ba55e2cb6f2ff6ee3, organizationName=null, departmentId=null, departmentCode=null, departmentName=null, departmentSortPath=null, groupId=0b810652d0e84269addf1f147a9c551d, groupName=null, firstLogin=0, beDeleted=0, organizes=null, groups=null, apps=null, userGroups=null, roleType=null, ipBind=0, ipAddress=192.168.19.73)
2021-12-02 11:33:26 [INFO] com.csicit.ace.common.log.AceLocalLogger : REQUEST_USER: hu11(胡11), REQUEST_IP:   192.168.20.136
2021-12-02 11:33:26 [INFO] com.csicit.ace.common.log.AceLocalLogger :  06063--请求地址: http://127.0.0.1:2100/ehcache/action/get ,HTTP_METHOD: GET ,IP: 127.0.0.1 ,CLASS_METHOD: com.csicit.ace.zuul.controller.EhcacheHttpController.get ,请求参数: {"key":["2ucy_1-1CIKoDcOa_Ioji_bQVgc1xzxvfGcGRBHk1XsXfnTGODb0v_CvVZzhqqkwIwLijH-uDjEETdM_asXscQ7FMfGWN6Cx_yeFfJNO7xj4mBqIov_PcNMQk2fVReVNfiTTunk2hioF-KRzxI_kJg=="]}
2021-12-02 11:33:26 [INFO] com.csicit.ace.common.log.AceLocalLogger :  06063--耗时 : 0
2021-12-02 11:33:26 [INFO] com.csicit.ace.common.log.AceLocalLogger :  06066--请求地址: http://127.0.0.1:2100/orgauth/sysAuths/action/hasAuthorityWithUserId/46d0b4c6d26e462a9928f463f3378757/852af9da68384365b5a0253cf2fbfd69 ,HTTP_METHOD: GET ,IP: 192.168.20.136 ,CLASS_METHOD: com.csicit.ace.orgauth.core.controller.SysAuthControllerO.hasAuthorityWithUserId ,请求参数: {}
2021-12-02 11:33:26 [INFO] com.csicit.ace.common.log.AceLocalLogger :  06066--耗时 : 8
2021-12-02 11:33:26 [INFO] com.csicit.ace.common.log.AceLocalLogger :  06078--请求地址: http://127.0.0.1:2100/ehcache/action/get ,HTTP_METHOD: GET ,IP: 127.0.0.1 ,CLASS_METHOD: com.csicit.ace.zuul.controller.EhcacheHttpController.get ,请求参数: {"key":["platform_internationalization"]}
2021-12-02 11:33:26 [INFO] com.csicit.ace.common.log.AceLocalLogger :  06078--耗时 : 0
2021-12-02 11:33:26 [INFO] com.csicit.ace.common.log.AceLocalLogger : REQUEST_URL:/dv-testapp-platform/interfaces/getManageDepName/46d0b4c6d26e462a9928f463f3378757, REQUEST_METHOD:GET, REQUEST_IP:192.168.20.136
2021-12-02 11:33:26 [INFO] com.csicit.ace.common.log.AceLocalLogger : REQUEST_URL:/dv-testapp-platform/bpm/wfdUserPage/borrowBookApplication, REQUEST_METHOD:GET, REQUEST_IP:192.168.20.136
2021-12-02 11:33:26 [INFO] com.csicit.ace.common.log.AceLocalLogger : -----token:2ucy_1-1CIKoDcOa_Ioji_bQVgc1xzxvfGcGRBHk1XsXfnTGODb0v_CvVZzhqqkwIwLijH-uDjEETdM_asXscQ7FMfGWN6Cx_yeFfJNO7xj4mBqIov_PcNMQk2fVReVNfiTTunk2hioF-KRzxI_kJg==
2021-12-02 11:33:26 [INFO] com.csicit.ace.common.log.AceLocalLogger : -----token:2ucy_1-1CIKoDcOa_Ioji_bQVgc1xzxvfGcGRBHk1XsXfnTGODb0v_CvVZzhqqkwIwLijH-uDjEETdM_asXscQ7FMfGWN6Cx_yeFfJNO7xj4mBqIov_PcNMQk2fVReVNfiTTunk2hioF-KRzxI_kJg==
2021-12-02 11:33:26 [INFO] com.csicit.ace.common.log.AceLocalLogger : -----sysUserDO:SysUserDO(staffNo=54353, userName=hu11, realName=胡11, email=null, phoneNumber=, userType=3, startFlag=1, secretLevel=4, sortIndex=128020, userPost=null, password=null, passwordUpdateTime=2021-06-29T09:21:22.279, personDocId=c01da1db324840f4a1e6fa1e5e4a2ae7, personDoc=null, bdPersonJobDO=null, baseDocType=null, pinyin=hu11, pswPolicyId=null, failLoginTimes=0, unlockTime=2021-12-02T09:53:17.431, organizationId=1447ac5ad4cd408ba55e2cb6f2ff6ee3, organizationName=null, departmentId=null, departmentCode=null, departmentName=null, departmentSortPath=null, groupId=0b810652d0e84269addf1f147a9c551d, groupName=null, firstLogin=0, beDeleted=0, organizes=null, groups=null, apps=null, userGroups=null, roleType=null, ipBind=0, ipAddress=192.168.19.73)
2021-12-02 11:33:26 [INFO] com.csicit.ace.common.log.AceLocalLogger : -----sysUserDO:SysUserDO(staffNo=54353, userName=hu11, realName=胡11, email=null, phoneNumber=, userType=3, startFlag=1, secretLevel=4, sortIndex=128020, userPost=null, password=null, passwordUpdateTime=2021-06-29T09:21:22.279, personDocId=c01da1db324840f4a1e6fa1e5e4a2ae7, personDoc=null, bdPersonJobDO=null, baseDocType=null, pinyin=hu11, pswPolicyId=null, failLoginTimes=0, unlockTime=2021-12-02T09:53:17.431, organizationId=1447ac5ad4cd408ba55e2cb6f2ff6ee3, organizationName=null, departmentId=null, departmentCode=null, departmentName=null, departmentSortPath=null, groupId=0b810652d0e84269addf1f147a9c551d, groupName=null, firstLogin=0, beDeleted=0, organizes=null, groups=null, apps=null, userGroups=null, roleType=null, ipBind=0, ipAddress=192.168.19.73)
2021-12-02 11:33:26 [INFO] com.csicit.ace.common.log.AceLocalLogger : REQUEST_USER: hu11(胡11), REQUEST_IP:   192.168.20.136
2021-12-02 11:33:26 [INFO] com.csicit.ace.common.log.AceLocalLogger : REQUEST_USER: hu11(胡11), REQUEST_IP:   192.168.20.136
2021-12-02 11:33:26 [INFO] com.csicit.ace.common.log.AceLocalLogger :  06252--请求地址: http://127.0.0.1:2100/orgauth/orgDepartments/action/getMainDeptByUserId/46d0b4c6d26e462a9928f463f3378757 ,HTTP_METHOD: GET ,IP: 192.168.20.136 ,CLASS_METHOD: com.csicit.ace.orgauth.core.controller.OrgDepartmentControllerO.getMainDeptByUserId ,请求参数: {}
2021-12-02 11:33:26 [INFO] com.csicit.ace.common.log.AceLocalLogger :  06253--请求地址: http://127.0.0.1:2100/ehcache/action/get ,HTTP_METHOD: GET ,IP: 127.0.0.1 ,CLASS_METHOD: com.csicit.ace.zuul.controller.EhcacheHttpController.get ,请求参数: {"key":["2ucy_1-1CIKoDcOa_Ioji_bQVgc1xzxvfGcGRBHk1XsXfnTGODb0v_CvVZzhqqkwIwLijH-uDjEETdM_asXscQ7FMfGWN6Cx_yeFfJNO7xj4mBqIov_PcNMQk2fVReVNfiTTunk2hioF-KRzxI_kJg==userid"]}
2021-12-02 11:33:26 [INFO] com.csicit.ace.common.log.AceLocalLogger :  06253--耗时 : 0
2021-12-02 11:33:26 [INFO] com.csicit.ace.common.log.AceLocalLogger :  06261--请求地址: http://127.0.0.1:2100/ehcache/action/get ,HTTP_METHOD: GET ,IP: 127.0.0.1 ,CLASS_METHOD: com.csicit.ace.zuul.controller.EhcacheHttpController.get ,请求参数: {"key":["platform_internationalization"]}
2021-12-02 11:33:26 [INFO] com.csicit.ace.common.log.AceLocalLogger :  06261--请求地址: http://192.168.20.136:2100/fileConfiguration/load ,HTTP_METHOD: POST ,IP: 192.168.20.136 ,CLASS_METHOD: com.csicit.ace.fileserver.core.controller.FileConfigurationController.load ,请求参数: {"appName":["dv-testapp-platform"],"token":["2ucy_1-1CIKoDcOa_Ioji_bQVgc1xzxvfGcGRBHk1XsXfnTGODb0v_CvVZzhqqkwIwLijH-uDjEETdM_asXscQ7FMfGWN6Cx_yeFfJNO7xj4mBqIov_PcNMQk2fVReVNfiTTunk2hioF-KRzxI_kJg=="]}
2021-12-02 11:33:26 [INFO] com.csicit.ace.common.log.AceLocalLogger :  06261--耗时 : 0
2021-12-02 11:33:26 [INFO] com.csicit.ace.common.log.AceLocalLogger :  06252--耗时 : 13
2021-12-02 11:33:26 [INFO] com.csicit.ace.common.log.AceLocalLogger :  06271--请求地址: http://127.0.0.1:2100/ehcache/action/get ,HTTP_METHOD: GET ,IP: 127.0.0.1 ,CLASS_METHOD: com.csicit.ace.zuul.controller.EhcacheHttpController.get ,请求参数: {"key":["platform_internationalization"]}
2021-12-02 11:33:26 [INFO] com.csicit.ace.common.log.AceLocalLogger :  06271--耗时 : 0
2021-12-02 11:33:26 [INFO] com.csicit.ace.common.log.AceLocalLogger :  06261--耗时 : 179
2021-12-02 11:33:30 [INFO] com.csicit.ace.common.log.AceLocalLogger :  10542--请求地址: http://192.168.20.136:2100/fileRepository/allocateSpace ,HTTP_METHOD: POST ,IP: 192.168.20.136 ,CLASS_METHOD: com.csicit.ace.fileserver.core.controller.FileRepositoryController.allocateSpace ,请求参数: {"appName":["dv-testapp-platform"],"token":["2ucy_1-1CIKoDcOa_Ioji_bQVgc1xzxvfGcGRBHk1XsXfnTGODb0v_CvVZzhqqkwIwLijH-uDjEETdM_asXscQ7FMfGWN6Cx_yeFfJNO7xj4mBqIov_PcNMQk2fVReVNfiTTunk2hioF-KRzxI_kJg=="]}
2021-12-02 11:33:30 [WARN] com.baomidou.mybatisplus.core.toolkit.sql.SqlHelper : Warn: execute Method There are  2 results.
2021-12-02 11:33:30 [INFO] com.csicit.ace.common.log.AceLocalLogger :  10542--耗时 : 210
2021-12-02 11:33:30 [INFO] com.csicit.ace.common.log.AceLocalLogger :  10838--请求地址: http://192.168.20.136:2100/fileUpload/uploadReview ,HTTP_METHOD: POST ,IP: 192.168.20.136 ,CLASS_METHOD: com.csicit.ace.fileserver.core.controller.FileUploadController.uploadReview ,请求参数: {"appName":["dv-testapp-platform","dv-testapp-platform"],"token":["2ucy_1-1CIKoDcOa_Ioji_bQVgc1xzxvfGcGRBHk1XsXfnTGODb0v_CvVZzhqqkwIwLijH-uDjEETdM_asXscQ7FMfGWN6Cx_yeFfJNO7xj4mBqIov_PcNMQk2fVReVNfiTTunk2hioF-KRzxI_kJg=="],"configurationKey":["test-file"],"id":["WU_FILE_0"],"name":["杰瑞信息科技有限公司财务.jpg"],"type":["image/jpeg"],"lastModifiedDate":["Tue Nov 02 2021 09:58:18 GMT+0800 (中国标准时间)"],"size":["324912"],"yfId":["e58cbdca8a0f479dafce584c9c6a7e67"]}
2021-12-02 11:33:31 [WARN] com.baomidou.mybatisplus.core.toolkit.sql.SqlHelper : Warn: execute Method There are  2 results.
2021-12-02 11:33:31 [INFO] org.slf4j.Logger : file upload: 杰瑞信息科技有限公司财务.jpg
2021-12-02 11:33:31 [INFO] com.csicit.ace.common.log.AceLocalLogger :  10838--耗时 : 182
2021-12-02 11:33:32 [INFO] com.csicit.ace.common.log.AceLocalLogger :  12211--请求地址: http://192.168.20.136:2100/fileInfo/deleteByFileId ,HTTP_METHOD: POST ,IP: 192.168.20.136 ,CLASS_METHOD: com.csicit.ace.fileserver.core.controller.FileInfoController.deleteByFileId ,请求参数: {"appName":["dv-testapp-platform"],"token":["2ucy_1-1CIKoDcOa_Ioji_bQVgc1xzxvfGcGRBHk1XsXfnTGODb0v_CvVZzhqqkwIwLijH-uDjEETdM_asXscQ7FMfGWN6Cx_yeFfJNO7xj4mBqIov_PcNMQk2fVReVNfiTTunk2hioF-KRzxI_kJg=="]}
2021-12-02 11:33:32 [INFO] com.csicit.ace.common.log.AceLocalLogger :  12211--耗时 : 18
