2021-12-03 14:28:17 [INFO] com.csicit.ace.zuul.ZuulStartApp : The following profiles are active: routes
2021-12-03 14:28:18 [WARN] org.springframework.boot.actuate.endpoint.EndpointId : Endpoint ID 'hystrix.stream' contains invalid characters, please migrate to a valid format.
2021-12-03 14:28:18 [INFO] org.springframework.cloud.context.scope.GenericScope : BeanFactory id=e86bd7c9-85ee-3455-8ab1-85c264d5cd0c
2021-12-03 14:28:19 [INFO] org.springframework.context.support.PostProcessorRegistrationDelegate$BeanPostProcessorChecker : Bean 'org.springframework.transaction.annotation.ProxyTransactionManagementConfiguration' of type [org.springframework.transaction.annotation.ProxyTransactionManagementConfiguration$$EnhancerBySpringCGLIB$$b3d28046] is not eligible for getting processed by all BeanPostProcessors (for example: not eligible for auto-proxying)
2021-12-03 14:28:19 [INFO] org.springframework.context.support.PostProcessorRegistrationDelegate$BeanPostProcessorChecker : Bean 'socketIoConfig' of type [com.csicit.ace.data.persistent.messenger.config.SocketIoConfig$$EnhancerBySpringCGLIB$$4025b58d] is not eligible for getting processed by all BeanPostProcessors (for example: not eligible for auto-proxying)
2021-12-03 14:28:19 [INFO] org.springframework.context.support.PostProcessorRegistrationDelegate$BeanPostProcessorChecker : Bean 'redissonClient' of type [org.springframework.beans.factory.support.NullBean] is not eligible for getting processed by all BeanPostProcessors (for example: not eligible for auto-proxying)
2021-12-03 14:28:19 [INFO] org.springframework.context.support.PostProcessorRegistrationDelegate$BeanPostProcessorChecker : Bean 'socketIOServer' of type [com.corundumstudio.socketio.SocketIOServer] is not eligible for getting processed by all BeanPostProcessors (for example: not eligible for auto-proxying)
2021-12-03 14:28:19 [INFO] org.springframework.context.support.PostProcessorRegistrationDelegate$BeanPostProcessorChecker : Bean 'org.springframework.cloud.autoconfigure.ConfigurationPropertiesRebinderAutoConfiguration' of type [org.springframework.cloud.autoconfigure.ConfigurationPropertiesRebinderAutoConfiguration$$EnhancerBySpringCGLIB$$cfec8343] is not eligible for getting processed by all BeanPostProcessors (for example: not eligible for auto-proxying)
2021-12-03 14:28:19 [INFO] org.springframework.boot.web.embedded.tomcat.TomcatWebServer : Tomcat initialized with port(s): 2100 (http)
2021-12-03 14:28:19 [INFO] org.apache.catalina.core.StandardService : Starting service [Tomcat]
2021-12-03 14:28:19 [INFO] org.apache.catalina.core.StandardEngine : Starting Servlet engine: [Apache Tomcat/9.0.14]
2021-12-03 14:28:20 [INFO] org.apache.jasper.servlet.TldScanner : At least one JAR was scanned for TLDs yet contained no TLDs. Enable debug logging for this logger for a complete list of JARs that were scanned but no TLDs were found in them. Skipping unneeded JARs during scanning can improve startup time and JSP compilation time.
2021-12-03 14:28:20 [INFO] org.apache.catalina.core.ContainerBase.[Tomcat].[localhost].[/] : Initializing Spring embedded WebApplicationContext
2021-12-03 14:28:20 [INFO] org.springframework.web.context.ContextLoader : Root WebApplicationContext: initialization completed in 3005 ms
2021-12-03 14:28:20 [WARN] com.netflix.config.sources.URLConfigurationSource : No URLs will be polled as dynamic configuration sources.
2021-12-03 14:28:20 [INFO] com.netflix.config.sources.URLConfigurationSource : To enable URLs as dynamic configuration sources, define System property archaius.configurationSource.additionalUrls or make config.properties available on classpath.
2021-12-03 14:28:20 [INFO] com.netflix.config.DynamicPropertyFactory : DynamicPropertyFactory is initialized with configuration sources: com.netflix.config.ConcurrentCompositeConfiguration@53dbe7b2
2021-12-03 14:28:20 [WARN] net.sf.ehcache.config.ConfigurationFactory : No configuration found. Configuring ehcache from ehcache-failsafe.xml  found in the classpath: jar:file:/D:/mavenRepo/net/sf/ehcache/ehcache/2.10.6/ehcache-2.10.6.jar!/ehcache-failsafe.xml
2021-12-03 14:28:20 [INFO] com.alibaba.druid.spring.boot.autoconfigure.DruidDataSourceAutoConfigure : Init DruidDataSource
2021-12-03 14:28:20 [INFO] com.alibaba.druid.pool.DruidDataSource : {dataSource-1} inited
2021-12-03 14:28:29 [INFO] org.quartz.impl.StdSchedulerFactory : Using default implementation for ThreadExecutor
2021-12-03 14:28:29 [INFO] org.quartz.core.SchedulerSignalerImpl : Initialized Scheduler Signaller of type: class org.quartz.core.SchedulerSignalerImpl
2021-12-03 14:28:29 [INFO] org.quartz.core.QuartzScheduler : Quartz Scheduler v.2.3.1 created.
2021-12-03 14:28:29 [INFO] com.csicit.ace.quartz.core.plugins.AceJobConfigLoaderPlugin : Registering Quartz Job Initialization Plug-in.
2021-12-03 14:28:29 [INFO] org.quartz.core.QuartzScheduler : Scheduler meta-data: Quartz Scheduler (v2.3.1) 'JariScheduler' with instanceId 'DESKTOP-A03RJ151638512909056'
  Scheduler class: 'org.quartz.core.QuartzScheduler' - running locally.
  NOT STARTED.
  Currently in standby mode.
  Number of jobs executed: 0
  Using thread pool 'org.quartz.simpl.SimpleThreadPool' - with 20 threads.
  Using job-store 'org.springframework.scheduling.quartz.LocalDataSourceJobStore' - which supports persistence. and is clustered.

2021-12-03 14:28:29 [INFO] org.quartz.impl.StdSchedulerFactory : Quartz scheduler 'JariScheduler' initialized from an externally provided properties instance.
2021-12-03 14:28:29 [INFO] org.quartz.impl.StdSchedulerFactory : Quartz scheduler version: 2.3.1
2021-12-03 14:28:29 [INFO] org.quartz.core.QuartzScheduler : JobFactory set to: com.csicit.ace.quartz.core.factory.MyJobFactory@df0b348
2021-12-03 14:28:29 [WARN] com.baomidou.mybatisplus.core.toolkit.TableInfoHelper : Warn: Could not find @TableId in Class: com.csicit.ace.common.pojo.vo.GrantAuthReciveVO.
2021-12-03 14:28:30 [INFO] org.springframework.scheduling.concurrent.ThreadPoolTaskScheduler : Initializing ExecutorService 'taskScheduler'
2021-12-03 14:28:30 [INFO] liquibase.integration.spring.SpringLiquibase : Liquibase did not run because 'shouldRun' property was set to false on liquibase Liquibase Spring bean.
2021-12-03 14:28:30 [WARN] com.netflix.config.sources.URLConfigurationSource : No URLs will be polled as dynamic configuration sources.
2021-12-03 14:28:30 [INFO] com.netflix.config.sources.URLConfigurationSource : To enable URLs as dynamic configuration sources, define System property archaius.configurationSource.additionalUrls or make config.properties available on classpath.
2021-12-03 14:28:30 [INFO] org.springframework.scheduling.concurrent.ThreadPoolTaskExecutor : Initializing ExecutorService 'applicationTaskExecutor'
2021-12-03 14:28:30 [INFO] org.springframework.boot.autoconfigure.web.servlet.WelcomePageHandlerMapping : Adding welcome page template: index
2021-12-03 14:28:31 [WARN] org.springframework.boot.starter.redis.RedisStarterDeprecationWarningAutoConfiguration : spring-boot-starter-redis is deprecated as of Spring Boot 1.4, please migrate to spring-boot-starter-data-redis
2021-12-03 14:28:31 [INFO] org.springframework.cloud.netflix.zuul.ZuulFilterInitializer : Starting filter initializer
2021-12-03 14:28:31 [INFO] org.springframework.boot.actuate.endpoint.web.EndpointLinksResolver : Exposing 2 endpoint(s) beneath base path '/actuator'
2021-12-03 14:28:31 [INFO] org.quartz.xml.XMLSchedulingDataProcessor : Parsing XML from stream with systemId:  
2021-12-03 14:28:32 [INFO] org.quartz.xml.XMLSchedulingDataProcessor : Adding 1 jobs, 0 triggers.
2021-12-03 14:28:32 [INFO] org.quartz.xml.XMLSchedulingDataProcessor : Replacing job: tt.xxx
2021-12-03 14:28:32 [INFO] org.quartz.xml.XMLSchedulingDataProcessor : Parsing XML from stream with systemId:  
2021-12-03 14:28:32 [INFO] org.quartz.xml.XMLSchedulingDataProcessor : Adding 1 jobs, 0 triggers.
2021-12-03 14:28:32 [INFO] org.quartz.xml.XMLSchedulingDataProcessor : Replacing job: tt.xxx
2021-12-03 14:28:32 [INFO] org.quartz.xml.XMLSchedulingDataProcessor : Parsing XML from stream with systemId:  
2021-12-03 14:28:32 [INFO] org.quartz.xml.XMLSchedulingDataProcessor : Adding 1 jobs, 1 triggers.
2021-12-03 14:28:32 [INFO] org.quartz.xml.XMLSchedulingDataProcessor : Replacing job: 测试任务组.711HM
2021-12-03 14:28:32 [INFO] org.quartz.xml.XMLSchedulingDataProcessor : Parsing XML from stream with systemId:  
2021-12-03 14:28:32 [INFO] org.quartz.xml.XMLSchedulingDataProcessor : Adding 1 jobs, 0 triggers.
2021-12-03 14:28:32 [INFO] org.quartz.xml.XMLSchedulingDataProcessor : Replacing job: tt.xxx
2021-12-03 14:28:32 [INFO] org.quartz.xml.XMLSchedulingDataProcessor : Parsing XML from stream with systemId:  
2021-12-03 14:28:32 [INFO] org.quartz.xml.XMLSchedulingDataProcessor : Adding 16 jobs, 0 triggers.
2021-12-03 14:28:32 [INFO] org.quartz.xml.XMLSchedulingDataProcessor : Replacing job: tt.xxx
2021-12-03 14:28:32 [INFO] org.quartz.xml.XMLSchedulingDataProcessor : Replacing job: tt.xxx
2021-12-03 14:28:32 [INFO] org.quartz.xml.XMLSchedulingDataProcessor : Replacing job: tt.xxx
2021-12-03 14:28:32 [INFO] org.quartz.xml.XMLSchedulingDataProcessor : Replacing job: tt.xxx
2021-12-03 14:28:32 [INFO] org.quartz.xml.XMLSchedulingDataProcessor : Replacing job: tt.xxx
2021-12-03 14:28:32 [INFO] org.quartz.xml.XMLSchedulingDataProcessor : Replacing job: tt.xxx
2021-12-03 14:28:32 [INFO] org.quartz.xml.XMLSchedulingDataProcessor : Replacing job: tt.xxx
2021-12-03 14:28:32 [INFO] org.quartz.xml.XMLSchedulingDataProcessor : Replacing job: tt.xxx
2021-12-03 14:28:32 [INFO] org.quartz.xml.XMLSchedulingDataProcessor : Replacing job: tt.xxx
2021-12-03 14:28:32 [INFO] org.quartz.xml.XMLSchedulingDataProcessor : Replacing job: tt.xxx
2021-12-03 14:28:32 [INFO] org.quartz.xml.XMLSchedulingDataProcessor : Replacing job: tt.xxx
2021-12-03 14:28:32 [INFO] org.quartz.xml.XMLSchedulingDataProcessor : Replacing job: tt.xxx
2021-12-03 14:28:32 [INFO] org.quartz.xml.XMLSchedulingDataProcessor : Replacing job: tt.xxx
2021-12-03 14:28:32 [INFO] org.quartz.xml.XMLSchedulingDataProcessor : Replacing job: tt.xxx
2021-12-03 14:28:32 [INFO] org.quartz.xml.XMLSchedulingDataProcessor : Replacing job: tt.xxx
2021-12-03 14:28:32 [INFO] org.quartz.xml.XMLSchedulingDataProcessor : Replacing job: tt.xxx
2021-12-03 14:28:32 [INFO] org.quartz.xml.XMLSchedulingDataProcessor : Parsing XML from stream with systemId:  
2021-12-03 14:28:32 [INFO] org.quartz.xml.XMLSchedulingDataProcessor : Adding 1 jobs, 0 triggers.
2021-12-03 14:28:32 [INFO] org.quartz.xml.XMLSchedulingDataProcessor : Replacing job: tt.xxx
2021-12-03 14:28:32 [INFO] org.quartz.xml.XMLSchedulingDataProcessor : Parsing XML from stream with systemId:  
2021-12-03 14:28:32 [INFO] org.quartz.xml.XMLSchedulingDataProcessor : Adding 1 jobs, 0 triggers.
2021-12-03 14:28:32 [INFO] org.quartz.xml.XMLSchedulingDataProcessor : Replacing job: tt.xxx
2021-12-03 14:28:32 [INFO] org.quartz.xml.XMLSchedulingDataProcessor : Parsing XML from stream with systemId:  
2021-12-03 14:28:32 [INFO] org.quartz.xml.XMLSchedulingDataProcessor : Adding 1 jobs, 0 triggers.
2021-12-03 14:28:32 [INFO] org.quartz.xml.XMLSchedulingDataProcessor : Replacing job: tt.xxx
2021-12-03 14:28:32 [INFO] org.quartz.xml.XMLSchedulingDataProcessor : Parsing XML from stream with systemId:  
2021-12-03 14:28:32 [INFO] org.quartz.xml.XMLSchedulingDataProcessor : Adding 1 jobs, 0 triggers.
2021-12-03 14:28:32 [INFO] org.quartz.xml.XMLSchedulingDataProcessor : Replacing job: tt.xxx
2021-12-03 14:28:32 [INFO] org.quartz.xml.XMLSchedulingDataProcessor : Parsing XML from stream with systemId:  
2021-12-03 14:28:32 [INFO] org.quartz.xml.XMLSchedulingDataProcessor : Adding 1 jobs, 0 triggers.
2021-12-03 14:28:32 [INFO] org.quartz.xml.XMLSchedulingDataProcessor : Replacing job: tt.xxx
2021-12-03 14:28:32 [INFO] org.quartz.xml.XMLSchedulingDataProcessor : Parsing XML from stream with systemId:  
2021-12-03 14:28:32 [INFO] org.quartz.xml.XMLSchedulingDataProcessor : Adding 1 jobs, 0 triggers.
2021-12-03 14:28:32 [INFO] org.quartz.xml.XMLSchedulingDataProcessor : Replacing job: tt.xxx
2021-12-03 14:28:32 [INFO] org.quartz.xml.XMLSchedulingDataProcessor : Parsing XML from stream with systemId:  
2021-12-03 14:28:32 [INFO] org.quartz.xml.XMLSchedulingDataProcessor : Adding 1 jobs, 0 triggers.
2021-12-03 14:28:32 [INFO] org.quartz.xml.XMLSchedulingDataProcessor : Replacing job: tt.xxx
2021-12-03 14:28:32 [INFO] org.quartz.xml.XMLSchedulingDataProcessor : Parsing XML from stream with systemId:  
2021-12-03 14:28:32 [INFO] org.quartz.xml.XMLSchedulingDataProcessor : Adding 1 jobs, 0 triggers.
2021-12-03 14:28:32 [INFO] org.quartz.xml.XMLSchedulingDataProcessor : Replacing job: tt.xxx
2021-12-03 14:28:32 [INFO] org.quartz.xml.XMLSchedulingDataProcessor : Parsing XML from stream with systemId:  
2021-12-03 14:28:32 [INFO] org.quartz.xml.XMLSchedulingDataProcessor : Adding 1 jobs, 0 triggers.
2021-12-03 14:28:32 [INFO] org.quartz.xml.XMLSchedulingDataProcessor : Replacing job: tt.xxx
2021-12-03 14:28:32 [INFO] org.quartz.xml.XMLSchedulingDataProcessor : Parsing XML from stream with systemId:  
2021-12-03 14:28:32 [INFO] org.quartz.xml.XMLSchedulingDataProcessor : Adding 1 jobs, 0 triggers.
2021-12-03 14:28:32 [INFO] org.quartz.xml.XMLSchedulingDataProcessor : Replacing job: tt.xxx
2021-12-03 14:28:32 [INFO] org.quartz.xml.XMLSchedulingDataProcessor : Parsing XML from stream with systemId:  
2021-12-03 14:28:32 [INFO] org.quartz.xml.XMLSchedulingDataProcessor : Adding 1 jobs, 0 triggers.
2021-12-03 14:28:32 [INFO] org.quartz.xml.XMLSchedulingDataProcessor : Replacing job: tt.xxx
2021-12-03 14:28:32 [INFO] org.quartz.xml.XMLSchedulingDataProcessor : Parsing XML from stream with systemId:  
2021-12-03 14:28:32 [INFO] org.quartz.xml.XMLSchedulingDataProcessor : Adding 1 jobs, 0 triggers.
2021-12-03 14:28:32 [INFO] org.quartz.xml.XMLSchedulingDataProcessor : Replacing job: tt.xxx
2021-12-03 14:28:32 [INFO] org.quartz.xml.XMLSchedulingDataProcessor : Parsing XML from stream with systemId:  
2021-12-03 14:28:32 [INFO] org.quartz.xml.XMLSchedulingDataProcessor : Adding 2 jobs, 0 triggers.
2021-12-03 14:28:32 [INFO] org.quartz.xml.XMLSchedulingDataProcessor : Replacing job: urgeTask.催办提醒
2021-12-03 14:28:32 [INFO] org.quartz.xml.XMLSchedulingDataProcessor : Replacing job: 催办提醒任务组.催办提醒
2021-12-03 14:28:32 [INFO] org.quartz.xml.XMLSchedulingDataProcessor : Parsing XML from stream with systemId:  
2021-12-03 14:28:32 [INFO] org.quartz.xml.XMLSchedulingDataProcessor : Adding 1 jobs, 1 triggers.
2021-12-03 14:28:32 [INFO] org.quartz.xml.XMLSchedulingDataProcessor : Replacing job: 业务平台内部定时任务.大屏消息推送
2021-12-03 14:28:32 [INFO] org.quartz.core.QuartzScheduler : Scheduler JariScheduler_$_DESKTOP-A03RJ151638512909056 started.
2021-12-03 14:28:32 [INFO] org.springframework.boot.web.embedded.tomcat.TomcatWebServer : Tomcat started on port(s): 2100 (http) with context path ''
2021-12-03 14:28:32 [INFO] com.csicit.ace.zuul.ZuulStartApp : Started ZuulStartApp in 17.596 seconds (JVM running for 18.307)
2021-12-03 14:28:33 [INFO] org.reflections.Reflections : Reflections took 33 ms to scan 1 urls, producing 19 keys and 29 values 
2021-12-03 14:28:33 [INFO] com.corundumstudio.socketio.SocketIOServer : Session store / pubsub factory used: MemoryStoreFactory (local session store only)
2021-12-03 14:28:33 [INFO] com.csicit.ace.common.log.AceLocalLogger : socketLog_消息服务已启动!
2021-12-03 14:28:33 [INFO] com.corundumstudio.socketio.SocketIOServer : SocketIO server started at port: 5070
2021-12-03 14:28:33 [INFO] com.csicit.ace.common.log.AceLocalLogger : socketLog_创建命名空间:dv-testapp-platform
2021-12-03 14:28:33 [INFO] com.csicit.ace.common.log.AceLocalLogger : socketLog_创建命名空间:cd-jari716oa
2021-12-03 14:28:33 [INFO] com.csicit.ace.common.log.AceLocalLogger : socketLog_创建命名空间:ei-service
2021-12-03 14:28:34 [INFO] com.csicit.ace.common.log.AceLocalLogger : socketLog_建立连接：50ff1fcc-0e85-4141-953c-07088f69fceb
2021-12-03 14:28:34 [INFO] com.csicit.ace.common.log.AceLocalLogger : socketLog_建立连接：5d805aaf-ad09-4021-9e4b-6c582d655be8
2021-12-03 14:28:34 [INFO] com.csicit.ace.common.log.AceLocalLogger : socketLog_建立连接：53baf5a8-b67d-40eb-abd7-86a8f9e77299
2021-12-03 14:28:41 [INFO] org.apache.catalina.core.ContainerBase.[Tomcat].[localhost].[/] : Initializing Spring DispatcherServlet 'dispatcherServlet'
2021-12-03 14:28:41 [INFO] org.springframework.web.servlet.DispatcherServlet : Initializing Servlet 'dispatcherServlet'
2021-12-03 14:28:41 [INFO] org.springframework.web.servlet.DispatcherServlet : Completed initialization in 17 ms
2021-12-03 14:28:41 [INFO] com.csicit.ace.common.log.AceLocalLogger :  21351--请求地址: http://192.168.20.136:2100/logout ,HTTP_METHOD: GET ,IP: 192.168.20.136 ,CLASS_METHOD: com.csicit.ace.platform.core.controller.LoginController.logout ,请求参数: {"appName":["dv-testapp-platform"],"token":["2ucy_1-1CIKoDcOa_Ioji-Ag2aUalY7QO5aZOzNdcBKcIzvalCrFS082SLpMuUe8nY0U6g2NOxpfiNV6kjUcxprStp4dh_salMacpWmYYDRj7xMm71j7-QlL4Xm3x7V1hOoi9kp9iQB2fj_U6dEhKg=="],"configurationKey":["test-file"],"fileToken":["a2db14dbd7984193b18177bac3333bc8"]}
2021-12-03 14:28:41 [ERROR] com.csicit.ace.common.log.AceLocalLogger : token失效，请重新登录！
com.csicit.ace.common.exception.RException: token失效，请重新登录！
	at com.csicit.ace.common.utils.system.SecurityUtils.getUserByToken(SecurityUtils.java:361)
	at com.csicit.ace.common.utils.system.SecurityUtils.getCurrentUser(SecurityUtils.java:343)
	at com.csicit.ace.data.persistent.service.impl.SysAuditLogServiceImpl.saveLog(SysAuditLogServiceImpl.java:424)
	at com.csicit.ace.data.persistent.service.impl.SysAuditLogServiceImpl$$FastClassBySpringCGLIB$$a701d58a.invoke(<generated>)
	at org.springframework.cglib.proxy.MethodProxy.invoke(MethodProxy.java:218)
	at org.springframework.aop.framework.CglibAopProxy$CglibMethodInvocation.invokeJoinpoint(CglibAopProxy.java:749)
	at org.springframework.aop.framework.ReflectiveMethodInvocation.proceed(ReflectiveMethodInvocation.java:163)
	at org.springframework.transaction.interceptor.TransactionAspectSupport.invokeWithinTransaction(TransactionAspectSupport.java:295)
	at org.springframework.transaction.interceptor.TransactionInterceptor.invoke(TransactionInterceptor.java:98)
	at org.springframework.aop.framework.ReflectiveMethodInvocation.proceed(ReflectiveMethodInvocation.java:186)
	at org.springframework.aop.framework.CglibAopProxy$DynamicAdvisedInterceptor.intercept(CglibAopProxy.java:688)
	at com.csicit.ace.data.persistent.service.impl.SysAuditLogServiceImpl$$EnhancerBySpringCGLIB$$b27944ab.saveLog(<generated>)
	at com.csicit.ace.platform.core.controller.LoginController.logout(LoginController.java:79)
	at com.csicit.ace.platform.core.controller.LoginController$$FastClassBySpringCGLIB$$4bbd35de.invoke(<generated>)
	at org.springframework.cglib.proxy.MethodProxy.invoke(MethodProxy.java:218)
	at org.springframework.aop.framework.CglibAopProxy$CglibMethodInvocation.invokeJoinpoint(CglibAopProxy.java:749)
	at org.springframework.aop.framework.ReflectiveMethodInvocation.proceed(ReflectiveMethodInvocation.java:163)
	at org.springframework.aop.framework.adapter.MethodBeforeAdviceInterceptor.invoke(MethodBeforeAdviceInterceptor.java:56)
	at org.springframework.aop.framework.ReflectiveMethodInvocation.proceed(ReflectiveMethodInvocation.java:175)
	at org.springframework.aop.aspectj.MethodInvocationProceedingJoinPoint.proceed(MethodInvocationProceedingJoinPoint.java:88)
	at com.csicit.ace.common.aspect.WebLogAspect.doAround(WebLogAspect.java:130)
	at sun.reflect.NativeMethodAccessorImpl.invoke0(Native Method)
	at sun.reflect.NativeMethodAccessorImpl.invoke(NativeMethodAccessorImpl.java:62)
	at sun.reflect.DelegatingMethodAccessorImpl.invoke(DelegatingMethodAccessorImpl.java:43)
	at java.lang.reflect.Method.invoke(Method.java:498)
	at org.springframework.aop.aspectj.AbstractAspectJAdvice.invokeAdviceMethodWithGivenArgs(AbstractAspectJAdvice.java:644)
	at org.springframework.aop.aspectj.AbstractAspectJAdvice.invokeAdviceMethod(AbstractAspectJAdvice.java:633)
	at org.springframework.aop.aspectj.AspectJAroundAdvice.invoke(AspectJAroundAdvice.java:70)
	at org.springframework.aop.framework.ReflectiveMethodInvocation.proceed(ReflectiveMethodInvocation.java:175)
	at org.springframework.aop.framework.adapter.AfterReturningAdviceInterceptor.invoke(AfterReturningAdviceInterceptor.java:55)
	at org.springframework.aop.framework.ReflectiveMethodInvocation.proceed(ReflectiveMethodInvocation.java:175)
	at org.springframework.aop.interceptor.ExposeInvocationInterceptor.invoke(ExposeInvocationInterceptor.java:93)
	at org.springframework.aop.framework.ReflectiveMethodInvocation.proceed(ReflectiveMethodInvocation.java:186)
	at org.springframework.aop.framework.CglibAopProxy$DynamicAdvisedInterceptor.intercept(CglibAopProxy.java:688)
	at com.csicit.ace.platform.core.controller.LoginController$$EnhancerBySpringCGLIB$$d8e1bf3.logout(<generated>)
	at sun.reflect.NativeMethodAccessorImpl.invoke0(Native Method)
	at sun.reflect.NativeMethodAccessorImpl.invoke(NativeMethodAccessorImpl.java:62)
	at sun.reflect.DelegatingMethodAccessorImpl.invoke(DelegatingMethodAccessorImpl.java:43)
	at java.lang.reflect.Method.invoke(Method.java:498)
	at org.springframework.web.method.support.InvocableHandlerMethod.doInvoke(InvocableHandlerMethod.java:190)
	at org.springframework.web.method.support.InvocableHandlerMethod.invokeForRequest(InvocableHandlerMethod.java:138)
	at org.springframework.web.servlet.mvc.method.annotation.ServletInvocableHandlerMethod.invokeAndHandle(ServletInvocableHandlerMethod.java:102)
	at org.springframework.web.servlet.mvc.method.annotation.RequestMappingHandlerAdapter.invokeHandlerMethod(RequestMappingHandlerAdapter.java:895)
	at org.springframework.web.servlet.mvc.method.annotation.RequestMappingHandlerAdapter.handleInternal(RequestMappingHandlerAdapter.java:800)
	at org.springframework.web.servlet.mvc.method.AbstractHandlerMethodAdapter.handle(AbstractHandlerMethodAdapter.java:87)
	at org.springframework.web.servlet.DispatcherServlet.doDispatch(DispatcherServlet.java:1038)
	at org.springframework.web.servlet.DispatcherServlet.doService(DispatcherServlet.java:942)
	at org.springframework.web.servlet.FrameworkServlet.processRequest(FrameworkServlet.java:1005)
	at org.springframework.web.servlet.FrameworkServlet.doGet(FrameworkServlet.java:897)
	at javax.servlet.http.HttpServlet.service(HttpServlet.java:634)
	at org.springframework.web.servlet.FrameworkServlet.service(FrameworkServlet.java:882)
	at javax.servlet.http.HttpServlet.service(HttpServlet.java:741)
	at org.apache.catalina.core.ApplicationFilterChain.internalDoFilter(ApplicationFilterChain.java:231)
	at org.apache.catalina.core.ApplicationFilterChain.doFilter(ApplicationFilterChain.java:166)
	at org.apache.tomcat.websocket.server.WsFilter.doFilter(WsFilter.java:53)
	at org.apache.catalina.core.ApplicationFilterChain.internalDoFilter(ApplicationFilterChain.java:193)
	at org.apache.catalina.core.ApplicationFilterChain.doFilter(ApplicationFilterChain.java:166)
	at org.apache.catalina.core.ApplicationDispatcher.invoke(ApplicationDispatcher.java:712)
	at org.apache.catalina.core.ApplicationDispatcher.processRequest(ApplicationDispatcher.java:459)
	at org.apache.catalina.core.ApplicationDispatcher.doForward(ApplicationDispatcher.java:384)
	at org.apache.catalina.core.ApplicationDispatcher.forward(ApplicationDispatcher.java:312)
	at com.csicit.ace.zuul.config.GlobalInterceptor.preHandle(GlobalInterceptor.java:102)
	at org.springframework.web.servlet.HandlerExecutionChain.applyPreHandle(HandlerExecutionChain.java:136)
	at org.springframework.web.servlet.DispatcherServlet.doDispatch(DispatcherServlet.java:1033)
	at org.springframework.web.servlet.DispatcherServlet.doService(DispatcherServlet.java:942)
	at org.springframework.web.servlet.FrameworkServlet.processRequest(FrameworkServlet.java:1005)
	at org.springframework.web.servlet.FrameworkServlet.doGet(FrameworkServlet.java:897)
	at javax.servlet.http.HttpServlet.service(HttpServlet.java:634)
	at org.springframework.web.servlet.FrameworkServlet.service(FrameworkServlet.java:882)
	at javax.servlet.http.HttpServlet.service(HttpServlet.java:741)
	at org.apache.catalina.core.ApplicationFilterChain.internalDoFilter(ApplicationFilterChain.java:231)
	at org.apache.catalina.core.ApplicationFilterChain.doFilter(ApplicationFilterChain.java:166)
	at org.apache.tomcat.websocket.server.WsFilter.doFilter(WsFilter.java:53)
	at org.apache.catalina.core.ApplicationFilterChain.internalDoFilter(ApplicationFilterChain.java:193)
	at org.apache.catalina.core.ApplicationFilterChain.doFilter(ApplicationFilterChain.java:166)
	at org.springframework.web.filter.CorsFilter.doFilterInternal(CorsFilter.java:96)
	at org.springframework.web.filter.OncePerRequestFilter.doFilter(OncePerRequestFilter.java:109)
	at org.apache.catalina.core.ApplicationFilterChain.internalDoFilter(ApplicationFilterChain.java:193)
	at org.apache.catalina.core.ApplicationFilterChain.doFilter(ApplicationFilterChain.java:166)
	at org.springframework.boot.actuate.web.trace.servlet.HttpTraceFilter.doFilterInternal(HttpTraceFilter.java:88)
	at org.springframework.web.filter.OncePerRequestFilter.doFilter(OncePerRequestFilter.java:109)
	at org.apache.catalina.core.ApplicationFilterChain.internalDoFilter(ApplicationFilterChain.java:193)
	at org.apache.catalina.core.ApplicationFilterChain.doFilter(ApplicationFilterChain.java:166)
	at org.springframework.web.filter.RequestContextFilter.doFilterInternal(RequestContextFilter.java:99)
	at org.springframework.web.filter.OncePerRequestFilter.doFilter(OncePerRequestFilter.java:109)
	at org.apache.catalina.core.ApplicationFilterChain.internalDoFilter(ApplicationFilterChain.java:193)
	at org.apache.catalina.core.ApplicationFilterChain.doFilter(ApplicationFilterChain.java:166)
	at org.springframework.web.filter.FormContentFilter.doFilterInternal(FormContentFilter.java:92)
	at org.springframework.web.filter.OncePerRequestFilter.doFilter(OncePerRequestFilter.java:109)
	at org.apache.catalina.core.ApplicationFilterChain.internalDoFilter(ApplicationFilterChain.java:193)
	at org.apache.catalina.core.ApplicationFilterChain.doFilter(ApplicationFilterChain.java:166)
	at org.springframework.web.filter.HiddenHttpMethodFilter.doFilterInternal(HiddenHttpMethodFilter.java:93)
	at org.springframework.web.filter.OncePerRequestFilter.doFilter(OncePerRequestFilter.java:109)
	at org.apache.catalina.core.ApplicationFilterChain.internalDoFilter(ApplicationFilterChain.java:193)
	at org.apache.catalina.core.ApplicationFilterChain.doFilter(ApplicationFilterChain.java:166)
	at org.springframework.boot.actuate.metrics.web.servlet.WebMvcMetricsFilter.filterAndRecordMetrics(WebMvcMetricsFilter.java:114)
	at org.springframework.boot.actuate.metrics.web.servlet.WebMvcMetricsFilter.doFilterInternal(WebMvcMetricsFilter.java:104)
	at org.springframework.web.filter.OncePerRequestFilter.doFilter(OncePerRequestFilter.java:109)
	at org.apache.catalina.core.ApplicationFilterChain.internalDoFilter(ApplicationFilterChain.java:193)
	at org.apache.catalina.core.ApplicationFilterChain.doFilter(ApplicationFilterChain.java:166)
	at org.springframework.web.filter.CharacterEncodingFilter.doFilterInternal(CharacterEncodingFilter.java:200)
	at org.springframework.web.filter.OncePerRequestFilter.doFilter(OncePerRequestFilter.java:109)
	at org.apache.catalina.core.ApplicationFilterChain.internalDoFilter(ApplicationFilterChain.java:193)
	at org.apache.catalina.core.ApplicationFilterChain.doFilter(ApplicationFilterChain.java:166)
	at org.apache.catalina.core.StandardWrapperValve.invoke(StandardWrapperValve.java:199)
	at org.apache.catalina.core.StandardContextValve.invoke(StandardContextValve.java:96)
	at org.apache.catalina.authenticator.AuthenticatorBase.invoke(AuthenticatorBase.java:490)
	at org.apache.catalina.core.StandardHostValve.invoke(StandardHostValve.java:139)
	at org.apache.catalina.valves.ErrorReportValve.invoke(ErrorReportValve.java:92)
	at org.apache.catalina.core.StandardEngineValve.invoke(StandardEngineValve.java:74)
	at org.apache.catalina.connector.CoyoteAdapter.service(CoyoteAdapter.java:343)
	at org.apache.coyote.http11.Http11Processor.service(Http11Processor.java:408)
	at org.apache.coyote.AbstractProcessorLight.process(AbstractProcessorLight.java:66)
	at org.apache.coyote.AbstractProtocol$ConnectionHandler.process(AbstractProtocol.java:834)
	at org.apache.tomcat.util.net.NioEndpoint$SocketProcessor.doRun(NioEndpoint.java:1417)
	at org.apache.tomcat.util.net.SocketProcessorBase.run(SocketProcessorBase.java:49)
	at java.util.concurrent.ThreadPoolExecutor.runWorker(ThreadPoolExecutor.java:1149)
	at java.util.concurrent.ThreadPoolExecutor$Worker.run(ThreadPoolExecutor.java:624)
	at org.apache.tomcat.util.threads.TaskThread$WrappingRunnable.run(TaskThread.java:61)
	at java.lang.Thread.run(Thread.java:748)
2021-12-03 14:28:49 [INFO] com.csicit.ace.common.log.AceLocalLogger : socketLog_断开连接：50ff1fcc-0e85-4141-953c-07088f69fceb
2021-12-03 14:28:51 [INFO] com.csicit.ace.common.log.AceLocalLogger :  31339--请求地址: http://192.168.20.136:2100/init ,HTTP_METHOD: GET ,IP: 192.168.20.136 ,CLASS_METHOD: com.csicit.ace.platform.core.controller.InitController.getDefaultArgs ,请求参数: {}
2021-12-03 14:28:51 [INFO] com.csicit.ace.common.log.AceLocalLogger :  31339--耗时 : 2
2021-12-03 14:28:51 [INFO] com.csicit.ace.common.log.AceLocalLogger :  31348--请求地址: http://192.168.20.136:2100/sysConfigs/action/downloadImg/lgbg ,HTTP_METHOD: GET ,IP: 192.168.20.136 ,CLASS_METHOD: com.csicit.ace.platform.core.controller.SysConfigController.downloadImg ,请求参数: {"t":["1638512931306"]}
2021-12-03 14:28:51 [INFO] com.csicit.ace.common.log.AceLocalLogger :  31348--请求地址: http://192.168.20.136:2100/sysConfigs/action/downloadImg/lglo ,HTTP_METHOD: GET ,IP: 192.168.20.136 ,CLASS_METHOD: com.csicit.ace.platform.core.controller.SysConfigController.downloadImg ,请求参数: {"t":["1638512931306"]}
2021-12-03 14:28:51 [INFO] com.csicit.ace.common.log.AceLocalLogger :  31348--耗时 : 9
2021-12-03 14:28:51 [INFO] com.csicit.ace.common.log.AceLocalLogger :  31348--耗时 : 26
2021-12-03 14:28:52 [INFO] com.csicit.ace.common.log.AceLocalLogger :  32819--请求地址: http://192.168.20.136:2100/sysConfigs/action/downloadImg/lgbg ,HTTP_METHOD: GET ,IP: 192.168.20.136 ,CLASS_METHOD: com.csicit.ace.platform.core.controller.SysConfigController.downloadImg ,请求参数: {"t":["1638512932790"]}
2021-12-03 14:28:52 [INFO] com.csicit.ace.common.log.AceLocalLogger :  32833--请求地址: http://192.168.20.136:2100/init ,HTTP_METHOD: GET ,IP: 192.168.20.136 ,CLASS_METHOD: com.csicit.ace.platform.core.controller.InitController.getDefaultArgs ,请求参数: {}
2021-12-03 14:28:52 [INFO] com.csicit.ace.common.log.AceLocalLogger :  32833--耗时 : 0
2021-12-03 14:28:52 [INFO] com.csicit.ace.common.log.AceLocalLogger :  32837--请求地址: http://192.168.20.136:2100/sysConfigs/action/downloadImg/lglo ,HTTP_METHOD: GET ,IP: 192.168.20.136 ,CLASS_METHOD: com.csicit.ace.platform.core.controller.SysConfigController.downloadImg ,请求参数: {"t":["1638512932791"]}
2021-12-03 14:28:52 [INFO] com.csicit.ace.common.log.AceLocalLogger :  32819--耗时 : 20
2021-12-03 14:28:52 [INFO] com.csicit.ace.common.log.AceLocalLogger :  32837--耗时 : 4
2021-12-03 14:28:53 [INFO] com.csicit.ace.common.log.AceLocalLogger :  33537--请求地址: http://192.168.20.136:2100/sysConfigs/action/downloadImg/lgbg ,HTTP_METHOD: GET ,IP: 192.168.20.136 ,CLASS_METHOD: com.csicit.ace.platform.core.controller.SysConfigController.downloadImg ,请求参数: {"t":["1638512932790"]}
2021-12-03 14:28:53 [INFO] com.csicit.ace.common.log.AceLocalLogger :  33537--耗时 : 17
2021-12-03 14:28:59 [INFO] com.csicit.ace.common.log.AceLocalLogger :  39110--请求地址: http://192.168.20.136:2100/login ,HTTP_METHOD: POST ,IP: 192.168.20.136 ,CLASS_METHOD: com.csicit.ace.platform.core.controller.LoginController.login ,参数: zzjtestflow
2021-12-03 14:28:59 [WARN] com.baomidou.mybatisplus.core.toolkit.sql.SqlHelper : Warn: execute Method There are  251 results.
2021-12-03 14:28:59 [WARN] com.baomidou.mybatisplus.core.toolkit.sql.SqlHelper : Warn: execute Method There are  2 results.
2021-12-03 14:28:59 [INFO] com.csicit.ace.common.log.AceLocalLogger :  39110--耗时 : 352
2021-12-03 14:29:01 [INFO] org.quartz.plugins.history.LoggingJobHistoryPlugin : Job 测试任务组.711HM fired (by trigger 711HM$测试任务组.每100毫秒发送一次) at:  14:29:01 12/03/2021
2021-12-03 14:29:01 [WARN] com.csicit.ace.quartz.core.job.AgentJob : 任务执行失败，原因为：应用ah-csicpm不在线
2021-12-03 14:29:01 [INFO] org.quartz.plugins.history.LoggingJobHistoryPlugin : Job 测试任务组.711HM execution complete at  14:29:01 12/03/2021 and reports: null
2021-12-03 14:29:05 [INFO] com.csicit.ace.common.log.AceLocalLogger :  45553--请求地址: http://192.168.20.136:2100/sysMenus/action/tree/dv-testapp-platform ,HTTP_METHOD: GET ,IP: 192.168.20.136 ,CLASS_METHOD: com.csicit.ace.platform.core.controller.SysMenuController.listSideTree ,请求参数: {}
2021-12-03 14:29:06 [INFO] com.csicit.ace.common.log.AceLocalLogger :  45553--耗时 : 850
2021-12-03 14:29:06 [INFO] com.csicit.ace.common.log.AceLocalLogger :  46857--请求地址: http://192.168.20.136:2100/sysUsers/action/info ,HTTP_METHOD: GET ,IP: 192.168.20.136 ,CLASS_METHOD: com.csicit.ace.platform.core.controller.SysUserController.info ,请求参数: {}
2021-12-03 14:29:06 [INFO] com.csicit.ace.common.log.AceLocalLogger : socketLog_建立连接：29a63c70-0b23-4c78-bea6-0e9144d13988
2021-12-03 14:29:06 [INFO] com.csicit.ace.common.log.AceLocalLogger : socketLog_建立连接用户：f5d6d37948d3414e938343cb5ac96f21
2021-12-03 14:29:06 [INFO] com.csicit.ace.common.log.AceLocalLogger :  46857--耗时 : 25
2021-12-03 14:29:06 [INFO] com.csicit.ace.common.log.AceLocalLogger : REQUEST_URL:/dv-testapp-platform/bpm/listTaskDelegate, REQUEST_METHOD:GET, REQUEST_IP:192.168.20.136
2021-12-03 14:29:06 [INFO] com.csicit.ace.common.log.AceLocalLogger : REQUEST_URL:/dv-testapp-platform/bpm/listTaskMineByParams, REQUEST_METHOD:GET, REQUEST_IP:192.168.20.136
2021-12-03 14:29:06 [INFO] com.csicit.ace.common.log.AceLocalLogger : REQUEST_URL:/dv-testapp-platform/bpm/listFocusedWorks, REQUEST_METHOD:GET, REQUEST_IP:192.168.20.136
2021-12-03 14:29:06 [INFO] com.csicit.ace.common.log.AceLocalLogger : REQUEST_URL:/dv-testapp-platform/bpm/listTaskMineByParams, REQUEST_METHOD:GET, REQUEST_IP:192.168.20.136
2021-12-03 14:29:06 [INFO] com.csicit.ace.common.log.AceLocalLogger : -----token:2ucy_1-1CIKoDcOa_IojiyUiVwjxeTkOzWYGu1boPypxHVyfcqYdIjB7mC7GqOI1nY0U6g2NOxpfiNV6kjUcxprStp4dh_salMacpWmYYDRj7xMm71j7-QlL4Xm3x7V1hOoi9kp9iQB2fj_U6dEhKg==
2021-12-03 14:29:06 [INFO] com.csicit.ace.common.log.AceLocalLogger : -----token:2ucy_1-1CIKoDcOa_IojiyUiVwjxeTkOzWYGu1boPypxHVyfcqYdIjB7mC7GqOI1nY0U6g2NOxpfiNV6kjUcxprStp4dh_salMacpWmYYDRj7xMm71j7-QlL4Xm3x7V1hOoi9kp9iQB2fj_U6dEhKg==
2021-12-03 14:29:06 [INFO] com.csicit.ace.common.log.AceLocalLogger : -----token:2ucy_1-1CIKoDcOa_IojiyUiVwjxeTkOzWYGu1boPypxHVyfcqYdIjB7mC7GqOI1nY0U6g2NOxpfiNV6kjUcxprStp4dh_salMacpWmYYDRj7xMm71j7-QlL4Xm3x7V1hOoi9kp9iQB2fj_U6dEhKg==
2021-12-03 14:29:06 [INFO] com.csicit.ace.common.log.AceLocalLogger : -----token:2ucy_1-1CIKoDcOa_IojiyUiVwjxeTkOzWYGu1boPypxHVyfcqYdIjB7mC7GqOI1nY0U6g2NOxpfiNV6kjUcxprStp4dh_salMacpWmYYDRj7xMm71j7-QlL4Xm3x7V1hOoi9kp9iQB2fj_U6dEhKg==
2021-12-03 14:29:06 [INFO] com.csicit.ace.common.log.AceLocalLogger : -----sysUserDO:SysUserDO(staffNo=null, userName=zzjtestflow, realName=zzjtestflow, email=null, phoneNumber=null, userType=3, startFlag=1, secretLevel=4, sortIndex=128190, userPost=null, password=null, passwordUpdateTime=2021-08-17T09:45:02.483, personDocId=null, personDoc=null, bdPersonJobDO=null, baseDocType=null, pinyin=zzjtestflow, pswPolicyId=null, failLoginTimes=0, unlockTime=2021-12-03T12:48:59.156, organizationId=1447ac5ad4cd408ba55e2cb6f2ff6ee3, organizationName=null, departmentId=null, departmentCode=null, departmentName=null, departmentSortPath=null, groupId=0b810652d0e84269addf1f147a9c551d, groupName=null, firstLogin=0, beDeleted=0, organizes=null, groups=null, apps=null, userGroups=null, roleType=null, ipBind=0, ipAddress=192.168.20.136)
2021-12-03 14:29:06 [INFO] com.csicit.ace.common.log.AceLocalLogger : -----sysUserDO:SysUserDO(staffNo=null, userName=zzjtestflow, realName=zzjtestflow, email=null, phoneNumber=null, userType=3, startFlag=1, secretLevel=4, sortIndex=128190, userPost=null, password=null, passwordUpdateTime=2021-08-17T09:45:02.483, personDocId=null, personDoc=null, bdPersonJobDO=null, baseDocType=null, pinyin=zzjtestflow, pswPolicyId=null, failLoginTimes=0, unlockTime=2021-12-03T12:48:59.156, organizationId=1447ac5ad4cd408ba55e2cb6f2ff6ee3, organizationName=null, departmentId=null, departmentCode=null, departmentName=null, departmentSortPath=null, groupId=0b810652d0e84269addf1f147a9c551d, groupName=null, firstLogin=0, beDeleted=0, organizes=null, groups=null, apps=null, userGroups=null, roleType=null, ipBind=0, ipAddress=192.168.20.136)
2021-12-03 14:29:06 [INFO] com.csicit.ace.common.log.AceLocalLogger : -----sysUserDO:SysUserDO(staffNo=null, userName=zzjtestflow, realName=zzjtestflow, email=null, phoneNumber=null, userType=3, startFlag=1, secretLevel=4, sortIndex=128190, userPost=null, password=null, passwordUpdateTime=2021-08-17T09:45:02.483, personDocId=null, personDoc=null, bdPersonJobDO=null, baseDocType=null, pinyin=zzjtestflow, pswPolicyId=null, failLoginTimes=0, unlockTime=2021-12-03T12:48:59.156, organizationId=1447ac5ad4cd408ba55e2cb6f2ff6ee3, organizationName=null, departmentId=null, departmentCode=null, departmentName=null, departmentSortPath=null, groupId=0b810652d0e84269addf1f147a9c551d, groupName=null, firstLogin=0, beDeleted=0, organizes=null, groups=null, apps=null, userGroups=null, roleType=null, ipBind=0, ipAddress=192.168.20.136)
2021-12-03 14:29:06 [INFO] com.csicit.ace.common.log.AceLocalLogger : -----sysUserDO:SysUserDO(staffNo=null, userName=zzjtestflow, realName=zzjtestflow, email=null, phoneNumber=null, userType=3, startFlag=1, secretLevel=4, sortIndex=128190, userPost=null, password=null, passwordUpdateTime=2021-08-17T09:45:02.483, personDocId=null, personDoc=null, bdPersonJobDO=null, baseDocType=null, pinyin=zzjtestflow, pswPolicyId=null, failLoginTimes=0, unlockTime=2021-12-03T12:48:59.156, organizationId=1447ac5ad4cd408ba55e2cb6f2ff6ee3, organizationName=null, departmentId=null, departmentCode=null, departmentName=null, departmentSortPath=null, groupId=0b810652d0e84269addf1f147a9c551d, groupName=null, firstLogin=0, beDeleted=0, organizes=null, groups=null, apps=null, userGroups=null, roleType=null, ipBind=0, ipAddress=192.168.20.136)
2021-12-03 14:29:06 [INFO] com.csicit.ace.common.log.AceLocalLogger : REQUEST_USER: zzjtestflow(zzjtestflow), REQUEST_IP:   192.168.20.136
2021-12-03 14:29:06 [INFO] com.csicit.ace.common.log.AceLocalLogger : REQUEST_USER: zzjtestflow(zzjtestflow), REQUEST_IP:   192.168.20.136
2021-12-03 14:29:06 [INFO] com.csicit.ace.common.log.AceLocalLogger : REQUEST_USER: zzjtestflow(zzjtestflow), REQUEST_IP:   192.168.20.136
2021-12-03 14:29:06 [INFO] com.csicit.ace.common.log.AceLocalLogger : REQUEST_USER: zzjtestflow(zzjtestflow), REQUEST_IP:   192.168.20.136
2021-12-03 14:29:06 [INFO] com.csicit.ace.common.log.AceLocalLogger :  46906--请求地址: http://192.168.20.136:2100/orgauth/sysMsgs/query/noReadMsg/f5d6d37948d3414e938343cb5ac96f21/dv-testapp-platform ,HTTP_METHOD: GET ,IP: 192.168.20.136 ,CLASS_METHOD: com.csicit.ace.orgauth.core.controller.SysMessageController.listUserNoReadMsg ,请求参数: {"token":["2ucy_1-1CIKoDcOa_IojiyUiVwjxeTkOzWYGu1boPypxHVyfcqYdIjB7mC7GqOI1nY0U6g2NOxpfiNV6kjUcxprStp4dh_salMacpWmYYDRj7xMm71j7-QlL4Xm3x7V1hOoi9kp9iQB2fj_U6dEhKg=="]}
2021-12-03 14:29:06 [INFO] com.csicit.ace.common.log.AceLocalLogger :  46906--耗时 : 17
2021-12-03 14:29:06 [INFO] com.csicit.ace.common.log.AceLocalLogger :  46960--请求地址: http://127.0.0.1:2100/ehcache/action/get ,HTTP_METHOD: GET ,IP: 127.0.0.1 ,CLASS_METHOD: com.csicit.ace.zuul.controller.EhcacheHttpController.get ,请求参数: {"key":["2ucy_1-1CIKoDcOa_IojiyUiVwjxeTkOzWYGu1boPypxHVyfcqYdIjB7mC7GqOI1nY0U6g2NOxpfiNV6kjUcxprStp4dh_salMacpWmYYDRj7xMm71j7-QlL4Xm3x7V1hOoi9kp9iQB2fj_U6dEhKg==userid"]}
2021-12-03 14:29:06 [INFO] com.csicit.ace.common.log.AceLocalLogger :  46960--请求地址: http://127.0.0.1:2100/ehcache/action/get ,HTTP_METHOD: GET ,IP: 127.0.0.1 ,CLASS_METHOD: com.csicit.ace.zuul.controller.EhcacheHttpController.get ,请求参数: {"key":["2ucy_1-1CIKoDcOa_IojiyUiVwjxeTkOzWYGu1boPypxHVyfcqYdIjB7mC7GqOI1nY0U6g2NOxpfiNV6kjUcxprStp4dh_salMacpWmYYDRj7xMm71j7-QlL4Xm3x7V1hOoi9kp9iQB2fj_U6dEhKg==userid"]}
2021-12-03 14:29:06 [INFO] com.csicit.ace.common.log.AceLocalLogger :  46960--请求地址: http://127.0.0.1:2100/ehcache/action/get ,HTTP_METHOD: GET ,IP: 127.0.0.1 ,CLASS_METHOD: com.csicit.ace.zuul.controller.EhcacheHttpController.get ,请求参数: {"key":["platform_internationalization"]}
2021-12-03 14:29:06 [INFO] com.csicit.ace.common.log.AceLocalLogger :  46960--请求地址: http://127.0.0.1:2100/ehcache/action/get ,HTTP_METHOD: GET ,IP: 127.0.0.1 ,CLASS_METHOD: com.csicit.ace.zuul.controller.EhcacheHttpController.get ,请求参数: {"key":["platform_internationalization"]}
2021-12-03 14:29:06 [INFO] com.csicit.ace.common.log.AceLocalLogger :  46960--耗时 : 2
2021-12-03 14:29:06 [INFO] com.csicit.ace.common.log.AceLocalLogger :  46960--耗时 : 2
2021-12-03 14:29:06 [INFO] com.csicit.ace.common.log.AceLocalLogger :  46960--耗时 : 3
2021-12-03 14:29:06 [INFO] com.csicit.ace.common.log.AceLocalLogger :  46960--耗时 : 4
2021-12-03 14:29:06 [INFO] com.csicit.ace.common.log.AceLocalLogger :  46969--请求地址: http://127.0.0.1:2100/ehcache/action/get ,HTTP_METHOD: GET ,IP: 127.0.0.1 ,CLASS_METHOD: com.csicit.ace.zuul.controller.EhcacheHttpController.get ,请求参数: {"key":["2ucy_1-1CIKoDcOa_IojiyUiVwjxeTkOzWYGu1boPypxHVyfcqYdIjB7mC7GqOI1nY0U6g2NOxpfiNV6kjUcxprStp4dh_salMacpWmYYDRj7xMm71j7-QlL4Xm3x7V1hOoi9kp9iQB2fj_U6dEhKg==userid"]}
2021-12-03 14:29:06 [INFO] com.csicit.ace.common.log.AceLocalLogger :  46969--耗时 : 2
2021-12-03 14:29:06 [INFO] com.csicit.ace.common.log.AceLocalLogger :  46971--请求地址: http://127.0.0.1:2100/ehcache/action/get ,HTTP_METHOD: GET ,IP: 127.0.0.1 ,CLASS_METHOD: com.csicit.ace.zuul.controller.EhcacheHttpController.get ,请求参数: {"key":["2ucy_1-1CIKoDcOa_IojiyUiVwjxeTkOzWYGu1boPypxHVyfcqYdIjB7mC7GqOI1nY0U6g2NOxpfiNV6kjUcxprStp4dh_salMacpWmYYDRj7xMm71j7-QlL4Xm3x7V1hOoi9kp9iQB2fj_U6dEhKg==userid"]}
2021-12-03 14:29:06 [INFO] com.csicit.ace.common.log.AceLocalLogger :  46971--耗时 : 0
2021-12-03 14:29:06 [INFO] com.csicit.ace.common.log.AceLocalLogger :  46977--请求地址: http://127.0.0.1:2100/ehcache/action/get ,HTTP_METHOD: GET ,IP: 127.0.0.1 ,CLASS_METHOD: com.csicit.ace.zuul.controller.EhcacheHttpController.get ,请求参数: {"key":["platform_internationalization"]}
2021-12-03 14:29:06 [INFO] com.csicit.ace.common.log.AceLocalLogger :  46977--耗时 : 0
2021-12-03 14:29:06 [INFO] com.csicit.ace.common.log.AceLocalLogger :  46978--请求地址: http://127.0.0.1:2100/orgauth/sysUsers/action/getSomeUsers ,HTTP_METHOD: GET ,IP: 192.168.20.136 ,CLASS_METHOD: com.csicit.ace.orgauth.core.controller.SysUserControllerO.getSomeUsers ,请求参数: {"code":["user"],"ids":["[\"f5d6d37948d3414e938343cb5ac96f21\"]"]}
2021-12-03 14:29:06 [INFO] com.csicit.ace.common.log.AceLocalLogger :  46978--耗时 : 16
2021-12-03 14:29:07 [INFO] com.csicit.ace.common.log.AceLocalLogger :  47002--请求地址: http://127.0.0.1:2100/orgauth/sysUsers/action/getSomeUsers ,HTTP_METHOD: GET ,IP: 192.168.20.136 ,CLASS_METHOD: com.csicit.ace.orgauth.core.controller.SysUserControllerO.getSomeUsers ,请求参数: {"code":["user"],"ids":["[\"f5d6d37948d3414e938343cb5ac96f21\"]"]}
2021-12-03 14:29:07 [INFO] com.csicit.ace.common.log.AceLocalLogger :  47002--耗时 : 9
2021-12-03 14:29:07 [INFO] com.csicit.ace.common.log.AceLocalLogger :  47017--请求地址: http://127.0.0.1:2100/ehcache/action/get ,HTTP_METHOD: GET ,IP: 127.0.0.1 ,CLASS_METHOD: com.csicit.ace.zuul.controller.EhcacheHttpController.get ,请求参数: {"key":["2ucy_1-1CIKoDcOa_IojiyUiVwjxeTkOzWYGu1boPypxHVyfcqYdIjB7mC7GqOI1nY0U6g2NOxpfiNV6kjUcxprStp4dh_salMacpWmYYDRj7xMm71j7-QlL4Xm3x7V1hOoi9kp9iQB2fj_U6dEhKg==userid"]}
2021-12-03 14:29:07 [INFO] com.csicit.ace.common.log.AceLocalLogger :  47017--耗时 : 0
2021-12-03 14:29:07 [INFO] com.csicit.ace.common.log.AceLocalLogger :  47028--请求地址: http://127.0.0.1:2100/orgauth/sysUsers/action/getSomeUsers ,HTTP_METHOD: GET ,IP: 192.168.20.136 ,CLASS_METHOD: com.csicit.ace.orgauth.core.controller.SysUserControllerO.getSomeUsers ,请求参数: {"code":["user"],"ids":["[\"f5d6d37948d3414e938343cb5ac96f21\",\"46d0b4c6d26e462a9928f463f3378757\"]"]}
2021-12-03 14:29:07 [INFO] com.csicit.ace.common.log.AceLocalLogger :  47041--请求地址: http://127.0.0.1:2100/ehcache/action/get ,HTTP_METHOD: GET ,IP: 127.0.0.1 ,CLASS_METHOD: com.csicit.ace.zuul.controller.EhcacheHttpController.get ,请求参数: {"key":["platform_internationalization"]}
2021-12-03 14:29:07 [INFO] com.csicit.ace.common.log.AceLocalLogger :  47041--耗时 : 0
2021-12-03 14:29:07 [INFO] com.csicit.ace.common.log.AceLocalLogger :  47028--耗时 : 15
2021-12-03 14:29:07 [INFO] com.csicit.ace.common.log.AceLocalLogger :  47048--请求地址: http://127.0.0.1:2100/ehcache/action/get ,HTTP_METHOD: GET ,IP: 127.0.0.1 ,CLASS_METHOD: com.csicit.ace.zuul.controller.EhcacheHttpController.get ,请求参数: {"key":["2ucy_1-1CIKoDcOa_IojiyUiVwjxeTkOzWYGu1boPypxHVyfcqYdIjB7mC7GqOI1nY0U6g2NOxpfiNV6kjUcxprStp4dh_salMacpWmYYDRj7xMm71j7-QlL4Xm3x7V1hOoi9kp9iQB2fj_U6dEhKg==userid"]}
2021-12-03 14:29:07 [INFO] com.csicit.ace.common.log.AceLocalLogger :  47048--耗时 : 0
2021-12-03 14:29:08 [INFO] com.csicit.ace.common.log.AceLocalLogger : REQUEST_URL:/dv-testapp-platform/borrowBooks/list/paramJson, REQUEST_METHOD:POST, REQUEST_IP:192.168.20.136
2021-12-03 14:29:08 [INFO] com.csicit.ace.common.log.AceLocalLogger : -----token:2ucy_1-1CIKoDcOa_IojiyUiVwjxeTkOzWYGu1boPypxHVyfcqYdIjB7mC7GqOI1nY0U6g2NOxpfiNV6kjUcxprStp4dh_salMacpWmYYDRj7xMm71j7-QlL4Xm3x7V1hOoi9kp9iQB2fj_U6dEhKg==
2021-12-03 14:29:08 [INFO] com.csicit.ace.common.log.AceLocalLogger : -----sysUserDO:SysUserDO(staffNo=null, userName=zzjtestflow, realName=zzjtestflow, email=null, phoneNumber=null, userType=3, startFlag=1, secretLevel=4, sortIndex=128190, userPost=null, password=null, passwordUpdateTime=2021-08-17T09:45:02.483, personDocId=null, personDoc=null, bdPersonJobDO=null, baseDocType=null, pinyin=zzjtestflow, pswPolicyId=null, failLoginTimes=0, unlockTime=2021-12-03T12:48:59.156, organizationId=1447ac5ad4cd408ba55e2cb6f2ff6ee3, organizationName=null, departmentId=null, departmentCode=null, departmentName=null, departmentSortPath=null, groupId=0b810652d0e84269addf1f147a9c551d, groupName=null, firstLogin=0, beDeleted=0, organizes=null, groups=null, apps=null, userGroups=null, roleType=null, ipBind=0, ipAddress=192.168.20.136)
2021-12-03 14:29:08 [INFO] com.csicit.ace.common.log.AceLocalLogger : REQUEST_USER: zzjtestflow(zzjtestflow), REQUEST_IP:   192.168.20.136
2021-12-03 14:29:08 [INFO] com.csicit.ace.common.log.AceLocalLogger :  48438--请求地址: http://127.0.0.1:2100/ehcache/action/get ,HTTP_METHOD: GET ,IP: 127.0.0.1 ,CLASS_METHOD: com.csicit.ace.zuul.controller.EhcacheHttpController.get ,请求参数: {"key":["platform_internationalization"]}
2021-12-03 14:29:08 [INFO] com.csicit.ace.common.log.AceLocalLogger :  48438--耗时 : 0
2021-12-03 14:29:08 [INFO] com.csicit.ace.common.log.AceLocalLogger :  48444--请求地址: http://127.0.0.1:2100/ehcache/action/get ,HTTP_METHOD: GET ,IP: 127.0.0.1 ,CLASS_METHOD: com.csicit.ace.zuul.controller.EhcacheHttpController.get ,请求参数: {"key":["platform_internationalization"]}
2021-12-03 14:29:08 [INFO] com.csicit.ace.common.log.AceLocalLogger :  48444--耗时 : 0
2021-12-03 14:29:09 [INFO] com.csicit.ace.common.log.AceLocalLogger : REQUEST_URL:/dv-testapp-platform/bpm/getFlowModelByCode, REQUEST_METHOD:GET, REQUEST_IP:192.168.20.136
2021-12-03 14:29:09 [INFO] com.csicit.ace.common.log.AceLocalLogger : -----token:2ucy_1-1CIKoDcOa_IojiyUiVwjxeTkOzWYGu1boPypxHVyfcqYdIjB7mC7GqOI1nY0U6g2NOxpfiNV6kjUcxprStp4dh_salMacpWmYYDRj7xMm71j7-QlL4Xm3x7V1hOoi9kp9iQB2fj_U6dEhKg==
2021-12-03 14:29:09 [INFO] com.csicit.ace.common.log.AceLocalLogger : -----sysUserDO:SysUserDO(staffNo=null, userName=zzjtestflow, realName=zzjtestflow, email=null, phoneNumber=null, userType=3, startFlag=1, secretLevel=4, sortIndex=128190, userPost=null, password=null, passwordUpdateTime=2021-08-17T09:45:02.483, personDocId=null, personDoc=null, bdPersonJobDO=null, baseDocType=null, pinyin=zzjtestflow, pswPolicyId=null, failLoginTimes=0, unlockTime=2021-12-03T12:48:59.156, organizationId=1447ac5ad4cd408ba55e2cb6f2ff6ee3, organizationName=null, departmentId=null, departmentCode=null, departmentName=null, departmentSortPath=null, groupId=0b810652d0e84269addf1f147a9c551d, groupName=null, firstLogin=0, beDeleted=0, organizes=null, groups=null, apps=null, userGroups=null, roleType=null, ipBind=0, ipAddress=192.168.20.136)
2021-12-03 14:29:09 [INFO] com.csicit.ace.common.log.AceLocalLogger : REQUEST_USER: zzjtestflow(zzjtestflow), REQUEST_IP:   192.168.20.136
2021-12-03 14:29:09 [INFO] com.csicit.ace.common.log.AceLocalLogger :  49241--请求地址: http://127.0.0.1:2100/ehcache/action/get ,HTTP_METHOD: GET ,IP: 127.0.0.1 ,CLASS_METHOD: com.csicit.ace.zuul.controller.EhcacheHttpController.get ,请求参数: {"key":["platform_internationalization"]}
2021-12-03 14:29:09 [INFO] com.csicit.ace.common.log.AceLocalLogger :  49241--耗时 : 0
2021-12-03 14:29:09 [INFO] com.csicit.ace.common.log.AceLocalLogger : REQUEST_URL:/dv-testapp-platform/bpm/getNodeInfo, REQUEST_METHOD:GET, REQUEST_IP:192.168.20.136
2021-12-03 14:29:09 [INFO] com.csicit.ace.common.log.AceLocalLogger : -----token:2ucy_1-1CIKoDcOa_IojiyUiVwjxeTkOzWYGu1boPypxHVyfcqYdIjB7mC7GqOI1nY0U6g2NOxpfiNV6kjUcxprStp4dh_salMacpWmYYDRj7xMm71j7-QlL4Xm3x7V1hOoi9kp9iQB2fj_U6dEhKg==
2021-12-03 14:29:09 [INFO] com.csicit.ace.common.log.AceLocalLogger : -----sysUserDO:SysUserDO(staffNo=null, userName=zzjtestflow, realName=zzjtestflow, email=null, phoneNumber=null, userType=3, startFlag=1, secretLevel=4, sortIndex=128190, userPost=null, password=null, passwordUpdateTime=2021-08-17T09:45:02.483, personDocId=null, personDoc=null, bdPersonJobDO=null, baseDocType=null, pinyin=zzjtestflow, pswPolicyId=null, failLoginTimes=0, unlockTime=2021-12-03T12:48:59.156, organizationId=1447ac5ad4cd408ba55e2cb6f2ff6ee3, organizationName=null, departmentId=null, departmentCode=null, departmentName=null, departmentSortPath=null, groupId=0b810652d0e84269addf1f147a9c551d, groupName=null, firstLogin=0, beDeleted=0, organizes=null, groups=null, apps=null, userGroups=null, roleType=null, ipBind=0, ipAddress=192.168.20.136)
2021-12-03 14:29:09 [INFO] com.csicit.ace.common.log.AceLocalLogger : REQUEST_USER: zzjtestflow(zzjtestflow), REQUEST_IP:   192.168.20.136
2021-12-03 14:29:09 [INFO] com.csicit.ace.common.log.AceLocalLogger :  49308--请求地址: http://127.0.0.1:2100/ehcache/action/get ,HTTP_METHOD: GET ,IP: 127.0.0.1 ,CLASS_METHOD: com.csicit.ace.zuul.controller.EhcacheHttpController.get ,请求参数: {"key":["2ucy_1-1CIKoDcOa_IojiyUiVwjxeTkOzWYGu1boPypxHVyfcqYdIjB7mC7GqOI1nY0U6g2NOxpfiNV6kjUcxprStp4dh_salMacpWmYYDRj7xMm71j7-QlL4Xm3x7V1hOoi9kp9iQB2fj_U6dEhKg=="]}
2021-12-03 14:29:09 [INFO] com.csicit.ace.common.log.AceLocalLogger :  49308--耗时 : 0
2021-12-03 14:29:09 [INFO] com.csicit.ace.common.log.AceLocalLogger :  49313--请求地址: http://127.0.0.1:2100/orgauth/sysAuths/action/hasAuthorityWithUserId/f5d6d37948d3414e938343cb5ac96f21/852af9da68384365b5a0253cf2fbfd69 ,HTTP_METHOD: GET ,IP: 192.168.20.136 ,CLASS_METHOD: com.csicit.ace.orgauth.core.controller.SysAuthControllerO.hasAuthorityWithUserId ,请求参数: {}
2021-12-03 14:29:09 [INFO] com.csicit.ace.common.log.AceLocalLogger :  49313--耗时 : 9
2021-12-03 14:29:09 [INFO] com.csicit.ace.common.log.AceLocalLogger :  49326--请求地址: http://127.0.0.1:2100/ehcache/action/get ,HTTP_METHOD: GET ,IP: 127.0.0.1 ,CLASS_METHOD: com.csicit.ace.zuul.controller.EhcacheHttpController.get ,请求参数: {"key":["platform_internationalization"]}
2021-12-03 14:29:09 [INFO] com.csicit.ace.common.log.AceLocalLogger :  49326--耗时 : 0
2021-12-03 14:29:09 [INFO] com.csicit.ace.common.log.AceLocalLogger : REQUEST_URL:/dv-testapp-platform/bpm/wfdUserPage/borrowBookApplication, REQUEST_METHOD:GET, REQUEST_IP:192.168.20.136
2021-12-03 14:29:09 [INFO] com.csicit.ace.common.log.AceLocalLogger : REQUEST_URL:/dv-testapp-platform/interfaces/getManageDepName/f5d6d37948d3414e938343cb5ac96f21, REQUEST_METHOD:GET, REQUEST_IP:192.168.20.136
2021-12-03 14:29:09 [INFO] com.csicit.ace.common.log.AceLocalLogger : -----token:2ucy_1-1CIKoDcOa_IojiyUiVwjxeTkOzWYGu1boPypxHVyfcqYdIjB7mC7GqOI1nY0U6g2NOxpfiNV6kjUcxprStp4dh_salMacpWmYYDRj7xMm71j7-QlL4Xm3x7V1hOoi9kp9iQB2fj_U6dEhKg==
2021-12-03 14:29:09 [INFO] com.csicit.ace.common.log.AceLocalLogger : -----token:2ucy_1-1CIKoDcOa_IojiyUiVwjxeTkOzWYGu1boPypxHVyfcqYdIjB7mC7GqOI1nY0U6g2NOxpfiNV6kjUcxprStp4dh_salMacpWmYYDRj7xMm71j7-QlL4Xm3x7V1hOoi9kp9iQB2fj_U6dEhKg==
2021-12-03 14:29:09 [INFO] com.csicit.ace.common.log.AceLocalLogger : -----sysUserDO:SysUserDO(staffNo=null, userName=zzjtestflow, realName=zzjtestflow, email=null, phoneNumber=null, userType=3, startFlag=1, secretLevel=4, sortIndex=128190, userPost=null, password=null, passwordUpdateTime=2021-08-17T09:45:02.483, personDocId=null, personDoc=null, bdPersonJobDO=null, baseDocType=null, pinyin=zzjtestflow, pswPolicyId=null, failLoginTimes=0, unlockTime=2021-12-03T12:48:59.156, organizationId=1447ac5ad4cd408ba55e2cb6f2ff6ee3, organizationName=null, departmentId=null, departmentCode=null, departmentName=null, departmentSortPath=null, groupId=0b810652d0e84269addf1f147a9c551d, groupName=null, firstLogin=0, beDeleted=0, organizes=null, groups=null, apps=null, userGroups=null, roleType=null, ipBind=0, ipAddress=192.168.20.136)
2021-12-03 14:29:09 [INFO] com.csicit.ace.common.log.AceLocalLogger : -----sysUserDO:SysUserDO(staffNo=null, userName=zzjtestflow, realName=zzjtestflow, email=null, phoneNumber=null, userType=3, startFlag=1, secretLevel=4, sortIndex=128190, userPost=null, password=null, passwordUpdateTime=2021-08-17T09:45:02.483, personDocId=null, personDoc=null, bdPersonJobDO=null, baseDocType=null, pinyin=zzjtestflow, pswPolicyId=null, failLoginTimes=0, unlockTime=2021-12-03T12:48:59.156, organizationId=1447ac5ad4cd408ba55e2cb6f2ff6ee3, organizationName=null, departmentId=null, departmentCode=null, departmentName=null, departmentSortPath=null, groupId=0b810652d0e84269addf1f147a9c551d, groupName=null, firstLogin=0, beDeleted=0, organizes=null, groups=null, apps=null, userGroups=null, roleType=null, ipBind=0, ipAddress=192.168.20.136)
2021-12-03 14:29:09 [INFO] com.csicit.ace.common.log.AceLocalLogger : REQUEST_USER: zzjtestflow(zzjtestflow), REQUEST_IP:   192.168.20.136
2021-12-03 14:29:09 [INFO] com.csicit.ace.common.log.AceLocalLogger : REQUEST_USER: zzjtestflow(zzjtestflow), REQUEST_IP:   192.168.20.136
2021-12-03 14:29:09 [INFO] com.csicit.ace.common.log.AceLocalLogger :  49507--请求地址: http://127.0.0.1:2100/ehcache/action/get ,HTTP_METHOD: GET ,IP: 127.0.0.1 ,CLASS_METHOD: com.csicit.ace.zuul.controller.EhcacheHttpController.get ,请求参数: {"key":["2ucy_1-1CIKoDcOa_IojiyUiVwjxeTkOzWYGu1boPypxHVyfcqYdIjB7mC7GqOI1nY0U6g2NOxpfiNV6kjUcxprStp4dh_salMacpWmYYDRj7xMm71j7-QlL4Xm3x7V1hOoi9kp9iQB2fj_U6dEhKg==userid"]}
2021-12-03 14:29:09 [INFO] com.csicit.ace.common.log.AceLocalLogger :  49507--耗时 : 0
2021-12-03 14:29:09 [INFO] com.csicit.ace.common.log.AceLocalLogger :  49509--请求地址: http://127.0.0.1:2100/orgauth/orgDepartments/action/getMainDeptByUserId/f5d6d37948d3414e938343cb5ac96f21 ,HTTP_METHOD: GET ,IP: 192.168.20.136 ,CLASS_METHOD: com.csicit.ace.orgauth.core.controller.OrgDepartmentControllerO.getMainDeptByUserId ,请求参数: {}
2021-12-03 14:29:09 [INFO] com.csicit.ace.common.log.AceLocalLogger :  49515--请求地址: http://127.0.0.1:2100/ehcache/action/get ,HTTP_METHOD: GET ,IP: 127.0.0.1 ,CLASS_METHOD: com.csicit.ace.zuul.controller.EhcacheHttpController.get ,请求参数: {"key":["platform_internationalization"]}
2021-12-03 14:29:09 [INFO] com.csicit.ace.common.log.AceLocalLogger :  49515--耗时 : 0
2021-12-03 14:29:09 [INFO] com.csicit.ace.common.log.AceLocalLogger :  49509--耗时 : 8
2021-12-03 14:29:09 [INFO] com.csicit.ace.common.log.AceLocalLogger :  49519--请求地址: http://192.168.20.136:2100/fileConfiguration/load ,HTTP_METHOD: POST ,IP: 192.168.20.136 ,CLASS_METHOD: com.csicit.ace.fileserver.core.controller.FileConfigurationController.load ,请求参数: {"appName":["dv-testapp-platform"],"token":["2ucy_1-1CIKoDcOa_IojiyUiVwjxeTkOzWYGu1boPypxHVyfcqYdIjB7mC7GqOI1nY0U6g2NOxpfiNV6kjUcxprStp4dh_salMacpWmYYDRj7xMm71j7-QlL4Xm3x7V1hOoi9kp9iQB2fj_U6dEhKg=="]}
2021-12-03 14:29:09 [INFO] com.csicit.ace.common.log.AceLocalLogger :  49523--请求地址: http://127.0.0.1:2100/ehcache/action/get ,HTTP_METHOD: GET ,IP: 127.0.0.1 ,CLASS_METHOD: com.csicit.ace.zuul.controller.EhcacheHttpController.get ,请求参数: {"key":["platform_internationalization"]}
2021-12-03 14:29:09 [INFO] com.csicit.ace.common.log.AceLocalLogger :  49523--耗时 : 0
2021-12-03 14:29:09 [INFO] com.csicit.ace.common.log.AceLocalLogger :  49519--耗时 : 206
2021-12-03 14:29:15 [INFO] com.csicit.ace.common.log.AceLocalLogger :  55861--请求地址: http://192.168.20.136:2100/fileRepository/allocateSpace ,HTTP_METHOD: POST ,IP: 192.168.20.136 ,CLASS_METHOD: com.csicit.ace.fileserver.core.controller.FileRepositoryController.allocateSpace ,请求参数: {"appName":["dv-testapp-platform"],"token":["2ucy_1-1CIKoDcOa_IojiyUiVwjxeTkOzWYGu1boPypxHVyfcqYdIjB7mC7GqOI1nY0U6g2NOxpfiNV6kjUcxprStp4dh_salMacpWmYYDRj7xMm71j7-QlL4Xm3x7V1hOoi9kp9iQB2fj_U6dEhKg=="]}
2021-12-03 14:29:16 [WARN] com.baomidou.mybatisplus.core.toolkit.sql.SqlHelper : Warn: execute Method There are  2 results.
2021-12-03 14:29:16 [INFO] com.csicit.ace.common.log.AceLocalLogger :  55861--耗时 : 204
2021-12-03 14:29:16 [INFO] com.csicit.ace.common.log.AceLocalLogger :  56142--请求地址: http://192.168.20.136:2100/fileUpload/uploadReview ,HTTP_METHOD: POST ,IP: 192.168.20.136 ,CLASS_METHOD: com.csicit.ace.fileserver.core.controller.FileUploadController.uploadReview ,请求参数: {"appName":["dv-testapp-platform","dv-testapp-platform"],"token":["2ucy_1-1CIKoDcOa_IojiyUiVwjxeTkOzWYGu1boPypxHVyfcqYdIjB7mC7GqOI1nY0U6g2NOxpfiNV6kjUcxprStp4dh_salMacpWmYYDRj7xMm71j7-QlL4Xm3x7V1hOoi9kp9iQB2fj_U6dEhKg=="],"configurationKey":["test-file"],"id":["WU_FILE_0"],"name":["boocontroller.txt"],"type":["text/plain"],"lastModifiedDate":["Thu Aug 12 2021 10:27:40 GMT+0800 (中国标准时间)"],"size":["4347"],"yfId":["da085c1a381c4e9287f48b77d4d5c054"]}
2021-12-03 14:29:16 [WARN] com.baomidou.mybatisplus.core.toolkit.sql.SqlHelper : Warn: execute Method There are  2 results.
2021-12-03 14:29:16 [INFO] org.slf4j.Logger : file upload: boocontroller.txt
2021-12-03 14:29:16 [INFO] com.csicit.ace.common.log.AceLocalLogger :  56142--耗时 : 184
2021-12-03 14:29:21 [INFO] com.csicit.ace.common.log.AceLocalLogger :  61735--请求地址: http://192.168.20.136:2100/fileUpload/reviewFile ,HTTP_METHOD: POST ,IP: 192.168.20.136 ,CLASS_METHOD: com.csicit.ace.fileserver.core.controller.FileUploadController.reviewFile ,请求参数: {"uploadFormId":["72d26e13-4c2a-4106-9b43-e2241769d9a6"]}
2021-12-03 14:29:21 [INFO] com.csicit.ace.common.log.AceLocalLogger :  61735--耗时 : 41
2021-12-03 14:29:21 [INFO] com.csicit.ace.common.log.AceLocalLogger : REQUEST_URL:/dv-testapp-platform/ReviewFile/addFileReview, REQUEST_METHOD:POST, REQUEST_IP:192.168.20.136
2021-12-03 14:29:21 [INFO] com.csicit.ace.common.log.AceLocalLogger : -----token:2ucy_1-1CIKoDcOa_IojiyUiVwjxeTkOzWYGu1boPypxHVyfcqYdIjB7mC7GqOI1nY0U6g2NOxpfiNV6kjUcxprStp4dh_salMacpWmYYDRj7xMm71j7-QlL4Xm3x7V1hOoi9kp9iQB2fj_U6dEhKg==
2021-12-03 14:29:21 [INFO] com.csicit.ace.common.log.AceLocalLogger : -----sysUserDO:SysUserDO(staffNo=null, userName=zzjtestflow, realName=zzjtestflow, email=null, phoneNumber=null, userType=3, startFlag=1, secretLevel=4, sortIndex=128190, userPost=null, password=null, passwordUpdateTime=2021-08-17T09:45:02.483, personDocId=null, personDoc=null, bdPersonJobDO=null, baseDocType=null, pinyin=zzjtestflow, pswPolicyId=null, failLoginTimes=0, unlockTime=2021-12-03T12:48:59.156, organizationId=1447ac5ad4cd408ba55e2cb6f2ff6ee3, organizationName=null, departmentId=null, departmentCode=null, departmentName=null, departmentSortPath=null, groupId=0b810652d0e84269addf1f147a9c551d, groupName=null, firstLogin=0, beDeleted=0, organizes=null, groups=null, apps=null, userGroups=null, roleType=null, ipBind=0, ipAddress=192.168.20.136)
2021-12-03 14:29:21 [INFO] com.csicit.ace.common.log.AceLocalLogger : REQUEST_USER: zzjtestflow(zzjtestflow), REQUEST_IP:   192.168.20.136
2021-12-03 14:29:21 [INFO] com.csicit.ace.common.log.AceLocalLogger :  61788--请求地址: http://127.0.0.1:2100/ehcache/action/get ,HTTP_METHOD: GET ,IP: 127.0.0.1 ,CLASS_METHOD: com.csicit.ace.zuul.controller.EhcacheHttpController.get ,请求参数: {"key":["2ucy_1-1CIKoDcOa_IojiyUiVwjxeTkOzWYGu1boPypxHVyfcqYdIjB7mC7GqOI1nY0U6g2NOxpfiNV6kjUcxprStp4dh_salMacpWmYYDRj7xMm71j7-QlL4Xm3x7V1hOoi9kp9iQB2fj_U6dEhKg==userid"]}
2021-12-03 14:29:21 [INFO] com.csicit.ace.common.log.AceLocalLogger :  61788--耗时 : 0
2021-12-03 14:29:21 [INFO] com.csicit.ace.common.log.AceLocalLogger :  61791--请求地址: http://127.0.0.1:2100/ehcache/action/get ,HTTP_METHOD: GET ,IP: 127.0.0.1 ,CLASS_METHOD: com.csicit.ace.zuul.controller.EhcacheHttpController.get ,请求参数: {"key":["2ucy_1-1CIKoDcOa_IojiyUiVwjxeTkOzWYGu1boPypxHVyfcqYdIjB7mC7GqOI1nY0U6g2NOxpfiNV6kjUcxprStp4dh_salMacpWmYYDRj7xMm71j7-QlL4Xm3x7V1hOoi9kp9iQB2fj_U6dEhKg==userid"]}
2021-12-03 14:29:21 [INFO] com.csicit.ace.common.log.AceLocalLogger :  61791--耗时 : 0
2021-12-03 14:29:21 [INFO] com.csicit.ace.common.log.AceLocalLogger :  61798--请求地址: http://127.0.0.1:2100/ehcache/action/get ,HTTP_METHOD: GET ,IP: 127.0.0.1 ,CLASS_METHOD: com.csicit.ace.zuul.controller.EhcacheHttpController.get ,请求参数: {"key":["2ucy_1-1CIKoDcOa_IojiyUiVwjxeTkOzWYGu1boPypxHVyfcqYdIjB7mC7GqOI1nY0U6g2NOxpfiNV6kjUcxprStp4dh_salMacpWmYYDRj7xMm71j7-QlL4Xm3x7V1hOoi9kp9iQB2fj_U6dEhKg=="]}
2021-12-03 14:29:21 [INFO] com.csicit.ace.common.log.AceLocalLogger :  61798--耗时 : 0
2021-12-03 14:29:21 [INFO] com.csicit.ace.common.log.AceLocalLogger :  61814--请求地址: http://127.0.0.1:2100/orgauth/sysAuths/action/hasAuthorityWithUserId/f5d6d37948d3414e938343cb5ac96f21/de482dd67d034e47821f1cf11b4d2cb7 ,HTTP_METHOD: GET ,IP: 192.168.20.136 ,CLASS_METHOD: com.csicit.ace.orgauth.core.controller.SysAuthControllerO.hasAuthorityWithUserId ,请求参数: {}
2021-12-03 14:29:21 [INFO] com.csicit.ace.common.log.AceLocalLogger :  61814--耗时 : 3
2021-12-03 14:29:21 [INFO] com.csicit.ace.common.log.AceLocalLogger :  61826--请求地址: http://127.0.0.1:2100/orgauth/sysUsers/f5d6d37948d3414e938343cb5ac96f21 ,HTTP_METHOD: GET ,IP: 192.168.20.136 ,CLASS_METHOD: com.csicit.ace.orgauth.core.controller.SysUserControllerO.infoById ,请求参数: {}
2021-12-03 14:29:21 [INFO] com.csicit.ace.common.log.AceLocalLogger :  61826--耗时 : 6
2021-12-03 14:29:21 [INFO] com.csicit.ace.common.log.AceLocalLogger :  61836--请求地址: http://127.0.0.1:2100/orgauth/sysUsers/action/getSomeUsers ,HTTP_METHOD: GET ,IP: 192.168.20.136 ,CLASS_METHOD: com.csicit.ace.orgauth.core.controller.SysUserControllerO.getSomeUsers ,请求参数: {"code":["user"],"ids":["[\"f5d6d37948d3414e938343cb5ac96f21\"]"]}
2021-12-03 14:29:21 [INFO] com.csicit.ace.common.log.AceLocalLogger :  61836--耗时 : 6
2021-12-03 14:29:21 [INFO] com.csicit.ace.common.log.AceLocalLogger :  61866--请求地址: http://127.0.0.1:2100/ehcache/action/get ,HTTP_METHOD: GET ,IP: 127.0.0.1 ,CLASS_METHOD: com.csicit.ace.zuul.controller.EhcacheHttpController.get ,请求参数: {"key":["WFI_FLOW"]}
2021-12-03 14:29:21 [INFO] com.csicit.ace.common.log.AceLocalLogger :  61866--耗时 : 0
2021-12-03 14:29:21 [INFO] com.csicit.ace.common.log.AceLocalLogger :  61892--请求地址: http://127.0.0.1:2100/ehcache/action/hasKey ,HTTP_METHOD: GET ,IP: 127.0.0.1 ,CLASS_METHOD: com.csicit.ace.zuul.controller.EhcacheHttpController.hasKey ,请求参数: {"key":["WFI_FLOW"]}
2021-12-03 14:29:21 [INFO] com.csicit.ace.common.log.AceLocalLogger :  61892--耗时 : 0
2021-12-03 14:29:21 [INFO] com.csicit.ace.common.log.AceLocalLogger :  61910--请求地址: http://127.0.0.1:2100/ehcache/action/get ,HTTP_METHOD: GET ,IP: 127.0.0.1 ,CLASS_METHOD: com.csicit.ace.zuul.controller.EhcacheHttpController.get ,请求参数: {"key":["WFI_FLOW"]}
2021-12-03 14:29:21 [INFO] com.csicit.ace.common.log.AceLocalLogger :  61910--耗时 : 0
2021-12-03 14:29:21 [INFO] com.csicit.ace.common.log.AceLocalLogger :  61917--请求地址: http://127.0.0.1:2100/ehcache/action/hasKey ,HTTP_METHOD: GET ,IP: 127.0.0.1 ,CLASS_METHOD: com.csicit.ace.zuul.controller.EhcacheHttpController.hasKey ,请求参数: {"key":["WFI_FLOW"]}
2021-12-03 14:29:21 [INFO] com.csicit.ace.common.log.AceLocalLogger :  61917--耗时 : 0
2021-12-03 14:29:21 [INFO] com.csicit.ace.common.log.AceLocalLogger :  61927--请求地址: http://127.0.0.1:2100/ehcache/action/setExpire ,HTTP_METHOD: POST ,IP: 127.0.0.1 ,CLASS_METHOD: com.csicit.ace.zuul.controller.EhcacheHttpController.set ,请求参数: {"expire":["600"],"key":["WFI_FLOW"]}
2021-12-03 14:29:21 [INFO] com.csicit.ace.common.log.AceLocalLogger :  61927--耗时 : 0
2021-12-03 14:29:21 [INFO] com.csicit.ace.common.log.AceLocalLogger :  61934--请求地址: http://127.0.0.1:2100/ehcache/action/get ,HTTP_METHOD: GET ,IP: 127.0.0.1 ,CLASS_METHOD: com.csicit.ace.zuul.controller.EhcacheHttpController.get ,请求参数: {"key":["WFI_FLOW"]}
2021-12-03 14:29:21 [INFO] com.csicit.ace.common.log.AceLocalLogger :  61934--耗时 : 0
2021-12-03 14:29:21 [INFO] com.csicit.ace.common.log.AceLocalLogger :  61937--请求地址: http://127.0.0.1:2100/ehcache/action/get ,HTTP_METHOD: GET ,IP: 127.0.0.1 ,CLASS_METHOD: com.csicit.ace.zuul.controller.EhcacheHttpController.get ,请求参数: {"key":["WFI_FLOW"]}
2021-12-03 14:29:21 [INFO] com.csicit.ace.common.log.AceLocalLogger :  61937--耗时 : 0
2021-12-03 14:29:21 [INFO] com.csicit.ace.common.log.AceLocalLogger :  61940--请求地址: http://127.0.0.1:2100/ehcache/action/get ,HTTP_METHOD: GET ,IP: 127.0.0.1 ,CLASS_METHOD: com.csicit.ace.zuul.controller.EhcacheHttpController.get ,请求参数: {"key":["WFI_FLOW"]}
2021-12-03 14:29:21 [INFO] com.csicit.ace.common.log.AceLocalLogger :  61940--耗时 : 0
2021-12-03 14:29:22 [INFO] com.csicit.ace.common.log.AceLocalLogger :  62035--请求地址: http://127.0.0.1:2100/ehcache/action/get ,HTTP_METHOD: GET ,IP: 127.0.0.1 ,CLASS_METHOD: com.csicit.ace.zuul.controller.EhcacheHttpController.get ,请求参数: {"key":["WFI_FLOW"]}
2021-12-03 14:29:22 [INFO] com.csicit.ace.common.log.AceLocalLogger :  62035--耗时 : 0
2021-12-03 14:29:22 [INFO] com.csicit.ace.common.log.AceLocalLogger :  62042--请求地址: http://127.0.0.1:2100/ehcache/action/get ,HTTP_METHOD: GET ,IP: 127.0.0.1 ,CLASS_METHOD: com.csicit.ace.zuul.controller.EhcacheHttpController.get ,请求参数: {"key":["platform_internationalization"]}
2021-12-03 14:29:22 [INFO] com.csicit.ace.common.log.AceLocalLogger :  62042--耗时 : 0
2021-12-03 14:29:22 [INFO] com.csicit.ace.common.log.AceLocalLogger :  62044--请求地址: http://127.0.0.1:2100/ehcache/action/get ,HTTP_METHOD: GET ,IP: 127.0.0.1 ,CLASS_METHOD: com.csicit.ace.zuul.controller.EhcacheHttpController.get ,请求参数: {"key":["platform_internationalization"]}
2021-12-03 14:29:22 [INFO] com.csicit.ace.common.log.AceLocalLogger :  62044--耗时 : 0
2021-12-03 14:29:22 [INFO] com.csicit.ace.common.log.AceLocalLogger :  62046--请求地址: http://127.0.0.1:2100/ehcache/action/get ,HTTP_METHOD: GET ,IP: 127.0.0.1 ,CLASS_METHOD: com.csicit.ace.zuul.controller.EhcacheHttpController.get ,请求参数: {"key":["2ucy_1-1CIKoDcOa_IojiyUiVwjxeTkOzWYGu1boPypxHVyfcqYdIjB7mC7GqOI1nY0U6g2NOxpfiNV6kjUcxprStp4dh_salMacpWmYYDRj7xMm71j7-QlL4Xm3x7V1hOoi9kp9iQB2fj_U6dEhKg=="]}
2021-12-03 14:29:22 [INFO] com.csicit.ace.common.log.AceLocalLogger :  62046--耗时 : 0
2021-12-03 14:29:22 [INFO] com.csicit.ace.common.log.AceLocalLogger :  62049--请求地址: http://127.0.0.1:2100/ehcache/action/get ,HTTP_METHOD: GET ,IP: 127.0.0.1 ,CLASS_METHOD: com.csicit.ace.zuul.controller.EhcacheHttpController.get ,请求参数: {"key":["2ucy_1-1CIKoDcOa_IojiyUiVwjxeTkOzWYGu1boPypxHVyfcqYdIjB7mC7GqOI1nY0U6g2NOxpfiNV6kjUcxprStp4dh_salMacpWmYYDRj7xMm71j7-QlL4Xm3x7V1hOoi9kp9iQB2fj_U6dEhKg=="]}
2021-12-03 14:29:22 [INFO] com.csicit.ace.common.log.AceLocalLogger :  62049--耗时 : 0
2021-12-03 14:29:22 [INFO] com.csicit.ace.common.log.AceLocalLogger :  62293--请求地址: http://127.0.0.1:2100/orgauth/sysAuditLogs ,HTTP_METHOD: POST ,IP: 192.168.20.136 ,CLASS_METHOD: com.csicit.ace.orgauth.core.controller.SysAuditLogControllerO.saveLog ,请求参数: {"title":["流程创建"],"opContent":["流程标识：fileReview，流程实例ID：1c7babac-efbf-4d3e-8362-3830e3b7c36c"],"groupId":["0b810652d0e84269addf1f147a9c551d"],"appId":["dv-testapp-platform"]}
2021-12-03 14:29:22 [WARN] com.baomidou.mybatisplus.core.toolkit.sql.SqlHelper : Warn: execute Method There are  2 results.
2021-12-03 14:29:22 [INFO] com.csicit.ace.common.log.AceLocalLogger :  62293--耗时 : 21
2021-12-03 14:29:22 [INFO] com.csicit.ace.common.log.AceLocalLogger :  62316--请求地址: http://127.0.0.1:2100/ehcache/action/get ,HTTP_METHOD: GET ,IP: 127.0.0.1 ,CLASS_METHOD: com.csicit.ace.zuul.controller.EhcacheHttpController.get ,请求参数: {"key":["2ucy_1-1CIKoDcOa_IojiyUiVwjxeTkOzWYGu1boPypxHVyfcqYdIjB7mC7GqOI1nY0U6g2NOxpfiNV6kjUcxprStp4dh_salMacpWmYYDRj7xMm71j7-QlL4Xm3x7V1hOoi9kp9iQB2fj_U6dEhKg==userid"]}
2021-12-03 14:29:22 [INFO] com.csicit.ace.common.log.AceLocalLogger :  62316--耗时 : 1
2021-12-03 14:29:22 [INFO] com.csicit.ace.common.log.AceLocalLogger :  62327--请求地址: http://127.0.0.1:2100/ehcache/action/get ,HTTP_METHOD: GET ,IP: 127.0.0.1 ,CLASS_METHOD: com.csicit.ace.zuul.controller.EhcacheHttpController.get ,请求参数: {"key":["2ucy_1-1CIKoDcOa_IojiyUiVwjxeTkOzWYGu1boPypxHVyfcqYdIjB7mC7GqOI1nY0U6g2NOxpfiNV6kjUcxprStp4dh_salMacpWmYYDRj7xMm71j7-QlL4Xm3x7V1hOoi9kp9iQB2fj_U6dEhKg==userid"]}
2021-12-03 14:29:22 [INFO] com.csicit.ace.common.log.AceLocalLogger :  62327--耗时 : 0
2021-12-03 14:29:22 [INFO] com.csicit.ace.common.log.AceLocalLogger :  62335--请求地址: http://127.0.0.1:2100/ehcache/action/get ,HTTP_METHOD: GET ,IP: 127.0.0.1 ,CLASS_METHOD: com.csicit.ace.zuul.controller.EhcacheHttpController.get ,请求参数: {"key":["WFI_FLOW"]}
2021-12-03 14:29:22 [INFO] com.csicit.ace.common.log.AceLocalLogger :  62335--耗时 : 0
2021-12-03 14:29:22 [INFO] com.csicit.ace.common.log.AceLocalLogger :  62341--请求地址: http://127.0.0.1:2100/fileUpload/reviewFile ,HTTP_METHOD: POST ,IP: 192.168.20.136 ,CLASS_METHOD: com.csicit.ace.fileserver.core.controller.FileUploadController.reviewFile ,请求参数: {"uploadFormId":["41bc388a-d188-4250-b252-108540711fb3"]}
2021-12-03 14:29:22 [INFO] com.csicit.ace.common.log.AceLocalLogger :  62341--耗时 : 36
2021-12-03 14:29:22 [INFO] com.csicit.ace.common.log.AceLocalLogger :  62381--请求地址: http://127.0.0.1:2100/ehcache/action/get ,HTTP_METHOD: GET ,IP: 127.0.0.1 ,CLASS_METHOD: com.csicit.ace.zuul.controller.EhcacheHttpController.get ,请求参数: {"key":["platform_internationalization"]}
2021-12-03 14:29:22 [INFO] com.csicit.ace.common.log.AceLocalLogger :  62381--耗时 : 0
2021-12-03 14:29:22 [INFO] com.csicit.ace.common.log.AceLocalLogger : REQUEST_URL:/dv-testapp-platform/bpm/getFlowModelByCode, REQUEST_METHOD:GET, REQUEST_IP:192.168.20.136
2021-12-03 14:29:22 [INFO] com.csicit.ace.common.log.AceLocalLogger : -----token:2ucy_1-1CIKoDcOa_IojiyUiVwjxeTkOzWYGu1boPypxHVyfcqYdIjB7mC7GqOI1nY0U6g2NOxpfiNV6kjUcxprStp4dh_salMacpWmYYDRj7xMm71j7-QlL4Xm3x7V1hOoi9kp9iQB2fj_U6dEhKg==
2021-12-03 14:29:22 [INFO] com.csicit.ace.common.log.AceLocalLogger : -----sysUserDO:SysUserDO(staffNo=null, userName=zzjtestflow, realName=zzjtestflow, email=null, phoneNumber=null, userType=3, startFlag=1, secretLevel=4, sortIndex=128190, userPost=null, password=null, passwordUpdateTime=2021-08-17T09:45:02.483, personDocId=null, personDoc=null, bdPersonJobDO=null, baseDocType=null, pinyin=zzjtestflow, pswPolicyId=null, failLoginTimes=0, unlockTime=2021-12-03T12:48:59.156, organizationId=1447ac5ad4cd408ba55e2cb6f2ff6ee3, organizationName=null, departmentId=null, departmentCode=null, departmentName=null, departmentSortPath=null, groupId=0b810652d0e84269addf1f147a9c551d, groupName=null, firstLogin=0, beDeleted=0, organizes=null, groups=null, apps=null, userGroups=null, roleType=null, ipBind=0, ipAddress=192.168.20.136)
2021-12-03 14:29:22 [INFO] com.csicit.ace.common.log.AceLocalLogger : REQUEST_USER: zzjtestflow(zzjtestflow), REQUEST_IP:   192.168.20.136
2021-12-03 14:29:22 [INFO] com.csicit.ace.common.log.AceLocalLogger :  62396--请求地址: http://192.168.20.136:2100/fileConfiguration/load ,HTTP_METHOD: POST ,IP: 192.168.20.136 ,CLASS_METHOD: com.csicit.ace.fileserver.core.controller.FileConfigurationController.load ,请求参数: {"appName":["dv-testapp-platform"],"token":["2ucy_1-1CIKoDcOa_IojiyUiVwjxeTkOzWYGu1boPypxHVyfcqYdIjB7mC7GqOI1nY0U6g2NOxpfiNV6kjUcxprStp4dh_salMacpWmYYDRj7xMm71j7-QlL4Xm3x7V1hOoi9kp9iQB2fj_U6dEhKg=="]}
2021-12-03 14:29:22 [INFO] com.csicit.ace.common.log.AceLocalLogger :  62406--请求地址: http://127.0.0.1:2100/ehcache/action/get ,HTTP_METHOD: GET ,IP: 127.0.0.1 ,CLASS_METHOD: com.csicit.ace.zuul.controller.EhcacheHttpController.get ,请求参数: {"key":["platform_internationalization"]}
2021-12-03 14:29:22 [INFO] com.csicit.ace.common.log.AceLocalLogger :  62406--耗时 : 0
2021-12-03 14:29:22 [INFO] com.csicit.ace.common.log.AceLocalLogger : REQUEST_URL:/dv-testapp-platform/bpm/getNodeInfoByBusinessKey, REQUEST_METHOD:GET, REQUEST_IP:192.168.20.136
2021-12-03 14:29:22 [INFO] com.csicit.ace.common.log.AceLocalLogger : -----token:2ucy_1-1CIKoDcOa_IojiyUiVwjxeTkOzWYGu1boPypxHVyfcqYdIjB7mC7GqOI1nY0U6g2NOxpfiNV6kjUcxprStp4dh_salMacpWmYYDRj7xMm71j7-QlL4Xm3x7V1hOoi9kp9iQB2fj_U6dEhKg==
2021-12-03 14:29:22 [INFO] com.csicit.ace.common.log.AceLocalLogger : -----sysUserDO:SysUserDO(staffNo=null, userName=zzjtestflow, realName=zzjtestflow, email=null, phoneNumber=null, userType=3, startFlag=1, secretLevel=4, sortIndex=128190, userPost=null, password=null, passwordUpdateTime=2021-08-17T09:45:02.483, personDocId=null, personDoc=null, bdPersonJobDO=null, baseDocType=null, pinyin=zzjtestflow, pswPolicyId=null, failLoginTimes=0, unlockTime=2021-12-03T12:48:59.156, organizationId=1447ac5ad4cd408ba55e2cb6f2ff6ee3, organizationName=null, departmentId=null, departmentCode=null, departmentName=null, departmentSortPath=null, groupId=0b810652d0e84269addf1f147a9c551d, groupName=null, firstLogin=0, beDeleted=0, organizes=null, groups=null, apps=null, userGroups=null, roleType=null, ipBind=0, ipAddress=192.168.20.136)
2021-12-03 14:29:22 [INFO] com.csicit.ace.common.log.AceLocalLogger : REQUEST_USER: zzjtestflow(zzjtestflow), REQUEST_IP:   192.168.20.136
2021-12-03 14:29:22 [INFO] com.csicit.ace.common.log.AceLocalLogger :  62462--请求地址: http://127.0.0.1:2100/ehcache/action/get ,HTTP_METHOD: GET ,IP: 127.0.0.1 ,CLASS_METHOD: com.csicit.ace.zuul.controller.EhcacheHttpController.get ,请求参数: {"key":["2ucy_1-1CIKoDcOa_IojiyUiVwjxeTkOzWYGu1boPypxHVyfcqYdIjB7mC7GqOI1nY0U6g2NOxpfiNV6kjUcxprStp4dh_salMacpWmYYDRj7xMm71j7-QlL4Xm3x7V1hOoi9kp9iQB2fj_U6dEhKg=="]}
2021-12-03 14:29:22 [INFO] com.csicit.ace.common.log.AceLocalLogger :  62462--耗时 : 0
2021-12-03 14:29:22 [INFO] com.csicit.ace.common.log.AceLocalLogger :  62470--请求地址: http://127.0.0.1:2100/ehcache/action/get ,HTTP_METHOD: GET ,IP: 127.0.0.1 ,CLASS_METHOD: com.csicit.ace.zuul.controller.EhcacheHttpController.get ,请求参数: {"key":["2ucy_1-1CIKoDcOa_IojiyUiVwjxeTkOzWYGu1boPypxHVyfcqYdIjB7mC7GqOI1nY0U6g2NOxpfiNV6kjUcxprStp4dh_salMacpWmYYDRj7xMm71j7-QlL4Xm3x7V1hOoi9kp9iQB2fj_U6dEhKg==userid"]}
2021-12-03 14:29:22 [INFO] com.csicit.ace.common.log.AceLocalLogger :  62470--耗时 : 0
2021-12-03 14:29:22 [INFO] com.csicit.ace.common.log.AceLocalLogger :  62508--请求地址: http://127.0.0.1:2100/ehcache/action/get ,HTTP_METHOD: GET ,IP: 127.0.0.1 ,CLASS_METHOD: com.csicit.ace.zuul.controller.EhcacheHttpController.get ,请求参数: {"key":["platform_internationalization"]}
2021-12-03 14:29:22 [INFO] com.csicit.ace.common.log.AceLocalLogger :  62508--耗时 : 0
2021-12-03 14:29:22 [INFO] com.csicit.ace.common.log.AceLocalLogger :  62396--耗时 : 157
2021-12-03 14:29:22 [INFO] com.csicit.ace.common.log.AceLocalLogger : REQUEST_URL:/dv-testapp-platform/bpm/wfdUserPage/fileReview, REQUEST_METHOD:GET, REQUEST_IP:192.168.20.136
2021-12-03 14:29:22 [INFO] com.csicit.ace.common.log.AceLocalLogger : -----token:2ucy_1-1CIKoDcOa_IojiyUiVwjxeTkOzWYGu1boPypxHVyfcqYdIjB7mC7GqOI1nY0U6g2NOxpfiNV6kjUcxprStp4dh_salMacpWmYYDRj7xMm71j7-QlL4Xm3x7V1hOoi9kp9iQB2fj_U6dEhKg==
2021-12-03 14:29:22 [INFO] com.csicit.ace.common.log.AceLocalLogger : -----sysUserDO:SysUserDO(staffNo=null, userName=zzjtestflow, realName=zzjtestflow, email=null, phoneNumber=null, userType=3, startFlag=1, secretLevel=4, sortIndex=128190, userPost=null, password=null, passwordUpdateTime=2021-08-17T09:45:02.483, personDocId=null, personDoc=null, bdPersonJobDO=null, baseDocType=null, pinyin=zzjtestflow, pswPolicyId=null, failLoginTimes=0, unlockTime=2021-12-03T12:48:59.156, organizationId=1447ac5ad4cd408ba55e2cb6f2ff6ee3, organizationName=null, departmentId=null, departmentCode=null, departmentName=null, departmentSortPath=null, groupId=0b810652d0e84269addf1f147a9c551d, groupName=null, firstLogin=0, beDeleted=0, organizes=null, groups=null, apps=null, userGroups=null, roleType=null, ipBind=0, ipAddress=192.168.20.136)
2021-12-03 14:29:22 [INFO] com.csicit.ace.common.log.AceLocalLogger : REQUEST_URL:/dv-testapp-platform/ReviewFile/41bc388a-d188-4250-b252-108540711fb3, REQUEST_METHOD:GET, REQUEST_IP:192.168.20.136
2021-12-03 14:29:22 [INFO] com.csicit.ace.common.log.AceLocalLogger : REQUEST_USER: zzjtestflow(zzjtestflow), REQUEST_IP:   192.168.20.136
2021-12-03 14:29:22 [INFO] com.csicit.ace.common.log.AceLocalLogger : -----token:2ucy_1-1CIKoDcOa_IojiyUiVwjxeTkOzWYGu1boPypxHVyfcqYdIjB7mC7GqOI1nY0U6g2NOxpfiNV6kjUcxprStp4dh_salMacpWmYYDRj7xMm71j7-QlL4Xm3x7V1hOoi9kp9iQB2fj_U6dEhKg==
2021-12-03 14:29:22 [INFO] com.csicit.ace.common.log.AceLocalLogger : -----sysUserDO:SysUserDO(staffNo=null, userName=zzjtestflow, realName=zzjtestflow, email=null, phoneNumber=null, userType=3, startFlag=1, secretLevel=4, sortIndex=128190, userPost=null, password=null, passwordUpdateTime=2021-08-17T09:45:02.483, personDocId=null, personDoc=null, bdPersonJobDO=null, baseDocType=null, pinyin=zzjtestflow, pswPolicyId=null, failLoginTimes=0, unlockTime=2021-12-03T12:48:59.156, organizationId=1447ac5ad4cd408ba55e2cb6f2ff6ee3, organizationName=null, departmentId=null, departmentCode=null, departmentName=null, departmentSortPath=null, groupId=0b810652d0e84269addf1f147a9c551d, groupName=null, firstLogin=0, beDeleted=0, organizes=null, groups=null, apps=null, userGroups=null, roleType=null, ipBind=0, ipAddress=192.168.20.136)
2021-12-03 14:29:22 [INFO] com.csicit.ace.common.log.AceLocalLogger : REQUEST_USER: zzjtestflow(zzjtestflow), REQUEST_IP:   192.168.20.136
2021-12-03 14:29:22 [INFO] com.csicit.ace.common.log.AceLocalLogger : REQUEST_URL:/dv-testapp-platform/bpm/getHandingProcessByBusinessKey, REQUEST_METHOD:GET, REQUEST_IP:192.168.20.136
2021-12-03 14:29:22 [INFO] com.csicit.ace.common.log.AceLocalLogger : REQUEST_URL:/dv-testapp-platform/wfiComment/listByBusinessKey, REQUEST_METHOD:GET, REQUEST_IP:192.168.20.136
2021-12-03 14:29:22 [INFO] com.csicit.ace.common.log.AceLocalLogger : -----token:2ucy_1-1CIKoDcOa_IojiyUiVwjxeTkOzWYGu1boPypxHVyfcqYdIjB7mC7GqOI1nY0U6g2NOxpfiNV6kjUcxprStp4dh_salMacpWmYYDRj7xMm71j7-QlL4Xm3x7V1hOoi9kp9iQB2fj_U6dEhKg==
2021-12-03 14:29:22 [INFO] com.csicit.ace.common.log.AceLocalLogger : -----token:2ucy_1-1CIKoDcOa_IojiyUiVwjxeTkOzWYGu1boPypxHVyfcqYdIjB7mC7GqOI1nY0U6g2NOxpfiNV6kjUcxprStp4dh_salMacpWmYYDRj7xMm71j7-QlL4Xm3x7V1hOoi9kp9iQB2fj_U6dEhKg==
2021-12-03 14:29:22 [INFO] com.csicit.ace.common.log.AceLocalLogger : -----sysUserDO:SysUserDO(staffNo=null, userName=zzjtestflow, realName=zzjtestflow, email=null, phoneNumber=null, userType=3, startFlag=1, secretLevel=4, sortIndex=128190, userPost=null, password=null, passwordUpdateTime=2021-08-17T09:45:02.483, personDocId=null, personDoc=null, bdPersonJobDO=null, baseDocType=null, pinyin=zzjtestflow, pswPolicyId=null, failLoginTimes=0, unlockTime=2021-12-03T12:48:59.156, organizationId=1447ac5ad4cd408ba55e2cb6f2ff6ee3, organizationName=null, departmentId=null, departmentCode=null, departmentName=null, departmentSortPath=null, groupId=0b810652d0e84269addf1f147a9c551d, groupName=null, firstLogin=0, beDeleted=0, organizes=null, groups=null, apps=null, userGroups=null, roleType=null, ipBind=0, ipAddress=192.168.20.136)
2021-12-03 14:29:22 [INFO] com.csicit.ace.common.log.AceLocalLogger : -----sysUserDO:SysUserDO(staffNo=null, userName=zzjtestflow, realName=zzjtestflow, email=null, phoneNumber=null, userType=3, startFlag=1, secretLevel=4, sortIndex=128190, userPost=null, password=null, passwordUpdateTime=2021-08-17T09:45:02.483, personDocId=null, personDoc=null, bdPersonJobDO=null, baseDocType=null, pinyin=zzjtestflow, pswPolicyId=null, failLoginTimes=0, unlockTime=2021-12-03T12:48:59.156, organizationId=1447ac5ad4cd408ba55e2cb6f2ff6ee3, organizationName=null, departmentId=null, departmentCode=null, departmentName=null, departmentSortPath=null, groupId=0b810652d0e84269addf1f147a9c551d, groupName=null, firstLogin=0, beDeleted=0, organizes=null, groups=null, apps=null, userGroups=null, roleType=null, ipBind=0, ipAddress=192.168.20.136)
2021-12-03 14:29:22 [INFO] com.csicit.ace.common.log.AceLocalLogger : REQUEST_USER: zzjtestflow(zzjtestflow), REQUEST_IP:   192.168.20.136
2021-12-03 14:29:22 [INFO] com.csicit.ace.common.log.AceLocalLogger : REQUEST_USER: zzjtestflow(zzjtestflow), REQUEST_IP:   192.168.20.136
2021-12-03 14:29:22 [INFO] com.csicit.ace.common.log.AceLocalLogger :  62571--请求地址: http://192.168.20.136:2100/fileConfiguration/loadReviewFile ,HTTP_METHOD: POST ,IP: 192.168.20.136 ,CLASS_METHOD: com.csicit.ace.fileserver.core.controller.FileConfigurationController.loadReviewFile ,请求参数: {"appName":["dv-testapp-platform"],"token":["2ucy_1-1CIKoDcOa_IojiyUiVwjxeTkOzWYGu1boPypxHVyfcqYdIjB7mC7GqOI1nY0U6g2NOxpfiNV6kjUcxprStp4dh_salMacpWmYYDRj7xMm71j7-QlL4Xm3x7V1hOoi9kp9iQB2fj_U6dEhKg=="],"formId":["41bc388a-d188-4250-b252-108540711fb3"]}
2021-12-03 14:29:22 [INFO] com.csicit.ace.common.log.AceLocalLogger :  62573--请求地址: http://127.0.0.1:2100/ehcache/action/get ,HTTP_METHOD: GET ,IP: 127.0.0.1 ,CLASS_METHOD: com.csicit.ace.zuul.controller.EhcacheHttpController.get ,请求参数: {"key":["2ucy_1-1CIKoDcOa_IojiyUiVwjxeTkOzWYGu1boPypxHVyfcqYdIjB7mC7GqOI1nY0U6g2NOxpfiNV6kjUcxprStp4dh_salMacpWmYYDRj7xMm71j7-QlL4Xm3x7V1hOoi9kp9iQB2fj_U6dEhKg==userid"]}
2021-12-03 14:29:22 [INFO] com.csicit.ace.common.log.AceLocalLogger :  62573--耗时 : 0
2021-12-03 14:29:22 [INFO] com.csicit.ace.common.log.AceLocalLogger :  62575--请求地址: http://127.0.0.1:2100/ehcache/action/get ,HTTP_METHOD: GET ,IP: 127.0.0.1 ,CLASS_METHOD: com.csicit.ace.zuul.controller.EhcacheHttpController.get ,请求参数: {"key":["platform_internationalization"]}
2021-12-03 14:29:22 [INFO] com.csicit.ace.common.log.AceLocalLogger :  62575--耗时 : 0
2021-12-03 14:29:22 [WARN] com.baomidou.mybatisplus.core.toolkit.sql.SqlHelper : Warn: execute Method There are  2 results.
2021-12-03 14:29:22 [INFO] com.csicit.ace.common.log.AceLocalLogger :  62579--请求地址: http://127.0.0.1:2100/ehcache/action/get ,HTTP_METHOD: GET ,IP: 127.0.0.1 ,CLASS_METHOD: com.csicit.ace.zuul.controller.EhcacheHttpController.get ,请求参数: {"key":["platform_internationalization"]}
2021-12-03 14:29:22 [INFO] com.csicit.ace.common.log.AceLocalLogger :  62579--耗时 : 0
2021-12-03 14:29:22 [INFO] com.csicit.ace.common.log.AceLocalLogger :  62583--请求地址: http://127.0.0.1:2100/ehcache/action/get ,HTTP_METHOD: GET ,IP: 127.0.0.1 ,CLASS_METHOD: com.csicit.ace.zuul.controller.EhcacheHttpController.get ,请求参数: {"key":["platform_internationalization"]}
2021-12-03 14:29:22 [INFO] com.csicit.ace.common.log.AceLocalLogger :  62583--耗时 : 0
2021-12-03 14:29:22 [INFO] com.csicit.ace.common.log.AceLocalLogger :  62592--请求地址: http://127.0.0.1:2100/ehcache/action/get ,HTTP_METHOD: GET ,IP: 127.0.0.1 ,CLASS_METHOD: com.csicit.ace.zuul.controller.EhcacheHttpController.get ,请求参数: {"key":["platform_internationalization"]}
2021-12-03 14:29:22 [INFO] com.csicit.ace.common.log.AceLocalLogger :  62592--耗时 : 0
2021-12-03 14:29:22 [INFO] com.csicit.ace.common.log.AceLocalLogger :  62595--请求地址: http://127.0.0.1:2100/orgauth/sysUsers/action/getSomeUsers ,HTTP_METHOD: GET ,IP: 192.168.20.136 ,CLASS_METHOD: com.csicit.ace.orgauth.core.controller.SysUserControllerO.getSomeUsers ,请求参数: {"code":["user"],"ids":["[\"f5d6d37948d3414e938343cb5ac96f21\"]"]}
2021-12-03 14:29:22 [INFO] com.csicit.ace.common.log.AceLocalLogger :  62595--耗时 : 7
2021-12-03 14:29:22 [INFO] com.csicit.ace.common.log.AceLocalLogger :  62571--耗时 : 159
2021-12-03 14:29:25 [INFO] com.csicit.ace.common.log.AceLocalLogger :  65249--请求地址: http://192.168.20.136:2100/fileDownload/downloadReviewFile ,HTTP_METHOD: GET ,IP: 192.168.20.136 ,CLASS_METHOD: com.csicit.ace.fileserver.core.controller.FileDownloadController.downloadReviewFile ,请求参数: {"appName":["dv-testapp-platform"],"token":["2ucy_1-1CIKoDcOa_IojiyUiVwjxeTkOzWYGu1boPypxHVyfcqYdIjB7mC7GqOI1nY0U6g2NOxpfiNV6kjUcxprStp4dh_salMacpWmYYDRj7xMm71j7-QlL4Xm3x7V1hOoi9kp9iQB2fj_U6dEhKg=="],"configurationKey":["test-file"],"fileToken":["4d54f6ea1d12405fb762a79c6503b6b3"]}
2021-12-03 14:29:30 [INFO] com.csicit.ace.common.utils.system.SecurityUtils : 修改之前的Cookie: [{"httpOnly":false,"maxAge":-1,"name":"socketPort","secure":false,"value":"5070","version":0},{"httpOnly":false,"maxAge":-1,"name":"monoFlag","secure":false,"value":"1","version":0},{"httpOnly":false,"maxAge":-1,"name":"monoAppName","secure":false,"value":"undefined","version":0},{"httpOnly":false,"maxAge":-1,"name":"zuulFlag","secure":false,"value":"1","version":0},{"httpOnly":false,"maxAge":-1,"name":"_yapi_token","secure":false,"value":"eyJhbGciOiJIUzI1NiIsInR5cCI6IkpXVCJ9.eyJ1aWQiOjIzLCJpYXQiOjE2Mzg0MTY0MTQsImV4cCI6MTYzOTAyMTIxNH0.BB-HrjeFk4BKwatuQmU2R15Z9Q7uiKju0r8a99xQozQ","version":0},{"httpOnly":false,"maxAge":-1,"name":"_yapi_uid","secure":false,"value":"23","version":0},{"httpOnly":false,"maxAge":-1,"name":"platformName","secure":false,"value":"%E6%9D%B0%E7%91%9E%E4%BC%81%E4%B8%9A%E5%BA%94%E7%94%A8%E7%AE%A1%E7%90%86%E5%BC%80%E5%8F%91%E5%B9%B3%E5%8F%B0","version":0},{"httpOnly":false,"maxAge":-1,"name":"token","secure":false,"value":"2ucy_1-1CIKoDcOa_Ioji5rK8SlzNYA0eWmh5U0FebLcEyUp0BQ8sivjc05PxygvIwLijH-uDjEETdM_asXscQ7FMfGWN6Cx_yeFfJNO7xj4mBqIov_PcNMQk2fVReVNfiTTunk2hioF-KRzxI_kJg%3D%3D","version":0},{"httpOnly":false,"maxAge":-1,"name":"userName","secure":false,"value":"null","version":0},{"httpOnly":false,"maxAge":-1,"name":"appName","secure":false,"value":"dv-testapp-platform","version":0}]
2021-12-03 14:29:30 [INFO] com.csicit.ace.common.utils.system.SecurityUtils : 修改之后的Cookie: {"referer":"http://localhost:2203/","accept-language":"zh-CN,zh;q=0.9","cookie":"socketPort=5070; monoFlag=1; monoAppName=undefined; zuulFlag=1; _yapi_token=eyJhbGciOiJIUzI1NiIsInR5cCI6IkpXVCJ9.eyJ1aWQiOjIzLCJpYXQiOjE2Mzg0MTY0MTQsImV4cCI6MTYzOTAyMTIxNH0.BB-HrjeFk4BKwatuQmU2R15Z9Q7uiKju0r8a99xQozQ; _yapi_uid=23; platformName=%E6%9D%B0%E7%91%9E%E4%BC%81%E4%B8%9A%E5%BA%94%E7%94%A8%E7%AE%A1%E7%90%86%E5%BC%80%E5%8F%91%E5%B9%B3%E5%8F%B0; token=2ucy_1-1CIKoDcOa_Ioji5rK8SlzNYA0eWmh5U0FebLcEyUp0BQ8sivjc05PxygvIwLijH-uDjEETdM_asXscQ7FMfGWN6Cx_yeFfJNO7xj4mBqIov_PcNMQk2fVReVNfiTTunk2hioF-KRzxI_kJg%3D%3D; userName=null; appName=dv-testapp-platform","appName":"dv-testapp-platform","monoFlag":"1","monoAppName":"undefined","userName":"null","socketPort":"5070","token":"2ucy_1-1CIKoDcOa_Ioji5rK8SlzNYA0eWmh5U0FebLcEyUp0BQ8sivjc05PxygvIwLijH-uDjEETdM_asXscQ7FMfGWN6Cx_yeFfJNO7xj4mBqIov_PcNMQk2fVReVNfiTTunk2hioF-KRzxI_kJg%3D%3D","accept":"text/html,application/xhtml+xml,application/xml;q=0.9,image/avif,image/webp,image/apng,*/*;q=0.8,application/signed-exchange;v=b3;q=0.9","_yapi_uid":"23","host":"192.168.20.136:2100","upgrade-insecure-requests":"1","connection":"keep-alive","zuulFlag":"1","platformName":"%E6%9D%B0%E7%91%9E%E4%BC%81%E4%B8%9A%E5%BA%94%E7%94%A8%E7%AE%A1%E7%90%86%E5%BC%80%E5%8F%91%E5%B9%B3%E5%8F%B0","_yapi_token":"eyJhbGciOiJIUzI1NiIsInR5cCI6IkpXVCJ9.eyJ1aWQiOjIzLCJpYXQiOjE2Mzg0MTY0MTQsImV4cCI6MTYzOTAyMTIxNH0.BB-HrjeFk4BKwatuQmU2R15Z9Q7uiKju0r8a99xQozQ","accept-encoding":"gzip, deflate","user-agent":"Mozilla/5.0 (Windows NT 10.0; Win64; x64) AppleWebKit/537.36 (KHTML, like Gecko) Chrome/96.0.4664.45 Safari/537.36"}
2021-12-03 14:30:28 [INFO] com.csicit.ace.common.log.AceLocalLogger :  65249--耗时 : 63726
2021-12-03 14:30:28 [INFO] org.quartz.core.QuartzScheduler : Scheduler JariScheduler_$_DESKTOP-A03RJ151638512909056 paused.
2021-12-03 14:30:28 [INFO] org.springframework.cloud.netflix.zuul.ZuulFilterInitializer : Stopping filter initializer
2021-12-03 14:30:28 [INFO] org.springframework.scheduling.concurrent.ThreadPoolTaskExecutor : Shutting down ExecutorService 'applicationTaskExecutor'
2021-12-03 14:30:29 [INFO] org.springframework.scheduling.concurrent.ThreadPoolTaskScheduler : Shutting down ExecutorService 'taskScheduler'
2021-12-03 14:30:29 [INFO] org.quartz.core.QuartzScheduler : Scheduler JariScheduler_$_DESKTOP-A03RJ151638512909056 shutting down.
2021-12-03 14:30:29 [INFO] org.quartz.core.QuartzScheduler : Scheduler JariScheduler_$_DESKTOP-A03RJ151638512909056 paused.
2021-12-03 14:30:29 [INFO] org.quartz.core.QuartzScheduler : Scheduler JariScheduler_$_DESKTOP-A03RJ151638512909056 shutdown complete.
2021-12-03 14:30:29 [INFO] com.alibaba.druid.pool.DruidDataSource : {dataSource-1} closed
