2021-11-30 15:06:45 [INFO] com.csicit.ace.zuul.ZuulStartApp : The following profiles are active: routes
2021-11-30 15:06:46 [WARN] org.springframework.boot.actuate.endpoint.EndpointId : Endpoint ID 'hystrix.stream' contains invalid characters, please migrate to a valid format.
2021-11-30 15:06:46 [INFO] org.springframework.cloud.context.scope.GenericScope : BeanFactory id=5bde780a-911a-3ece-8356-ae4b252c9797
2021-11-30 15:06:47 [INFO] org.springframework.context.support.PostProcessorRegistrationDelegate$BeanPostProcessorChecker : Bean 'org.springframework.transaction.annotation.ProxyTransactionManagementConfiguration' of type [org.springframework.transaction.annotation.ProxyTransactionManagementConfiguration$$EnhancerBySpringCGLIB$$7d1f36f9] is not eligible for getting processed by all BeanPostProcessors (for example: not eligible for auto-proxying)
2021-11-30 15:06:47 [INFO] org.springframework.context.support.PostProcessorRegistrationDelegate$BeanPostProcessorChecker : Bean 'socketIoConfig' of type [com.csicit.ace.data.persistent.messenger.config.SocketIoConfig$$EnhancerBySpringCGLIB$$9726c40] is not eligible for getting processed by all BeanPostProcessors (for example: not eligible for auto-proxying)
2021-11-30 15:06:47 [INFO] org.springframework.context.support.PostProcessorRegistrationDelegate$BeanPostProcessorChecker : Bean 'redissonClient' of type [org.springframework.beans.factory.support.NullBean] is not eligible for getting processed by all BeanPostProcessors (for example: not eligible for auto-proxying)
2021-11-30 15:06:47 [INFO] org.springframework.context.support.PostProcessorRegistrationDelegate$BeanPostProcessorChecker : Bean 'socketIOServer' of type [com.corundumstudio.socketio.SocketIOServer] is not eligible for getting processed by all BeanPostProcessors (for example: not eligible for auto-proxying)
2021-11-30 15:06:47 [INFO] org.springframework.context.support.PostProcessorRegistrationDelegate$BeanPostProcessorChecker : Bean 'org.springframework.cloud.autoconfigure.ConfigurationPropertiesRebinderAutoConfiguration' of type [org.springframework.cloud.autoconfigure.ConfigurationPropertiesRebinderAutoConfiguration$$EnhancerBySpringCGLIB$$993939f6] is not eligible for getting processed by all BeanPostProcessors (for example: not eligible for auto-proxying)
2021-11-30 15:06:47 [INFO] org.springframework.boot.web.embedded.tomcat.TomcatWebServer : Tomcat initialized with port(s): 2100 (http)
2021-11-30 15:06:47 [INFO] org.apache.catalina.core.StandardService : Starting service [Tomcat]
2021-11-30 15:06:47 [INFO] org.apache.catalina.core.StandardEngine : Starting Servlet engine: [Apache Tomcat/9.0.14]
2021-11-30 15:06:47 [INFO] org.apache.jasper.servlet.TldScanner : At least one JAR was scanned for TLDs yet contained no TLDs. Enable debug logging for this logger for a complete list of JARs that were scanned but no TLDs were found in them. Skipping unneeded JARs during scanning can improve startup time and JSP compilation time.
2021-11-30 15:06:47 [INFO] org.apache.catalina.core.ContainerBase.[Tomcat].[localhost].[/] : Initializing Spring embedded WebApplicationContext
2021-11-30 15:06:47 [INFO] org.springframework.web.context.ContextLoader : Root WebApplicationContext: initialization completed in 2692 ms
2021-11-30 15:06:48 [WARN] com.netflix.config.sources.URLConfigurationSource : No URLs will be polled as dynamic configuration sources.
2021-11-30 15:06:48 [INFO] com.netflix.config.sources.URLConfigurationSource : To enable URLs as dynamic configuration sources, define System property archaius.configurationSource.additionalUrls or make config.properties available on classpath.
2021-11-30 15:06:48 [INFO] com.netflix.config.DynamicPropertyFactory : DynamicPropertyFactory is initialized with configuration sources: com.netflix.config.ConcurrentCompositeConfiguration@3a80c534
2021-11-30 15:06:48 [WARN] net.sf.ehcache.config.ConfigurationFactory : No configuration found. Configuring ehcache from ehcache-failsafe.xml  found in the classpath: jar:file:/D:/mavenRepo/net/sf/ehcache/ehcache/2.10.6/ehcache-2.10.6.jar!/ehcache-failsafe.xml
2021-11-30 15:06:48 [INFO] com.alibaba.druid.spring.boot.autoconfigure.DruidDataSourceAutoConfigure : Init DruidDataSource
2021-11-30 15:06:48 [INFO] com.alibaba.druid.pool.DruidDataSource : {dataSource-1} inited
2021-11-30 15:06:56 [INFO] org.quartz.impl.StdSchedulerFactory : Using default implementation for ThreadExecutor
2021-11-30 15:06:56 [INFO] org.quartz.core.SchedulerSignalerImpl : Initialized Scheduler Signaller of type: class org.quartz.core.SchedulerSignalerImpl
2021-11-30 15:06:56 [INFO] org.quartz.core.QuartzScheduler : Quartz Scheduler v.2.3.1 created.
2021-11-30 15:06:56 [INFO] com.csicit.ace.quartz.core.plugins.AceJobConfigLoaderPlugin : Registering Quartz Job Initialization Plug-in.
2021-11-30 15:06:56 [INFO] org.quartz.core.QuartzScheduler : Scheduler meta-data: Quartz Scheduler (v2.3.1) 'JariScheduler' with instanceId 'DESKTOP-A03RJ151638256016324'
  Scheduler class: 'org.quartz.core.QuartzScheduler' - running locally.
  NOT STARTED.
  Currently in standby mode.
  Number of jobs executed: 0
  Using thread pool 'org.quartz.simpl.SimpleThreadPool' - with 20 threads.
  Using job-store 'org.springframework.scheduling.quartz.LocalDataSourceJobStore' - which supports persistence. and is clustered.

2021-11-30 15:06:56 [INFO] org.quartz.impl.StdSchedulerFactory : Quartz scheduler 'JariScheduler' initialized from an externally provided properties instance.
2021-11-30 15:06:56 [INFO] org.quartz.impl.StdSchedulerFactory : Quartz scheduler version: 2.3.1
2021-11-30 15:06:56 [INFO] org.quartz.core.QuartzScheduler : JobFactory set to: com.csicit.ace.quartz.core.factory.MyJobFactory@558575fe
2021-11-30 15:06:56 [WARN] com.baomidou.mybatisplus.core.toolkit.TableInfoHelper : Warn: Could not find @TableId in Class: com.csicit.ace.common.pojo.vo.GrantAuthReciveVO.
2021-11-30 15:06:57 [INFO] liquibase.integration.spring.SpringLiquibase : Liquibase did not run because 'shouldRun' property was set to false on liquibase Liquibase Spring bean.
2021-11-30 15:06:57 [WARN] com.netflix.config.sources.URLConfigurationSource : No URLs will be polled as dynamic configuration sources.
2021-11-30 15:06:57 [INFO] com.netflix.config.sources.URLConfigurationSource : To enable URLs as dynamic configuration sources, define System property archaius.configurationSource.additionalUrls or make config.properties available on classpath.
2021-11-30 15:06:58 [INFO] org.springframework.scheduling.concurrent.ThreadPoolTaskExecutor : Initializing ExecutorService 'applicationTaskExecutor'
2021-11-30 15:06:58 [INFO] org.springframework.boot.autoconfigure.web.servlet.WelcomePageHandlerMapping : Adding welcome page template: index
2021-11-30 15:06:58 [WARN] org.springframework.boot.starter.redis.RedisStarterDeprecationWarningAutoConfiguration : spring-boot-starter-redis is deprecated as of Spring Boot 1.4, please migrate to spring-boot-starter-data-redis
2021-11-30 15:06:59 [INFO] org.springframework.cloud.netflix.zuul.ZuulFilterInitializer : Starting filter initializer
2021-11-30 15:06:59 [INFO] org.springframework.boot.actuate.endpoint.web.EndpointLinksResolver : Exposing 2 endpoint(s) beneath base path '/actuator'
2021-11-30 15:06:59 [INFO] org.quartz.xml.XMLSchedulingDataProcessor : Parsing XML from stream with systemId:  
2021-11-30 15:06:59 [INFO] org.quartz.xml.XMLSchedulingDataProcessor : Adding 1 jobs, 0 triggers.
2021-11-30 15:06:59 [INFO] org.quartz.xml.XMLSchedulingDataProcessor : Replacing job: tt.xxx
2021-11-30 15:06:59 [INFO] org.quartz.xml.XMLSchedulingDataProcessor : Parsing XML from stream with systemId:  
2021-11-30 15:06:59 [INFO] org.quartz.xml.XMLSchedulingDataProcessor : Adding 2 jobs, 2 triggers.
2021-11-30 15:06:59 [INFO] org.quartz.xml.XMLSchedulingDataProcessor : Replacing job: 邮件生命周期监控.邮件生命周期监控
2021-11-30 15:06:59 [INFO] org.quartz.xml.XMLSchedulingDataProcessor : Replacing job: 定时删除会议室账号邮箱.定时删除会议室账号邮箱
2021-11-30 15:06:59 [INFO] org.quartz.xml.XMLSchedulingDataProcessor : Parsing XML from stream with systemId:  
2021-11-30 15:06:59 [INFO] org.quartz.xml.XMLSchedulingDataProcessor : Adding 16 jobs, 0 triggers.
2021-11-30 15:06:59 [INFO] org.quartz.xml.XMLSchedulingDataProcessor : Replacing job: tt.xxx
2021-11-30 15:06:59 [INFO] org.quartz.xml.XMLSchedulingDataProcessor : Replacing job: tt.xxx
2021-11-30 15:06:59 [INFO] org.quartz.xml.XMLSchedulingDataProcessor : Replacing job: tt.xxx
2021-11-30 15:06:59 [INFO] org.quartz.xml.XMLSchedulingDataProcessor : Replacing job: tt.xxx
2021-11-30 15:06:59 [INFO] org.quartz.xml.XMLSchedulingDataProcessor : Replacing job: tt.xxx
2021-11-30 15:06:59 [INFO] org.quartz.xml.XMLSchedulingDataProcessor : Replacing job: tt.xxx
2021-11-30 15:06:59 [INFO] org.quartz.xml.XMLSchedulingDataProcessor : Replacing job: tt.xxx
2021-11-30 15:06:59 [INFO] org.quartz.xml.XMLSchedulingDataProcessor : Replacing job: tt.xxx
2021-11-30 15:06:59 [INFO] org.quartz.xml.XMLSchedulingDataProcessor : Replacing job: tt.xxx
2021-11-30 15:06:59 [INFO] org.quartz.xml.XMLSchedulingDataProcessor : Replacing job: tt.xxx
2021-11-30 15:06:59 [INFO] org.quartz.xml.XMLSchedulingDataProcessor : Replacing job: tt.xxx
2021-11-30 15:06:59 [INFO] org.quartz.xml.XMLSchedulingDataProcessor : Replacing job: tt.xxx
2021-11-30 15:06:59 [INFO] org.quartz.xml.XMLSchedulingDataProcessor : Replacing job: tt.xxx
2021-11-30 15:06:59 [INFO] org.quartz.xml.XMLSchedulingDataProcessor : Replacing job: tt.xxx
2021-11-30 15:06:59 [INFO] org.quartz.xml.XMLSchedulingDataProcessor : Replacing job: tt.xxx
2021-11-30 15:06:59 [INFO] org.quartz.xml.XMLSchedulingDataProcessor : Replacing job: tt.xxx
2021-11-30 15:06:59 [INFO] org.quartz.xml.XMLSchedulingDataProcessor : Parsing XML from stream with systemId:  
2021-11-30 15:06:59 [INFO] org.quartz.xml.XMLSchedulingDataProcessor : Adding 1 jobs, 1 triggers.
2021-11-30 15:06:59 [INFO] org.quartz.xml.XMLSchedulingDataProcessor : Replacing job: 业务平台内部定时任务.大屏消息推送
2021-11-30 15:06:59 [INFO] org.quartz.core.QuartzScheduler : Scheduler JariScheduler_$_DESKTOP-A03RJ151638256016324 started.
2021-11-30 15:06:59 [INFO] org.springframework.boot.web.embedded.tomcat.TomcatWebServer : Tomcat started on port(s): 2100 (http) with context path ''
2021-11-30 15:06:59 [INFO] com.csicit.ace.zuul.ZuulStartApp : Started ZuulStartApp in 16.388 seconds (JVM running for 16.987)
2021-11-30 15:07:00 [INFO] org.quartz.plugins.history.LoggingJobHistoryPlugin : Job 邮件生命周期监控.邮件生命周期监控 fired (by trigger 邮件生命周期监控$邮件生命周期监控.1minutes) at:  15:07:00 11/30/2021
2021-11-30 15:07:00 [WARN] com.csicit.ace.quartz.core.job.AgentJob : 任务执行失败，原因为：应用bc-jari716mail不在线
2021-11-30 15:07:00 [INFO] org.quartz.plugins.history.LoggingJobHistoryPlugin : Job 邮件生命周期监控.邮件生命周期监控 execution complete at  15:07:00 11/30/2021 and reports: null
2021-11-30 15:07:00 [INFO] org.quartz.plugins.history.LoggingJobHistoryPlugin : Job 定时删除会议室账号邮箱.定时删除会议室账号邮箱 fired (by trigger 定时删除会议室账号邮箱$定时删除会议室账号邮箱.定时删除会议室账号) at:  15:07:00 11/30/2021
2021-11-30 15:07:00 [WARN] com.csicit.ace.quartz.core.job.AgentJob : 任务执行失败，原因为：应用bc-jari716mail不在线
2021-11-30 15:07:00 [INFO] org.quartz.plugins.history.LoggingJobHistoryPlugin : Job 定时删除会议室账号邮箱.定时删除会议室账号邮箱 execution complete at  15:07:00 11/30/2021 and reports: null
2021-11-30 15:07:00 [INFO] org.reflections.Reflections : Reflections took 28 ms to scan 1 urls, producing 17 keys and 25 values 
2021-11-30 15:07:00 [INFO] com.corundumstudio.socketio.SocketIOServer : Session store / pubsub factory used: MemoryStoreFactory (local session store only)
2021-11-30 15:07:00 [INFO] com.csicit.ace.common.log.AceLocalLogger : socketLog_消息服务已启动!
2021-11-30 15:07:00 [INFO] com.corundumstudio.socketio.SocketIOServer : SocketIO server started at port: 5070
2021-11-30 15:07:00 [INFO] com.csicit.ace.common.log.AceLocalLogger : socketLog_创建命名空间:dv-testapp-platform
2021-11-30 15:07:00 [INFO] com.csicit.ace.common.log.AceLocalLogger : socketLog_创建命名空间:ei-service
2021-11-30 15:07:04 [INFO] com.csicit.ace.common.log.AceLocalLogger : socketLog_建立连接：9813359b-7435-4b30-baf9-6a141ede5051
2021-11-30 15:07:46 [INFO] org.apache.catalina.core.ContainerBase.[Tomcat].[localhost].[/] : Initializing Spring DispatcherServlet 'dispatcherServlet'
2021-11-30 15:07:46 [INFO] org.springframework.web.servlet.DispatcherServlet : Initializing Servlet 'dispatcherServlet'
2021-11-30 15:07:46 [INFO] org.springframework.web.servlet.DispatcherServlet : Completed initialization in 12 ms
2021-11-30 15:07:46 [INFO] com.csicit.ace.common.log.AceLocalLogger :  66909--请求地址: http://192.168.20.136:2100/orgauth/initHandler ,HTTP_METHOD: POST ,IP: 192.168.20.87 ,CLASS_METHOD: com.csicit.ace.orgauth.core.controller.InitScanDataHandlerController.saveInitScanData ,请求参数: {}
2021-11-30 15:07:47 [INFO] com.csicit.ace.common.log.AceLocalLogger :  66909--耗时 : 136
2021-11-30 15:08:00 [INFO] org.quartz.plugins.history.LoggingJobHistoryPlugin : Job 邮件生命周期监控.邮件生命周期监控 fired (by trigger 邮件生命周期监控$邮件生命周期监控.1minutes) at:  15:08:00 11/30/2021
2021-11-30 15:08:00 [WARN] com.csicit.ace.quartz.core.job.AgentJob : 任务执行失败，原因为：应用bc-jari716mail不在线
2021-11-30 15:08:00 [INFO] org.quartz.plugins.history.LoggingJobHistoryPlugin : Job 邮件生命周期监控.邮件生命周期监控 execution complete at  15:08:00 11/30/2021 and reports: null
2021-11-30 15:08:00 [INFO] org.quartz.plugins.history.LoggingJobHistoryPlugin : Job 定时删除会议室账号邮箱.定时删除会议室账号邮箱 fired (by trigger 定时删除会议室账号邮箱$定时删除会议室账号邮箱.定时删除会议室账号) at:  15:08:00 11/30/2021
2021-11-30 15:08:00 [WARN] com.csicit.ace.quartz.core.job.AgentJob : 任务执行失败，原因为：应用bc-jari716mail不在线
2021-11-30 15:08:00 [INFO] org.quartz.plugins.history.LoggingJobHistoryPlugin : Job 定时删除会议室账号邮箱.定时删除会议室账号邮箱 execution complete at  15:08:00 11/30/2021 and reports: null
2021-11-30 15:09:00 [INFO] org.quartz.plugins.history.LoggingJobHistoryPlugin : Job 邮件生命周期监控.邮件生命周期监控 fired (by trigger 邮件生命周期监控$邮件生命周期监控.1minutes) at:  15:09:00 11/30/2021
2021-11-30 15:09:00 [WARN] com.csicit.ace.quartz.core.job.AgentJob : 任务执行失败，原因为：应用bc-jari716mail不在线
2021-11-30 15:09:00 [INFO] org.quartz.plugins.history.LoggingJobHistoryPlugin : Job 邮件生命周期监控.邮件生命周期监控 execution complete at  15:09:00 11/30/2021 and reports: null
2021-11-30 15:09:00 [INFO] org.quartz.plugins.history.LoggingJobHistoryPlugin : Job 定时删除会议室账号邮箱.定时删除会议室账号邮箱 fired (by trigger 定时删除会议室账号邮箱$定时删除会议室账号邮箱.定时删除会议室账号) at:  15:09:00 11/30/2021
2021-11-30 15:09:00 [WARN] com.csicit.ace.quartz.core.job.AgentJob : 任务执行失败，原因为：应用bc-jari716mail不在线
2021-11-30 15:09:00 [INFO] org.quartz.plugins.history.LoggingJobHistoryPlugin : Job 定时删除会议室账号邮箱.定时删除会议室账号邮箱 execution complete at  15:09:00 11/30/2021 and reports: null
