2021-11-08 17:17:36 [INFO] com.csicit.ace.zuul.ZuulStartApp : The following profiles are active: routes
2021-11-08 17:17:37 [WARN] org.springframework.boot.actuate.endpoint.EndpointId : Endpoint ID 'hystrix.stream' contains invalid characters, please migrate to a valid format.
2021-11-08 17:17:37 [INFO] org.springframework.cloud.context.scope.GenericScope : BeanFactory id=e7d6b7b8-1456-3fed-aecb-7deb0e3fb33e
2021-11-08 17:17:38 [INFO] org.springframework.context.support.PostProcessorRegistrationDelegate$BeanPostProcessorChecker : Bean 'org.springframework.transaction.annotation.ProxyTransactionManagementConfiguration' of type [org.springframework.transaction.annotation.ProxyTransactionManagementConfiguration$$EnhancerBySpringCGLIB$$7d1f36f9] is not eligible for getting processed by all BeanPostProcessors (for example: not eligible for auto-proxying)
2021-11-08 17:17:38 [INFO] org.springframework.context.support.PostProcessorRegistrationDelegate$BeanPostProcessorChecker : Bean 'socketIoConfig' of type [com.csicit.ace.data.persistent.messenger.config.SocketIoConfig$$EnhancerBySpringCGLIB$$9726c40] is not eligible for getting processed by all BeanPostProcessors (for example: not eligible for auto-proxying)
2021-11-08 17:17:38 [INFO] org.springframework.context.support.PostProcessorRegistrationDelegate$BeanPostProcessorChecker : Bean 'redissonClient' of type [org.springframework.beans.factory.support.NullBean] is not eligible for getting processed by all BeanPostProcessors (for example: not eligible for auto-proxying)
2021-11-08 17:17:38 [INFO] org.springframework.context.support.PostProcessorRegistrationDelegate$BeanPostProcessorChecker : Bean 'socketIOServer' of type [com.corundumstudio.socketio.SocketIOServer] is not eligible for getting processed by all BeanPostProcessors (for example: not eligible for auto-proxying)
2021-11-08 17:17:38 [INFO] org.springframework.context.support.PostProcessorRegistrationDelegate$BeanPostProcessorChecker : Bean 'org.springframework.cloud.autoconfigure.ConfigurationPropertiesRebinderAutoConfiguration' of type [org.springframework.cloud.autoconfigure.ConfigurationPropertiesRebinderAutoConfiguration$$EnhancerBySpringCGLIB$$993939f6] is not eligible for getting processed by all BeanPostProcessors (for example: not eligible for auto-proxying)
2021-11-08 17:17:38 [INFO] org.springframework.boot.web.embedded.tomcat.TomcatWebServer : Tomcat initialized with port(s): 2100 (http)
2021-11-08 17:17:38 [INFO] org.apache.catalina.core.StandardService : Starting service [Tomcat]
2021-11-08 17:17:38 [INFO] org.apache.catalina.core.StandardEngine : Starting Servlet engine: [Apache Tomcat/9.0.14]
2021-11-08 17:17:38 [INFO] org.apache.jasper.servlet.TldScanner : At least one JAR was scanned for TLDs yet contained no TLDs. Enable debug logging for this logger for a complete list of JARs that were scanned but no TLDs were found in them. Skipping unneeded JARs during scanning can improve startup time and JSP compilation time.
2021-11-08 17:17:38 [INFO] org.apache.catalina.core.ContainerBase.[Tomcat].[localhost].[/] : Initializing Spring embedded WebApplicationContext
2021-11-08 17:17:38 [INFO] org.springframework.web.context.ContextLoader : Root WebApplicationContext: initialization completed in 2712 ms
2021-11-08 17:17:38 [WARN] com.netflix.config.sources.URLConfigurationSource : No URLs will be polled as dynamic configuration sources.
2021-11-08 17:17:38 [INFO] com.netflix.config.sources.URLConfigurationSource : To enable URLs as dynamic configuration sources, define System property archaius.configurationSource.additionalUrls or make config.properties available on classpath.
2021-11-08 17:17:38 [INFO] com.netflix.config.DynamicPropertyFactory : DynamicPropertyFactory is initialized with configuration sources: com.netflix.config.ConcurrentCompositeConfiguration@5eb2972f
2021-11-08 17:17:39 [WARN] net.sf.ehcache.config.ConfigurationFactory : No configuration found. Configuring ehcache from ehcache-failsafe.xml  found in the classpath: jar:file:/D:/mavenRepo/net/sf/ehcache/ehcache/2.10.6/ehcache-2.10.6.jar!/ehcache-failsafe.xml
2021-11-08 17:17:39 [INFO] com.alibaba.druid.spring.boot.autoconfigure.DruidDataSourceAutoConfigure : Init DruidDataSource
2021-11-08 17:17:39 [INFO] com.alibaba.druid.pool.DruidDataSource : {dataSource-1} inited
2021-11-08 17:17:47 [INFO] org.quartz.impl.StdSchedulerFactory : Using default implementation for ThreadExecutor
2021-11-08 17:17:47 [INFO] org.quartz.core.SchedulerSignalerImpl : Initialized Scheduler Signaller of type: class org.quartz.core.SchedulerSignalerImpl
2021-11-08 17:17:47 [INFO] org.quartz.core.QuartzScheduler : Quartz Scheduler v.2.3.1 created.
2021-11-08 17:17:47 [INFO] com.csicit.ace.quartz.core.plugins.AceJobConfigLoaderPlugin : Registering Quartz Job Initialization Plug-in.
2021-11-08 17:17:47 [INFO] org.quartz.core.QuartzScheduler : Scheduler meta-data: Quartz Scheduler (v2.3.1) 'JariScheduler' with instanceId 'DESKTOP-A03RJ151636363067173'
  Scheduler class: 'org.quartz.core.QuartzScheduler' - running locally.
  NOT STARTED.
  Currently in standby mode.
  Number of jobs executed: 0
  Using thread pool 'org.quartz.simpl.SimpleThreadPool' - with 20 threads.
  Using job-store 'org.springframework.scheduling.quartz.LocalDataSourceJobStore' - which supports persistence. and is clustered.

2021-11-08 17:17:47 [INFO] org.quartz.impl.StdSchedulerFactory : Quartz scheduler 'JariScheduler' initialized from an externally provided properties instance.
2021-11-08 17:17:47 [INFO] org.quartz.impl.StdSchedulerFactory : Quartz scheduler version: 2.3.1
2021-11-08 17:17:47 [INFO] org.quartz.core.QuartzScheduler : JobFactory set to: com.csicit.ace.quartz.core.factory.MyJobFactory@4113d9ab
2021-11-08 17:17:47 [WARN] com.baomidou.mybatisplus.core.toolkit.TableInfoHelper : Warn: Could not find @TableId in Class: com.csicit.ace.common.pojo.vo.GrantAuthReciveVO.
2021-11-08 17:17:48 [INFO] liquibase.integration.spring.SpringLiquibase : Liquibase did not run because 'shouldRun' property was set to false on liquibase Liquibase Spring bean.
2021-11-08 17:17:48 [WARN] com.netflix.config.sources.URLConfigurationSource : No URLs will be polled as dynamic configuration sources.
2021-11-08 17:17:48 [INFO] com.netflix.config.sources.URLConfigurationSource : To enable URLs as dynamic configuration sources, define System property archaius.configurationSource.additionalUrls or make config.properties available on classpath.
2021-11-08 17:17:49 [INFO] org.springframework.scheduling.concurrent.ThreadPoolTaskExecutor : Initializing ExecutorService 'applicationTaskExecutor'
2021-11-08 17:17:49 [INFO] org.springframework.boot.autoconfigure.web.servlet.WelcomePageHandlerMapping : Adding welcome page template: index
2021-11-08 17:17:49 [WARN] org.springframework.boot.starter.redis.RedisStarterDeprecationWarningAutoConfiguration : spring-boot-starter-redis is deprecated as of Spring Boot 1.4, please migrate to spring-boot-starter-data-redis
2021-11-08 17:17:49 [INFO] org.springframework.cloud.netflix.zuul.ZuulFilterInitializer : Starting filter initializer
2021-11-08 17:17:49 [INFO] org.springframework.boot.actuate.endpoint.web.EndpointLinksResolver : Exposing 2 endpoint(s) beneath base path '/actuator'
2021-11-08 17:17:50 [INFO] org.quartz.xml.XMLSchedulingDataProcessor : Parsing XML from stream with systemId:  
2021-11-08 17:17:50 [INFO] org.quartz.xml.XMLSchedulingDataProcessor : Adding 1 jobs, 0 triggers.
2021-11-08 17:17:50 [INFO] org.quartz.xml.XMLSchedulingDataProcessor : Replacing job: tt.xxx
2021-11-08 17:17:50 [INFO] org.quartz.xml.XMLSchedulingDataProcessor : Parsing XML from stream with systemId:  
2021-11-08 17:17:50 [INFO] org.quartz.xml.XMLSchedulingDataProcessor : Adding 1 jobs, 0 triggers.
2021-11-08 17:17:50 [INFO] org.quartz.xml.XMLSchedulingDataProcessor : Replacing job: tt.xxx
2021-11-08 17:17:50 [INFO] org.quartz.xml.XMLSchedulingDataProcessor : Parsing XML from stream with systemId:  
2021-11-08 17:17:50 [INFO] org.quartz.xml.XMLSchedulingDataProcessor : Adding 1 jobs, 1 triggers.
2021-11-08 17:17:50 [INFO] org.quartz.xml.XMLSchedulingDataProcessor : Replacing job: 测试任务组.711HM
2021-11-08 17:17:50 [INFO] org.quartz.xml.XMLSchedulingDataProcessor : Parsing XML from stream with systemId:  
2021-11-08 17:17:50 [INFO] org.quartz.xml.XMLSchedulingDataProcessor : Adding 1 jobs, 0 triggers.
2021-11-08 17:17:50 [INFO] org.quartz.xml.XMLSchedulingDataProcessor : Replacing job: tt.xxx
2021-11-08 17:17:50 [INFO] org.quartz.xml.XMLSchedulingDataProcessor : Parsing XML from stream with systemId:  
2021-11-08 17:17:50 [INFO] org.quartz.xml.XMLSchedulingDataProcessor : Adding 16 jobs, 0 triggers.
2021-11-08 17:17:50 [INFO] org.quartz.xml.XMLSchedulingDataProcessor : Replacing job: tt.xxx
2021-11-08 17:17:50 [INFO] org.quartz.xml.XMLSchedulingDataProcessor : Replacing job: tt.xxx
2021-11-08 17:17:50 [INFO] org.quartz.xml.XMLSchedulingDataProcessor : Replacing job: tt.xxx
2021-11-08 17:17:50 [INFO] org.quartz.xml.XMLSchedulingDataProcessor : Replacing job: tt.xxx
2021-11-08 17:17:50 [INFO] org.quartz.xml.XMLSchedulingDataProcessor : Replacing job: tt.xxx
2021-11-08 17:17:50 [INFO] org.quartz.xml.XMLSchedulingDataProcessor : Replacing job: tt.xxx
2021-11-08 17:17:50 [INFO] org.quartz.xml.XMLSchedulingDataProcessor : Replacing job: tt.xxx
2021-11-08 17:17:50 [INFO] org.quartz.xml.XMLSchedulingDataProcessor : Replacing job: tt.xxx
2021-11-08 17:17:50 [INFO] org.quartz.xml.XMLSchedulingDataProcessor : Replacing job: tt.xxx
2021-11-08 17:17:50 [INFO] org.quartz.xml.XMLSchedulingDataProcessor : Replacing job: tt.xxx
2021-11-08 17:17:50 [INFO] org.quartz.xml.XMLSchedulingDataProcessor : Replacing job: tt.xxx
2021-11-08 17:17:50 [INFO] org.quartz.xml.XMLSchedulingDataProcessor : Replacing job: tt.xxx
2021-11-08 17:17:50 [INFO] org.quartz.xml.XMLSchedulingDataProcessor : Replacing job: tt.xxx
2021-11-08 17:17:50 [INFO] org.quartz.xml.XMLSchedulingDataProcessor : Replacing job: tt.xxx
2021-11-08 17:17:50 [INFO] org.quartz.xml.XMLSchedulingDataProcessor : Replacing job: tt.xxx
2021-11-08 17:17:50 [INFO] org.quartz.xml.XMLSchedulingDataProcessor : Replacing job: tt.xxx
2021-11-08 17:17:50 [INFO] org.quartz.xml.XMLSchedulingDataProcessor : Parsing XML from stream with systemId:  
2021-11-08 17:17:50 [INFO] org.quartz.xml.XMLSchedulingDataProcessor : Adding 1 jobs, 0 triggers.
2021-11-08 17:17:50 [INFO] org.quartz.xml.XMLSchedulingDataProcessor : Replacing job: tt.xxx
2021-11-08 17:17:50 [INFO] org.quartz.xml.XMLSchedulingDataProcessor : Parsing XML from stream with systemId:  
2021-11-08 17:17:50 [INFO] org.quartz.xml.XMLSchedulingDataProcessor : Adding 1 jobs, 0 triggers.
2021-11-08 17:17:50 [INFO] org.quartz.xml.XMLSchedulingDataProcessor : Replacing job: tt.xxx
2021-11-08 17:17:50 [INFO] org.quartz.xml.XMLSchedulingDataProcessor : Parsing XML from stream with systemId:  
2021-11-08 17:17:50 [INFO] org.quartz.xml.XMLSchedulingDataProcessor : Adding 1 jobs, 0 triggers.
2021-11-08 17:17:50 [INFO] org.quartz.xml.XMLSchedulingDataProcessor : Replacing job: tt.xxx
2021-11-08 17:17:50 [INFO] org.quartz.xml.XMLSchedulingDataProcessor : Parsing XML from stream with systemId:  
2021-11-08 17:17:50 [INFO] org.quartz.xml.XMLSchedulingDataProcessor : Adding 1 jobs, 0 triggers.
2021-11-08 17:17:50 [INFO] org.quartz.xml.XMLSchedulingDataProcessor : Replacing job: tt.xxx
2021-11-08 17:17:50 [INFO] org.quartz.xml.XMLSchedulingDataProcessor : Parsing XML from stream with systemId:  
2021-11-08 17:17:50 [INFO] org.quartz.xml.XMLSchedulingDataProcessor : Adding 1 jobs, 0 triggers.
2021-11-08 17:17:50 [INFO] org.quartz.xml.XMLSchedulingDataProcessor : Replacing job: tt.xxx
2021-11-08 17:17:50 [INFO] org.quartz.xml.XMLSchedulingDataProcessor : Parsing XML from stream with systemId:  
2021-11-08 17:17:50 [INFO] org.quartz.xml.XMLSchedulingDataProcessor : Adding 1 jobs, 0 triggers.
2021-11-08 17:17:50 [INFO] org.quartz.xml.XMLSchedulingDataProcessor : Replacing job: tt.xxx
2021-11-08 17:17:50 [INFO] org.quartz.xml.XMLSchedulingDataProcessor : Parsing XML from stream with systemId:  
2021-11-08 17:17:50 [INFO] org.quartz.xml.XMLSchedulingDataProcessor : Adding 1 jobs, 0 triggers.
2021-11-08 17:17:50 [INFO] org.quartz.xml.XMLSchedulingDataProcessor : Replacing job: tt.xxx
2021-11-08 17:17:50 [INFO] org.quartz.xml.XMLSchedulingDataProcessor : Parsing XML from stream with systemId:  
2021-11-08 17:17:50 [INFO] org.quartz.xml.XMLSchedulingDataProcessor : Adding 1 jobs, 0 triggers.
2021-11-08 17:17:50 [INFO] org.quartz.xml.XMLSchedulingDataProcessor : Replacing job: tt.xxx
2021-11-08 17:17:50 [INFO] org.quartz.xml.XMLSchedulingDataProcessor : Parsing XML from stream with systemId:  
2021-11-08 17:17:50 [INFO] org.quartz.xml.XMLSchedulingDataProcessor : Adding 1 jobs, 0 triggers.
2021-11-08 17:17:50 [INFO] org.quartz.xml.XMLSchedulingDataProcessor : Replacing job: tt.xxx
2021-11-08 17:17:50 [INFO] org.quartz.xml.XMLSchedulingDataProcessor : Parsing XML from stream with systemId:  
2021-11-08 17:17:50 [INFO] org.quartz.xml.XMLSchedulingDataProcessor : Adding 1 jobs, 0 triggers.
2021-11-08 17:17:50 [INFO] org.quartz.xml.XMLSchedulingDataProcessor : Replacing job: tt.xxx
2021-11-08 17:17:50 [INFO] org.quartz.xml.XMLSchedulingDataProcessor : Parsing XML from stream with systemId:  
2021-11-08 17:17:50 [INFO] org.quartz.xml.XMLSchedulingDataProcessor : Adding 1 jobs, 0 triggers.
2021-11-08 17:17:50 [INFO] org.quartz.xml.XMLSchedulingDataProcessor : Replacing job: tt.xxx
2021-11-08 17:17:50 [INFO] org.quartz.xml.XMLSchedulingDataProcessor : Parsing XML from stream with systemId:  
2021-11-08 17:17:50 [INFO] org.quartz.xml.XMLSchedulingDataProcessor : Adding 1 jobs, 0 triggers.
2021-11-08 17:17:50 [INFO] org.quartz.xml.XMLSchedulingDataProcessor : Replacing job: tt.xxx
2021-11-08 17:17:50 [INFO] org.quartz.xml.XMLSchedulingDataProcessor : Parsing XML from stream with systemId:  
2021-11-08 17:17:50 [INFO] org.quartz.xml.XMLSchedulingDataProcessor : Adding 2 jobs, 0 triggers.
2021-11-08 17:17:50 [INFO] org.quartz.xml.XMLSchedulingDataProcessor : Replacing job: urgeTask.催办提醒
2021-11-08 17:17:50 [INFO] org.quartz.xml.XMLSchedulingDataProcessor : Replacing job: 催办提醒任务组.催办提醒
2021-11-08 17:17:50 [INFO] org.quartz.xml.XMLSchedulingDataProcessor : Parsing XML from stream with systemId:  
2021-11-08 17:17:50 [INFO] org.quartz.xml.XMLSchedulingDataProcessor : Adding 1 jobs, 1 triggers.
2021-11-08 17:17:50 [INFO] org.quartz.xml.XMLSchedulingDataProcessor : Replacing job: 业务平台内部定时任务.大屏消息推送
2021-11-08 17:17:50 [INFO] org.quartz.core.QuartzScheduler : Scheduler JariScheduler_$_DESKTOP-A03RJ151636363067173 started.
2021-11-08 17:17:50 [INFO] org.springframework.boot.web.embedded.tomcat.TomcatWebServer : Tomcat started on port(s): 2100 (http) with context path ''
2021-11-08 17:17:50 [INFO] com.csicit.ace.zuul.ZuulStartApp : Started ZuulStartApp in 16.507 seconds (JVM running for 17.101)
2021-11-08 17:17:51 [INFO] org.reflections.Reflections : Reflections took 34 ms to scan 1 urls, producing 17 keys and 25 values 
2021-11-08 17:17:51 [INFO] com.corundumstudio.socketio.SocketIOServer : Session store / pubsub factory used: MemoryStoreFactory (local session store only)
2021-11-08 17:17:52 [INFO] com.corundumstudio.socketio.SocketIOServer : SocketIO server started at port: 5070
2021-11-08 17:17:52 [INFO] com.csicit.ace.common.log.AceLocalLogger : socketLog_消息服务已启动!
2021-11-08 17:17:52 [INFO] com.csicit.ace.common.log.AceLocalLogger : socketLog_创建命名空间:dv-testapp-platform
2021-11-08 17:17:52 [INFO] com.csicit.ace.common.log.AceLocalLogger : socketLog_创建命名空间:ei-service
2021-11-08 17:18:01 [INFO] org.quartz.plugins.history.LoggingJobHistoryPlugin : Job 测试任务组.711HM fired (by trigger 711HM$测试任务组.每100毫秒发送一次) at:  17:18:01 11/08/2021
2021-11-08 17:18:01 [WARN] com.csicit.ace.quartz.core.job.AgentJob : 任务执行失败，原因为：应用ah-csicpm不在线
2021-11-08 17:18:01 [INFO] org.quartz.plugins.history.LoggingJobHistoryPlugin : Job 测试任务组.711HM execution complete at  17:18:01 11/08/2021 and reports: null
2021-11-08 17:18:43 [INFO] org.apache.catalina.core.ContainerBase.[Tomcat].[localhost].[/] : Initializing Spring DispatcherServlet 'dispatcherServlet'
2021-11-08 17:18:43 [INFO] org.springframework.web.servlet.DispatcherServlet : Initializing Servlet 'dispatcherServlet'
2021-11-08 17:18:43 [INFO] org.springframework.web.servlet.DispatcherServlet : Completed initialization in 13 ms
2021-11-08 17:18:43 [INFO] com.csicit.ace.common.log.AceLocalLogger : REQUEST_URL:/dv-testapp-platform/wfdFlowCategorys/list/all, REQUEST_METHOD:GET, REQUEST_IP:192.168.20.136
2021-11-08 17:18:43 [WARN] org.springframework.cloud.netflix.zuul.filters.post.SendErrorFilter : Error during filtering
com.netflix.zuul.exception.ZuulException: Filter threw Exception
	at com.netflix.zuul.FilterProcessor.processZuulFilter(FilterProcessor.java:227)
	at com.netflix.zuul.FilterProcessor.runFilters(FilterProcessor.java:157)
	at com.netflix.zuul.FilterProcessor.preRoute(FilterProcessor.java:133)
	at com.netflix.zuul.ZuulRunner.preRoute(ZuulRunner.java:105)
	at com.netflix.zuul.http.ZuulServlet.preRoute(ZuulServlet.java:125)
	at com.netflix.zuul.http.ZuulServlet.service(ZuulServlet.java:74)
	at org.springframework.web.servlet.mvc.ServletWrappingController.handleRequestInternal(ServletWrappingController.java:165)
	at org.springframework.cloud.netflix.zuul.web.ZuulController.handleRequest(ZuulController.java:44)
	at org.springframework.web.servlet.mvc.SimpleControllerHandlerAdapter.handle(SimpleControllerHandlerAdapter.java:52)
	at org.springframework.web.servlet.DispatcherServlet.doDispatch(DispatcherServlet.java:1038)
	at org.springframework.web.servlet.DispatcherServlet.doService(DispatcherServlet.java:942)
	at org.springframework.web.servlet.FrameworkServlet.processRequest(FrameworkServlet.java:1005)
	at org.springframework.web.servlet.FrameworkServlet.doGet(FrameworkServlet.java:897)
	at javax.servlet.http.HttpServlet.service(HttpServlet.java:634)
	at org.springframework.web.servlet.FrameworkServlet.service(FrameworkServlet.java:882)
	at javax.servlet.http.HttpServlet.service(HttpServlet.java:741)
	at org.apache.catalina.core.ApplicationFilterChain.internalDoFilter(ApplicationFilterChain.java:231)
	at org.apache.catalina.core.ApplicationFilterChain.doFilter(ApplicationFilterChain.java:166)
	at org.apache.tomcat.websocket.server.WsFilter.doFilter(WsFilter.java:53)
	at org.apache.catalina.core.ApplicationFilterChain.internalDoFilter(ApplicationFilterChain.java:193)
	at org.apache.catalina.core.ApplicationFilterChain.doFilter(ApplicationFilterChain.java:166)
	at org.springframework.web.filter.CorsFilter.doFilterInternal(CorsFilter.java:96)
	at org.springframework.web.filter.OncePerRequestFilter.doFilter(OncePerRequestFilter.java:109)
	at org.apache.catalina.core.ApplicationFilterChain.internalDoFilter(ApplicationFilterChain.java:193)
	at org.apache.catalina.core.ApplicationFilterChain.doFilter(ApplicationFilterChain.java:166)
	at org.springframework.boot.actuate.web.trace.servlet.HttpTraceFilter.doFilterInternal(HttpTraceFilter.java:88)
	at org.springframework.web.filter.OncePerRequestFilter.doFilter(OncePerRequestFilter.java:109)
	at org.apache.catalina.core.ApplicationFilterChain.internalDoFilter(ApplicationFilterChain.java:193)
	at org.apache.catalina.core.ApplicationFilterChain.doFilter(ApplicationFilterChain.java:166)
	at org.springframework.web.filter.RequestContextFilter.doFilterInternal(RequestContextFilter.java:99)
	at org.springframework.web.filter.OncePerRequestFilter.doFilter(OncePerRequestFilter.java:109)
	at org.apache.catalina.core.ApplicationFilterChain.internalDoFilter(ApplicationFilterChain.java:193)
	at org.apache.catalina.core.ApplicationFilterChain.doFilter(ApplicationFilterChain.java:166)
	at org.springframework.web.filter.FormContentFilter.doFilterInternal(FormContentFilter.java:92)
	at org.springframework.web.filter.OncePerRequestFilter.doFilter(OncePerRequestFilter.java:109)
	at org.apache.catalina.core.ApplicationFilterChain.internalDoFilter(ApplicationFilterChain.java:193)
	at org.apache.catalina.core.ApplicationFilterChain.doFilter(ApplicationFilterChain.java:166)
	at org.springframework.web.filter.HiddenHttpMethodFilter.doFilterInternal(HiddenHttpMethodFilter.java:93)
	at org.springframework.web.filter.OncePerRequestFilter.doFilter(OncePerRequestFilter.java:109)
	at org.apache.catalina.core.ApplicationFilterChain.internalDoFilter(ApplicationFilterChain.java:193)
	at org.apache.catalina.core.ApplicationFilterChain.doFilter(ApplicationFilterChain.java:166)
	at org.springframework.boot.actuate.metrics.web.servlet.WebMvcMetricsFilter.filterAndRecordMetrics(WebMvcMetricsFilter.java:114)
	at org.springframework.boot.actuate.metrics.web.servlet.WebMvcMetricsFilter.doFilterInternal(WebMvcMetricsFilter.java:104)
	at org.springframework.web.filter.OncePerRequestFilter.doFilter(OncePerRequestFilter.java:109)
	at org.apache.catalina.core.ApplicationFilterChain.internalDoFilter(ApplicationFilterChain.java:193)
	at org.apache.catalina.core.ApplicationFilterChain.doFilter(ApplicationFilterChain.java:166)
	at org.springframework.web.filter.CharacterEncodingFilter.doFilterInternal(CharacterEncodingFilter.java:200)
	at org.springframework.web.filter.OncePerRequestFilter.doFilter(OncePerRequestFilter.java:109)
	at org.apache.catalina.core.ApplicationFilterChain.internalDoFilter(ApplicationFilterChain.java:193)
	at org.apache.catalina.core.ApplicationFilterChain.doFilter(ApplicationFilterChain.java:166)
	at org.apache.catalina.core.StandardWrapperValve.invoke(StandardWrapperValve.java:199)
	at org.apache.catalina.core.StandardContextValve.invoke(StandardContextValve.java:96)
	at org.apache.catalina.authenticator.AuthenticatorBase.invoke(AuthenticatorBase.java:490)
	at org.apache.catalina.core.StandardHostValve.invoke(StandardHostValve.java:139)
	at org.apache.catalina.valves.ErrorReportValve.invoke(ErrorReportValve.java:92)
	at org.apache.catalina.core.StandardEngineValve.invoke(StandardEngineValve.java:74)
	at org.apache.catalina.connector.CoyoteAdapter.service(CoyoteAdapter.java:343)
	at org.apache.coyote.http11.Http11Processor.service(Http11Processor.java:408)
	at org.apache.coyote.AbstractProcessorLight.process(AbstractProcessorLight.java:66)
	at org.apache.coyote.AbstractProtocol$ConnectionHandler.process(AbstractProtocol.java:834)
	at org.apache.tomcat.util.net.NioEndpoint$SocketProcessor.doRun(NioEndpoint.java:1417)
	at org.apache.tomcat.util.net.SocketProcessorBase.run(SocketProcessorBase.java:49)
	at java.util.concurrent.ThreadPoolExecutor.runWorker(ThreadPoolExecutor.java:1149)
	at java.util.concurrent.ThreadPoolExecutor$Worker.run(ThreadPoolExecutor.java:624)
	at org.apache.tomcat.util.threads.TaskThread$WrappingRunnable.run(TaskThread.java:61)
	at java.lang.Thread.run(Thread.java:748)
Caused by: java.lang.NullPointerException: null
	at com.csicit.ace.zuul.filter.FirstFilter.run(FirstFilter.java:308)
	at com.netflix.zuul.ZuulFilter.runFilter(ZuulFilter.java:117)
	at com.netflix.zuul.FilterProcessor.processZuulFilter(FilterProcessor.java:193)
	... 65 common frames omitted
2021-11-08 17:18:45 [INFO] com.csicit.ace.common.log.AceLocalLogger : REQUEST_URL:/dv-testapp-platform/wfdFlowCategorys/list/all, REQUEST_METHOD:GET, REQUEST_IP:192.168.20.136
2021-11-08 17:18:45 [WARN] org.springframework.cloud.netflix.zuul.filters.post.SendErrorFilter : Error during filtering
com.netflix.zuul.exception.ZuulException: Filter threw Exception
	at com.netflix.zuul.FilterProcessor.processZuulFilter(FilterProcessor.java:227)
	at com.netflix.zuul.FilterProcessor.runFilters(FilterProcessor.java:157)
	at com.netflix.zuul.FilterProcessor.preRoute(FilterProcessor.java:133)
	at com.netflix.zuul.ZuulRunner.preRoute(ZuulRunner.java:105)
	at com.netflix.zuul.http.ZuulServlet.preRoute(ZuulServlet.java:125)
	at com.netflix.zuul.http.ZuulServlet.service(ZuulServlet.java:74)
	at org.springframework.web.servlet.mvc.ServletWrappingController.handleRequestInternal(ServletWrappingController.java:165)
	at org.springframework.cloud.netflix.zuul.web.ZuulController.handleRequest(ZuulController.java:44)
	at org.springframework.web.servlet.mvc.SimpleControllerHandlerAdapter.handle(SimpleControllerHandlerAdapter.java:52)
	at org.springframework.web.servlet.DispatcherServlet.doDispatch(DispatcherServlet.java:1038)
	at org.springframework.web.servlet.DispatcherServlet.doService(DispatcherServlet.java:942)
	at org.springframework.web.servlet.FrameworkServlet.processRequest(FrameworkServlet.java:1005)
	at org.springframework.web.servlet.FrameworkServlet.doGet(FrameworkServlet.java:897)
	at javax.servlet.http.HttpServlet.service(HttpServlet.java:634)
	at org.springframework.web.servlet.FrameworkServlet.service(FrameworkServlet.java:882)
	at javax.servlet.http.HttpServlet.service(HttpServlet.java:741)
	at org.apache.catalina.core.ApplicationFilterChain.internalDoFilter(ApplicationFilterChain.java:231)
	at org.apache.catalina.core.ApplicationFilterChain.doFilter(ApplicationFilterChain.java:166)
	at org.apache.tomcat.websocket.server.WsFilter.doFilter(WsFilter.java:53)
	at org.apache.catalina.core.ApplicationFilterChain.internalDoFilter(ApplicationFilterChain.java:193)
	at org.apache.catalina.core.ApplicationFilterChain.doFilter(ApplicationFilterChain.java:166)
	at org.springframework.web.filter.CorsFilter.doFilterInternal(CorsFilter.java:96)
	at org.springframework.web.filter.OncePerRequestFilter.doFilter(OncePerRequestFilter.java:109)
	at org.apache.catalina.core.ApplicationFilterChain.internalDoFilter(ApplicationFilterChain.java:193)
	at org.apache.catalina.core.ApplicationFilterChain.doFilter(ApplicationFilterChain.java:166)
	at org.springframework.boot.actuate.web.trace.servlet.HttpTraceFilter.doFilterInternal(HttpTraceFilter.java:88)
	at org.springframework.web.filter.OncePerRequestFilter.doFilter(OncePerRequestFilter.java:109)
	at org.apache.catalina.core.ApplicationFilterChain.internalDoFilter(ApplicationFilterChain.java:193)
	at org.apache.catalina.core.ApplicationFilterChain.doFilter(ApplicationFilterChain.java:166)
	at org.springframework.web.filter.RequestContextFilter.doFilterInternal(RequestContextFilter.java:99)
	at org.springframework.web.filter.OncePerRequestFilter.doFilter(OncePerRequestFilter.java:109)
	at org.apache.catalina.core.ApplicationFilterChain.internalDoFilter(ApplicationFilterChain.java:193)
	at org.apache.catalina.core.ApplicationFilterChain.doFilter(ApplicationFilterChain.java:166)
	at org.springframework.web.filter.FormContentFilter.doFilterInternal(FormContentFilter.java:92)
	at org.springframework.web.filter.OncePerRequestFilter.doFilter(OncePerRequestFilter.java:109)
	at org.apache.catalina.core.ApplicationFilterChain.internalDoFilter(ApplicationFilterChain.java:193)
	at org.apache.catalina.core.ApplicationFilterChain.doFilter(ApplicationFilterChain.java:166)
	at org.springframework.web.filter.HiddenHttpMethodFilter.doFilterInternal(HiddenHttpMethodFilter.java:93)
	at org.springframework.web.filter.OncePerRequestFilter.doFilter(OncePerRequestFilter.java:109)
	at org.apache.catalina.core.ApplicationFilterChain.internalDoFilter(ApplicationFilterChain.java:193)
	at org.apache.catalina.core.ApplicationFilterChain.doFilter(ApplicationFilterChain.java:166)
	at org.springframework.boot.actuate.metrics.web.servlet.WebMvcMetricsFilter.filterAndRecordMetrics(WebMvcMetricsFilter.java:114)
	at org.springframework.boot.actuate.metrics.web.servlet.WebMvcMetricsFilter.doFilterInternal(WebMvcMetricsFilter.java:104)
	at org.springframework.web.filter.OncePerRequestFilter.doFilter(OncePerRequestFilter.java:109)
	at org.apache.catalina.core.ApplicationFilterChain.internalDoFilter(ApplicationFilterChain.java:193)
	at org.apache.catalina.core.ApplicationFilterChain.doFilter(ApplicationFilterChain.java:166)
	at org.springframework.web.filter.CharacterEncodingFilter.doFilterInternal(CharacterEncodingFilter.java:200)
	at org.springframework.web.filter.OncePerRequestFilter.doFilter(OncePerRequestFilter.java:109)
	at org.apache.catalina.core.ApplicationFilterChain.internalDoFilter(ApplicationFilterChain.java:193)
	at org.apache.catalina.core.ApplicationFilterChain.doFilter(ApplicationFilterChain.java:166)
	at org.apache.catalina.core.StandardWrapperValve.invoke(StandardWrapperValve.java:199)
	at org.apache.catalina.core.StandardContextValve.invoke(StandardContextValve.java:96)
	at org.apache.catalina.authenticator.AuthenticatorBase.invoke(AuthenticatorBase.java:490)
	at org.apache.catalina.core.StandardHostValve.invoke(StandardHostValve.java:139)
	at org.apache.catalina.valves.ErrorReportValve.invoke(ErrorReportValve.java:92)
	at org.apache.catalina.core.StandardEngineValve.invoke(StandardEngineValve.java:74)
	at org.apache.catalina.connector.CoyoteAdapter.service(CoyoteAdapter.java:343)
	at org.apache.coyote.http11.Http11Processor.service(Http11Processor.java:408)
	at org.apache.coyote.AbstractProcessorLight.process(AbstractProcessorLight.java:66)
	at org.apache.coyote.AbstractProtocol$ConnectionHandler.process(AbstractProtocol.java:834)
	at org.apache.tomcat.util.net.NioEndpoint$SocketProcessor.doRun(NioEndpoint.java:1417)
	at org.apache.tomcat.util.net.SocketProcessorBase.run(SocketProcessorBase.java:49)
	at java.util.concurrent.ThreadPoolExecutor.runWorker(ThreadPoolExecutor.java:1149)
	at java.util.concurrent.ThreadPoolExecutor$Worker.run(ThreadPoolExecutor.java:624)
	at org.apache.tomcat.util.threads.TaskThread$WrappingRunnable.run(TaskThread.java:61)
	at java.lang.Thread.run(Thread.java:748)
Caused by: java.lang.NullPointerException: null
	at com.csicit.ace.zuul.filter.FirstFilter.run(FirstFilter.java:308)
	at com.netflix.zuul.ZuulFilter.runFilter(ZuulFilter.java:117)
	at com.netflix.zuul.FilterProcessor.processZuulFilter(FilterProcessor.java:193)
	... 65 common frames omitted
2021-11-08 17:18:47 [INFO] com.csicit.ace.common.log.AceLocalLogger : REQUEST_URL:/dv-testapp-platform/wfdFlowCategorys/list/all, REQUEST_METHOD:GET, REQUEST_IP:192.168.20.136
2021-11-08 17:18:47 [WARN] org.springframework.cloud.netflix.zuul.filters.post.SendErrorFilter : Error during filtering
com.netflix.zuul.exception.ZuulException: Filter threw Exception
	at com.netflix.zuul.FilterProcessor.processZuulFilter(FilterProcessor.java:227)
	at com.netflix.zuul.FilterProcessor.runFilters(FilterProcessor.java:157)
	at com.netflix.zuul.FilterProcessor.preRoute(FilterProcessor.java:133)
	at com.netflix.zuul.ZuulRunner.preRoute(ZuulRunner.java:105)
	at com.netflix.zuul.http.ZuulServlet.preRoute(ZuulServlet.java:125)
	at com.netflix.zuul.http.ZuulServlet.service(ZuulServlet.java:74)
	at org.springframework.web.servlet.mvc.ServletWrappingController.handleRequestInternal(ServletWrappingController.java:165)
	at org.springframework.cloud.netflix.zuul.web.ZuulController.handleRequest(ZuulController.java:44)
	at org.springframework.web.servlet.mvc.SimpleControllerHandlerAdapter.handle(SimpleControllerHandlerAdapter.java:52)
	at org.springframework.web.servlet.DispatcherServlet.doDispatch(DispatcherServlet.java:1038)
	at org.springframework.web.servlet.DispatcherServlet.doService(DispatcherServlet.java:942)
	at org.springframework.web.servlet.FrameworkServlet.processRequest(FrameworkServlet.java:1005)
	at org.springframework.web.servlet.FrameworkServlet.doGet(FrameworkServlet.java:897)
	at javax.servlet.http.HttpServlet.service(HttpServlet.java:634)
	at org.springframework.web.servlet.FrameworkServlet.service(FrameworkServlet.java:882)
	at javax.servlet.http.HttpServlet.service(HttpServlet.java:741)
	at org.apache.catalina.core.ApplicationFilterChain.internalDoFilter(ApplicationFilterChain.java:231)
	at org.apache.catalina.core.ApplicationFilterChain.doFilter(ApplicationFilterChain.java:166)
	at org.apache.tomcat.websocket.server.WsFilter.doFilter(WsFilter.java:53)
	at org.apache.catalina.core.ApplicationFilterChain.internalDoFilter(ApplicationFilterChain.java:193)
	at org.apache.catalina.core.ApplicationFilterChain.doFilter(ApplicationFilterChain.java:166)
	at org.springframework.web.filter.CorsFilter.doFilterInternal(CorsFilter.java:96)
	at org.springframework.web.filter.OncePerRequestFilter.doFilter(OncePerRequestFilter.java:109)
	at org.apache.catalina.core.ApplicationFilterChain.internalDoFilter(ApplicationFilterChain.java:193)
	at org.apache.catalina.core.ApplicationFilterChain.doFilter(ApplicationFilterChain.java:166)
	at org.springframework.boot.actuate.web.trace.servlet.HttpTraceFilter.doFilterInternal(HttpTraceFilter.java:88)
	at org.springframework.web.filter.OncePerRequestFilter.doFilter(OncePerRequestFilter.java:109)
	at org.apache.catalina.core.ApplicationFilterChain.internalDoFilter(ApplicationFilterChain.java:193)
	at org.apache.catalina.core.ApplicationFilterChain.doFilter(ApplicationFilterChain.java:166)
	at org.springframework.web.filter.RequestContextFilter.doFilterInternal(RequestContextFilter.java:99)
	at org.springframework.web.filter.OncePerRequestFilter.doFilter(OncePerRequestFilter.java:109)
	at org.apache.catalina.core.ApplicationFilterChain.internalDoFilter(ApplicationFilterChain.java:193)
	at org.apache.catalina.core.ApplicationFilterChain.doFilter(ApplicationFilterChain.java:166)
	at org.springframework.web.filter.FormContentFilter.doFilterInternal(FormContentFilter.java:92)
	at org.springframework.web.filter.OncePerRequestFilter.doFilter(OncePerRequestFilter.java:109)
	at org.apache.catalina.core.ApplicationFilterChain.internalDoFilter(ApplicationFilterChain.java:193)
	at org.apache.catalina.core.ApplicationFilterChain.doFilter(ApplicationFilterChain.java:166)
	at org.springframework.web.filter.HiddenHttpMethodFilter.doFilterInternal(HiddenHttpMethodFilter.java:93)
	at org.springframework.web.filter.OncePerRequestFilter.doFilter(OncePerRequestFilter.java:109)
	at org.apache.catalina.core.ApplicationFilterChain.internalDoFilter(ApplicationFilterChain.java:193)
	at org.apache.catalina.core.ApplicationFilterChain.doFilter(ApplicationFilterChain.java:166)
	at org.springframework.boot.actuate.metrics.web.servlet.WebMvcMetricsFilter.filterAndRecordMetrics(WebMvcMetricsFilter.java:114)
	at org.springframework.boot.actuate.metrics.web.servlet.WebMvcMetricsFilter.doFilterInternal(WebMvcMetricsFilter.java:104)
	at org.springframework.web.filter.OncePerRequestFilter.doFilter(OncePerRequestFilter.java:109)
	at org.apache.catalina.core.ApplicationFilterChain.internalDoFilter(ApplicationFilterChain.java:193)
	at org.apache.catalina.core.ApplicationFilterChain.doFilter(ApplicationFilterChain.java:166)
	at org.springframework.web.filter.CharacterEncodingFilter.doFilterInternal(CharacterEncodingFilter.java:200)
	at org.springframework.web.filter.OncePerRequestFilter.doFilter(OncePerRequestFilter.java:109)
	at org.apache.catalina.core.ApplicationFilterChain.internalDoFilter(ApplicationFilterChain.java:193)
	at org.apache.catalina.core.ApplicationFilterChain.doFilter(ApplicationFilterChain.java:166)
	at org.apache.catalina.core.StandardWrapperValve.invoke(StandardWrapperValve.java:199)
	at org.apache.catalina.core.StandardContextValve.invoke(StandardContextValve.java:96)
	at org.apache.catalina.authenticator.AuthenticatorBase.invoke(AuthenticatorBase.java:490)
	at org.apache.catalina.core.StandardHostValve.invoke(StandardHostValve.java:139)
	at org.apache.catalina.valves.ErrorReportValve.invoke(ErrorReportValve.java:92)
	at org.apache.catalina.core.StandardEngineValve.invoke(StandardEngineValve.java:74)
	at org.apache.catalina.connector.CoyoteAdapter.service(CoyoteAdapter.java:343)
	at org.apache.coyote.http11.Http11Processor.service(Http11Processor.java:408)
	at org.apache.coyote.AbstractProcessorLight.process(AbstractProcessorLight.java:66)
	at org.apache.coyote.AbstractProtocol$ConnectionHandler.process(AbstractProtocol.java:834)
	at org.apache.tomcat.util.net.NioEndpoint$SocketProcessor.doRun(NioEndpoint.java:1417)
	at org.apache.tomcat.util.net.SocketProcessorBase.run(SocketProcessorBase.java:49)
	at java.util.concurrent.ThreadPoolExecutor.runWorker(ThreadPoolExecutor.java:1149)
	at java.util.concurrent.ThreadPoolExecutor$Worker.run(ThreadPoolExecutor.java:624)
	at org.apache.tomcat.util.threads.TaskThread$WrappingRunnable.run(TaskThread.java:61)
	at java.lang.Thread.run(Thread.java:748)
Caused by: java.lang.NullPointerException: null
	at com.csicit.ace.zuul.filter.FirstFilter.run(FirstFilter.java:308)
	at com.netflix.zuul.ZuulFilter.runFilter(ZuulFilter.java:117)
	at com.netflix.zuul.FilterProcessor.processZuulFilter(FilterProcessor.java:193)
	... 65 common frames omitted
2021-11-08 17:18:49 [INFO] com.csicit.ace.common.log.AceLocalLogger : REQUEST_URL:/dv-testapp-platform/wfdFlows/fid-5a674ea6-bb31-42ad-8057-9a59703c2ada, REQUEST_METHOD:GET, REQUEST_IP:192.168.20.136
2021-11-08 17:18:49 [WARN] org.springframework.cloud.netflix.zuul.filters.post.SendErrorFilter : Error during filtering
com.netflix.zuul.exception.ZuulException: Filter threw Exception
	at com.netflix.zuul.FilterProcessor.processZuulFilter(FilterProcessor.java:227)
	at com.netflix.zuul.FilterProcessor.runFilters(FilterProcessor.java:157)
	at com.netflix.zuul.FilterProcessor.preRoute(FilterProcessor.java:133)
	at com.netflix.zuul.ZuulRunner.preRoute(ZuulRunner.java:105)
	at com.netflix.zuul.http.ZuulServlet.preRoute(ZuulServlet.java:125)
	at com.netflix.zuul.http.ZuulServlet.service(ZuulServlet.java:74)
	at org.springframework.web.servlet.mvc.ServletWrappingController.handleRequestInternal(ServletWrappingController.java:165)
	at org.springframework.cloud.netflix.zuul.web.ZuulController.handleRequest(ZuulController.java:44)
	at org.springframework.web.servlet.mvc.SimpleControllerHandlerAdapter.handle(SimpleControllerHandlerAdapter.java:52)
	at org.springframework.web.servlet.DispatcherServlet.doDispatch(DispatcherServlet.java:1038)
	at org.springframework.web.servlet.DispatcherServlet.doService(DispatcherServlet.java:942)
	at org.springframework.web.servlet.FrameworkServlet.processRequest(FrameworkServlet.java:1005)
	at org.springframework.web.servlet.FrameworkServlet.doGet(FrameworkServlet.java:897)
	at javax.servlet.http.HttpServlet.service(HttpServlet.java:634)
	at org.springframework.web.servlet.FrameworkServlet.service(FrameworkServlet.java:882)
	at javax.servlet.http.HttpServlet.service(HttpServlet.java:741)
	at org.apache.catalina.core.ApplicationFilterChain.internalDoFilter(ApplicationFilterChain.java:231)
	at org.apache.catalina.core.ApplicationFilterChain.doFilter(ApplicationFilterChain.java:166)
	at org.apache.tomcat.websocket.server.WsFilter.doFilter(WsFilter.java:53)
	at org.apache.catalina.core.ApplicationFilterChain.internalDoFilter(ApplicationFilterChain.java:193)
	at org.apache.catalina.core.ApplicationFilterChain.doFilter(ApplicationFilterChain.java:166)
	at org.springframework.web.filter.CorsFilter.doFilterInternal(CorsFilter.java:96)
	at org.springframework.web.filter.OncePerRequestFilter.doFilter(OncePerRequestFilter.java:109)
	at org.apache.catalina.core.ApplicationFilterChain.internalDoFilter(ApplicationFilterChain.java:193)
	at org.apache.catalina.core.ApplicationFilterChain.doFilter(ApplicationFilterChain.java:166)
	at org.springframework.boot.actuate.web.trace.servlet.HttpTraceFilter.doFilterInternal(HttpTraceFilter.java:88)
	at org.springframework.web.filter.OncePerRequestFilter.doFilter(OncePerRequestFilter.java:109)
	at org.apache.catalina.core.ApplicationFilterChain.internalDoFilter(ApplicationFilterChain.java:193)
	at org.apache.catalina.core.ApplicationFilterChain.doFilter(ApplicationFilterChain.java:166)
	at org.springframework.web.filter.RequestContextFilter.doFilterInternal(RequestContextFilter.java:99)
	at org.springframework.web.filter.OncePerRequestFilter.doFilter(OncePerRequestFilter.java:109)
	at org.apache.catalina.core.ApplicationFilterChain.internalDoFilter(ApplicationFilterChain.java:193)
	at org.apache.catalina.core.ApplicationFilterChain.doFilter(ApplicationFilterChain.java:166)
	at org.springframework.web.filter.FormContentFilter.doFilterInternal(FormContentFilter.java:92)
	at org.springframework.web.filter.OncePerRequestFilter.doFilter(OncePerRequestFilter.java:109)
	at org.apache.catalina.core.ApplicationFilterChain.internalDoFilter(ApplicationFilterChain.java:193)
	at org.apache.catalina.core.ApplicationFilterChain.doFilter(ApplicationFilterChain.java:166)
	at org.springframework.web.filter.HiddenHttpMethodFilter.doFilterInternal(HiddenHttpMethodFilter.java:93)
	at org.springframework.web.filter.OncePerRequestFilter.doFilter(OncePerRequestFilter.java:109)
	at org.apache.catalina.core.ApplicationFilterChain.internalDoFilter(ApplicationFilterChain.java:193)
	at org.apache.catalina.core.ApplicationFilterChain.doFilter(ApplicationFilterChain.java:166)
	at org.springframework.boot.actuate.metrics.web.servlet.WebMvcMetricsFilter.filterAndRecordMetrics(WebMvcMetricsFilter.java:114)
	at org.springframework.boot.actuate.metrics.web.servlet.WebMvcMetricsFilter.doFilterInternal(WebMvcMetricsFilter.java:104)
	at org.springframework.web.filter.OncePerRequestFilter.doFilter(OncePerRequestFilter.java:109)
	at org.apache.catalina.core.ApplicationFilterChain.internalDoFilter(ApplicationFilterChain.java:193)
	at org.apache.catalina.core.ApplicationFilterChain.doFilter(ApplicationFilterChain.java:166)
	at org.springframework.web.filter.CharacterEncodingFilter.doFilterInternal(CharacterEncodingFilter.java:200)
	at org.springframework.web.filter.OncePerRequestFilter.doFilter(OncePerRequestFilter.java:109)
	at org.apache.catalina.core.ApplicationFilterChain.internalDoFilter(ApplicationFilterChain.java:193)
	at org.apache.catalina.core.ApplicationFilterChain.doFilter(ApplicationFilterChain.java:166)
	at org.apache.catalina.core.StandardWrapperValve.invoke(StandardWrapperValve.java:199)
	at org.apache.catalina.core.StandardContextValve.invoke(StandardContextValve.java:96)
	at org.apache.catalina.authenticator.AuthenticatorBase.invoke(AuthenticatorBase.java:490)
	at org.apache.catalina.core.StandardHostValve.invoke(StandardHostValve.java:139)
	at org.apache.catalina.valves.ErrorReportValve.invoke(ErrorReportValve.java:92)
	at org.apache.catalina.core.StandardEngineValve.invoke(StandardEngineValve.java:74)
	at org.apache.catalina.connector.CoyoteAdapter.service(CoyoteAdapter.java:343)
	at org.apache.coyote.http11.Http11Processor.service(Http11Processor.java:408)
	at org.apache.coyote.AbstractProcessorLight.process(AbstractProcessorLight.java:66)
	at org.apache.coyote.AbstractProtocol$ConnectionHandler.process(AbstractProtocol.java:834)
	at org.apache.tomcat.util.net.NioEndpoint$SocketProcessor.doRun(NioEndpoint.java:1417)
	at org.apache.tomcat.util.net.SocketProcessorBase.run(SocketProcessorBase.java:49)
	at java.util.concurrent.ThreadPoolExecutor.runWorker(ThreadPoolExecutor.java:1149)
	at java.util.concurrent.ThreadPoolExecutor$Worker.run(ThreadPoolExecutor.java:624)
	at org.apache.tomcat.util.threads.TaskThread$WrappingRunnable.run(TaskThread.java:61)
	at java.lang.Thread.run(Thread.java:748)
Caused by: java.lang.NullPointerException: null
	at com.csicit.ace.zuul.filter.FirstFilter.run(FirstFilter.java:308)
	at com.netflix.zuul.ZuulFilter.runFilter(ZuulFilter.java:117)
	at com.netflix.zuul.FilterProcessor.processZuulFilter(FilterProcessor.java:193)
	... 65 common frames omitted
2021-11-08 17:18:49 [INFO] com.csicit.ace.common.log.AceLocalLogger : REQUEST_URL:/dv-testapp-platform/wfdVFlows/getLastVersion, REQUEST_METHOD:POST, REQUEST_IP:192.168.20.136
2021-11-08 17:18:49 [WARN] org.springframework.cloud.netflix.zuul.filters.post.SendErrorFilter : Error during filtering
com.netflix.zuul.exception.ZuulException: Filter threw Exception
	at com.netflix.zuul.FilterProcessor.processZuulFilter(FilterProcessor.java:227)
	at com.netflix.zuul.FilterProcessor.runFilters(FilterProcessor.java:157)
	at com.netflix.zuul.FilterProcessor.preRoute(FilterProcessor.java:133)
	at com.netflix.zuul.ZuulRunner.preRoute(ZuulRunner.java:105)
	at com.netflix.zuul.http.ZuulServlet.preRoute(ZuulServlet.java:125)
	at com.netflix.zuul.http.ZuulServlet.service(ZuulServlet.java:74)
	at org.springframework.web.servlet.mvc.ServletWrappingController.handleRequestInternal(ServletWrappingController.java:165)
	at org.springframework.cloud.netflix.zuul.web.ZuulController.handleRequest(ZuulController.java:44)
	at org.springframework.web.servlet.mvc.SimpleControllerHandlerAdapter.handle(SimpleControllerHandlerAdapter.java:52)
	at org.springframework.web.servlet.DispatcherServlet.doDispatch(DispatcherServlet.java:1038)
	at org.springframework.web.servlet.DispatcherServlet.doService(DispatcherServlet.java:942)
	at org.springframework.web.servlet.FrameworkServlet.processRequest(FrameworkServlet.java:1005)
	at org.springframework.web.servlet.FrameworkServlet.doPost(FrameworkServlet.java:908)
	at javax.servlet.http.HttpServlet.service(HttpServlet.java:660)
	at org.springframework.web.servlet.FrameworkServlet.service(FrameworkServlet.java:882)
	at javax.servlet.http.HttpServlet.service(HttpServlet.java:741)
	at org.apache.catalina.core.ApplicationFilterChain.internalDoFilter(ApplicationFilterChain.java:231)
	at org.apache.catalina.core.ApplicationFilterChain.doFilter(ApplicationFilterChain.java:166)
	at org.apache.tomcat.websocket.server.WsFilter.doFilter(WsFilter.java:53)
	at org.apache.catalina.core.ApplicationFilterChain.internalDoFilter(ApplicationFilterChain.java:193)
	at org.apache.catalina.core.ApplicationFilterChain.doFilter(ApplicationFilterChain.java:166)
	at org.springframework.web.filter.CorsFilter.doFilterInternal(CorsFilter.java:96)
	at org.springframework.web.filter.OncePerRequestFilter.doFilter(OncePerRequestFilter.java:109)
	at org.apache.catalina.core.ApplicationFilterChain.internalDoFilter(ApplicationFilterChain.java:193)
	at org.apache.catalina.core.ApplicationFilterChain.doFilter(ApplicationFilterChain.java:166)
	at org.springframework.boot.actuate.web.trace.servlet.HttpTraceFilter.doFilterInternal(HttpTraceFilter.java:88)
	at org.springframework.web.filter.OncePerRequestFilter.doFilter(OncePerRequestFilter.java:109)
	at org.apache.catalina.core.ApplicationFilterChain.internalDoFilter(ApplicationFilterChain.java:193)
	at org.apache.catalina.core.ApplicationFilterChain.doFilter(ApplicationFilterChain.java:166)
	at org.springframework.web.filter.RequestContextFilter.doFilterInternal(RequestContextFilter.java:99)
	at org.springframework.web.filter.OncePerRequestFilter.doFilter(OncePerRequestFilter.java:109)
	at org.apache.catalina.core.ApplicationFilterChain.internalDoFilter(ApplicationFilterChain.java:193)
	at org.apache.catalina.core.ApplicationFilterChain.doFilter(ApplicationFilterChain.java:166)
	at org.springframework.web.filter.FormContentFilter.doFilterInternal(FormContentFilter.java:92)
	at org.springframework.web.filter.OncePerRequestFilter.doFilter(OncePerRequestFilter.java:109)
	at org.apache.catalina.core.ApplicationFilterChain.internalDoFilter(ApplicationFilterChain.java:193)
	at org.apache.catalina.core.ApplicationFilterChain.doFilter(ApplicationFilterChain.java:166)
	at org.springframework.web.filter.HiddenHttpMethodFilter.doFilterInternal(HiddenHttpMethodFilter.java:93)
	at org.springframework.web.filter.OncePerRequestFilter.doFilter(OncePerRequestFilter.java:109)
	at org.apache.catalina.core.ApplicationFilterChain.internalDoFilter(ApplicationFilterChain.java:193)
	at org.apache.catalina.core.ApplicationFilterChain.doFilter(ApplicationFilterChain.java:166)
	at org.springframework.boot.actuate.metrics.web.servlet.WebMvcMetricsFilter.filterAndRecordMetrics(WebMvcMetricsFilter.java:114)
	at org.springframework.boot.actuate.metrics.web.servlet.WebMvcMetricsFilter.doFilterInternal(WebMvcMetricsFilter.java:104)
	at org.springframework.web.filter.OncePerRequestFilter.doFilter(OncePerRequestFilter.java:109)
	at org.apache.catalina.core.ApplicationFilterChain.internalDoFilter(ApplicationFilterChain.java:193)
	at org.apache.catalina.core.ApplicationFilterChain.doFilter(ApplicationFilterChain.java:166)
	at org.springframework.web.filter.CharacterEncodingFilter.doFilterInternal(CharacterEncodingFilter.java:200)
	at org.springframework.web.filter.OncePerRequestFilter.doFilter(OncePerRequestFilter.java:109)
	at org.apache.catalina.core.ApplicationFilterChain.internalDoFilter(ApplicationFilterChain.java:193)
	at org.apache.catalina.core.ApplicationFilterChain.doFilter(ApplicationFilterChain.java:166)
	at org.apache.catalina.core.StandardWrapperValve.invoke(StandardWrapperValve.java:199)
	at org.apache.catalina.core.StandardContextValve.invoke(StandardContextValve.java:96)
	at org.apache.catalina.authenticator.AuthenticatorBase.invoke(AuthenticatorBase.java:490)
	at org.apache.catalina.core.StandardHostValve.invoke(StandardHostValve.java:139)
	at org.apache.catalina.valves.ErrorReportValve.invoke(ErrorReportValve.java:92)
	at org.apache.catalina.core.StandardEngineValve.invoke(StandardEngineValve.java:74)
	at org.apache.catalina.connector.CoyoteAdapter.service(CoyoteAdapter.java:343)
	at org.apache.coyote.http11.Http11Processor.service(Http11Processor.java:408)
	at org.apache.coyote.AbstractProcessorLight.process(AbstractProcessorLight.java:66)
	at org.apache.coyote.AbstractProtocol$ConnectionHandler.process(AbstractProtocol.java:834)
	at org.apache.tomcat.util.net.NioEndpoint$SocketProcessor.doRun(NioEndpoint.java:1417)
	at org.apache.tomcat.util.net.SocketProcessorBase.run(SocketProcessorBase.java:49)
	at java.util.concurrent.ThreadPoolExecutor.runWorker(ThreadPoolExecutor.java:1149)
	at java.util.concurrent.ThreadPoolExecutor$Worker.run(ThreadPoolExecutor.java:624)
	at org.apache.tomcat.util.threads.TaskThread$WrappingRunnable.run(TaskThread.java:61)
	at java.lang.Thread.run(Thread.java:748)
Caused by: java.lang.NullPointerException: null
	at com.csicit.ace.zuul.filter.FirstFilter.run(FirstFilter.java:308)
	at com.netflix.zuul.ZuulFilter.runFilter(ZuulFilter.java:117)
	at com.netflix.zuul.FilterProcessor.processZuulFilter(FilterProcessor.java:193)
	... 65 common frames omitted
2021-11-08 17:18:51 [INFO] com.csicit.ace.common.log.AceLocalLogger : REQUEST_URL:/dv-testapp-platform/wfdFlows/fid-99fd813d-a1c9-46ea-bbc9-a4f8bfc5c0cf, REQUEST_METHOD:GET, REQUEST_IP:192.168.20.136
2021-11-08 17:18:51 [WARN] org.springframework.cloud.netflix.zuul.filters.post.SendErrorFilter : Error during filtering
com.netflix.zuul.exception.ZuulException: Filter threw Exception
	at com.netflix.zuul.FilterProcessor.processZuulFilter(FilterProcessor.java:227)
	at com.netflix.zuul.FilterProcessor.runFilters(FilterProcessor.java:157)
	at com.netflix.zuul.FilterProcessor.preRoute(FilterProcessor.java:133)
	at com.netflix.zuul.ZuulRunner.preRoute(ZuulRunner.java:105)
	at com.netflix.zuul.http.ZuulServlet.preRoute(ZuulServlet.java:125)
	at com.netflix.zuul.http.ZuulServlet.service(ZuulServlet.java:74)
	at org.springframework.web.servlet.mvc.ServletWrappingController.handleRequestInternal(ServletWrappingController.java:165)
	at org.springframework.cloud.netflix.zuul.web.ZuulController.handleRequest(ZuulController.java:44)
	at org.springframework.web.servlet.mvc.SimpleControllerHandlerAdapter.handle(SimpleControllerHandlerAdapter.java:52)
	at org.springframework.web.servlet.DispatcherServlet.doDispatch(DispatcherServlet.java:1038)
	at org.springframework.web.servlet.DispatcherServlet.doService(DispatcherServlet.java:942)
	at org.springframework.web.servlet.FrameworkServlet.processRequest(FrameworkServlet.java:1005)
	at org.springframework.web.servlet.FrameworkServlet.doGet(FrameworkServlet.java:897)
	at javax.servlet.http.HttpServlet.service(HttpServlet.java:634)
	at org.springframework.web.servlet.FrameworkServlet.service(FrameworkServlet.java:882)
	at javax.servlet.http.HttpServlet.service(HttpServlet.java:741)
	at org.apache.catalina.core.ApplicationFilterChain.internalDoFilter(ApplicationFilterChain.java:231)
	at org.apache.catalina.core.ApplicationFilterChain.doFilter(ApplicationFilterChain.java:166)
	at org.apache.tomcat.websocket.server.WsFilter.doFilter(WsFilter.java:53)
	at org.apache.catalina.core.ApplicationFilterChain.internalDoFilter(ApplicationFilterChain.java:193)
	at org.apache.catalina.core.ApplicationFilterChain.doFilter(ApplicationFilterChain.java:166)
	at org.springframework.web.filter.CorsFilter.doFilterInternal(CorsFilter.java:96)
	at org.springframework.web.filter.OncePerRequestFilter.doFilter(OncePerRequestFilter.java:109)
	at org.apache.catalina.core.ApplicationFilterChain.internalDoFilter(ApplicationFilterChain.java:193)
	at org.apache.catalina.core.ApplicationFilterChain.doFilter(ApplicationFilterChain.java:166)
	at org.springframework.boot.actuate.web.trace.servlet.HttpTraceFilter.doFilterInternal(HttpTraceFilter.java:88)
	at org.springframework.web.filter.OncePerRequestFilter.doFilter(OncePerRequestFilter.java:109)
	at org.apache.catalina.core.ApplicationFilterChain.internalDoFilter(ApplicationFilterChain.java:193)
	at org.apache.catalina.core.ApplicationFilterChain.doFilter(ApplicationFilterChain.java:166)
	at org.springframework.web.filter.RequestContextFilter.doFilterInternal(RequestContextFilter.java:99)
	at org.springframework.web.filter.OncePerRequestFilter.doFilter(OncePerRequestFilter.java:109)
	at org.apache.catalina.core.ApplicationFilterChain.internalDoFilter(ApplicationFilterChain.java:193)
	at org.apache.catalina.core.ApplicationFilterChain.doFilter(ApplicationFilterChain.java:166)
	at org.springframework.web.filter.FormContentFilter.doFilterInternal(FormContentFilter.java:92)
	at org.springframework.web.filter.OncePerRequestFilter.doFilter(OncePerRequestFilter.java:109)
	at org.apache.catalina.core.ApplicationFilterChain.internalDoFilter(ApplicationFilterChain.java:193)
	at org.apache.catalina.core.ApplicationFilterChain.doFilter(ApplicationFilterChain.java:166)
	at org.springframework.web.filter.HiddenHttpMethodFilter.doFilterInternal(HiddenHttpMethodFilter.java:93)
	at org.springframework.web.filter.OncePerRequestFilter.doFilter(OncePerRequestFilter.java:109)
	at org.apache.catalina.core.ApplicationFilterChain.internalDoFilter(ApplicationFilterChain.java:193)
	at org.apache.catalina.core.ApplicationFilterChain.doFilter(ApplicationFilterChain.java:166)
	at org.springframework.boot.actuate.metrics.web.servlet.WebMvcMetricsFilter.filterAndRecordMetrics(WebMvcMetricsFilter.java:114)
	at org.springframework.boot.actuate.metrics.web.servlet.WebMvcMetricsFilter.doFilterInternal(WebMvcMetricsFilter.java:104)
	at org.springframework.web.filter.OncePerRequestFilter.doFilter(OncePerRequestFilter.java:109)
	at org.apache.catalina.core.ApplicationFilterChain.internalDoFilter(ApplicationFilterChain.java:193)
	at org.apache.catalina.core.ApplicationFilterChain.doFilter(ApplicationFilterChain.java:166)
	at org.springframework.web.filter.CharacterEncodingFilter.doFilterInternal(CharacterEncodingFilter.java:200)
	at org.springframework.web.filter.OncePerRequestFilter.doFilter(OncePerRequestFilter.java:109)
	at org.apache.catalina.core.ApplicationFilterChain.internalDoFilter(ApplicationFilterChain.java:193)
	at org.apache.catalina.core.ApplicationFilterChain.doFilter(ApplicationFilterChain.java:166)
	at org.apache.catalina.core.StandardWrapperValve.invoke(StandardWrapperValve.java:199)
	at org.apache.catalina.core.StandardContextValve.invoke(StandardContextValve.java:96)
	at org.apache.catalina.authenticator.AuthenticatorBase.invoke(AuthenticatorBase.java:490)
	at org.apache.catalina.core.StandardHostValve.invoke(StandardHostValve.java:139)
	at org.apache.catalina.valves.ErrorReportValve.invoke(ErrorReportValve.java:92)
	at org.apache.catalina.core.StandardEngineValve.invoke(StandardEngineValve.java:74)
	at org.apache.catalina.connector.CoyoteAdapter.service(CoyoteAdapter.java:343)
	at org.apache.coyote.http11.Http11Processor.service(Http11Processor.java:408)
	at org.apache.coyote.AbstractProcessorLight.process(AbstractProcessorLight.java:66)
	at org.apache.coyote.AbstractProtocol$ConnectionHandler.process(AbstractProtocol.java:834)
	at org.apache.tomcat.util.net.NioEndpoint$SocketProcessor.doRun(NioEndpoint.java:1417)
	at org.apache.tomcat.util.net.SocketProcessorBase.run(SocketProcessorBase.java:49)
	at java.util.concurrent.ThreadPoolExecutor.runWorker(ThreadPoolExecutor.java:1149)
	at java.util.concurrent.ThreadPoolExecutor$Worker.run(ThreadPoolExecutor.java:624)
	at org.apache.tomcat.util.threads.TaskThread$WrappingRunnable.run(TaskThread.java:61)
	at java.lang.Thread.run(Thread.java:748)
Caused by: java.lang.NullPointerException: null
	at com.csicit.ace.zuul.filter.FirstFilter.run(FirstFilter.java:308)
	at com.netflix.zuul.ZuulFilter.runFilter(ZuulFilter.java:117)
	at com.netflix.zuul.FilterProcessor.processZuulFilter(FilterProcessor.java:193)
	... 65 common frames omitted
2021-11-08 17:18:51 [INFO] com.csicit.ace.common.log.AceLocalLogger : REQUEST_URL:/dv-testapp-platform/wfdVFlows/getLastVersion, REQUEST_METHOD:POST, REQUEST_IP:192.168.20.136
2021-11-08 17:18:51 [WARN] org.springframework.cloud.netflix.zuul.filters.post.SendErrorFilter : Error during filtering
com.netflix.zuul.exception.ZuulException: Filter threw Exception
	at com.netflix.zuul.FilterProcessor.processZuulFilter(FilterProcessor.java:227)
	at com.netflix.zuul.FilterProcessor.runFilters(FilterProcessor.java:157)
	at com.netflix.zuul.FilterProcessor.preRoute(FilterProcessor.java:133)
	at com.netflix.zuul.ZuulRunner.preRoute(ZuulRunner.java:105)
	at com.netflix.zuul.http.ZuulServlet.preRoute(ZuulServlet.java:125)
	at com.netflix.zuul.http.ZuulServlet.service(ZuulServlet.java:74)
	at org.springframework.web.servlet.mvc.ServletWrappingController.handleRequestInternal(ServletWrappingController.java:165)
	at org.springframework.cloud.netflix.zuul.web.ZuulController.handleRequest(ZuulController.java:44)
	at org.springframework.web.servlet.mvc.SimpleControllerHandlerAdapter.handle(SimpleControllerHandlerAdapter.java:52)
	at org.springframework.web.servlet.DispatcherServlet.doDispatch(DispatcherServlet.java:1038)
	at org.springframework.web.servlet.DispatcherServlet.doService(DispatcherServlet.java:942)
	at org.springframework.web.servlet.FrameworkServlet.processRequest(FrameworkServlet.java:1005)
	at org.springframework.web.servlet.FrameworkServlet.doPost(FrameworkServlet.java:908)
	at javax.servlet.http.HttpServlet.service(HttpServlet.java:660)
	at org.springframework.web.servlet.FrameworkServlet.service(FrameworkServlet.java:882)
	at javax.servlet.http.HttpServlet.service(HttpServlet.java:741)
	at org.apache.catalina.core.ApplicationFilterChain.internalDoFilter(ApplicationFilterChain.java:231)
	at org.apache.catalina.core.ApplicationFilterChain.doFilter(ApplicationFilterChain.java:166)
	at org.apache.tomcat.websocket.server.WsFilter.doFilter(WsFilter.java:53)
	at org.apache.catalina.core.ApplicationFilterChain.internalDoFilter(ApplicationFilterChain.java:193)
	at org.apache.catalina.core.ApplicationFilterChain.doFilter(ApplicationFilterChain.java:166)
	at org.springframework.web.filter.CorsFilter.doFilterInternal(CorsFilter.java:96)
	at org.springframework.web.filter.OncePerRequestFilter.doFilter(OncePerRequestFilter.java:109)
	at org.apache.catalina.core.ApplicationFilterChain.internalDoFilter(ApplicationFilterChain.java:193)
	at org.apache.catalina.core.ApplicationFilterChain.doFilter(ApplicationFilterChain.java:166)
	at org.springframework.boot.actuate.web.trace.servlet.HttpTraceFilter.doFilterInternal(HttpTraceFilter.java:88)
	at org.springframework.web.filter.OncePerRequestFilter.doFilter(OncePerRequestFilter.java:109)
	at org.apache.catalina.core.ApplicationFilterChain.internalDoFilter(ApplicationFilterChain.java:193)
	at org.apache.catalina.core.ApplicationFilterChain.doFilter(ApplicationFilterChain.java:166)
	at org.springframework.web.filter.RequestContextFilter.doFilterInternal(RequestContextFilter.java:99)
	at org.springframework.web.filter.OncePerRequestFilter.doFilter(OncePerRequestFilter.java:109)
	at org.apache.catalina.core.ApplicationFilterChain.internalDoFilter(ApplicationFilterChain.java:193)
	at org.apache.catalina.core.ApplicationFilterChain.doFilter(ApplicationFilterChain.java:166)
	at org.springframework.web.filter.FormContentFilter.doFilterInternal(FormContentFilter.java:92)
	at org.springframework.web.filter.OncePerRequestFilter.doFilter(OncePerRequestFilter.java:109)
	at org.apache.catalina.core.ApplicationFilterChain.internalDoFilter(ApplicationFilterChain.java:193)
	at org.apache.catalina.core.ApplicationFilterChain.doFilter(ApplicationFilterChain.java:166)
	at org.springframework.web.filter.HiddenHttpMethodFilter.doFilterInternal(HiddenHttpMethodFilter.java:93)
	at org.springframework.web.filter.OncePerRequestFilter.doFilter(OncePerRequestFilter.java:109)
	at org.apache.catalina.core.ApplicationFilterChain.internalDoFilter(ApplicationFilterChain.java:193)
	at org.apache.catalina.core.ApplicationFilterChain.doFilter(ApplicationFilterChain.java:166)
	at org.springframework.boot.actuate.metrics.web.servlet.WebMvcMetricsFilter.filterAndRecordMetrics(WebMvcMetricsFilter.java:114)
	at org.springframework.boot.actuate.metrics.web.servlet.WebMvcMetricsFilter.doFilterInternal(WebMvcMetricsFilter.java:104)
	at org.springframework.web.filter.OncePerRequestFilter.doFilter(OncePerRequestFilter.java:109)
	at org.apache.catalina.core.ApplicationFilterChain.internalDoFilter(ApplicationFilterChain.java:193)
	at org.apache.catalina.core.ApplicationFilterChain.doFilter(ApplicationFilterChain.java:166)
	at org.springframework.web.filter.CharacterEncodingFilter.doFilterInternal(CharacterEncodingFilter.java:200)
	at org.springframework.web.filter.OncePerRequestFilter.doFilter(OncePerRequestFilter.java:109)
	at org.apache.catalina.core.ApplicationFilterChain.internalDoFilter(ApplicationFilterChain.java:193)
	at org.apache.catalina.core.ApplicationFilterChain.doFilter(ApplicationFilterChain.java:166)
	at org.apache.catalina.core.StandardWrapperValve.invoke(StandardWrapperValve.java:199)
	at org.apache.catalina.core.StandardContextValve.invoke(StandardContextValve.java:96)
	at org.apache.catalina.authenticator.AuthenticatorBase.invoke(AuthenticatorBase.java:490)
	at org.apache.catalina.core.StandardHostValve.invoke(StandardHostValve.java:139)
	at org.apache.catalina.valves.ErrorReportValve.invoke(ErrorReportValve.java:92)
	at org.apache.catalina.core.StandardEngineValve.invoke(StandardEngineValve.java:74)
	at org.apache.catalina.connector.CoyoteAdapter.service(CoyoteAdapter.java:343)
	at org.apache.coyote.http11.Http11Processor.service(Http11Processor.java:408)
	at org.apache.coyote.AbstractProcessorLight.process(AbstractProcessorLight.java:66)
	at org.apache.coyote.AbstractProtocol$ConnectionHandler.process(AbstractProtocol.java:834)
	at org.apache.tomcat.util.net.NioEndpoint$SocketProcessor.doRun(NioEndpoint.java:1417)
	at org.apache.tomcat.util.net.SocketProcessorBase.run(SocketProcessorBase.java:49)
	at java.util.concurrent.ThreadPoolExecutor.runWorker(ThreadPoolExecutor.java:1149)
	at java.util.concurrent.ThreadPoolExecutor$Worker.run(ThreadPoolExecutor.java:624)
	at org.apache.tomcat.util.threads.TaskThread$WrappingRunnable.run(TaskThread.java:61)
	at java.lang.Thread.run(Thread.java:748)
Caused by: java.lang.NullPointerException: null
	at com.csicit.ace.zuul.filter.FirstFilter.run(FirstFilter.java:308)
	at com.netflix.zuul.ZuulFilter.runFilter(ZuulFilter.java:117)
	at com.netflix.zuul.FilterProcessor.processZuulFilter(FilterProcessor.java:193)
	... 65 common frames omitted
2021-11-08 17:18:56 [INFO] com.csicit.ace.common.log.AceLocalLogger :  36087--请求地址: http://192.168.20.136:2100/init ,HTTP_METHOD: GET ,IP: 192.168.20.136 ,CLASS_METHOD: com.csicit.ace.platform.core.controller.InitController.getDefaultArgs ,请求参数: {"aceTimestamp":["1636363136076"]}
2021-11-08 17:18:56 [INFO] com.csicit.ace.common.log.AceLocalLogger :  36087--耗时 : 8
2021-11-08 17:18:56 [INFO] com.csicit.ace.common.log.AceLocalLogger :  36356--请求地址: http://192.168.20.136:2100/sysConfigs/action/downloadImg/favicon ,HTTP_METHOD: GET ,IP: 192.168.20.136 ,CLASS_METHOD: com.csicit.ace.platform.core.controller.SysConfigController.downloadImg ,请求参数: {"t":["1636363136060"]}
2021-11-08 17:18:56 [INFO] com.csicit.ace.common.log.AceLocalLogger :  36356--耗时 : 9
2021-11-08 17:18:57 [INFO] com.csicit.ace.common.log.AceLocalLogger :  37488--请求地址: http://192.168.20.136:2100/sysConfigs/action/downloadImg/lgbg ,HTTP_METHOD: GET ,IP: 192.168.20.136 ,CLASS_METHOD: com.csicit.ace.platform.core.controller.SysConfigController.downloadImg ,请求参数: {"t":["1636363137467"]}
2021-11-08 17:18:57 [INFO] com.csicit.ace.common.log.AceLocalLogger :  37497--请求地址: http://192.168.20.136:2100/init ,HTTP_METHOD: GET ,IP: 192.168.20.136 ,CLASS_METHOD: com.csicit.ace.platform.core.controller.InitController.getDefaultArgs ,请求参数: {"aceTimestamp":["1636363137487"]}
2021-11-08 17:18:57 [INFO] com.csicit.ace.common.log.AceLocalLogger :  37497--耗时 : 0
2021-11-08 17:18:57 [INFO] com.csicit.ace.common.log.AceLocalLogger :  37497--请求地址: http://192.168.20.136:2100/sysConfigs/action/downloadImg/lglo ,HTTP_METHOD: GET ,IP: 192.168.20.136 ,CLASS_METHOD: com.csicit.ace.platform.core.controller.SysConfigController.downloadImg ,请求参数: {"t":["1636363137467"]}
2021-11-08 17:18:57 [INFO] com.csicit.ace.common.log.AceLocalLogger :  37497--耗时 : 4
2021-11-08 17:18:57 [INFO] com.csicit.ace.common.log.AceLocalLogger :  37504--请求地址: http://192.168.20.136:2100/init ,HTTP_METHOD: GET ,IP: 192.168.20.136 ,CLASS_METHOD: com.csicit.ace.platform.core.controller.InitController.getDefaultArgs ,请求参数: {"aceTimestamp":["1636363137487"]}
2021-11-08 17:18:57 [INFO] com.csicit.ace.common.log.AceLocalLogger :  37504--耗时 : 0
2021-11-08 17:18:57 [INFO] com.csicit.ace.common.log.AceLocalLogger :  37488--耗时 : 23
2021-11-08 17:18:57 [INFO] com.csicit.ace.common.log.AceLocalLogger :  37676--请求地址: http://192.168.20.136:2100/sysConfigs/action/downloadImg/favicon ,HTTP_METHOD: GET ,IP: 192.168.20.136 ,CLASS_METHOD: com.csicit.ace.platform.core.controller.SysConfigController.downloadImg ,请求参数: {"t":["1636363137417"]}
2021-11-08 17:18:57 [INFO] com.csicit.ace.common.log.AceLocalLogger :  37676--耗时 : 3
2021-11-08 17:18:59 [INFO] com.csicit.ace.common.log.AceLocalLogger :  39457--请求地址: http://192.168.20.136:2100/login ,HTTP_METHOD: POST ,IP: 192.168.20.136 ,CLASS_METHOD: com.csicit.ace.platform.core.controller.LoginController.login ,参数: testappadmin
2021-11-08 17:18:59 [WARN] com.baomidou.mybatisplus.core.toolkit.sql.SqlHelper : Warn: execute Method There are  4167 results.
2021-11-08 17:18:59 [WARN] com.baomidou.mybatisplus.core.toolkit.sql.SqlHelper : Warn: execute Method There are  2 results.
2021-11-08 17:18:59 [INFO] com.csicit.ace.common.log.AceLocalLogger :  39457--耗时 : 374
2021-11-08 17:18:59 [INFO] com.csicit.ace.common.log.AceLocalLogger :  39858--请求地址: http://192.168.20.136:2100/sysMenus/action/tree/platform ,HTTP_METHOD: GET ,IP: 192.168.20.136 ,CLASS_METHOD: com.csicit.ace.platform.core.controller.SysMenuController.listSideTree ,请求参数: {"aceTimestamp":["1636363139841"]}
2021-11-08 17:19:00 [INFO] com.csicit.ace.common.log.AceLocalLogger :  39858--耗时 : 899
2021-11-08 17:19:00 [INFO] com.csicit.ace.common.log.AceLocalLogger :  40846--请求地址: http://192.168.20.136:2100/getLoginInfo ,HTTP_METHOD: GET ,IP: 192.168.20.136 ,CLASS_METHOD: com.csicit.ace.platform.core.controller.LoginController.getLoginInfo ,请求参数: {}
2021-11-08 17:19:00 [INFO] com.csicit.ace.common.log.AceLocalLogger :  40847--请求地址: http://192.168.20.136:2100/sysUsers/action/info ,HTTP_METHOD: GET ,IP: 192.168.20.136 ,CLASS_METHOD: com.csicit.ace.platform.core.controller.SysUserController.info ,请求参数: {"aceTimestamp":["1636363140787"]}
2021-11-08 17:19:00 [INFO] com.csicit.ace.common.log.AceLocalLogger :  40848--请求地址: http://192.168.20.136:2100/sysConfigs/action/downloadImg/menulo ,HTTP_METHOD: GET ,IP: 192.168.20.136 ,CLASS_METHOD: com.csicit.ace.platform.core.controller.SysConfigController.downloadImg ,请求参数: {"t":["1636363140791"]}
2021-11-08 17:19:00 [INFO] com.csicit.ace.common.log.AceLocalLogger :  40856--请求地址: http://192.168.20.136:2100/sysConfigs/action/downloadImg/favicon ,HTTP_METHOD: GET ,IP: 192.168.20.136 ,CLASS_METHOD: com.csicit.ace.platform.core.controller.SysConfigController.downloadImg ,请求参数: {"t":["1636363137417"]}
2021-11-08 17:19:00 [INFO] com.csicit.ace.common.log.AceLocalLogger :  40848--耗时 : 27
2021-11-08 17:19:00 [INFO] com.csicit.ace.common.log.AceLocalLogger :  40846--耗时 : 35
2021-11-08 17:19:00 [INFO] com.csicit.ace.common.log.AceLocalLogger :  40856--耗时 : 32
2021-11-08 17:19:00 [INFO] com.csicit.ace.common.log.AceLocalLogger :  40908--请求地址: http://192.168.20.136:2100/sysGroupApps/list/userOrgApp ,HTTP_METHOD: GET ,IP: 192.168.20.136 ,CLASS_METHOD: com.csicit.ace.platform.core.controller.SysGroupAppController.listUserOrgApp ,请求参数: {"aceTimestamp":["1636363140896"]}
2021-11-08 17:19:00 [INFO] com.csicit.ace.common.log.AceLocalLogger :  40847--耗时 : 72
2021-11-08 17:19:00 [INFO] com.csicit.ace.common.log.AceLocalLogger :  40908--耗时 : 12
2021-11-08 17:19:01 [INFO] org.quartz.plugins.history.LoggingJobHistoryPlugin : Job 测试任务组.711HM fired (by trigger 711HM$测试任务组.每100毫秒发送一次) at:  17:19:01 11/08/2021
2021-11-08 17:19:01 [WARN] com.csicit.ace.quartz.core.job.AgentJob : 任务执行失败，原因为：应用ah-csicpm不在线
2021-11-08 17:19:01 [INFO] org.quartz.plugins.history.LoggingJobHistoryPlugin : Job 测试任务组.711HM execution complete at  17:19:01 11/08/2021 and reports: null
2021-11-08 17:19:02 [INFO] com.csicit.ace.common.log.AceLocalLogger :  42965--请求地址: http://192.168.20.136:2100/orgGroups ,HTTP_METHOD: GET ,IP: 192.168.20.136 ,CLASS_METHOD: com.csicit.ace.platform.core.controller.OrgGroupController.list ,请求参数: {"aceTimestamp":["1636363142922"]}
2021-11-08 17:19:02 [INFO] com.csicit.ace.common.log.AceLocalLogger :  42965--耗时 : 31
2021-11-08 17:19:03 [INFO] com.csicit.ace.common.log.AceLocalLogger :  43012--请求地址: http://192.168.20.136:2100/sysGroupApps/list/userOrgApp ,HTTP_METHOD: GET ,IP: 192.168.20.136 ,CLASS_METHOD: com.csicit.ace.platform.core.controller.SysGroupAppController.listUserOrgApp ,请求参数: {"aceTimestamp":["1636363142998"],"online":["yes"],"useBpm":["yes"]}
2021-11-08 17:19:03 [INFO] com.csicit.ace.common.log.AceLocalLogger :  43012--耗时 : 18
2021-11-08 17:19:03 [INFO] com.csicit.ace.common.log.AceLocalLogger : REQUEST_URL:/dv-testapp-platform/wfdFlowCategorys/list/all, REQUEST_METHOD:GET, REQUEST_IP:192.168.20.136
2021-11-08 17:19:03 [INFO] com.csicit.ace.common.log.AceLocalLogger : REQUEST_URL:/dv-testapp-platform/wfdFlowCategorys, REQUEST_METHOD:GET, REQUEST_IP:192.168.20.136
2021-11-08 17:19:03 [INFO] com.csicit.ace.common.log.AceLocalLogger : REQUEST_USER: testappadmin(测试平台应用admin), REQUEST_IP:   192.168.20.136
2021-11-08 17:19:03 [INFO] com.csicit.ace.common.log.AceLocalLogger : REQUEST_USER: testappadmin(测试平台应用admin), REQUEST_IP:   192.168.20.136
2021-11-08 17:19:03 [INFO] com.csicit.ace.common.log.AceLocalLogger : REQUEST_URL:/dv-testapp-platform/wfdFlows/list/all, REQUEST_METHOD:GET, REQUEST_IP:192.168.20.136
2021-11-08 17:19:03 [INFO] com.csicit.ace.common.log.AceLocalLogger : REQUEST_USER: testappadmin(测试平台应用admin), REQUEST_IP:   192.168.20.136
2021-11-08 17:19:03 [INFO] com.csicit.ace.common.log.AceLocalLogger : REQUEST_URL:/dv-testapp-platform/wfdFlows/list/all, REQUEST_METHOD:GET, REQUEST_IP:192.168.20.136
2021-11-08 17:19:03 [INFO] com.csicit.ace.common.log.AceLocalLogger : REQUEST_URL:/dv-testapp-platform/wfdFlows/list/all, REQUEST_METHOD:GET, REQUEST_IP:192.168.20.136
2021-11-08 17:19:03 [INFO] com.csicit.ace.common.log.AceLocalLogger : REQUEST_USER: testappadmin(测试平台应用admin), REQUEST_IP:   192.168.20.136
2021-11-08 17:19:03 [INFO] com.csicit.ace.common.log.AceLocalLogger : REQUEST_USER: testappadmin(测试平台应用admin), REQUEST_IP:   192.168.20.136
2021-11-08 17:19:03 [INFO] com.csicit.ace.common.log.AceLocalLogger : REQUEST_URL:/dv-testapp-platform/wfdFlows/list/all, REQUEST_METHOD:GET, REQUEST_IP:192.168.20.136
2021-11-08 17:19:03 [INFO] com.csicit.ace.common.log.AceLocalLogger : REQUEST_USER: testappadmin(测试平台应用admin), REQUEST_IP:   192.168.20.136
2021-11-08 17:19:03 [INFO] com.csicit.ace.common.log.AceLocalLogger : REQUEST_URL:/dv-testapp-platform/wfdFlows/list/all, REQUEST_METHOD:GET, REQUEST_IP:192.168.20.136
2021-11-08 17:19:03 [INFO] com.csicit.ace.common.log.AceLocalLogger : REQUEST_USER: testappadmin(测试平台应用admin), REQUEST_IP:   192.168.20.136
2021-11-08 17:19:04 [INFO] com.csicit.ace.common.log.AceLocalLogger : REQUEST_URL:/dv-testapp-platform/wfdFlows/fid-99fd813d-a1c9-46ea-bbc9-a4f8bfc5c0cf, REQUEST_METHOD:GET, REQUEST_IP:192.168.20.136
2021-11-08 17:19:04 [INFO] com.csicit.ace.common.log.AceLocalLogger : REQUEST_URL:/dv-testapp-platform/wfdVFlows/getLastVersion, REQUEST_METHOD:POST, REQUEST_IP:192.168.20.136
2021-11-08 17:19:04 [INFO] com.csicit.ace.common.log.AceLocalLogger : REQUEST_USER: testappadmin(测试平台应用admin), REQUEST_IP:   192.168.20.136
2021-11-08 17:19:04 [INFO] com.csicit.ace.common.log.AceLocalLogger : REQUEST_USER: testappadmin(测试平台应用admin), REQUEST_IP:   192.168.20.136
2021-11-08 17:19:04 [INFO] com.csicit.ace.common.log.AceLocalLogger : REQUEST_URL:/dv-testapp-platform/wfdGlobalRules/list/all, REQUEST_METHOD:GET, REQUEST_IP:192.168.20.136
2021-11-08 17:19:04 [INFO] com.csicit.ace.common.log.AceLocalLogger : REQUEST_URL:/dv-testapp-platform/wfdGlobalVariants/list/all, REQUEST_METHOD:GET, REQUEST_IP:192.168.20.136
2021-11-08 17:19:04 [INFO] com.csicit.ace.common.log.AceLocalLogger : REQUEST_USER: testappadmin(测试平台应用admin), REQUEST_IP:   192.168.20.136
2021-11-08 17:19:04 [INFO] com.csicit.ace.common.log.AceLocalLogger : REQUEST_USER: testappadmin(测试平台应用admin), REQUEST_IP:   192.168.20.136
2021-11-08 17:19:05 [INFO] com.csicit.ace.common.log.AceLocalLogger : REQUEST_URL:/dv-testapp-platform/wfdFlowCategorys/list/all, REQUEST_METHOD:GET, REQUEST_IP:192.168.20.136
2021-11-08 17:19:05 [INFO] com.csicit.ace.common.log.AceLocalLogger : REQUEST_USER: testappadmin(测试平台应用admin), REQUEST_IP:   192.168.20.136
2021-11-08 17:19:05 [INFO] com.csicit.ace.common.log.AceLocalLogger : REQUEST_URL:/dv-testapp-platform/wfdFlowCategorys/6a61effbd7b34026b06bc8fd99395fda, REQUEST_METHOD:GET, REQUEST_IP:192.168.20.136
2021-11-08 17:19:05 [INFO] com.csicit.ace.common.log.AceLocalLogger : REQUEST_USER: testappadmin(测试平台应用admin), REQUEST_IP:   192.168.20.136
2021-11-08 17:19:06 [INFO] com.csicit.ace.common.log.AceLocalLogger : REQUEST_URL:/dv-testapp-platform/wfdFlowCategorys/list/all, REQUEST_METHOD:GET, REQUEST_IP:192.168.20.136
2021-11-08 17:19:06 [INFO] com.csicit.ace.common.log.AceLocalLogger : REQUEST_USER: testappadmin(测试平台应用admin), REQUEST_IP:   192.168.20.136
2021-11-08 17:19:06 [INFO] com.csicit.ace.common.log.AceLocalLogger : REQUEST_URL:/dv-testapp-platform/wfdFlowCategorys/6a61effbd7b34026b06bc8fd99395fda, REQUEST_METHOD:GET, REQUEST_IP:192.168.20.136
2021-11-08 17:19:06 [INFO] com.csicit.ace.common.log.AceLocalLogger : REQUEST_USER: testappadmin(测试平台应用admin), REQUEST_IP:   192.168.20.136
2021-11-08 17:19:07 [INFO] com.csicit.ace.common.log.AceLocalLogger : REQUEST_URL:/dv-testapp-platform/wfdFlows/checkOut/editing, REQUEST_METHOD:POST, REQUEST_IP:192.168.20.136
2021-11-08 17:19:07 [INFO] com.csicit.ace.common.log.AceLocalLogger : REQUEST_USER: testappadmin(测试平台应用admin), REQUEST_IP:   192.168.20.136
2021-11-08 17:19:08 [INFO] com.csicit.ace.common.log.AceLocalLogger :  48431--请求地址: http://192.168.20.136:2100/sysConfigs/action/downloadImg/lgbg ,HTTP_METHOD: GET ,IP: 192.168.20.136 ,CLASS_METHOD: com.csicit.ace.platform.core.controller.SysConfigController.downloadImg ,请求参数: {"t":["1636363148413"]}
2021-11-08 17:19:08 [INFO] com.csicit.ace.common.log.AceLocalLogger :  48437--请求地址: http://192.168.20.136:2100/init ,HTTP_METHOD: GET ,IP: 192.168.20.136 ,CLASS_METHOD: com.csicit.ace.platform.core.controller.InitController.getDefaultArgs ,请求参数: {"aceTimestamp":["1636363148430"]}
2021-11-08 17:19:08 [INFO] com.csicit.ace.common.log.AceLocalLogger :  48437--耗时 : 0
2021-11-08 17:19:08 [INFO] com.csicit.ace.common.log.AceLocalLogger :  48438--请求地址: http://192.168.20.136:2100/sysConfigs/action/downloadImg/lglo ,HTTP_METHOD: GET ,IP: 192.168.20.136 ,CLASS_METHOD: com.csicit.ace.platform.core.controller.SysConfigController.downloadImg ,请求参数: {"t":["1636363148413"]}
2021-11-08 17:19:08 [INFO] com.csicit.ace.common.log.AceLocalLogger :  48444--请求地址: http://192.168.20.136:2100/init ,HTTP_METHOD: GET ,IP: 192.168.20.136 ,CLASS_METHOD: com.csicit.ace.platform.core.controller.InitController.getDefaultArgs ,请求参数: {"aceTimestamp":["1636363148430"]}
2021-11-08 17:19:08 [INFO] com.csicit.ace.common.log.AceLocalLogger :  48444--耗时 : 0
2021-11-08 17:19:08 [INFO] com.csicit.ace.common.log.AceLocalLogger :  48438--耗时 : 9
2021-11-08 17:19:08 [INFO] com.csicit.ace.common.log.AceLocalLogger :  48431--耗时 : 16
2021-11-08 17:19:08 [INFO] com.csicit.ace.common.log.AceLocalLogger :  48608--请求地址: http://192.168.20.136:2100/sysConfigs/action/downloadImg/favicon ,HTTP_METHOD: GET ,IP: 192.168.20.136 ,CLASS_METHOD: com.csicit.ace.platform.core.controller.SysConfigController.downloadImg ,请求参数: {"t":["1636363148386"]}
2021-11-08 17:19:08 [INFO] com.csicit.ace.common.log.AceLocalLogger :  48608--耗时 : 4
2021-11-08 17:19:15 [INFO] com.csicit.ace.common.log.AceLocalLogger :  55689--请求地址: http://192.168.20.136:2100/sysConfigs/action/downloadImg/lgbg ,HTTP_METHOD: GET ,IP: 192.168.20.136 ,CLASS_METHOD: com.csicit.ace.platform.core.controller.SysConfigController.downloadImg ,请求参数: {"t":["1636363148413"]}
2021-11-08 17:19:15 [INFO] com.csicit.ace.common.log.AceLocalLogger :  55689--耗时 : 15
2021-11-08 17:20:00 [INFO] org.quartz.plugins.history.LoggingJobHistoryPlugin : Job 业务平台内部定时任务.大屏消息推送 fired (by trigger 大屏消息推送$业务平台内部定时任务.每5分钟执行一次) at:  17:20:00 11/08/2021
2021-11-08 17:20:00 [INFO] com.csicit.ace.common.log.AceLocalLogger :  00046--请求地址: http://127.0.0.1:2100/bladeVisualMsgs/bladeVisual/msg/push ,HTTP_METHOD: GET ,IP: 127.0.0.1 ,CLASS_METHOD: com.csicit.ace.platform.core.controller.BladeVisualMsgController.bladeVisualMsgPush ,请求参数: {}
2021-11-08 17:20:00 [INFO] com.csicit.ace.common.log.AceLocalLogger :  00046--耗时 : 32
2021-11-08 17:20:00 [INFO] org.quartz.plugins.history.LoggingJobHistoryPlugin : Job 业务平台内部定时任务.大屏消息推送 execution complete at  17:20:00 11/08/2021 and reports: null
2021-11-08 17:20:01 [INFO] org.quartz.plugins.history.LoggingJobHistoryPlugin : Job 测试任务组.711HM fired (by trigger 711HM$测试任务组.每100毫秒发送一次) at:  17:20:01 11/08/2021
2021-11-08 17:20:01 [WARN] com.csicit.ace.quartz.core.job.AgentJob : 任务执行失败，原因为：应用ah-csicpm不在线
2021-11-08 17:20:01 [INFO] org.quartz.plugins.history.LoggingJobHistoryPlugin : Job 测试任务组.711HM execution complete at  17:20:01 11/08/2021 and reports: null
2021-11-08 17:21:01 [INFO] org.quartz.plugins.history.LoggingJobHistoryPlugin : Job 测试任务组.711HM fired (by trigger 711HM$测试任务组.每100毫秒发送一次) at:  17:21:01 11/08/2021
2021-11-08 17:21:01 [WARN] com.csicit.ace.quartz.core.job.AgentJob : 任务执行失败，原因为：应用ah-csicpm不在线
2021-11-08 17:21:01 [INFO] org.quartz.plugins.history.LoggingJobHistoryPlugin : Job 测试任务组.711HM execution complete at  17:21:01 11/08/2021 and reports: null
2021-11-08 17:22:01 [INFO] org.quartz.plugins.history.LoggingJobHistoryPlugin : Job 测试任务组.711HM fired (by trigger 711HM$测试任务组.每100毫秒发送一次) at:  17:22:01 11/08/2021
2021-11-08 17:22:01 [WARN] com.csicit.ace.quartz.core.job.AgentJob : 任务执行失败，原因为：应用ah-csicpm不在线
2021-11-08 17:22:01 [INFO] org.quartz.plugins.history.LoggingJobHistoryPlugin : Job 测试任务组.711HM execution complete at  17:22:01 11/08/2021 and reports: null
2021-11-08 17:22:06 [INFO] com.csicit.ace.common.log.AceLocalLogger :  26355--请求地址: http://192.168.20.136:2100/login ,HTTP_METHOD: POST ,IP: 192.168.20.136 ,CLASS_METHOD: com.csicit.ace.platform.core.controller.LoginController.login ,参数: testappadmin
2021-11-08 17:22:06 [WARN] com.baomidou.mybatisplus.core.toolkit.sql.SqlHelper : Warn: execute Method There are  4168 results.
2021-11-08 17:22:06 [WARN] com.baomidou.mybatisplus.core.toolkit.sql.SqlHelper : Warn: execute Method There are  2 results.
2021-11-08 17:22:06 [INFO] com.csicit.ace.common.log.AceLocalLogger :  26355--耗时 : 122
2021-11-08 17:22:06 [INFO] com.csicit.ace.common.log.AceLocalLogger :  26493--请求地址: http://192.168.20.136:2100/sysMenus/action/tree/platform ,HTTP_METHOD: GET ,IP: 192.168.20.136 ,CLASS_METHOD: com.csicit.ace.platform.core.controller.SysMenuController.listSideTree ,请求参数: {"aceTimestamp":["1636363326483"]}
2021-11-08 17:22:07 [INFO] com.csicit.ace.common.log.AceLocalLogger :  26493--耗时 : 791
2021-11-08 17:22:07 [INFO] com.csicit.ace.common.log.AceLocalLogger :  27380--请求地址: http://192.168.20.136:2100/sysUsers/action/info ,HTTP_METHOD: GET ,IP: 192.168.20.136 ,CLASS_METHOD: com.csicit.ace.platform.core.controller.SysUserController.info ,请求参数: {"aceTimestamp":["1636363327317"]}
2021-11-08 17:22:07 [INFO] com.csicit.ace.common.log.AceLocalLogger :  27380--请求地址: http://192.168.20.136:2100/sysConfigs/action/downloadImg/menulo ,HTTP_METHOD: GET ,IP: 192.168.20.136 ,CLASS_METHOD: com.csicit.ace.platform.core.controller.SysConfigController.downloadImg ,请求参数: {"t":["1636363327320"]}
2021-11-08 17:22:07 [INFO] com.csicit.ace.common.log.AceLocalLogger :  27381--请求地址: http://192.168.20.136:2100/getLoginInfo ,HTTP_METHOD: GET ,IP: 192.168.20.136 ,CLASS_METHOD: com.csicit.ace.platform.core.controller.LoginController.getLoginInfo ,请求参数: {}
2021-11-08 17:22:07 [INFO] com.csicit.ace.common.log.AceLocalLogger :  27380--耗时 : 7
2021-11-08 17:22:07 [INFO] com.csicit.ace.common.log.AceLocalLogger :  27381--耗时 : 23
2021-11-08 17:22:07 [INFO] com.csicit.ace.common.log.AceLocalLogger :  27380--耗时 : 27
2021-11-08 17:22:07 [INFO] com.csicit.ace.common.log.AceLocalLogger :  27424--请求地址: http://192.168.20.136:2100/sysGroupApps/list/userOrgApp ,HTTP_METHOD: GET ,IP: 192.168.20.136 ,CLASS_METHOD: com.csicit.ace.platform.core.controller.SysGroupAppController.listUserOrgApp ,请求参数: {"aceTimestamp":["1636363327414"]}
2021-11-08 17:22:07 [INFO] com.csicit.ace.common.log.AceLocalLogger :  27424--耗时 : 8
2021-11-08 17:22:16 [INFO] com.csicit.ace.common.log.AceLocalLogger :  36469--请求地址: http://192.168.20.136:2100/orgGroups ,HTTP_METHOD: GET ,IP: 192.168.20.136 ,CLASS_METHOD: com.csicit.ace.platform.core.controller.OrgGroupController.list ,请求参数: {"aceTimestamp":["1636363336422"]}
2021-11-08 17:22:16 [INFO] com.csicit.ace.common.log.AceLocalLogger :  36469--耗时 : 24
2021-11-08 17:22:16 [INFO] com.csicit.ace.common.log.AceLocalLogger :  36508--请求地址: http://192.168.20.136:2100/sysGroupApps/list/userOrgApp ,HTTP_METHOD: GET ,IP: 192.168.20.136 ,CLASS_METHOD: com.csicit.ace.platform.core.controller.SysGroupAppController.listUserOrgApp ,请求参数: {"aceTimestamp":["1636363336494"],"online":["yes"],"useBpm":["yes"]}
2021-11-08 17:22:16 [INFO] com.csicit.ace.common.log.AceLocalLogger :  36508--耗时 : 16
2021-11-08 17:22:16 [INFO] com.csicit.ace.common.log.AceLocalLogger : REQUEST_URL:/dv-testapp-platform/wfdFlowCategorys/list/all, REQUEST_METHOD:GET, REQUEST_IP:192.168.20.136
2021-11-08 17:22:16 [INFO] com.csicit.ace.common.log.AceLocalLogger : REQUEST_URL:/dv-testapp-platform/wfdFlowCategorys, REQUEST_METHOD:GET, REQUEST_IP:192.168.20.136
2021-11-08 17:22:16 [INFO] com.csicit.ace.common.log.AceLocalLogger : REQUEST_USER: testappadmin(测试平台应用admin), REQUEST_IP:   192.168.20.136
2021-11-08 17:22:16 [INFO] com.csicit.ace.common.log.AceLocalLogger : REQUEST_USER: testappadmin(测试平台应用admin), REQUEST_IP:   192.168.20.136
2021-11-08 17:22:16 [INFO] com.csicit.ace.common.log.AceLocalLogger : REQUEST_URL:/dv-testapp-platform/wfdFlows/list/all, REQUEST_METHOD:GET, REQUEST_IP:192.168.20.136
2021-11-08 17:22:16 [INFO] com.csicit.ace.common.log.AceLocalLogger : REQUEST_USER: testappadmin(测试平台应用admin), REQUEST_IP:   192.168.20.136
2021-11-08 17:22:16 [INFO] com.csicit.ace.common.log.AceLocalLogger : REQUEST_URL:/dv-testapp-platform/wfdFlows/list/all, REQUEST_METHOD:GET, REQUEST_IP:192.168.20.136
2021-11-08 17:22:16 [INFO] com.csicit.ace.common.log.AceLocalLogger : REQUEST_USER: testappadmin(测试平台应用admin), REQUEST_IP:   192.168.20.136
2021-11-08 17:22:16 [INFO] com.csicit.ace.common.log.AceLocalLogger : REQUEST_URL:/dv-testapp-platform/wfdFlows/list/all, REQUEST_METHOD:GET, REQUEST_IP:192.168.20.136
2021-11-08 17:22:16 [INFO] com.csicit.ace.common.log.AceLocalLogger : REQUEST_USER: testappadmin(测试平台应用admin), REQUEST_IP:   192.168.20.136
2021-11-08 17:22:16 [INFO] com.csicit.ace.common.log.AceLocalLogger : REQUEST_URL:/dv-testapp-platform/wfdFlows/list/all, REQUEST_METHOD:GET, REQUEST_IP:192.168.20.136
2021-11-08 17:22:16 [INFO] com.csicit.ace.common.log.AceLocalLogger : REQUEST_USER: testappadmin(测试平台应用admin), REQUEST_IP:   192.168.20.136
2021-11-08 17:22:16 [INFO] com.csicit.ace.common.log.AceLocalLogger : REQUEST_URL:/dv-testapp-platform/wfdFlows/list/all, REQUEST_METHOD:GET, REQUEST_IP:192.168.20.136
2021-11-08 17:22:16 [INFO] com.csicit.ace.common.log.AceLocalLogger : REQUEST_USER: testappadmin(测试平台应用admin), REQUEST_IP:   192.168.20.136
2021-11-08 17:22:17 [INFO] com.csicit.ace.common.log.AceLocalLogger : REQUEST_URL:/dv-testapp-platform/wfdFlows/fid-99fd813d-a1c9-46ea-bbc9-a4f8bfc5c0cf, REQUEST_METHOD:GET, REQUEST_IP:192.168.20.136
2021-11-08 17:22:17 [INFO] com.csicit.ace.common.log.AceLocalLogger : REQUEST_USER: testappadmin(测试平台应用admin), REQUEST_IP:   192.168.20.136
2021-11-08 17:22:17 [INFO] com.csicit.ace.common.log.AceLocalLogger : REQUEST_URL:/dv-testapp-platform/wfdVFlows/getLastVersion, REQUEST_METHOD:POST, REQUEST_IP:192.168.20.136
2021-11-08 17:22:17 [INFO] com.csicit.ace.common.log.AceLocalLogger : REQUEST_USER: testappadmin(测试平台应用admin), REQUEST_IP:   192.168.20.136
2021-11-08 17:22:18 [INFO] com.csicit.ace.common.log.AceLocalLogger : REQUEST_URL:/dv-testapp-platform/wfdGlobalRules/list/all, REQUEST_METHOD:GET, REQUEST_IP:192.168.20.136
2021-11-08 17:22:18 [INFO] com.csicit.ace.common.log.AceLocalLogger : REQUEST_USER: testappadmin(测试平台应用admin), REQUEST_IP:   192.168.20.136
2021-11-08 17:22:18 [INFO] com.csicit.ace.common.log.AceLocalLogger : REQUEST_URL:/dv-testapp-platform/wfdGlobalVariants/list/all, REQUEST_METHOD:GET, REQUEST_IP:192.168.20.136
2021-11-08 17:22:18 [INFO] com.csicit.ace.common.log.AceLocalLogger : REQUEST_USER: testappadmin(测试平台应用admin), REQUEST_IP:   192.168.20.136
2021-11-08 17:22:19 [INFO] com.csicit.ace.common.log.AceLocalLogger : REQUEST_URL:/dv-testapp-platform/wfdFlows/checkOut/editing, REQUEST_METHOD:POST, REQUEST_IP:192.168.20.136
2021-11-08 17:22:19 [INFO] com.csicit.ace.common.log.AceLocalLogger : REQUEST_USER: testappadmin(测试平台应用admin), REQUEST_IP:   192.168.20.136
