2021-12-13 11:48:56 [INFO] com.csicit.ace.zuul.ZuulStartApp : The following profiles are active: routes
2021-12-13 11:48:57 [WARN] org.springframework.boot.actuate.endpoint.EndpointId : Endpoint ID 'hystrix.stream' contains invalid characters, please migrate to a valid format.
2021-12-13 11:48:57 [INFO] org.springframework.cloud.context.scope.GenericScope : BeanFactory id=acb3bd81-c129-3aa4-ac83-888aef93058d
2021-12-13 11:48:58 [INFO] org.springframework.context.support.PostProcessorRegistrationDelegate$BeanPostProcessorChecker : Bean 'org.springframework.transaction.annotation.ProxyTransactionManagementConfiguration' of type [org.springframework.transaction.annotation.ProxyTransactionManagementConfiguration$$EnhancerBySpringCGLIB$$56f34ab] is not eligible for getting processed by all BeanPostProcessors (for example: not eligible for auto-proxying)
2021-12-13 11:48:58 [INFO] org.springframework.context.support.PostProcessorRegistrationDelegate$BeanPostProcessorChecker : Bean 'socketIoConfig' of type [com.csicit.ace.data.persistent.messenger.config.SocketIoConfig$$EnhancerBySpringCGLIB$$91c269f2] is not eligible for getting processed by all BeanPostProcessors (for example: not eligible for auto-proxying)
2021-12-13 11:48:58 [INFO] org.springframework.context.support.PostProcessorRegistrationDelegate$BeanPostProcessorChecker : Bean 'redissonClient' of type [org.springframework.beans.factory.support.NullBean] is not eligible for getting processed by all BeanPostProcessors (for example: not eligible for auto-proxying)
2021-12-13 11:48:58 [INFO] org.springframework.context.support.PostProcessorRegistrationDelegate$BeanPostProcessorChecker : Bean 'socketIOServer' of type [com.corundumstudio.socketio.SocketIOServer] is not eligible for getting processed by all BeanPostProcessors (for example: not eligible for auto-proxying)
2021-12-13 11:48:58 [INFO] org.springframework.context.support.PostProcessorRegistrationDelegate$BeanPostProcessorChecker : Bean 'org.springframework.cloud.autoconfigure.ConfigurationPropertiesRebinderAutoConfiguration' of type [org.springframework.cloud.autoconfigure.ConfigurationPropertiesRebinderAutoConfiguration$$EnhancerBySpringCGLIB$$218937a8] is not eligible for getting processed by all BeanPostProcessors (for example: not eligible for auto-proxying)
2021-12-13 11:48:58 [INFO] org.springframework.boot.web.embedded.tomcat.TomcatWebServer : Tomcat initialized with port(s): 2100 (http)
2021-12-13 11:48:58 [INFO] org.apache.catalina.core.StandardService : Starting service [Tomcat]
2021-12-13 11:48:58 [INFO] org.apache.catalina.core.StandardEngine : Starting Servlet engine: [Apache Tomcat/9.0.14]
2021-12-13 11:48:58 [INFO] org.apache.jasper.servlet.TldScanner : At least one JAR was scanned for TLDs yet contained no TLDs. Enable debug logging for this logger for a complete list of JARs that were scanned but no TLDs were found in them. Skipping unneeded JARs during scanning can improve startup time and JSP compilation time.
2021-12-13 11:48:58 [INFO] org.apache.catalina.core.ContainerBase.[Tomcat].[localhost].[/] : Initializing Spring embedded WebApplicationContext
2021-12-13 11:48:58 [INFO] org.springframework.web.context.ContextLoader : Root WebApplicationContext: initialization completed in 2837 ms
2021-12-13 11:48:59 [WARN] com.netflix.config.sources.URLConfigurationSource : No URLs will be polled as dynamic configuration sources.
2021-12-13 11:48:59 [INFO] com.netflix.config.sources.URLConfigurationSource : To enable URLs as dynamic configuration sources, define System property archaius.configurationSource.additionalUrls or make config.properties available on classpath.
2021-12-13 11:48:59 [INFO] com.netflix.config.DynamicPropertyFactory : DynamicPropertyFactory is initialized with configuration sources: com.netflix.config.ConcurrentCompositeConfiguration@3f122cdc
2021-12-13 11:48:59 [WARN] net.sf.ehcache.config.ConfigurationFactory : No configuration found. Configuring ehcache from ehcache-failsafe.xml  found in the classpath: jar:file:/D:/mavenRepo/net/sf/ehcache/ehcache/2.10.6/ehcache-2.10.6.jar!/ehcache-failsafe.xml
2021-12-13 11:48:59 [INFO] com.alibaba.druid.spring.boot.autoconfigure.DruidDataSourceAutoConfigure : Init DruidDataSource
2021-12-13 11:48:59 [INFO] com.alibaba.druid.pool.DruidDataSource : {dataSource-1} inited
2021-12-13 11:49:07 [INFO] org.quartz.impl.StdSchedulerFactory : Using default implementation for ThreadExecutor
2021-12-13 11:49:07 [INFO] org.quartz.core.SchedulerSignalerImpl : Initialized Scheduler Signaller of type: class org.quartz.core.SchedulerSignalerImpl
2021-12-13 11:49:07 [INFO] org.quartz.core.QuartzScheduler : Quartz Scheduler v.2.3.1 created.
2021-12-13 11:49:07 [INFO] com.csicit.ace.quartz.core.plugins.AceJobConfigLoaderPlugin : Registering Quartz Job Initialization Plug-in.
2021-12-13 11:49:07 [INFO] org.quartz.core.QuartzScheduler : Scheduler meta-data: Quartz Scheduler (v2.3.1) 'JariScheduler' with instanceId 'DESKTOP-A03RJ151639367347553'
  Scheduler class: 'org.quartz.core.QuartzScheduler' - running locally.
  NOT STARTED.
  Currently in standby mode.
  Number of jobs executed: 0
  Using thread pool 'org.quartz.simpl.SimpleThreadPool' - with 20 threads.
  Using job-store 'org.springframework.scheduling.quartz.LocalDataSourceJobStore' - which supports persistence. and is clustered.

2021-12-13 11:49:07 [INFO] org.quartz.impl.StdSchedulerFactory : Quartz scheduler 'JariScheduler' initialized from an externally provided properties instance.
2021-12-13 11:49:07 [INFO] org.quartz.impl.StdSchedulerFactory : Quartz scheduler version: 2.3.1
2021-12-13 11:49:07 [INFO] org.quartz.core.QuartzScheduler : JobFactory set to: com.csicit.ace.quartz.core.factory.MyJobFactory@5bddd141
2021-12-13 11:49:07 [WARN] com.baomidou.mybatisplus.core.toolkit.TableInfoHelper : Warn: Could not find @TableId in Class: com.csicit.ace.common.pojo.vo.GrantAuthReciveVO.
2021-12-13 11:49:08 [INFO] org.springframework.scheduling.concurrent.ThreadPoolTaskScheduler : Initializing ExecutorService 'taskScheduler'
2021-12-13 11:49:08 [INFO] liquibase.integration.spring.SpringLiquibase : Liquibase did not run because 'shouldRun' property was set to false on liquibase Liquibase Spring bean.
2021-12-13 11:49:08 [WARN] com.netflix.config.sources.URLConfigurationSource : No URLs will be polled as dynamic configuration sources.
2021-12-13 11:49:08 [INFO] com.netflix.config.sources.URLConfigurationSource : To enable URLs as dynamic configuration sources, define System property archaius.configurationSource.additionalUrls or make config.properties available on classpath.
2021-12-13 11:49:09 [INFO] org.springframework.scheduling.concurrent.ThreadPoolTaskExecutor : Initializing ExecutorService 'applicationTaskExecutor'
2021-12-13 11:49:09 [INFO] org.springframework.boot.autoconfigure.web.servlet.WelcomePageHandlerMapping : Adding welcome page template: index
2021-12-13 11:49:09 [WARN] org.springframework.boot.starter.redis.RedisStarterDeprecationWarningAutoConfiguration : spring-boot-starter-redis is deprecated as of Spring Boot 1.4, please migrate to spring-boot-starter-data-redis
2021-12-13 11:49:10 [INFO] org.springframework.cloud.netflix.zuul.ZuulFilterInitializer : Starting filter initializer
2021-12-13 11:49:10 [INFO] org.springframework.boot.actuate.endpoint.web.EndpointLinksResolver : Exposing 2 endpoint(s) beneath base path '/actuator'
2021-12-13 11:49:10 [INFO] org.quartz.xml.XMLSchedulingDataProcessor : Parsing XML from stream with systemId:  
2021-12-13 11:49:10 [INFO] org.quartz.xml.XMLSchedulingDataProcessor : Adding 1 jobs, 0 triggers.
2021-12-13 11:49:10 [INFO] org.quartz.xml.XMLSchedulingDataProcessor : Replacing job: tt.xxx
2021-12-13 11:49:10 [INFO] org.quartz.xml.XMLSchedulingDataProcessor : Parsing XML from stream with systemId:  
2021-12-13 11:49:10 [INFO] org.quartz.xml.XMLSchedulingDataProcessor : Adding 1 jobs, 0 triggers.
2021-12-13 11:49:10 [INFO] org.quartz.xml.XMLSchedulingDataProcessor : Replacing job: tt.xxx
2021-12-13 11:49:10 [INFO] org.quartz.xml.XMLSchedulingDataProcessor : Parsing XML from stream with systemId:  
2021-12-13 11:49:10 [INFO] org.quartz.xml.XMLSchedulingDataProcessor : Adding 1 jobs, 1 triggers.
2021-12-13 11:49:10 [INFO] org.quartz.xml.XMLSchedulingDataProcessor : Replacing job: 测试任务组.711HM
2021-12-13 11:49:10 [INFO] org.quartz.xml.XMLSchedulingDataProcessor : Parsing XML from stream with systemId:  
2021-12-13 11:49:10 [INFO] org.quartz.xml.XMLSchedulingDataProcessor : Adding 1 jobs, 0 triggers.
2021-12-13 11:49:10 [INFO] org.quartz.xml.XMLSchedulingDataProcessor : Replacing job: tt.xxx
2021-12-13 11:49:10 [INFO] org.quartz.xml.XMLSchedulingDataProcessor : Parsing XML from stream with systemId:  
2021-12-13 11:49:10 [INFO] org.quartz.xml.XMLSchedulingDataProcessor : Adding 16 jobs, 0 triggers.
2021-12-13 11:49:10 [INFO] org.quartz.xml.XMLSchedulingDataProcessor : Replacing job: tt.xxx
2021-12-13 11:49:10 [INFO] org.quartz.xml.XMLSchedulingDataProcessor : Replacing job: tt.xxx
2021-12-13 11:49:10 [INFO] org.quartz.xml.XMLSchedulingDataProcessor : Replacing job: tt.xxx
2021-12-13 11:49:10 [INFO] org.quartz.xml.XMLSchedulingDataProcessor : Replacing job: tt.xxx
2021-12-13 11:49:10 [INFO] org.quartz.xml.XMLSchedulingDataProcessor : Replacing job: tt.xxx
2021-12-13 11:49:10 [INFO] org.quartz.xml.XMLSchedulingDataProcessor : Replacing job: tt.xxx
2021-12-13 11:49:10 [INFO] org.quartz.xml.XMLSchedulingDataProcessor : Replacing job: tt.xxx
2021-12-13 11:49:10 [INFO] org.quartz.xml.XMLSchedulingDataProcessor : Replacing job: tt.xxx
2021-12-13 11:49:10 [INFO] org.quartz.xml.XMLSchedulingDataProcessor : Replacing job: tt.xxx
2021-12-13 11:49:10 [INFO] org.quartz.xml.XMLSchedulingDataProcessor : Replacing job: tt.xxx
2021-12-13 11:49:10 [INFO] org.quartz.xml.XMLSchedulingDataProcessor : Replacing job: tt.xxx
2021-12-13 11:49:10 [INFO] org.quartz.xml.XMLSchedulingDataProcessor : Replacing job: tt.xxx
2021-12-13 11:49:10 [INFO] org.quartz.xml.XMLSchedulingDataProcessor : Replacing job: tt.xxx
2021-12-13 11:49:10 [INFO] org.quartz.xml.XMLSchedulingDataProcessor : Replacing job: tt.xxx
2021-12-13 11:49:10 [INFO] org.quartz.xml.XMLSchedulingDataProcessor : Replacing job: tt.xxx
2021-12-13 11:49:10 [INFO] org.quartz.xml.XMLSchedulingDataProcessor : Replacing job: tt.xxx
2021-12-13 11:49:10 [INFO] org.quartz.xml.XMLSchedulingDataProcessor : Parsing XML from stream with systemId:  
2021-12-13 11:49:10 [INFO] org.quartz.xml.XMLSchedulingDataProcessor : Adding 1 jobs, 0 triggers.
2021-12-13 11:49:10 [INFO] org.quartz.xml.XMLSchedulingDataProcessor : Replacing job: tt.xxx
2021-12-13 11:49:10 [INFO] org.quartz.xml.XMLSchedulingDataProcessor : Parsing XML from stream with systemId:  
2021-12-13 11:49:10 [INFO] org.quartz.xml.XMLSchedulingDataProcessor : Adding 1 jobs, 0 triggers.
2021-12-13 11:49:10 [INFO] org.quartz.xml.XMLSchedulingDataProcessor : Replacing job: tt.xxx
2021-12-13 11:49:10 [INFO] org.quartz.xml.XMLSchedulingDataProcessor : Parsing XML from stream with systemId:  
2021-12-13 11:49:10 [INFO] org.quartz.xml.XMLSchedulingDataProcessor : Adding 1 jobs, 0 triggers.
2021-12-13 11:49:10 [INFO] org.quartz.xml.XMLSchedulingDataProcessor : Replacing job: tt.xxx
2021-12-13 11:49:10 [INFO] org.quartz.xml.XMLSchedulingDataProcessor : Parsing XML from stream with systemId:  
2021-12-13 11:49:10 [INFO] org.quartz.xml.XMLSchedulingDataProcessor : Adding 1 jobs, 0 triggers.
2021-12-13 11:49:10 [INFO] org.quartz.xml.XMLSchedulingDataProcessor : Replacing job: tt.xxx
2021-12-13 11:49:10 [INFO] org.quartz.xml.XMLSchedulingDataProcessor : Parsing XML from stream with systemId:  
2021-12-13 11:49:10 [INFO] org.quartz.xml.XMLSchedulingDataProcessor : Adding 1 jobs, 0 triggers.
2021-12-13 11:49:10 [INFO] org.quartz.xml.XMLSchedulingDataProcessor : Replacing job: tt.xxx
2021-12-13 11:49:10 [INFO] org.quartz.xml.XMLSchedulingDataProcessor : Parsing XML from stream with systemId:  
2021-12-13 11:49:10 [INFO] org.quartz.xml.XMLSchedulingDataProcessor : Adding 1 jobs, 0 triggers.
2021-12-13 11:49:10 [INFO] org.quartz.xml.XMLSchedulingDataProcessor : Replacing job: tt.xxx
2021-12-13 11:49:10 [INFO] org.quartz.xml.XMLSchedulingDataProcessor : Parsing XML from stream with systemId:  
2021-12-13 11:49:10 [INFO] org.quartz.xml.XMLSchedulingDataProcessor : Adding 1 jobs, 0 triggers.
2021-12-13 11:49:10 [INFO] org.quartz.xml.XMLSchedulingDataProcessor : Replacing job: tt.xxx
2021-12-13 11:49:10 [INFO] org.quartz.xml.XMLSchedulingDataProcessor : Parsing XML from stream with systemId:  
2021-12-13 11:49:10 [INFO] org.quartz.xml.XMLSchedulingDataProcessor : Adding 1 jobs, 0 triggers.
2021-12-13 11:49:10 [INFO] org.quartz.xml.XMLSchedulingDataProcessor : Replacing job: tt.xxx
2021-12-13 11:49:10 [INFO] org.quartz.xml.XMLSchedulingDataProcessor : Parsing XML from stream with systemId:  
2021-12-13 11:49:10 [INFO] org.quartz.xml.XMLSchedulingDataProcessor : Adding 1 jobs, 0 triggers.
2021-12-13 11:49:10 [INFO] org.quartz.xml.XMLSchedulingDataProcessor : Replacing job: tt.xxx
2021-12-13 11:49:10 [INFO] org.quartz.xml.XMLSchedulingDataProcessor : Parsing XML from stream with systemId:  
2021-12-13 11:49:10 [INFO] org.quartz.xml.XMLSchedulingDataProcessor : Adding 1 jobs, 0 triggers.
2021-12-13 11:49:10 [INFO] org.quartz.xml.XMLSchedulingDataProcessor : Replacing job: tt.xxx
2021-12-13 11:49:10 [INFO] org.quartz.xml.XMLSchedulingDataProcessor : Parsing XML from stream with systemId:  
2021-12-13 11:49:10 [INFO] org.quartz.xml.XMLSchedulingDataProcessor : Adding 1 jobs, 0 triggers.
2021-12-13 11:49:10 [INFO] org.quartz.xml.XMLSchedulingDataProcessor : Replacing job: tt.xxx
2021-12-13 11:49:10 [INFO] org.quartz.xml.XMLSchedulingDataProcessor : Parsing XML from stream with systemId:  
2021-12-13 11:49:10 [INFO] org.quartz.xml.XMLSchedulingDataProcessor : Adding 1 jobs, 0 triggers.
2021-12-13 11:49:10 [INFO] org.quartz.xml.XMLSchedulingDataProcessor : Replacing job: tt.xxx
2021-12-13 11:49:10 [INFO] org.quartz.xml.XMLSchedulingDataProcessor : Parsing XML from stream with systemId:  
2021-12-13 11:49:10 [INFO] org.quartz.xml.XMLSchedulingDataProcessor : Adding 2 jobs, 0 triggers.
2021-12-13 11:49:10 [INFO] org.quartz.xml.XMLSchedulingDataProcessor : Replacing job: urgeTask.催办提醒
2021-12-13 11:49:10 [INFO] org.quartz.xml.XMLSchedulingDataProcessor : Replacing job: 催办提醒任务组.催办提醒
2021-12-13 11:49:10 [INFO] org.quartz.xml.XMLSchedulingDataProcessor : Parsing XML from stream with systemId:  
2021-12-13 11:49:10 [INFO] org.quartz.xml.XMLSchedulingDataProcessor : Adding 1 jobs, 1 triggers.
2021-12-13 11:49:10 [INFO] org.quartz.xml.XMLSchedulingDataProcessor : Replacing job: 业务平台内部定时任务.大屏消息推送
2021-12-13 11:49:10 [INFO] org.quartz.core.QuartzScheduler : Scheduler JariScheduler_$_DESKTOP-A03RJ151639367347553 started.
2021-12-13 11:49:10 [INFO] org.springframework.boot.web.embedded.tomcat.TomcatWebServer : Tomcat started on port(s): 2100 (http) with context path ''
2021-12-13 11:49:10 [INFO] com.csicit.ace.zuul.ZuulStartApp : Started ZuulStartApp in 16.937 seconds (JVM running for 17.601)
2021-12-13 11:49:11 [INFO] org.reflections.Reflections : Reflections took 30 ms to scan 1 urls, producing 19 keys and 29 values 
2021-12-13 11:49:12 [INFO] com.corundumstudio.socketio.SocketIOServer : Session store / pubsub factory used: MemoryStoreFactory (local session store only)
2021-12-13 11:49:12 [INFO] com.csicit.ace.common.log.AceLocalLogger : socketLog_消息服务已启动!
2021-12-13 11:49:12 [INFO] com.corundumstudio.socketio.SocketIOServer : SocketIO server started at port: 5070
2021-12-13 11:49:12 [INFO] com.csicit.ace.common.log.AceLocalLogger : socketLog_创建命名空间:dv-testapp-platform
2021-12-13 11:49:12 [INFO] com.csicit.ace.common.log.AceLocalLogger : socketLog_创建命名空间:ei-service
2021-12-13 11:49:12 [INFO] com.csicit.ace.common.log.AceLocalLogger : socketLog_建立连接：41a8c05a-7bd2-4811-ac91-82315da36c7a
2021-12-13 11:49:12 [INFO] com.csicit.ace.common.log.AceLocalLogger : socketLog_建立连接：690233ec-a42d-4bef-bd41-55d5ec0654a4
2021-12-13 11:49:12 [INFO] org.apache.catalina.core.ContainerBase.[Tomcat].[localhost].[/] : Initializing Spring DispatcherServlet 'dispatcherServlet'
2021-12-13 11:49:12 [INFO] org.springframework.web.servlet.DispatcherServlet : Initializing Servlet 'dispatcherServlet'
2021-12-13 11:49:12 [INFO] org.springframework.web.servlet.DispatcherServlet : Completed initialization in 14 ms
2021-12-13 11:49:31 [INFO] com.csicit.ace.common.log.AceLocalLogger :  71952--请求地址: http://127.0.0.1:2100/ehcache/action/get ,HTTP_METHOD: GET ,IP: 127.0.0.1 ,CLASS_METHOD: com.csicit.ace.zuul.controller.EhcacheHttpController.get ,请求参数: {"key":["platform_sm4_key"]}
2021-12-13 11:49:31 [INFO] com.csicit.ace.common.log.AceLocalLogger :  71952--耗时 : 7
2021-12-13 11:49:31 [INFO] com.csicit.ace.common.log.AceLocalLogger :  71983--请求地址: http://127.0.0.1:2100/ehcache/action/get ,HTTP_METHOD: GET ,IP: 127.0.0.1 ,CLASS_METHOD: com.csicit.ace.zuul.controller.EhcacheHttpController.get ,请求参数: {"key":["platform_sm2_key_pair"]}
2021-12-13 11:49:31 [INFO] com.csicit.ace.common.log.AceLocalLogger :  71983--耗时 : 0
2021-12-13 11:49:31 [INFO] com.csicit.ace.common.log.AceLocalLogger :  71988--请求地址: http://127.0.0.1:2100/ehcache/action/get ,HTTP_METHOD: GET ,IP: 127.0.0.1 ,CLASS_METHOD: com.csicit.ace.zuul.controller.EhcacheHttpController.get ,请求参数: {"key":["platform_sm2_private_key"]}
2021-12-13 11:49:31 [INFO] com.csicit.ace.common.log.AceLocalLogger :  71988--耗时 : 0
2021-12-13 11:49:31 [INFO] com.csicit.ace.common.log.AceLocalLogger :  71992--请求地址: http://127.0.0.1:2100/ehcache/action/get ,HTTP_METHOD: GET ,IP: 127.0.0.1 ,CLASS_METHOD: com.csicit.ace.zuul.controller.EhcacheHttpController.get ,请求参数: {"key":["platform_sm2_public_key"]}
2021-12-13 11:49:31 [INFO] com.csicit.ace.common.log.AceLocalLogger :  71992--耗时 : 0
2021-12-13 11:49:32 [INFO] com.csicit.ace.common.log.AceLocalLogger :  72280--请求地址: http://127.0.0.1:2100/orgauth/initHandler ,HTTP_METHOD: POST ,IP: 127.0.0.1 ,CLASS_METHOD: com.csicit.ace.orgauth.core.controller.InitScanDataHandlerController.saveInitScanData ,请求参数: {}
2021-12-13 11:49:32 [INFO] com.csicit.ace.common.log.AceLocalLogger :  72280--耗时 : 45
2021-12-13 11:49:32 [INFO] com.csicit.ace.common.log.AceLocalLogger :  72337--请求地址: http://127.0.0.1:2100/ehcache/action/hasKey ,HTTP_METHOD: GET ,IP: 127.0.0.1 ,CLASS_METHOD: com.csicit.ace.zuul.controller.EhcacheHttpController.hasKey ,请求参数: {"key":["2ucy_1-1CIKoDcOa_Ioji3hnOnizvSreKTD59SQ2Wp7RUZxhE3x9BXNkIQJi0SFNN11BY4N67G4GAX6GHq4i04A_CYEOY7_UijHyr8QkyKOfTCLGJSFKnJ9KDJdfrQTg"]}
2021-12-13 11:49:32 [INFO] com.csicit.ace.common.log.AceLocalLogger :  72337--耗时 : 0
2021-12-13 11:49:32 [INFO] com.csicit.ace.common.log.AceLocalLogger :  72366--请求地址: http://127.0.0.1:2100/ehcache/action/setExpire ,HTTP_METHOD: POST ,IP: 127.0.0.1 ,CLASS_METHOD: com.csicit.ace.zuul.controller.EhcacheHttpController.set ,请求参数: {"expire":["600000"],"key":["2ucy_1-1CIKoDcOa_Ioji3hnOnizvSreKTD59SQ2Wp7RUZxhE3x9BXNkIQJi0SFNN11BY4N67G4GAX6GHq4i04A_CYEOY7_UijHyr8QkyKOfTCLGJSFKnJ9KDJdfrQTg"]}
2021-12-13 11:49:32 [INFO] com.csicit.ace.common.log.AceLocalLogger :  72366--耗时 : 0
2021-12-13 11:50:00 [INFO] org.quartz.plugins.history.LoggingJobHistoryPlugin : Job 业务平台内部定时任务.大屏消息推送 fired (by trigger 大屏消息推送$业务平台内部定时任务.每5分钟执行一次) at:  11:50:00 12/13/2021
2021-12-13 11:50:00 [INFO] com.csicit.ace.common.log.AceLocalLogger :  00100--请求地址: http://127.0.0.1:2100/bladeVisualMsgs/bladeVisual/msg/push ,HTTP_METHOD: GET ,IP: 127.0.0.1 ,CLASS_METHOD: com.csicit.ace.platform.core.controller.BladeVisualMsgController.bladeVisualMsgPush ,请求参数: {}
2021-12-13 11:50:00 [INFO] com.csicit.ace.common.log.AceLocalLogger :  00100--耗时 : 33
2021-12-13 11:50:00 [INFO] org.quartz.plugins.history.LoggingJobHistoryPlugin : Job 业务平台内部定时任务.大屏消息推送 execution complete at  11:50:00 12/13/2021 and reports: null
2021-12-13 11:51:01 [INFO] org.quartz.plugins.history.LoggingJobHistoryPlugin : Job 测试任务组.711HM fired (by trigger 711HM$测试任务组.每100毫秒发送一次) at:  11:51:01 12/13/2021
2021-12-13 11:51:01 [WARN] com.csicit.ace.quartz.core.job.AgentJob : 任务执行失败，原因为：应用ah-csicpm不在线
2021-12-13 11:51:01 [INFO] org.quartz.plugins.history.LoggingJobHistoryPlugin : Job 测试任务组.711HM execution complete at  11:51:01 12/13/2021 and reports: null
