2021-12-14 15:18:24 [INFO] com.csicit.ace.zuul.ZuulStartApp : The following profiles are active: routes
2021-12-14 15:18:25 [WARN] org.springframework.boot.actuate.endpoint.EndpointId : Endpoint ID 'hystrix.stream' contains invalid characters, please migrate to a valid format.
2021-12-14 15:18:26 [INFO] org.springframework.cloud.context.scope.GenericScope : BeanFactory id=1f34842f-e8e6-30dc-ba6c-d9fc11fbcda3
2021-12-14 15:18:26 [INFO] org.springframework.context.support.PostProcessorRegistrationDelegate$BeanPostProcessorChecker : Bean 'spring.cloud.alibaba.seata-com.alibaba.cloud.seata.SeataProperties' of type [com.alibaba.cloud.seata.SeataProperties] is not eligible for getting processed by all BeanPostProcessors (for example: not eligible for auto-proxying)
2021-12-14 15:18:26 [INFO] org.springframework.context.support.PostProcessorRegistrationDelegate$BeanPostProcessorChecker : Bean 'com.alibaba.cloud.seata.GlobalTransactionAutoConfiguration' of type [com.alibaba.cloud.seata.GlobalTransactionAutoConfiguration$$EnhancerBySpringCGLIB$$da589cd9] is not eligible for getting processed by all BeanPostProcessors (for example: not eligible for auto-proxying)
2021-12-14 15:18:26 [INFO] io.seata.config.FileConfiguration : The file name of the operation is registry
2021-12-14 15:18:26 [INFO] io.seata.config.FileConfiguration : The configuration file used is /E:/%e5%bc%80%e5%8f%91%e7%8e%af%e5%a2%83for%e5%b7%a5%e4%bd%9c%e6%b5%81/ace-server/ace-zuul/target/classes/registry.conf
2021-12-14 15:18:26 [INFO] io.seata.config.FileConfiguration : The file name of the operation is file.conf
2021-12-14 15:18:26 [INFO] io.seata.config.FileConfiguration : The configuration file used is file.conf
2021-12-14 15:18:26 [INFO] io.seata.spring.annotation.GlobalTransactionScanner : Initializing Global Transaction Clients ... 
2021-12-14 15:18:26 [INFO] io.seata.core.rpc.netty.NettyClientBootstrap : NettyClientBootstrap has started
2021-12-14 15:18:26 [INFO] io.seata.spring.annotation.GlobalTransactionScanner : Transaction Manager Client is initialized. applicationId[ace-zuul] txServiceGroup[aceFlow]
2021-12-14 15:18:26 [INFO] io.seata.rm.datasource.AsyncWorker : Async Commit Buffer Limit: 10000
2021-12-14 15:18:26 [INFO] io.seata.rm.datasource.xa.ResourceManagerXA : ResourceManagerXA init ...
2021-12-14 15:18:26 [INFO] io.seata.core.rpc.netty.NettyClientBootstrap : NettyClientBootstrap has started
2021-12-14 15:18:26 [INFO] io.seata.spring.annotation.GlobalTransactionScanner : Resource Manager is initialized. applicationId[ace-zuul] txServiceGroup[aceFlow]
2021-12-14 15:18:26 [INFO] io.seata.spring.annotation.GlobalTransactionScanner : Global Transaction Clients are initialized. 
2021-12-14 15:18:26 [INFO] org.springframework.context.support.PostProcessorRegistrationDelegate$BeanPostProcessorChecker : Bean 'org.springframework.transaction.annotation.ProxyTransactionManagementConfiguration' of type [org.springframework.transaction.annotation.ProxyTransactionManagementConfiguration$$EnhancerBySpringCGLIB$$4d2c935e] is not eligible for getting processed by all BeanPostProcessors (for example: not eligible for auto-proxying)
2021-12-14 15:18:26 [INFO] org.springframework.context.support.PostProcessorRegistrationDelegate$BeanPostProcessorChecker : Bean 'socketIoConfig' of type [com.csicit.ace.data.persistent.messenger.config.SocketIoConfig$$EnhancerBySpringCGLIB$$d97fc8a5] is not eligible for getting processed by all BeanPostProcessors (for example: not eligible for auto-proxying)
2021-12-14 15:18:26 [INFO] org.springframework.context.support.PostProcessorRegistrationDelegate$BeanPostProcessorChecker : Bean 'redissonClient' of type [org.springframework.beans.factory.support.NullBean] is not eligible for getting processed by all BeanPostProcessors (for example: not eligible for auto-proxying)
2021-12-14 15:18:26 [INFO] org.springframework.context.support.PostProcessorRegistrationDelegate$BeanPostProcessorChecker : Bean 'socketIOServer' of type [com.corundumstudio.socketio.SocketIOServer] is not eligible for getting processed by all BeanPostProcessors (for example: not eligible for auto-proxying)
2021-12-14 15:18:26 [INFO] org.springframework.context.support.PostProcessorRegistrationDelegate$BeanPostProcessorChecker : Bean 'org.springframework.cloud.autoconfigure.ConfigurationPropertiesRebinderAutoConfiguration' of type [org.springframework.cloud.autoconfigure.ConfigurationPropertiesRebinderAutoConfiguration$$EnhancerBySpringCGLIB$$6946965b] is not eligible for getting processed by all BeanPostProcessors (for example: not eligible for auto-proxying)
2021-12-14 15:18:27 [INFO] org.springframework.boot.web.embedded.tomcat.TomcatWebServer : Tomcat initialized with port(s): 2100 (http)
2021-12-14 15:18:27 [INFO] org.apache.catalina.core.StandardService : Starting service [Tomcat]
2021-12-14 15:18:27 [INFO] org.apache.catalina.core.StandardEngine : Starting Servlet engine: [Apache Tomcat/9.0.14]
2021-12-14 15:18:27 [INFO] org.apache.jasper.servlet.TldScanner : At least one JAR was scanned for TLDs yet contained no TLDs. Enable debug logging for this logger for a complete list of JARs that were scanned but no TLDs were found in them. Skipping unneeded JARs during scanning can improve startup time and JSP compilation time.
2021-12-14 15:18:27 [INFO] org.apache.catalina.core.ContainerBase.[Tomcat].[localhost].[/] : Initializing Spring embedded WebApplicationContext
2021-12-14 15:18:27 [INFO] org.springframework.web.context.ContextLoader : Root WebApplicationContext: initialization completed in 3030 ms
2021-12-14 15:18:27 [WARN] com.netflix.config.sources.URLConfigurationSource : No URLs will be polled as dynamic configuration sources.
2021-12-14 15:18:27 [INFO] com.netflix.config.sources.URLConfigurationSource : To enable URLs as dynamic configuration sources, define System property archaius.configurationSource.additionalUrls or make config.properties available on classpath.
2021-12-14 15:18:27 [INFO] com.netflix.config.DynamicPropertyFactory : DynamicPropertyFactory is initialized with configuration sources: com.netflix.config.ConcurrentCompositeConfiguration@4d75c604
2021-12-14 15:18:27 [WARN] net.sf.ehcache.config.ConfigurationFactory : No configuration found. Configuring ehcache from ehcache-failsafe.xml  found in the classpath: jar:file:/D:/mavenRepo/net/sf/ehcache/ehcache/2.10.6/ehcache-2.10.6.jar!/ehcache-failsafe.xml
2021-12-14 15:18:28 [INFO] io.seata.spring.annotation.datasource.SeataAutoDataSourceProxyCreator : Auto proxy of [druidDataSource]
2021-12-14 15:18:28 [WARN] com.alibaba.druid.pool.DruidDataSource : removeAbandoned is true, not use in productiion.
2021-12-14 15:18:28 [INFO] com.alibaba.druid.pool.DruidDataSource : {dataSource-1} inited
2021-12-14 15:18:28 [INFO] io.seata.core.rpc.netty.NettyClientChannelManager : will connect to 127.0.0.1:8091
2021-12-14 15:18:28 [INFO] io.seata.core.rpc.netty.RmNettyRemotingClient : RM will register :jdbc:dm://192.168.19.9:5236:JARIACEPLAT
2021-12-14 15:18:28 [INFO] io.seata.core.rpc.netty.NettyPoolableFactory : NettyPool create channel to transactionRole:RMROLE,address:127.0.0.1:8091,msg:< RegisterRMRequest{resourceIds='jdbc:dm://192.168.19.9:5236:JARIACEPLAT', applicationId='ace-zuul', transactionServiceGroup='aceFlow'} >
2021-12-14 15:18:28 [INFO] io.seata.core.rpc.netty.RmNettyRemotingClient : register RM success. client version:1.5.0-SNAPSHOT, server version:1.5.0-SNAPSHOT,channel:[id: 0x6bfa53b6, L:/127.0.0.1:58947 - R:/127.0.0.1:8091]
2021-12-14 15:18:28 [INFO] io.seata.core.rpc.netty.NettyPoolableFactory : register success, cost 32 ms, version:1.5.0-SNAPSHOT,role:RMROLE,channel:[id: 0x6bfa53b6, L:/127.0.0.1:58947 - R:/127.0.0.1:8091]
2021-12-14 15:18:36 [INFO] org.quartz.impl.StdSchedulerFactory : Using default implementation for ThreadExecutor
2021-12-14 15:18:36 [INFO] org.quartz.core.SchedulerSignalerImpl : Initialized Scheduler Signaller of type: class org.quartz.core.SchedulerSignalerImpl
2021-12-14 15:18:36 [INFO] org.quartz.core.QuartzScheduler : Quartz Scheduler v.2.3.1 created.
2021-12-14 15:18:36 [INFO] com.csicit.ace.quartz.core.plugins.AceJobConfigLoaderPlugin : Registering Quartz Job Initialization Plug-in.
2021-12-14 15:18:36 [INFO] org.quartz.core.QuartzScheduler : Scheduler meta-data: Quartz Scheduler (v2.3.1) 'JariScheduler' with instanceId 'DESKTOP-A03RJ151639466316587'
  Scheduler class: 'org.quartz.core.QuartzScheduler' - running locally.
  NOT STARTED.
  Currently in standby mode.
  Number of jobs executed: 0
  Using thread pool 'org.quartz.simpl.SimpleThreadPool' - with 20 threads.
  Using job-store 'org.springframework.scheduling.quartz.LocalDataSourceJobStore' - which supports persistence. and is clustered.

2021-12-14 15:18:36 [INFO] org.quartz.impl.StdSchedulerFactory : Quartz scheduler 'JariScheduler' initialized from an externally provided properties instance.
2021-12-14 15:18:36 [INFO] org.quartz.impl.StdSchedulerFactory : Quartz scheduler version: 2.3.1
2021-12-14 15:18:36 [INFO] org.quartz.core.QuartzScheduler : JobFactory set to: com.csicit.ace.quartz.core.factory.MyJobFactory@6e53bb4f
2021-12-14 15:18:36 [WARN] com.baomidou.mybatisplus.core.toolkit.TableInfoHelper : Warn: Could not find @TableId in Class: com.csicit.ace.common.pojo.vo.GrantAuthReciveVO.
2021-12-14 15:18:37 [INFO] org.springframework.scheduling.concurrent.ThreadPoolTaskScheduler : Initializing ExecutorService 'taskScheduler'
2021-12-14 15:18:37 [INFO] liquibase.integration.spring.SpringLiquibase : Liquibase did not run because 'shouldRun' property was set to false on liquibase Liquibase Spring bean.
2021-12-14 15:18:37 [WARN] com.netflix.config.sources.URLConfigurationSource : No URLs will be polled as dynamic configuration sources.
2021-12-14 15:18:37 [INFO] com.netflix.config.sources.URLConfigurationSource : To enable URLs as dynamic configuration sources, define System property archaius.configurationSource.additionalUrls or make config.properties available on classpath.
2021-12-14 15:18:38 [INFO] org.springframework.scheduling.concurrent.ThreadPoolTaskExecutor : Initializing ExecutorService 'applicationTaskExecutor'
2021-12-14 15:18:38 [INFO] org.springframework.boot.autoconfigure.web.servlet.WelcomePageHandlerMapping : Adding welcome page template: index
2021-12-14 15:18:38 [WARN] org.springframework.boot.starter.redis.RedisStarterDeprecationWarningAutoConfiguration : spring-boot-starter-redis is deprecated as of Spring Boot 1.4, please migrate to spring-boot-starter-data-redis
2021-12-14 15:18:39 [INFO] org.springframework.cloud.netflix.zuul.ZuulFilterInitializer : Starting filter initializer
2021-12-14 15:18:39 [INFO] org.springframework.boot.actuate.endpoint.web.EndpointLinksResolver : Exposing 2 endpoint(s) beneath base path '/actuator'
2021-12-14 15:18:39 [INFO] org.quartz.xml.XMLSchedulingDataProcessor : Parsing XML from stream with systemId:  
2021-12-14 15:18:39 [INFO] org.quartz.xml.XMLSchedulingDataProcessor : Adding 1 jobs, 0 triggers.
2021-12-14 15:18:39 [INFO] org.quartz.xml.XMLSchedulingDataProcessor : Replacing job: tt.xxx
2021-12-14 15:18:39 [INFO] org.quartz.xml.XMLSchedulingDataProcessor : Parsing XML from stream with systemId:  
2021-12-14 15:18:39 [INFO] org.quartz.xml.XMLSchedulingDataProcessor : Adding 1 jobs, 0 triggers.
2021-12-14 15:18:39 [INFO] org.quartz.xml.XMLSchedulingDataProcessor : Replacing job: tt.xxx
2021-12-14 15:18:39 [INFO] org.quartz.xml.XMLSchedulingDataProcessor : Parsing XML from stream with systemId:  
2021-12-14 15:18:39 [INFO] org.quartz.xml.XMLSchedulingDataProcessor : Adding 1 jobs, 1 triggers.
2021-12-14 15:18:39 [INFO] org.quartz.xml.XMLSchedulingDataProcessor : Replacing job: 测试任务组.711HM
2021-12-14 15:18:39 [INFO] org.quartz.xml.XMLSchedulingDataProcessor : Parsing XML from stream with systemId:  
2021-12-14 15:18:39 [INFO] org.quartz.xml.XMLSchedulingDataProcessor : Adding 1 jobs, 0 triggers.
2021-12-14 15:18:39 [INFO] org.quartz.xml.XMLSchedulingDataProcessor : Replacing job: tt.xxx
2021-12-14 15:18:39 [INFO] org.quartz.xml.XMLSchedulingDataProcessor : Parsing XML from stream with systemId:  
2021-12-14 15:18:39 [INFO] org.quartz.xml.XMLSchedulingDataProcessor : Adding 16 jobs, 0 triggers.
2021-12-14 15:18:39 [INFO] org.quartz.xml.XMLSchedulingDataProcessor : Replacing job: tt.xxx
2021-12-14 15:18:39 [INFO] org.quartz.xml.XMLSchedulingDataProcessor : Replacing job: tt.xxx
2021-12-14 15:18:39 [INFO] org.quartz.xml.XMLSchedulingDataProcessor : Replacing job: tt.xxx
2021-12-14 15:18:39 [INFO] org.quartz.xml.XMLSchedulingDataProcessor : Replacing job: tt.xxx
2021-12-14 15:18:39 [INFO] org.quartz.xml.XMLSchedulingDataProcessor : Replacing job: tt.xxx
2021-12-14 15:18:39 [INFO] org.quartz.xml.XMLSchedulingDataProcessor : Replacing job: tt.xxx
2021-12-14 15:18:39 [INFO] org.quartz.xml.XMLSchedulingDataProcessor : Replacing job: tt.xxx
2021-12-14 15:18:39 [INFO] org.quartz.xml.XMLSchedulingDataProcessor : Replacing job: tt.xxx
2021-12-14 15:18:39 [INFO] org.quartz.xml.XMLSchedulingDataProcessor : Replacing job: tt.xxx
2021-12-14 15:18:39 [INFO] org.quartz.xml.XMLSchedulingDataProcessor : Replacing job: tt.xxx
2021-12-14 15:18:39 [INFO] org.quartz.xml.XMLSchedulingDataProcessor : Replacing job: tt.xxx
2021-12-14 15:18:39 [INFO] org.quartz.xml.XMLSchedulingDataProcessor : Replacing job: tt.xxx
2021-12-14 15:18:39 [INFO] org.quartz.xml.XMLSchedulingDataProcessor : Replacing job: tt.xxx
2021-12-14 15:18:39 [INFO] org.quartz.xml.XMLSchedulingDataProcessor : Replacing job: tt.xxx
2021-12-14 15:18:39 [INFO] org.quartz.xml.XMLSchedulingDataProcessor : Replacing job: tt.xxx
2021-12-14 15:18:39 [INFO] org.quartz.xml.XMLSchedulingDataProcessor : Replacing job: tt.xxx
2021-12-14 15:18:39 [INFO] org.quartz.xml.XMLSchedulingDataProcessor : Parsing XML from stream with systemId:  
2021-12-14 15:18:39 [INFO] org.quartz.xml.XMLSchedulingDataProcessor : Adding 1 jobs, 0 triggers.
2021-12-14 15:18:39 [INFO] org.quartz.xml.XMLSchedulingDataProcessor : Replacing job: tt.xxx
2021-12-14 15:18:39 [INFO] org.quartz.xml.XMLSchedulingDataProcessor : Parsing XML from stream with systemId:  
2021-12-14 15:18:39 [INFO] org.quartz.xml.XMLSchedulingDataProcessor : Adding 1 jobs, 0 triggers.
2021-12-14 15:18:39 [INFO] org.quartz.xml.XMLSchedulingDataProcessor : Replacing job: tt.xxx
2021-12-14 15:18:39 [INFO] org.quartz.xml.XMLSchedulingDataProcessor : Parsing XML from stream with systemId:  
2021-12-14 15:18:39 [INFO] org.quartz.xml.XMLSchedulingDataProcessor : Adding 1 jobs, 0 triggers.
2021-12-14 15:18:39 [INFO] org.quartz.xml.XMLSchedulingDataProcessor : Replacing job: tt.xxx
2021-12-14 15:18:39 [INFO] org.quartz.xml.XMLSchedulingDataProcessor : Parsing XML from stream with systemId:  
2021-12-14 15:18:39 [INFO] org.quartz.xml.XMLSchedulingDataProcessor : Adding 1 jobs, 0 triggers.
2021-12-14 15:18:39 [INFO] org.quartz.xml.XMLSchedulingDataProcessor : Replacing job: tt.xxx
2021-12-14 15:18:39 [INFO] org.quartz.xml.XMLSchedulingDataProcessor : Parsing XML from stream with systemId:  
2021-12-14 15:18:39 [INFO] org.quartz.xml.XMLSchedulingDataProcessor : Adding 1 jobs, 0 triggers.
2021-12-14 15:18:39 [INFO] org.quartz.xml.XMLSchedulingDataProcessor : Replacing job: tt.xxx
2021-12-14 15:18:39 [INFO] org.quartz.xml.XMLSchedulingDataProcessor : Parsing XML from stream with systemId:  
2021-12-14 15:18:39 [INFO] org.quartz.xml.XMLSchedulingDataProcessor : Adding 1 jobs, 0 triggers.
2021-12-14 15:18:39 [INFO] org.quartz.xml.XMLSchedulingDataProcessor : Replacing job: tt.xxx
2021-12-14 15:18:39 [INFO] org.quartz.xml.XMLSchedulingDataProcessor : Parsing XML from stream with systemId:  
2021-12-14 15:18:39 [INFO] org.quartz.xml.XMLSchedulingDataProcessor : Adding 1 jobs, 0 triggers.
2021-12-14 15:18:39 [INFO] org.quartz.xml.XMLSchedulingDataProcessor : Replacing job: tt.xxx
2021-12-14 15:18:39 [INFO] org.quartz.xml.XMLSchedulingDataProcessor : Parsing XML from stream with systemId:  
2021-12-14 15:18:39 [INFO] org.quartz.xml.XMLSchedulingDataProcessor : Adding 1 jobs, 0 triggers.
2021-12-14 15:18:39 [INFO] org.quartz.xml.XMLSchedulingDataProcessor : Replacing job: tt.xxx
2021-12-14 15:18:39 [INFO] org.quartz.xml.XMLSchedulingDataProcessor : Parsing XML from stream with systemId:  
2021-12-14 15:18:39 [INFO] org.quartz.xml.XMLSchedulingDataProcessor : Adding 1 jobs, 0 triggers.
2021-12-14 15:18:39 [INFO] org.quartz.xml.XMLSchedulingDataProcessor : Replacing job: tt.xxx
2021-12-14 15:18:39 [INFO] org.quartz.xml.XMLSchedulingDataProcessor : Parsing XML from stream with systemId:  
2021-12-14 15:18:39 [INFO] org.quartz.xml.XMLSchedulingDataProcessor : Adding 1 jobs, 0 triggers.
2021-12-14 15:18:39 [INFO] org.quartz.xml.XMLSchedulingDataProcessor : Replacing job: tt.xxx
2021-12-14 15:18:39 [INFO] org.quartz.xml.XMLSchedulingDataProcessor : Parsing XML from stream with systemId:  
2021-12-14 15:18:39 [INFO] org.quartz.xml.XMLSchedulingDataProcessor : Adding 1 jobs, 0 triggers.
2021-12-14 15:18:39 [INFO] org.quartz.xml.XMLSchedulingDataProcessor : Replacing job: tt.xxx
2021-12-14 15:18:39 [INFO] org.quartz.xml.XMLSchedulingDataProcessor : Parsing XML from stream with systemId:  
2021-12-14 15:18:39 [INFO] org.quartz.xml.XMLSchedulingDataProcessor : Adding 1 jobs, 0 triggers.
2021-12-14 15:18:39 [INFO] org.quartz.xml.XMLSchedulingDataProcessor : Replacing job: tt.xxx
2021-12-14 15:18:39 [INFO] org.quartz.xml.XMLSchedulingDataProcessor : Parsing XML from stream with systemId:  
2021-12-14 15:18:39 [INFO] org.quartz.xml.XMLSchedulingDataProcessor : Adding 2 jobs, 0 triggers.
2021-12-14 15:18:39 [INFO] org.quartz.xml.XMLSchedulingDataProcessor : Replacing job: urgeTask.催办提醒
2021-12-14 15:18:39 [INFO] org.quartz.xml.XMLSchedulingDataProcessor : Replacing job: 催办提醒任务组.催办提醒
2021-12-14 15:18:39 [INFO] org.quartz.xml.XMLSchedulingDataProcessor : Parsing XML from stream with systemId:  
2021-12-14 15:18:39 [INFO] org.quartz.xml.XMLSchedulingDataProcessor : Adding 1 jobs, 1 triggers.
2021-12-14 15:18:39 [INFO] org.quartz.xml.XMLSchedulingDataProcessor : Replacing job: 业务平台内部定时任务.大屏消息推送
2021-12-14 15:18:40 [INFO] org.quartz.core.QuartzScheduler : Scheduler JariScheduler_$_DESKTOP-A03RJ151639466316587 started.
2021-12-14 15:18:40 [INFO] org.springframework.boot.web.embedded.tomcat.TomcatWebServer : Tomcat started on port(s): 2100 (http) with context path ''
2021-12-14 15:18:40 [INFO] com.csicit.ace.zuul.ZuulStartApp : Started ZuulStartApp in 17.616 seconds (JVM running for 18.311)
2021-12-14 15:18:40 [INFO] org.reflections.Reflections : Reflections took 33 ms to scan 1 urls, producing 20 keys and 31 values 
2021-12-14 15:18:41 [INFO] com.corundumstudio.socketio.SocketIOServer : Session store / pubsub factory used: MemoryStoreFactory (local session store only)
2021-12-14 15:18:41 [INFO] com.corundumstudio.socketio.SocketIOServer : SocketIO server started at port: 5070
2021-12-14 15:18:41 [INFO] com.csicit.ace.common.log.AceLocalLogger : socketLog_消息服务已启动!
2021-12-14 15:18:41 [INFO] com.csicit.ace.common.log.AceLocalLogger : socketLog_创建命名空间:dv-testapp-platform
2021-12-14 15:18:41 [INFO] com.csicit.ace.common.log.AceLocalLogger : socketLog_创建命名空间:ei-service
2021-12-14 15:18:41 [INFO] com.csicit.ace.common.log.AceLocalLogger : socketLog_建立连接：873f1fdf-acf4-4736-9f1a-70ed73879829
2021-12-14 15:18:41 [INFO] com.csicit.ace.common.log.AceLocalLogger : socketLog_建立连接：17003067-c90d-4e1f-949e-a73022dd3f95
2021-12-14 15:18:41 [INFO] org.apache.catalina.core.ContainerBase.[Tomcat].[localhost].[/] : Initializing Spring DispatcherServlet 'dispatcherServlet'
2021-12-14 15:18:41 [INFO] org.springframework.web.servlet.DispatcherServlet : Initializing Servlet 'dispatcherServlet'
2021-12-14 15:18:41 [INFO] org.springframework.web.servlet.DispatcherServlet : Completed initialization in 15 ms
2021-12-14 15:18:46 [INFO] com.csicit.ace.common.log.AceLocalLogger : socketLog_建立连接：6e0baf76-ae02-46ef-bdaa-4b46480878a1
2021-12-14 15:19:01 [INFO] org.quartz.plugins.history.LoggingJobHistoryPlugin : Job 测试任务组.711HM fired (by trigger 711HM$测试任务组.每100毫秒发送一次) at:  15:19:01 12/14/2021
2021-12-14 15:19:01 [WARN] com.csicit.ace.quartz.core.job.AgentJob : 任务执行失败，原因为：应用ah-csicpm不在线
2021-12-14 15:19:01 [INFO] org.quartz.plugins.history.LoggingJobHistoryPlugin : Job 测试任务组.711HM execution complete at  15:19:01 12/14/2021 and reports: null
2021-12-14 15:19:26 [INFO] io.seata.core.rpc.netty.NettyClientChannelManager : will connect to 127.0.0.1:8091
2021-12-14 15:19:26 [INFO] io.seata.core.rpc.netty.NettyPoolableFactory : NettyPool create channel to transactionRole:TMROLE,address:127.0.0.1:8091,msg:< RegisterTMRequest{applicationId='ace-zuul', transactionServiceGroup='aceFlow'} >
2021-12-14 15:19:26 [INFO] io.seata.core.rpc.netty.TmNettyRemotingClient : register TM success. client version:1.5.0-SNAPSHOT, server version:1.5.0-SNAPSHOT,channel:[id: 0x94ef2719, L:/127.0.0.1:59165 - R:/127.0.0.1:8091]
2021-12-14 15:19:26 [INFO] io.seata.core.rpc.netty.NettyPoolableFactory : register success, cost 3 ms, version:1.5.0-SNAPSHOT,role:TMROLE,channel:[id: 0x94ef2719, L:/127.0.0.1:59165 - R:/127.0.0.1:8091]
2021-12-14 15:20:01 [INFO] org.quartz.plugins.history.LoggingJobHistoryPlugin : Job 测试任务组.711HM fired (by trigger 711HM$测试任务组.每100毫秒发送一次) at:  15:20:01 12/14/2021
2021-12-14 15:20:01 [WARN] com.csicit.ace.quartz.core.job.AgentJob : 任务执行失败，原因为：应用ah-csicpm不在线
2021-12-14 15:20:01 [INFO] org.quartz.plugins.history.LoggingJobHistoryPlugin : Job 测试任务组.711HM execution complete at  15:20:01 12/14/2021 and reports: null
2021-12-14 15:22:01 [INFO] org.quartz.plugins.history.LoggingJobHistoryPlugin : Job 测试任务组.711HM fired (by trigger 711HM$测试任务组.每100毫秒发送一次) at:  15:22:01 12/14/2021
2021-12-14 15:22:01 [WARN] com.csicit.ace.quartz.core.job.AgentJob : 任务执行失败，原因为：应用ah-csicpm不在线
2021-12-14 15:22:01 [INFO] org.quartz.plugins.history.LoggingJobHistoryPlugin : Job 测试任务组.711HM execution complete at  15:22:01 12/14/2021 and reports: null
2021-12-14 15:23:21 [INFO] com.csicit.ace.common.log.AceLocalLogger :  01263--请求地址: http://127.0.0.1:2100/ehcache/action/get ,HTTP_METHOD: GET ,IP: 127.0.0.1 ,CLASS_METHOD: com.csicit.ace.zuul.controller.EhcacheHttpController.get ,请求参数: {"key":["platform_sm4_key"]}
2021-12-14 15:23:21 [INFO] com.csicit.ace.common.log.AceLocalLogger :  01263--耗时 : 8
2021-12-14 15:23:21 [INFO] com.csicit.ace.common.log.AceLocalLogger :  01294--请求地址: http://127.0.0.1:2100/ehcache/action/get ,HTTP_METHOD: GET ,IP: 127.0.0.1 ,CLASS_METHOD: com.csicit.ace.zuul.controller.EhcacheHttpController.get ,请求参数: {"key":["platform_sm2_key_pair"]}
2021-12-14 15:23:21 [INFO] com.csicit.ace.common.log.AceLocalLogger :  01294--耗时 : 0
2021-12-14 15:23:21 [INFO] com.csicit.ace.common.log.AceLocalLogger :  01298--请求地址: http://127.0.0.1:2100/ehcache/action/get ,HTTP_METHOD: GET ,IP: 127.0.0.1 ,CLASS_METHOD: com.csicit.ace.zuul.controller.EhcacheHttpController.get ,请求参数: {"key":["platform_sm2_private_key"]}
2021-12-14 15:23:21 [INFO] com.csicit.ace.common.log.AceLocalLogger :  01298--耗时 : 0
2021-12-14 15:23:21 [INFO] com.csicit.ace.common.log.AceLocalLogger :  01302--请求地址: http://127.0.0.1:2100/ehcache/action/get ,HTTP_METHOD: GET ,IP: 127.0.0.1 ,CLASS_METHOD: com.csicit.ace.zuul.controller.EhcacheHttpController.get ,请求参数: {"key":["platform_sm2_public_key"]}
2021-12-14 15:23:21 [INFO] com.csicit.ace.common.log.AceLocalLogger :  01302--耗时 : 0
2021-12-14 15:23:21 [INFO] com.csicit.ace.common.log.AceLocalLogger :  01586--请求地址: http://127.0.0.1:2100/orgauth/initHandler ,HTTP_METHOD: POST ,IP: 127.0.0.1 ,CLASS_METHOD: com.csicit.ace.orgauth.core.controller.InitScanDataHandlerController.saveInitScanData ,请求参数: {}
2021-12-14 15:23:21 [INFO] com.csicit.ace.common.log.AceLocalLogger :  01586--耗时 : 51
2021-12-14 15:23:21 [INFO] com.csicit.ace.common.log.AceLocalLogger :  01648--请求地址: http://127.0.0.1:2100/ehcache/action/hasKey ,HTTP_METHOD: GET ,IP: 127.0.0.1 ,CLASS_METHOD: com.csicit.ace.zuul.controller.EhcacheHttpController.hasKey ,请求参数: {"key":["2ucy_1-1CIKoDcOa_Ioji2X805rpZDm8JCekjVF4IJ-jwNK9mMTgFNn-5fO_TxWHN11BY4N67G4GAX6GHq4i04A_CYEOY7_UijHyr8QkyKOfTCLGJSFKnJ9KDJdfrQTg"]}
2021-12-14 15:23:21 [INFO] com.csicit.ace.common.log.AceLocalLogger :  01648--耗时 : 0
2021-12-14 15:23:21 [INFO] com.csicit.ace.common.log.AceLocalLogger :  01673--请求地址: http://127.0.0.1:2100/ehcache/action/setExpire ,HTTP_METHOD: POST ,IP: 127.0.0.1 ,CLASS_METHOD: com.csicit.ace.zuul.controller.EhcacheHttpController.set ,请求参数: {"expire":["600000"],"key":["2ucy_1-1CIKoDcOa_Ioji2X805rpZDm8JCekjVF4IJ-jwNK9mMTgFNn-5fO_TxWHN11BY4N67G4GAX6GHq4i04A_CYEOY7_UijHyr8QkyKOfTCLGJSFKnJ9KDJdfrQTg"]}
2021-12-14 15:23:21 [INFO] com.csicit.ace.common.log.AceLocalLogger :  01673--耗时 : 0
2021-12-14 15:23:27 [ERROR] com.csicit.ace.common.log.AceLocalLogger : Request method 'POST' not supported
org.springframework.web.HttpRequestMethodNotSupportedException: Request method 'POST' not supported
	at org.springframework.web.servlet.mvc.method.RequestMappingInfoHandlerMapping.handleNoMatch(RequestMappingInfoHandlerMapping.java:200)
	at org.springframework.web.servlet.handler.AbstractHandlerMethodMapping.lookupHandlerMethod(AbstractHandlerMethodMapping.java:419)
	at org.springframework.web.servlet.handler.AbstractHandlerMethodMapping.getHandlerInternal(AbstractHandlerMethodMapping.java:365)
	at org.springframework.web.servlet.handler.AbstractHandlerMethodMapping.getHandlerInternal(AbstractHandlerMethodMapping.java:65)
	at org.springframework.web.servlet.handler.AbstractHandlerMapping.getHandler(AbstractHandlerMapping.java:401)
	at org.springframework.web.servlet.DispatcherServlet.getHandler(DispatcherServlet.java:1231)
	at org.springframework.web.servlet.DispatcherServlet.doDispatch(DispatcherServlet.java:1014)
	at org.springframework.web.servlet.DispatcherServlet.doService(DispatcherServlet.java:942)
	at org.springframework.web.servlet.FrameworkServlet.processRequest(FrameworkServlet.java:1005)
	at org.springframework.web.servlet.FrameworkServlet.doPost(FrameworkServlet.java:908)
	at javax.servlet.http.HttpServlet.service(HttpServlet.java:660)
	at org.springframework.web.servlet.FrameworkServlet.service(FrameworkServlet.java:882)
	at javax.servlet.http.HttpServlet.service(HttpServlet.java:741)
	at org.apache.catalina.core.ApplicationFilterChain.internalDoFilter(ApplicationFilterChain.java:231)
	at org.apache.catalina.core.ApplicationFilterChain.doFilter(ApplicationFilterChain.java:166)
	at org.apache.tomcat.websocket.server.WsFilter.doFilter(WsFilter.java:53)
	at org.apache.catalina.core.ApplicationFilterChain.internalDoFilter(ApplicationFilterChain.java:193)
	at org.apache.catalina.core.ApplicationFilterChain.doFilter(ApplicationFilterChain.java:166)
	at org.apache.catalina.core.ApplicationDispatcher.invoke(ApplicationDispatcher.java:712)
	at org.apache.catalina.core.ApplicationDispatcher.processRequest(ApplicationDispatcher.java:459)
	at org.apache.catalina.core.ApplicationDispatcher.doForward(ApplicationDispatcher.java:384)
	at org.apache.catalina.core.ApplicationDispatcher.forward(ApplicationDispatcher.java:312)
	at com.csicit.ace.zuul.config.GlobalInterceptor.preHandle(GlobalInterceptor.java:102)
	at org.springframework.web.servlet.HandlerExecutionChain.applyPreHandle(HandlerExecutionChain.java:136)
	at org.springframework.web.servlet.DispatcherServlet.doDispatch(DispatcherServlet.java:1033)
	at org.springframework.web.servlet.DispatcherServlet.doService(DispatcherServlet.java:942)
	at org.springframework.web.servlet.FrameworkServlet.processRequest(FrameworkServlet.java:1005)
	at org.springframework.web.servlet.FrameworkServlet.doPost(FrameworkServlet.java:908)
	at javax.servlet.http.HttpServlet.service(HttpServlet.java:660)
	at org.springframework.web.servlet.FrameworkServlet.service(FrameworkServlet.java:882)
	at javax.servlet.http.HttpServlet.service(HttpServlet.java:741)
	at org.apache.catalina.core.ApplicationFilterChain.internalDoFilter(ApplicationFilterChain.java:231)
	at org.apache.catalina.core.ApplicationFilterChain.doFilter(ApplicationFilterChain.java:166)
	at org.apache.tomcat.websocket.server.WsFilter.doFilter(WsFilter.java:53)
	at org.apache.catalina.core.ApplicationFilterChain.internalDoFilter(ApplicationFilterChain.java:193)
	at org.apache.catalina.core.ApplicationFilterChain.doFilter(ApplicationFilterChain.java:166)
	at org.springframework.web.filter.CorsFilter.doFilterInternal(CorsFilter.java:96)
	at org.springframework.web.filter.OncePerRequestFilter.doFilter(OncePerRequestFilter.java:109)
	at org.apache.catalina.core.ApplicationFilterChain.internalDoFilter(ApplicationFilterChain.java:193)
	at org.apache.catalina.core.ApplicationFilterChain.doFilter(ApplicationFilterChain.java:166)
	at org.springframework.boot.actuate.web.trace.servlet.HttpTraceFilter.doFilterInternal(HttpTraceFilter.java:88)
	at org.springframework.web.filter.OncePerRequestFilter.doFilter(OncePerRequestFilter.java:109)
	at org.apache.catalina.core.ApplicationFilterChain.internalDoFilter(ApplicationFilterChain.java:193)
	at org.apache.catalina.core.ApplicationFilterChain.doFilter(ApplicationFilterChain.java:166)
	at org.springframework.web.filter.RequestContextFilter.doFilterInternal(RequestContextFilter.java:99)
	at org.springframework.web.filter.OncePerRequestFilter.doFilter(OncePerRequestFilter.java:109)
	at org.apache.catalina.core.ApplicationFilterChain.internalDoFilter(ApplicationFilterChain.java:193)
	at org.apache.catalina.core.ApplicationFilterChain.doFilter(ApplicationFilterChain.java:166)
	at org.springframework.web.filter.FormContentFilter.doFilterInternal(FormContentFilter.java:92)
	at org.springframework.web.filter.OncePerRequestFilter.doFilter(OncePerRequestFilter.java:109)
	at org.apache.catalina.core.ApplicationFilterChain.internalDoFilter(ApplicationFilterChain.java:193)
	at org.apache.catalina.core.ApplicationFilterChain.doFilter(ApplicationFilterChain.java:166)
	at org.springframework.web.filter.HiddenHttpMethodFilter.doFilterInternal(HiddenHttpMethodFilter.java:93)
	at org.springframework.web.filter.OncePerRequestFilter.doFilter(OncePerRequestFilter.java:109)
	at org.apache.catalina.core.ApplicationFilterChain.internalDoFilter(ApplicationFilterChain.java:193)
	at org.apache.catalina.core.ApplicationFilterChain.doFilter(ApplicationFilterChain.java:166)
	at org.springframework.boot.actuate.metrics.web.servlet.WebMvcMetricsFilter.filterAndRecordMetrics(WebMvcMetricsFilter.java:114)
	at org.springframework.boot.actuate.metrics.web.servlet.WebMvcMetricsFilter.doFilterInternal(WebMvcMetricsFilter.java:104)
	at org.springframework.web.filter.OncePerRequestFilter.doFilter(OncePerRequestFilter.java:109)
	at org.apache.catalina.core.ApplicationFilterChain.internalDoFilter(ApplicationFilterChain.java:193)
	at org.apache.catalina.core.ApplicationFilterChain.doFilter(ApplicationFilterChain.java:166)
	at org.springframework.web.filter.CharacterEncodingFilter.doFilterInternal(CharacterEncodingFilter.java:200)
	at org.springframework.web.filter.OncePerRequestFilter.doFilter(OncePerRequestFilter.java:109)
	at org.apache.catalina.core.ApplicationFilterChain.internalDoFilter(ApplicationFilterChain.java:193)
	at org.apache.catalina.core.ApplicationFilterChain.doFilter(ApplicationFilterChain.java:166)
	at org.apache.catalina.core.StandardWrapperValve.invoke(StandardWrapperValve.java:199)
	at org.apache.catalina.core.StandardContextValve.invoke(StandardContextValve.java:96)
	at org.apache.catalina.authenticator.AuthenticatorBase.invoke(AuthenticatorBase.java:490)
	at org.apache.catalina.core.StandardHostValve.invoke(StandardHostValve.java:139)
	at org.apache.catalina.valves.ErrorReportValve.invoke(ErrorReportValve.java:92)
	at org.apache.catalina.core.StandardEngineValve.invoke(StandardEngineValve.java:74)
	at org.apache.catalina.connector.CoyoteAdapter.service(CoyoteAdapter.java:343)
	at org.apache.coyote.http11.Http11Processor.service(Http11Processor.java:408)
	at org.apache.coyote.AbstractProcessorLight.process(AbstractProcessorLight.java:66)
	at org.apache.coyote.AbstractProtocol$ConnectionHandler.process(AbstractProtocol.java:834)
	at org.apache.tomcat.util.net.NioEndpoint$SocketProcessor.doRun(NioEndpoint.java:1417)
	at org.apache.tomcat.util.net.SocketProcessorBase.run(SocketProcessorBase.java:49)
	at java.util.concurrent.ThreadPoolExecutor.runWorker(ThreadPoolExecutor.java:1149)
	at java.util.concurrent.ThreadPoolExecutor$Worker.run(ThreadPoolExecutor.java:624)
	at org.apache.tomcat.util.threads.TaskThread$WrappingRunnable.run(TaskThread.java:61)
	at java.lang.Thread.run(Thread.java:748)
2021-12-14 15:23:36 [INFO] com.csicit.ace.common.log.AceLocalLogger : socketLog_断开连接：873f1fdf-acf4-4736-9f1a-70ed73879829
2021-12-14 15:23:37 [INFO] com.csicit.ace.common.log.AceLocalLogger :  17411--请求地址: http://192.168.20.136:2100/sysConfigs/action/downloadImg/lgbg ,HTTP_METHOD: GET ,IP: 127.0.0.1 ,CLASS_METHOD: com.csicit.ace.platform.core.controller.SysConfigController.downloadImg ,请求参数: {"t":["1639466617383"]}
2021-12-14 15:23:37 [INFO] com.csicit.ace.common.log.AceLocalLogger :  17411--耗时 : 18
2021-12-14 15:23:37 [INFO] com.csicit.ace.common.log.AceLocalLogger :  17461--请求地址: http://192.168.20.136:2100/init ,HTTP_METHOD: GET ,IP: 127.0.0.1 ,CLASS_METHOD: com.csicit.ace.platform.core.controller.InitController.getDefaultArgs ,请求参数: {}
2021-12-14 15:23:37 [INFO] com.csicit.ace.common.log.AceLocalLogger :  17461--耗时 : 3
2021-12-14 15:23:37 [INFO] com.csicit.ace.common.log.AceLocalLogger :  17465--请求地址: http://192.168.20.136:2100/sysConfigs/action/downloadImg/lglo ,HTTP_METHOD: GET ,IP: 127.0.0.1 ,CLASS_METHOD: com.csicit.ace.platform.core.controller.SysConfigController.downloadImg ,请求参数: {"t":["1639466617383"]}
2021-12-14 15:23:37 [INFO] com.csicit.ace.common.log.AceLocalLogger :  17465--耗时 : 3
2021-12-14 15:23:37 [INFO] com.csicit.ace.common.log.AceLocalLogger :  17909--请求地址: http://192.168.20.136:2100/sysConfigs/action/downloadImg/lgbg ,HTTP_METHOD: GET ,IP: 127.0.0.1 ,CLASS_METHOD: com.csicit.ace.platform.core.controller.SysConfigController.downloadImg ,请求参数: {"t":["1639466617884"]}
2021-12-14 15:23:37 [INFO] com.csicit.ace.common.log.AceLocalLogger :  17915--请求地址: http://192.168.20.136:2100/init ,HTTP_METHOD: GET ,IP: 127.0.0.1 ,CLASS_METHOD: com.csicit.ace.platform.core.controller.InitController.getDefaultArgs ,请求参数: {}
2021-12-14 15:23:37 [INFO] com.csicit.ace.common.log.AceLocalLogger :  17915--耗时 : 1
2021-12-14 15:23:37 [INFO] com.csicit.ace.common.log.AceLocalLogger :  17918--请求地址: http://192.168.20.136:2100/sysConfigs/action/downloadImg/lglo ,HTTP_METHOD: GET ,IP: 127.0.0.1 ,CLASS_METHOD: com.csicit.ace.platform.core.controller.SysConfigController.downloadImg ,请求参数: {"t":["1639466617885"]}
2021-12-14 15:23:37 [INFO] com.csicit.ace.common.log.AceLocalLogger :  17909--耗时 : 13
2021-12-14 15:23:37 [INFO] com.csicit.ace.common.log.AceLocalLogger :  17918--耗时 : 5
2021-12-14 15:23:38 [INFO] com.csicit.ace.common.log.AceLocalLogger :  18896--请求地址: http://192.168.20.136:2100/login ,HTTP_METHOD: POST ,IP: 127.0.0.1 ,CLASS_METHOD: com.csicit.ace.platform.core.controller.LoginController.login ,参数: zzjtestflow
2021-12-14 15:23:38 [WARN] com.baomidou.mybatisplus.core.toolkit.sql.SqlHelper : Warn: execute Method There are  340 results.
2021-12-14 15:23:39 [WARN] com.baomidou.mybatisplus.core.toolkit.sql.SqlHelper : Warn: execute Method There are  2 results.
2021-12-14 15:23:39 [INFO] com.csicit.ace.common.log.AceLocalLogger :  18896--耗时 : 699
2021-12-14 15:23:39 [INFO] com.csicit.ace.common.log.AceLocalLogger : REQUEST_URL:/dv-testapp-platform/, REQUEST_METHOD:GET, REQUEST_IP:127.0.0.1
2021-12-14 15:23:39 [INFO] com.csicit.ace.common.log.AceLocalLogger : -----token:2ucy_1-1CIKoDcOa_Ioji4i-DQg43ccQ67ZLovEvNSiyLuGNWIZi8z3oUpYhXetMnY0U6g2NOxpfiNV6kjUcxprStp4dh_salMacpWmYYDRj7xMm71j7-QlL4Xm3x7V1hOoi9kp9iQB2fj_U6dEhKg==
2021-12-14 15:23:39 [INFO] com.csicit.ace.common.log.AceLocalLogger : -----sysUserDO:SysUserDO(staffNo=null, userName=zzjtestflow, realName=zzjtestflow, email=null, phoneNumber=null, userType=3, startFlag=1, secretLevel=4, sortIndex=128190, userPost=null, password=null, passwordUpdateTime=2021-08-17T09:45:02.483, personDocId=null, personDoc=null, bdPersonJobDO=null, baseDocType=null, pinyin=zzjtestflow, pswPolicyId=null, failLoginTimes=0, unlockTime=2021-12-14T13:43:38.985, organizationId=1447ac5ad4cd408ba55e2cb6f2ff6ee3, organizationName=null, departmentId=null, departmentCode=null, departmentName=null, departmentSortPath=null, groupId=0b810652d0e84269addf1f147a9c551d, groupName=null, firstLogin=0, beDeleted=0, organizes=null, groups=null, apps=null, userGroups=null, roleType=null, ipBind=0, ipAddress=192.168.20.136)
2021-12-14 15:23:39 [INFO] com.csicit.ace.common.log.AceLocalLogger : REQUEST_USER: zzjtestflow(zzjtestflow), REQUEST_IP:   127.0.0.1
2021-12-14 15:23:43 [INFO] com.csicit.ace.common.log.AceLocalLogger :  23631--请求地址: http://192.168.20.136:2100/sysMenus/action/tree/dv-testapp-platform ,HTTP_METHOD: GET ,IP: 127.0.0.1 ,CLASS_METHOD: com.csicit.ace.platform.core.controller.SysMenuController.listSideTree ,请求参数: {}
2021-12-14 15:23:44 [INFO] com.csicit.ace.common.log.AceLocalLogger :  23631--耗时 : 871
2021-12-14 15:23:44 [INFO] com.csicit.ace.common.log.AceLocalLogger : REQUEST_URL:/dv-testapp-platform/bpm/listTaskMineByParams, REQUEST_METHOD:GET, REQUEST_IP:127.0.0.1
2021-12-14 15:23:44 [INFO] com.csicit.ace.common.log.AceLocalLogger : -----token:2ucy_1-1CIKoDcOa_Ioji4i-DQg43ccQ67ZLovEvNSiyLuGNWIZi8z3oUpYhXetMnY0U6g2NOxpfiNV6kjUcxprStp4dh_salMacpWmYYDRj7xMm71j7-QlL4Xm3x7V1hOoi9kp9iQB2fj_U6dEhKg==
2021-12-14 15:23:44 [INFO] com.csicit.ace.common.log.AceLocalLogger : -----sysUserDO:SysUserDO(staffNo=null, userName=zzjtestflow, realName=zzjtestflow, email=null, phoneNumber=null, userType=3, startFlag=1, secretLevel=4, sortIndex=128190, userPost=null, password=null, passwordUpdateTime=2021-08-17T09:45:02.483, personDocId=null, personDoc=null, bdPersonJobDO=null, baseDocType=null, pinyin=zzjtestflow, pswPolicyId=null, failLoginTimes=0, unlockTime=2021-12-14T13:43:38.985, organizationId=1447ac5ad4cd408ba55e2cb6f2ff6ee3, organizationName=null, departmentId=null, departmentCode=null, departmentName=null, departmentSortPath=null, groupId=0b810652d0e84269addf1f147a9c551d, groupName=null, firstLogin=0, beDeleted=0, organizes=null, groups=null, apps=null, userGroups=null, roleType=null, ipBind=0, ipAddress=192.168.20.136)
2021-12-14 15:23:44 [INFO] com.csicit.ace.common.log.AceLocalLogger : REQUEST_USER: zzjtestflow(zzjtestflow), REQUEST_IP:   127.0.0.1
2021-12-14 15:23:44 [INFO] com.csicit.ace.common.log.AceLocalLogger :  24835--请求地址: http://192.168.20.136:2100/sysUsers/action/info ,HTTP_METHOD: GET ,IP: 127.0.0.1 ,CLASS_METHOD: com.csicit.ace.platform.core.controller.SysUserController.info ,请求参数: {}
2021-12-14 15:23:44 [INFO] com.csicit.ace.common.log.AceLocalLogger : socketLog_建立连接：5d7facc6-8dc0-4d44-9702-47a3db616be8
2021-12-14 15:23:44 [INFO] com.csicit.ace.common.log.AceLocalLogger : socketLog_建立连接用户：f5d6d37948d3414e938343cb5ac96f21
2021-12-14 15:23:44 [INFO] com.csicit.ace.common.log.AceLocalLogger :  24835--耗时 : 24
2021-12-14 15:23:44 [INFO] com.csicit.ace.common.log.AceLocalLogger : REQUEST_URL:/dv-testapp-platform/bpm/listTaskDelegate, REQUEST_METHOD:GET, REQUEST_IP:127.0.0.1
2021-12-14 15:23:44 [INFO] com.csicit.ace.common.log.AceLocalLogger : REQUEST_URL:/dv-testapp-platform/bpm/listTaskMineByParams, REQUEST_METHOD:GET, REQUEST_IP:127.0.0.1
2021-12-14 15:23:44 [INFO] com.csicit.ace.common.log.AceLocalLogger : -----token:2ucy_1-1CIKoDcOa_Ioji4i-DQg43ccQ67ZLovEvNSiyLuGNWIZi8z3oUpYhXetMnY0U6g2NOxpfiNV6kjUcxprStp4dh_salMacpWmYYDRj7xMm71j7-QlL4Xm3x7V1hOoi9kp9iQB2fj_U6dEhKg==
2021-12-14 15:23:44 [INFO] com.csicit.ace.common.log.AceLocalLogger : -----token:2ucy_1-1CIKoDcOa_Ioji4i-DQg43ccQ67ZLovEvNSiyLuGNWIZi8z3oUpYhXetMnY0U6g2NOxpfiNV6kjUcxprStp4dh_salMacpWmYYDRj7xMm71j7-QlL4Xm3x7V1hOoi9kp9iQB2fj_U6dEhKg==
2021-12-14 15:23:44 [INFO] com.csicit.ace.common.log.AceLocalLogger : -----sysUserDO:SysUserDO(staffNo=null, userName=zzjtestflow, realName=zzjtestflow, email=null, phoneNumber=null, userType=3, startFlag=1, secretLevel=4, sortIndex=128190, userPost=null, password=null, passwordUpdateTime=2021-08-17T09:45:02.483, personDocId=null, personDoc=null, bdPersonJobDO=null, baseDocType=null, pinyin=zzjtestflow, pswPolicyId=null, failLoginTimes=0, unlockTime=2021-12-14T13:43:38.985, organizationId=1447ac5ad4cd408ba55e2cb6f2ff6ee3, organizationName=null, departmentId=null, departmentCode=null, departmentName=null, departmentSortPath=null, groupId=0b810652d0e84269addf1f147a9c551d, groupName=null, firstLogin=0, beDeleted=0, organizes=null, groups=null, apps=null, userGroups=null, roleType=null, ipBind=0, ipAddress=192.168.20.136)
2021-12-14 15:23:44 [INFO] com.csicit.ace.common.log.AceLocalLogger : -----sysUserDO:SysUserDO(staffNo=null, userName=zzjtestflow, realName=zzjtestflow, email=null, phoneNumber=null, userType=3, startFlag=1, secretLevel=4, sortIndex=128190, userPost=null, password=null, passwordUpdateTime=2021-08-17T09:45:02.483, personDocId=null, personDoc=null, bdPersonJobDO=null, baseDocType=null, pinyin=zzjtestflow, pswPolicyId=null, failLoginTimes=0, unlockTime=2021-12-14T13:43:38.985, organizationId=1447ac5ad4cd408ba55e2cb6f2ff6ee3, organizationName=null, departmentId=null, departmentCode=null, departmentName=null, departmentSortPath=null, groupId=0b810652d0e84269addf1f147a9c551d, groupName=null, firstLogin=0, beDeleted=0, organizes=null, groups=null, apps=null, userGroups=null, roleType=null, ipBind=0, ipAddress=192.168.20.136)
2021-12-14 15:23:44 [INFO] com.csicit.ace.common.log.AceLocalLogger : REQUEST_USER: zzjtestflow(zzjtestflow), REQUEST_IP:   127.0.0.1
2021-12-14 15:23:44 [INFO] com.csicit.ace.common.log.AceLocalLogger : REQUEST_USER: zzjtestflow(zzjtestflow), REQUEST_IP:   127.0.0.1
2021-12-14 15:23:44 [INFO] com.csicit.ace.common.log.AceLocalLogger :  24868--请求地址: http://127.0.0.1:2100/ehcache/action/get ,HTTP_METHOD: GET ,IP: 127.0.0.1 ,CLASS_METHOD: com.csicit.ace.zuul.controller.EhcacheHttpController.get ,请求参数: {"key":["platform_internationalization"]}
2021-12-14 15:23:44 [INFO] com.csicit.ace.common.log.AceLocalLogger :  24868--耗时 : 1
2021-12-14 15:23:44 [INFO] com.csicit.ace.common.log.AceLocalLogger :  24878--请求地址: http://127.0.0.1:2100/ehcache/action/get ,HTTP_METHOD: GET ,IP: 127.0.0.1 ,CLASS_METHOD: com.csicit.ace.zuul.controller.EhcacheHttpController.get ,请求参数: {"key":["platform_internationalization"]}
2021-12-14 15:23:44 [INFO] com.csicit.ace.common.log.AceLocalLogger :  24878--耗时 : 0
2021-12-14 15:23:44 [INFO] com.csicit.ace.common.log.AceLocalLogger :  24892--请求地址: http://127.0.0.1:2100/ehcache/action/get ,HTTP_METHOD: GET ,IP: 127.0.0.1 ,CLASS_METHOD: com.csicit.ace.zuul.controller.EhcacheHttpController.get ,请求参数: {"key":["2ucy_1-1CIKoDcOa_Ioji4i-DQg43ccQ67ZLovEvNSiyLuGNWIZi8z3oUpYhXetMnY0U6g2NOxpfiNV6kjUcxprStp4dh_salMacpWmYYDRj7xMm71j7-QlL4Xm3x7V1hOoi9kp9iQB2fj_U6dEhKg==userid"]}
2021-12-14 15:23:44 [INFO] com.csicit.ace.common.log.AceLocalLogger :  24892--耗时 : 0
2021-12-14 15:23:44 [INFO] com.csicit.ace.common.log.AceLocalLogger :  24892--请求地址: http://127.0.0.1:2100/ehcache/action/get ,HTTP_METHOD: GET ,IP: 127.0.0.1 ,CLASS_METHOD: com.csicit.ace.zuul.controller.EhcacheHttpController.get ,请求参数: {"key":["2ucy_1-1CIKoDcOa_Ioji4i-DQg43ccQ67ZLovEvNSiyLuGNWIZi8z3oUpYhXetMnY0U6g2NOxpfiNV6kjUcxprStp4dh_salMacpWmYYDRj7xMm71j7-QlL4Xm3x7V1hOoi9kp9iQB2fj_U6dEhKg==userid"]}
2021-12-14 15:23:44 [INFO] com.csicit.ace.common.log.AceLocalLogger :  24892--耗时 : 0
2021-12-14 15:23:44 [INFO] com.csicit.ace.common.log.AceLocalLogger :  24902--请求地址: http://127.0.0.1:2100/ehcache/action/get ,HTTP_METHOD: GET ,IP: 127.0.0.1 ,CLASS_METHOD: com.csicit.ace.zuul.controller.EhcacheHttpController.get ,请求参数: {"key":["2ucy_1-1CIKoDcOa_Ioji4i-DQg43ccQ67ZLovEvNSiyLuGNWIZi8z3oUpYhXetMnY0U6g2NOxpfiNV6kjUcxprStp4dh_salMacpWmYYDRj7xMm71j7-QlL4Xm3x7V1hOoi9kp9iQB2fj_U6dEhKg==userid"]}
2021-12-14 15:23:44 [INFO] com.csicit.ace.common.log.AceLocalLogger :  24902--耗时 : 0
2021-12-14 15:23:44 [INFO] com.csicit.ace.common.log.AceLocalLogger :  24913--请求地址: http://127.0.0.1:2100/ehcache/action/get ,HTTP_METHOD: GET ,IP: 127.0.0.1 ,CLASS_METHOD: com.csicit.ace.zuul.controller.EhcacheHttpController.get ,请求参数: {"key":["platform_internationalization"]}
2021-12-14 15:23:44 [INFO] com.csicit.ace.common.log.AceLocalLogger :  24913--耗时 : 1
2021-12-14 15:23:45 [INFO] com.csicit.ace.common.log.AceLocalLogger :  25028--请求地址: http://127.0.0.1:2100/orgauth/sysUsers/action/getSomeUsers ,HTTP_METHOD: GET ,IP: 192.168.20.136 ,CLASS_METHOD: com.csicit.ace.orgauth.core.controller.SysUserControllerO.getSomeUsers ,请求参数: {"code":["user"],"ids":["[\"f5d6d37948d3414e938343cb5ac96f21\"]"]}
2021-12-14 15:23:45 [INFO] com.csicit.ace.common.log.AceLocalLogger :  25028--耗时 : 14
2021-12-14 15:23:45 [INFO] com.csicit.ace.common.log.AceLocalLogger :  25089--请求地址: http://127.0.0.1:2100/ehcache/action/get ,HTTP_METHOD: GET ,IP: 127.0.0.1 ,CLASS_METHOD: com.csicit.ace.zuul.controller.EhcacheHttpController.get ,请求参数: {"key":["2ucy_1-1CIKoDcOa_Ioji4i-DQg43ccQ67ZLovEvNSiyLuGNWIZi8z3oUpYhXetMnY0U6g2NOxpfiNV6kjUcxprStp4dh_salMacpWmYYDRj7xMm71j7-QlL4Xm3x7V1hOoi9kp9iQB2fj_U6dEhKg==userid"]}
2021-12-14 15:23:45 [INFO] com.csicit.ace.common.log.AceLocalLogger :  25089--耗时 : 0
2021-12-14 15:23:45 [INFO] com.csicit.ace.common.log.AceLocalLogger : REQUEST_URL:/dv-testapp-platform/bpm/listFocusedWorks, REQUEST_METHOD:GET, REQUEST_IP:127.0.0.1
2021-12-14 15:23:45 [INFO] com.csicit.ace.common.log.AceLocalLogger : -----token:2ucy_1-1CIKoDcOa_Ioji4i-DQg43ccQ67ZLovEvNSiyLuGNWIZi8z3oUpYhXetMnY0U6g2NOxpfiNV6kjUcxprStp4dh_salMacpWmYYDRj7xMm71j7-QlL4Xm3x7V1hOoi9kp9iQB2fj_U6dEhKg==
2021-12-14 15:23:45 [INFO] com.csicit.ace.common.log.AceLocalLogger : -----sysUserDO:SysUserDO(staffNo=null, userName=zzjtestflow, realName=zzjtestflow, email=null, phoneNumber=null, userType=3, startFlag=1, secretLevel=4, sortIndex=128190, userPost=null, password=null, passwordUpdateTime=2021-08-17T09:45:02.483, personDocId=null, personDoc=null, bdPersonJobDO=null, baseDocType=null, pinyin=zzjtestflow, pswPolicyId=null, failLoginTimes=0, unlockTime=2021-12-14T13:43:38.985, organizationId=1447ac5ad4cd408ba55e2cb6f2ff6ee3, organizationName=null, departmentId=null, departmentCode=null, departmentName=null, departmentSortPath=null, groupId=0b810652d0e84269addf1f147a9c551d, groupName=null, firstLogin=0, beDeleted=0, organizes=null, groups=null, apps=null, userGroups=null, roleType=null, ipBind=0, ipAddress=192.168.20.136)
2021-12-14 15:23:45 [INFO] com.csicit.ace.common.log.AceLocalLogger : REQUEST_USER: zzjtestflow(zzjtestflow), REQUEST_IP:   127.0.0.1
2021-12-14 15:23:45 [INFO] com.csicit.ace.common.log.AceLocalLogger :  25154--请求地址: http://127.0.0.1:2100/ehcache/action/get ,HTTP_METHOD: GET ,IP: 127.0.0.1 ,CLASS_METHOD: com.csicit.ace.zuul.controller.EhcacheHttpController.get ,请求参数: {"key":["2ucy_1-1CIKoDcOa_Ioji4i-DQg43ccQ67ZLovEvNSiyLuGNWIZi8z3oUpYhXetMnY0U6g2NOxpfiNV6kjUcxprStp4dh_salMacpWmYYDRj7xMm71j7-QlL4Xm3x7V1hOoi9kp9iQB2fj_U6dEhKg==userid"]}
2021-12-14 15:23:45 [INFO] com.csicit.ace.common.log.AceLocalLogger :  25154--耗时 : 0
2021-12-14 15:23:45 [INFO] com.csicit.ace.common.log.AceLocalLogger :  25161--请求地址: http://192.168.20.136:2100/orgauth/sysMsgs/query/noReadMsg/f5d6d37948d3414e938343cb5ac96f21/dv-testapp-platform ,HTTP_METHOD: GET ,IP: 127.0.0.1 ,CLASS_METHOD: com.csicit.ace.orgauth.core.controller.SysMessageController.listUserNoReadMsg ,请求参数: {"token":["2ucy_1-1CIKoDcOa_Ioji4i-DQg43ccQ67ZLovEvNSiyLuGNWIZi8z3oUpYhXetMnY0U6g2NOxpfiNV6kjUcxprStp4dh_salMacpWmYYDRj7xMm71j7-QlL4Xm3x7V1hOoi9kp9iQB2fj_U6dEhKg=="]}
2021-12-14 15:23:45 [INFO] com.csicit.ace.common.log.AceLocalLogger :  25177--请求地址: http://127.0.0.1:2100/orgauth/sysUsers/action/getSomeUsers ,HTTP_METHOD: GET ,IP: 192.168.20.136 ,CLASS_METHOD: com.csicit.ace.orgauth.core.controller.SysUserControllerO.getSomeUsers ,请求参数: {"code":["user"],"ids":["[\"f5d6d37948d3414e938343cb5ac96f21\"]"]}
2021-12-14 15:23:45 [INFO] com.csicit.ace.common.log.AceLocalLogger :  25177--耗时 : 8
2021-12-14 15:23:45 [INFO] com.csicit.ace.common.log.AceLocalLogger :  25161--耗时 : 26
2021-12-14 15:23:45 [INFO] com.csicit.ace.common.log.AceLocalLogger :  25245--请求地址: http://127.0.0.1:2100/orgauth/sysUsers/action/getSomeUsers ,HTTP_METHOD: GET ,IP: 192.168.20.136 ,CLASS_METHOD: com.csicit.ace.orgauth.core.controller.SysUserControllerO.getSomeUsers ,请求参数: {"code":["user"],"ids":["[\"f5d6d37948d3414e938343cb5ac96f21\",\"46d0b4c6d26e462a9928f463f3378757\"]"]}
2021-12-14 15:23:45 [INFO] com.csicit.ace.common.log.AceLocalLogger :  25245--耗时 : 15
2021-12-14 15:23:45 [INFO] com.csicit.ace.common.log.AceLocalLogger :  25268--请求地址: http://127.0.0.1:2100/ehcache/action/get ,HTTP_METHOD: GET ,IP: 127.0.0.1 ,CLASS_METHOD: com.csicit.ace.zuul.controller.EhcacheHttpController.get ,请求参数: {"key":["2ucy_1-1CIKoDcOa_Ioji4i-DQg43ccQ67ZLovEvNSiyLuGNWIZi8z3oUpYhXetMnY0U6g2NOxpfiNV6kjUcxprStp4dh_salMacpWmYYDRj7xMm71j7-QlL4Xm3x7V1hOoi9kp9iQB2fj_U6dEhKg==userid"]}
2021-12-14 15:23:45 [INFO] com.csicit.ace.common.log.AceLocalLogger :  25268--耗时 : 0
2021-12-14 15:23:45 [INFO] com.csicit.ace.common.log.AceLocalLogger :  25543--请求地址: http://127.0.0.1:2100/ehcache/action/get ,HTTP_METHOD: GET ,IP: 127.0.0.1 ,CLASS_METHOD: com.csicit.ace.zuul.controller.EhcacheHttpController.get ,请求参数: {"key":["platform_internationalization"]}
2021-12-14 15:23:45 [INFO] com.csicit.ace.common.log.AceLocalLogger :  25543--耗时 : 1
2021-12-14 15:23:47 [INFO] com.csicit.ace.common.log.AceLocalLogger : REQUEST_URL:/dv-testapp-platform/borrowBooks/list/paramJson, REQUEST_METHOD:POST, REQUEST_IP:127.0.0.1
2021-12-14 15:23:47 [INFO] com.csicit.ace.common.log.AceLocalLogger : -----token:2ucy_1-1CIKoDcOa_Ioji4i-DQg43ccQ67ZLovEvNSiyLuGNWIZi8z3oUpYhXetMnY0U6g2NOxpfiNV6kjUcxprStp4dh_salMacpWmYYDRj7xMm71j7-QlL4Xm3x7V1hOoi9kp9iQB2fj_U6dEhKg==
2021-12-14 15:23:47 [INFO] com.csicit.ace.common.log.AceLocalLogger : -----sysUserDO:SysUserDO(staffNo=null, userName=zzjtestflow, realName=zzjtestflow, email=null, phoneNumber=null, userType=3, startFlag=1, secretLevel=4, sortIndex=128190, userPost=null, password=null, passwordUpdateTime=2021-08-17T09:45:02.483, personDocId=null, personDoc=null, bdPersonJobDO=null, baseDocType=null, pinyin=zzjtestflow, pswPolicyId=null, failLoginTimes=0, unlockTime=2021-12-14T13:43:38.985, organizationId=1447ac5ad4cd408ba55e2cb6f2ff6ee3, organizationName=null, departmentId=null, departmentCode=null, departmentName=null, departmentSortPath=null, groupId=0b810652d0e84269addf1f147a9c551d, groupName=null, firstLogin=0, beDeleted=0, organizes=null, groups=null, apps=null, userGroups=null, roleType=null, ipBind=0, ipAddress=192.168.20.136)
2021-12-14 15:23:47 [INFO] com.csicit.ace.common.log.AceLocalLogger : REQUEST_USER: zzjtestflow(zzjtestflow), REQUEST_IP:   127.0.0.1
2021-12-14 15:23:48 [INFO] com.csicit.ace.common.log.AceLocalLogger :  28020--请求地址: http://127.0.0.1:2100/ehcache/action/get ,HTTP_METHOD: GET ,IP: 127.0.0.1 ,CLASS_METHOD: com.csicit.ace.zuul.controller.EhcacheHttpController.get ,请求参数: {"key":["platform_internationalization"]}
2021-12-14 15:23:48 [INFO] com.csicit.ace.common.log.AceLocalLogger :  28020--耗时 : 0
2021-12-14 15:23:48 [INFO] com.csicit.ace.common.log.AceLocalLogger :  28023--请求地址: http://127.0.0.1:2100/ehcache/action/get ,HTTP_METHOD: GET ,IP: 127.0.0.1 ,CLASS_METHOD: com.csicit.ace.zuul.controller.EhcacheHttpController.get ,请求参数: {"key":["platform_internationalization"]}
2021-12-14 15:23:48 [INFO] com.csicit.ace.common.log.AceLocalLogger :  28023--耗时 : 0
2021-12-14 15:23:48 [INFO] com.csicit.ace.common.log.AceLocalLogger : REQUEST_URL:/dv-testapp-platform/bpm/getFlowModelByCode, REQUEST_METHOD:GET, REQUEST_IP:127.0.0.1
2021-12-14 15:23:48 [INFO] com.csicit.ace.common.log.AceLocalLogger : -----token:2ucy_1-1CIKoDcOa_Ioji4i-DQg43ccQ67ZLovEvNSiyLuGNWIZi8z3oUpYhXetMnY0U6g2NOxpfiNV6kjUcxprStp4dh_salMacpWmYYDRj7xMm71j7-QlL4Xm3x7V1hOoi9kp9iQB2fj_U6dEhKg==
2021-12-14 15:23:48 [INFO] com.csicit.ace.common.log.AceLocalLogger : -----sysUserDO:SysUserDO(staffNo=null, userName=zzjtestflow, realName=zzjtestflow, email=null, phoneNumber=null, userType=3, startFlag=1, secretLevel=4, sortIndex=128190, userPost=null, password=null, passwordUpdateTime=2021-08-17T09:45:02.483, personDocId=null, personDoc=null, bdPersonJobDO=null, baseDocType=null, pinyin=zzjtestflow, pswPolicyId=null, failLoginTimes=0, unlockTime=2021-12-14T13:43:38.985, organizationId=1447ac5ad4cd408ba55e2cb6f2ff6ee3, organizationName=null, departmentId=null, departmentCode=null, departmentName=null, departmentSortPath=null, groupId=0b810652d0e84269addf1f147a9c551d, groupName=null, firstLogin=0, beDeleted=0, organizes=null, groups=null, apps=null, userGroups=null, roleType=null, ipBind=0, ipAddress=192.168.20.136)
2021-12-14 15:23:48 [INFO] com.csicit.ace.common.log.AceLocalLogger : REQUEST_USER: zzjtestflow(zzjtestflow), REQUEST_IP:   127.0.0.1
2021-12-14 15:23:48 [INFO] com.csicit.ace.common.log.AceLocalLogger :  28941--请求地址: http://127.0.0.1:2100/ehcache/action/get ,HTTP_METHOD: GET ,IP: 127.0.0.1 ,CLASS_METHOD: com.csicit.ace.zuul.controller.EhcacheHttpController.get ,请求参数: {"key":["platform_internationalization"]}
2021-12-14 15:23:48 [INFO] com.csicit.ace.common.log.AceLocalLogger :  28941--耗时 : 0
2021-12-14 15:23:49 [INFO] com.csicit.ace.common.log.AceLocalLogger : REQUEST_URL:/dv-testapp-platform/bpm/getNodeInfo, REQUEST_METHOD:GET, REQUEST_IP:127.0.0.1
2021-12-14 15:23:49 [INFO] com.csicit.ace.common.log.AceLocalLogger : -----token:2ucy_1-1CIKoDcOa_Ioji4i-DQg43ccQ67ZLovEvNSiyLuGNWIZi8z3oUpYhXetMnY0U6g2NOxpfiNV6kjUcxprStp4dh_salMacpWmYYDRj7xMm71j7-QlL4Xm3x7V1hOoi9kp9iQB2fj_U6dEhKg==
2021-12-14 15:23:49 [INFO] com.csicit.ace.common.log.AceLocalLogger : -----sysUserDO:SysUserDO(staffNo=null, userName=zzjtestflow, realName=zzjtestflow, email=null, phoneNumber=null, userType=3, startFlag=1, secretLevel=4, sortIndex=128190, userPost=null, password=null, passwordUpdateTime=2021-08-17T09:45:02.483, personDocId=null, personDoc=null, bdPersonJobDO=null, baseDocType=null, pinyin=zzjtestflow, pswPolicyId=null, failLoginTimes=0, unlockTime=2021-12-14T13:43:38.985, organizationId=1447ac5ad4cd408ba55e2cb6f2ff6ee3, organizationName=null, departmentId=null, departmentCode=null, departmentName=null, departmentSortPath=null, groupId=0b810652d0e84269addf1f147a9c551d, groupName=null, firstLogin=0, beDeleted=0, organizes=null, groups=null, apps=null, userGroups=null, roleType=null, ipBind=0, ipAddress=192.168.20.136)
2021-12-14 15:23:49 [INFO] com.csicit.ace.common.log.AceLocalLogger : REQUEST_USER: zzjtestflow(zzjtestflow), REQUEST_IP:   127.0.0.1
2021-12-14 15:23:49 [INFO] com.csicit.ace.common.log.AceLocalLogger :  29310--请求地址: http://127.0.0.1:2100/ehcache/action/get ,HTTP_METHOD: GET ,IP: 127.0.0.1 ,CLASS_METHOD: com.csicit.ace.zuul.controller.EhcacheHttpController.get ,请求参数: {"key":["2ucy_1-1CIKoDcOa_Ioji4i-DQg43ccQ67ZLovEvNSiyLuGNWIZi8z3oUpYhXetMnY0U6g2NOxpfiNV6kjUcxprStp4dh_salMacpWmYYDRj7xMm71j7-QlL4Xm3x7V1hOoi9kp9iQB2fj_U6dEhKg=="]}
2021-12-14 15:23:49 [INFO] com.csicit.ace.common.log.AceLocalLogger :  29310--耗时 : 0
2021-12-14 15:23:49 [INFO] com.csicit.ace.common.log.AceLocalLogger :  29319--请求地址: http://127.0.0.1:2100/orgauth/sysAuths/action/hasAuthorityWithUserId/f5d6d37948d3414e938343cb5ac96f21/852af9da68384365b5a0253cf2fbfd69 ,HTTP_METHOD: GET ,IP: 192.168.20.136 ,CLASS_METHOD: com.csicit.ace.orgauth.core.controller.SysAuthControllerO.hasAuthorityWithUserId ,请求参数: {}
2021-12-14 15:23:49 [INFO] com.csicit.ace.common.log.AceLocalLogger :  29319--耗时 : 8
2021-12-14 15:23:49 [INFO] com.csicit.ace.common.log.AceLocalLogger :  29332--请求地址: http://127.0.0.1:2100/ehcache/action/get ,HTTP_METHOD: GET ,IP: 127.0.0.1 ,CLASS_METHOD: com.csicit.ace.zuul.controller.EhcacheHttpController.get ,请求参数: {"key":["platform_internationalization"]}
2021-12-14 15:23:49 [INFO] com.csicit.ace.common.log.AceLocalLogger :  29332--耗时 : 0
2021-12-14 15:23:49 [INFO] com.csicit.ace.common.log.AceLocalLogger : REQUEST_URL:/dv-testapp-platform/bpm/wfdUserPage/borrowBookApplication, REQUEST_METHOD:GET, REQUEST_IP:127.0.0.1
2021-12-14 15:23:49 [INFO] com.csicit.ace.common.log.AceLocalLogger : -----token:2ucy_1-1CIKoDcOa_Ioji4i-DQg43ccQ67ZLovEvNSiyLuGNWIZi8z3oUpYhXetMnY0U6g2NOxpfiNV6kjUcxprStp4dh_salMacpWmYYDRj7xMm71j7-QlL4Xm3x7V1hOoi9kp9iQB2fj_U6dEhKg==
2021-12-14 15:23:49 [INFO] com.csicit.ace.common.log.AceLocalLogger : -----sysUserDO:SysUserDO(staffNo=null, userName=zzjtestflow, realName=zzjtestflow, email=null, phoneNumber=null, userType=3, startFlag=1, secretLevel=4, sortIndex=128190, userPost=null, password=null, passwordUpdateTime=2021-08-17T09:45:02.483, personDocId=null, personDoc=null, bdPersonJobDO=null, baseDocType=null, pinyin=zzjtestflow, pswPolicyId=null, failLoginTimes=0, unlockTime=2021-12-14T13:43:38.985, organizationId=1447ac5ad4cd408ba55e2cb6f2ff6ee3, organizationName=null, departmentId=null, departmentCode=null, departmentName=null, departmentSortPath=null, groupId=0b810652d0e84269addf1f147a9c551d, groupName=null, firstLogin=0, beDeleted=0, organizes=null, groups=null, apps=null, userGroups=null, roleType=null, ipBind=0, ipAddress=192.168.20.136)
2021-12-14 15:23:49 [INFO] com.csicit.ace.common.log.AceLocalLogger : REQUEST_USER: zzjtestflow(zzjtestflow), REQUEST_IP:   127.0.0.1
2021-12-14 15:23:49 [INFO] com.csicit.ace.common.log.AceLocalLogger :  29557--请求地址: http://127.0.0.1:2100/ehcache/action/get ,HTTP_METHOD: GET ,IP: 127.0.0.1 ,CLASS_METHOD: com.csicit.ace.zuul.controller.EhcacheHttpController.get ,请求参数: {"key":["2ucy_1-1CIKoDcOa_Ioji4i-DQg43ccQ67ZLovEvNSiyLuGNWIZi8z3oUpYhXetMnY0U6g2NOxpfiNV6kjUcxprStp4dh_salMacpWmYYDRj7xMm71j7-QlL4Xm3x7V1hOoi9kp9iQB2fj_U6dEhKg==userid"]}
2021-12-14 15:23:49 [INFO] com.csicit.ace.common.log.AceLocalLogger :  29557--耗时 : 1
2021-12-14 15:23:49 [INFO] com.csicit.ace.common.log.AceLocalLogger :  29567--请求地址: http://127.0.0.1:2100/ehcache/action/get ,HTTP_METHOD: GET ,IP: 127.0.0.1 ,CLASS_METHOD: com.csicit.ace.zuul.controller.EhcacheHttpController.get ,请求参数: {"key":["platform_internationalization"]}
2021-12-14 15:23:49 [INFO] com.csicit.ace.common.log.AceLocalLogger :  29567--耗时 : 0
2021-12-14 15:23:49 [INFO] com.csicit.ace.common.log.AceLocalLogger : REQUEST_URL:/dv-testapp-platform/interfaces/getManageDepName/f5d6d37948d3414e938343cb5ac96f21, REQUEST_METHOD:GET, REQUEST_IP:127.0.0.1
2021-12-14 15:23:49 [INFO] com.csicit.ace.common.log.AceLocalLogger : -----token:2ucy_1-1CIKoDcOa_Ioji4i-DQg43ccQ67ZLovEvNSiyLuGNWIZi8z3oUpYhXetMnY0U6g2NOxpfiNV6kjUcxprStp4dh_salMacpWmYYDRj7xMm71j7-QlL4Xm3x7V1hOoi9kp9iQB2fj_U6dEhKg==
2021-12-14 15:23:49 [INFO] com.csicit.ace.common.log.AceLocalLogger : -----sysUserDO:SysUserDO(staffNo=null, userName=zzjtestflow, realName=zzjtestflow, email=null, phoneNumber=null, userType=3, startFlag=1, secretLevel=4, sortIndex=128190, userPost=null, password=null, passwordUpdateTime=2021-08-17T09:45:02.483, personDocId=null, personDoc=null, bdPersonJobDO=null, baseDocType=null, pinyin=zzjtestflow, pswPolicyId=null, failLoginTimes=0, unlockTime=2021-12-14T13:43:38.985, organizationId=1447ac5ad4cd408ba55e2cb6f2ff6ee3, organizationName=null, departmentId=null, departmentCode=null, departmentName=null, departmentSortPath=null, groupId=0b810652d0e84269addf1f147a9c551d, groupName=null, firstLogin=0, beDeleted=0, organizes=null, groups=null, apps=null, userGroups=null, roleType=null, ipBind=0, ipAddress=192.168.20.136)
2021-12-14 15:23:49 [INFO] com.csicit.ace.common.log.AceLocalLogger : REQUEST_USER: zzjtestflow(zzjtestflow), REQUEST_IP:   127.0.0.1
2021-12-14 15:23:49 [INFO] com.csicit.ace.common.log.AceLocalLogger :  29819--请求地址: http://192.168.20.136:2100/fileConfiguration/load ,HTTP_METHOD: POST ,IP: 127.0.0.1 ,CLASS_METHOD: com.csicit.ace.fileserver.core.controller.FileConfigurationController.load ,请求参数: {"appName":["dv-testapp-platform"],"token":["2ucy_1-1CIKoDcOa_Ioji4i-DQg43ccQ67ZLovEvNSiyLuGNWIZi8z3oUpYhXetMnY0U6g2NOxpfiNV6kjUcxprStp4dh_salMacpWmYYDRj7xMm71j7-QlL4Xm3x7V1hOoi9kp9iQB2fj_U6dEhKg=="]}
2021-12-14 15:23:49 [INFO] com.csicit.ace.common.log.AceLocalLogger :  29824--请求地址: http://127.0.0.1:2100/orgauth/orgDepartments/action/getMainDeptByUserId/f5d6d37948d3414e938343cb5ac96f21 ,HTTP_METHOD: GET ,IP: 192.168.20.136 ,CLASS_METHOD: com.csicit.ace.orgauth.core.controller.OrgDepartmentControllerO.getMainDeptByUserId ,请求参数: {}
2021-12-14 15:23:49 [INFO] com.csicit.ace.common.log.AceLocalLogger :  29824--耗时 : 6
2021-12-14 15:23:49 [INFO] com.csicit.ace.common.log.AceLocalLogger :  29838--请求地址: http://127.0.0.1:2100/ehcache/action/get ,HTTP_METHOD: GET ,IP: 127.0.0.1 ,CLASS_METHOD: com.csicit.ace.zuul.controller.EhcacheHttpController.get ,请求参数: {"key":["platform_internationalization"]}
2021-12-14 15:23:49 [INFO] com.csicit.ace.common.log.AceLocalLogger :  29838--耗时 : 1
2021-12-14 15:23:50 [INFO] com.csicit.ace.common.log.AceLocalLogger :  29819--耗时 : 190
2021-12-14 15:23:54 [INFO] com.csicit.ace.common.log.AceLocalLogger :  34516--请求地址: http://192.168.20.136:2100/fileRepository/allocateSpace ,HTTP_METHOD: POST ,IP: 127.0.0.1 ,CLASS_METHOD: com.csicit.ace.fileserver.core.controller.FileRepositoryController.allocateSpace ,请求参数: {"appName":["dv-testapp-platform"],"token":["2ucy_1-1CIKoDcOa_Ioji4i-DQg43ccQ67ZLovEvNSiyLuGNWIZi8z3oUpYhXetMnY0U6g2NOxpfiNV6kjUcxprStp4dh_salMacpWmYYDRj7xMm71j7-QlL4Xm3x7V1hOoi9kp9iQB2fj_U6dEhKg=="]}
2021-12-14 15:23:54 [WARN] com.baomidou.mybatisplus.core.toolkit.sql.SqlHelper : Warn: execute Method There are  2 results.
2021-12-14 15:23:54 [INFO] com.csicit.ace.common.log.AceLocalLogger :  34516--耗时 : 202
2021-12-14 15:23:55 [INFO] com.csicit.ace.common.log.AceLocalLogger :  35096--请求地址: http://192.168.20.136:2100/fileUpload/uploadReview ,HTTP_METHOD: POST ,IP: 127.0.0.1 ,CLASS_METHOD: com.csicit.ace.fileserver.core.controller.FileUploadController.uploadReview ,请求参数: {"appName":["dv-testapp-platform","dv-testapp-platform"],"token":["2ucy_1-1CIKoDcOa_Ioji4i-DQg43ccQ67ZLovEvNSiyLuGNWIZi8z3oUpYhXetMnY0U6g2NOxpfiNV6kjUcxprStp4dh_salMacpWmYYDRj7xMm71j7-QlL4Xm3x7V1hOoi9kp9iQB2fj_U6dEhKg=="],"configurationKey":["test-file"],"id":["WU_FILE_0"],"name":["微信图片_20211103105948.png"],"type":["image/png"],"lastModifiedDate":["Wed Nov 03 2021 10:59:51 GMT+0800 (中国标准时间)"],"size":["1277254"],"yfId":["c5e78c2386084c4abf48dea4ee06f83b"]}
2021-12-14 15:23:55 [WARN] com.baomidou.mybatisplus.core.toolkit.sql.SqlHelper : Warn: execute Method There are  2 results.
2021-12-14 15:23:55 [INFO] org.slf4j.Logger : file upload: 微信图片_20211103105948.png
2021-12-14 15:23:55 [INFO] com.csicit.ace.common.log.AceLocalLogger :  35096--耗时 : 224
2021-12-14 15:23:57 [INFO] com.csicit.ace.common.log.AceLocalLogger :  37343--请求地址: http://192.168.20.136:2100/fileUpload/reviewFile ,HTTP_METHOD: POST ,IP: 127.0.0.1 ,CLASS_METHOD: com.csicit.ace.fileserver.core.controller.FileUploadController.reviewFile ,请求参数: {"uploadFormId":["5d516df4-5b47-4203-8a3a-b80ffcf8a419"]}
2021-12-14 15:23:57 [INFO] com.csicit.ace.common.log.AceLocalLogger :  37343--耗时 : 35
2021-12-14 15:23:57 [INFO] com.csicit.ace.common.log.AceLocalLogger : REQUEST_URL:/dv-testapp-platform/bpm/createReviewFile, REQUEST_METHOD:POST, REQUEST_IP:127.0.0.1
2021-12-14 15:23:57 [INFO] com.csicit.ace.common.log.AceLocalLogger : -----token:2ucy_1-1CIKoDcOa_Ioji4i-DQg43ccQ67ZLovEvNSiyLuGNWIZi8z3oUpYhXetMnY0U6g2NOxpfiNV6kjUcxprStp4dh_salMacpWmYYDRj7xMm71j7-QlL4Xm3x7V1hOoi9kp9iQB2fj_U6dEhKg==
2021-12-14 15:23:57 [INFO] com.csicit.ace.common.log.AceLocalLogger : -----sysUserDO:SysUserDO(staffNo=null, userName=zzjtestflow, realName=zzjtestflow, email=null, phoneNumber=null, userType=3, startFlag=1, secretLevel=4, sortIndex=128190, userPost=null, password=null, passwordUpdateTime=2021-08-17T09:45:02.483, personDocId=null, personDoc=null, bdPersonJobDO=null, baseDocType=null, pinyin=zzjtestflow, pswPolicyId=null, failLoginTimes=0, unlockTime=2021-12-14T13:43:38.985, organizationId=1447ac5ad4cd408ba55e2cb6f2ff6ee3, organizationName=null, departmentId=null, departmentCode=null, departmentName=null, departmentSortPath=null, groupId=0b810652d0e84269addf1f147a9c551d, groupName=null, firstLogin=0, beDeleted=0, organizes=null, groups=null, apps=null, userGroups=null, roleType=null, ipBind=0, ipAddress=192.168.20.136)
2021-12-14 15:23:57 [INFO] com.csicit.ace.common.log.AceLocalLogger : REQUEST_USER: zzjtestflow(zzjtestflow), REQUEST_IP:   127.0.0.1
2021-12-14 15:23:57 [INFO] com.csicit.ace.common.log.AceLocalLogger :  37747--请求地址: http://127.0.0.1:2100/ehcache/action/get ,HTTP_METHOD: GET ,IP: 127.0.0.1 ,CLASS_METHOD: com.csicit.ace.zuul.controller.EhcacheHttpController.get ,请求参数: {"key":["2ucy_1-1CIKoDcOa_Ioji4i-DQg43ccQ67ZLovEvNSiyLuGNWIZi8z3oUpYhXetMnY0U6g2NOxpfiNV6kjUcxprStp4dh_salMacpWmYYDRj7xMm71j7-QlL4Xm3x7V1hOoi9kp9iQB2fj_U6dEhKg==userid"]}
2021-12-14 15:23:57 [INFO] com.csicit.ace.common.log.AceLocalLogger :  37747--耗时 : 0
2021-12-14 15:23:57 [INFO] com.csicit.ace.common.log.AceLocalLogger :  37750--请求地址: http://127.0.0.1:2100/ehcache/action/get ,HTTP_METHOD: GET ,IP: 127.0.0.1 ,CLASS_METHOD: com.csicit.ace.zuul.controller.EhcacheHttpController.get ,请求参数: {"key":["2ucy_1-1CIKoDcOa_Ioji4i-DQg43ccQ67ZLovEvNSiyLuGNWIZi8z3oUpYhXetMnY0U6g2NOxpfiNV6kjUcxprStp4dh_salMacpWmYYDRj7xMm71j7-QlL4Xm3x7V1hOoi9kp9iQB2fj_U6dEhKg==userid"]}
2021-12-14 15:23:57 [INFO] com.csicit.ace.common.log.AceLocalLogger :  37750--耗时 : 0
2021-12-14 15:23:57 [INFO] com.csicit.ace.common.log.AceLocalLogger :  37784--请求地址: http://127.0.0.1:2100/ehcache/action/get ,HTTP_METHOD: GET ,IP: 127.0.0.1 ,CLASS_METHOD: com.csicit.ace.zuul.controller.EhcacheHttpController.get ,请求参数: {"key":["platform_internationalization"]}
2021-12-14 15:23:57 [INFO] com.csicit.ace.common.log.AceLocalLogger :  37784--耗时 : 0
2021-12-14 15:23:57 [INFO] com.csicit.ace.common.log.AceLocalLogger :  37787--请求地址: http://127.0.0.1:2100/ehcache/action/get ,HTTP_METHOD: GET ,IP: 127.0.0.1 ,CLASS_METHOD: com.csicit.ace.zuul.controller.EhcacheHttpController.get ,请求参数: {"key":["platform_internationalization"]}
2021-12-14 15:23:57 [INFO] com.csicit.ace.common.log.AceLocalLogger :  37787--耗时 : 0
2021-12-14 15:25:00 [INFO] org.quartz.plugins.history.LoggingJobHistoryPlugin : Job 业务平台内部定时任务.大屏消息推送 fired (by trigger 大屏消息推送$业务平台内部定时任务.每5分钟执行一次) at:  15:25:00 12/14/2021
2021-12-14 15:25:00 [INFO] com.csicit.ace.common.log.AceLocalLogger :  00053--请求地址: http://127.0.0.1:2100/bladeVisualMsgs/bladeVisual/msg/push ,HTTP_METHOD: GET ,IP: 127.0.0.1 ,CLASS_METHOD: com.csicit.ace.platform.core.controller.BladeVisualMsgController.bladeVisualMsgPush ,请求参数: {}
2021-12-14 15:25:00 [INFO] com.csicit.ace.common.log.AceLocalLogger :  00053--耗时 : 36
2021-12-14 15:25:00 [INFO] org.quartz.plugins.history.LoggingJobHistoryPlugin : Job 业务平台内部定时任务.大屏消息推送 execution complete at  15:25:00 12/14/2021 and reports: null
2021-12-14 15:27:01 [INFO] org.quartz.plugins.history.LoggingJobHistoryPlugin : Job 测试任务组.711HM fired (by trigger 711HM$测试任务组.每100毫秒发送一次) at:  15:27:01 12/14/2021
2021-12-14 15:27:01 [WARN] com.csicit.ace.quartz.core.job.AgentJob : 任务执行失败，原因为：应用ah-csicpm不在线
2021-12-14 15:27:01 [INFO] org.quartz.plugins.history.LoggingJobHistoryPlugin : Job 测试任务组.711HM execution complete at  15:27:01 12/14/2021 and reports: null
2021-12-14 15:27:42 [INFO] com.csicit.ace.common.log.AceLocalLogger :  62075--请求地址: http://127.0.0.1:2100/ehcache/action/get ,HTTP_METHOD: GET ,IP: 127.0.0.1 ,CLASS_METHOD: com.csicit.ace.zuul.controller.EhcacheHttpController.get ,请求参数: {"key":["platform_sm4_key"]}
2021-12-14 15:27:42 [INFO] com.csicit.ace.common.log.AceLocalLogger :  62075--耗时 : 0
2021-12-14 15:27:42 [INFO] com.csicit.ace.common.log.AceLocalLogger :  62083--请求地址: http://127.0.0.1:2100/ehcache/action/get ,HTTP_METHOD: GET ,IP: 127.0.0.1 ,CLASS_METHOD: com.csicit.ace.zuul.controller.EhcacheHttpController.get ,请求参数: {"key":["platform_sm2_key_pair"]}
2021-12-14 15:27:42 [INFO] com.csicit.ace.common.log.AceLocalLogger :  62083--耗时 : 0
2021-12-14 15:27:42 [INFO] com.csicit.ace.common.log.AceLocalLogger :  62086--请求地址: http://127.0.0.1:2100/ehcache/action/get ,HTTP_METHOD: GET ,IP: 127.0.0.1 ,CLASS_METHOD: com.csicit.ace.zuul.controller.EhcacheHttpController.get ,请求参数: {"key":["platform_sm2_private_key"]}
2021-12-14 15:27:42 [INFO] com.csicit.ace.common.log.AceLocalLogger :  62086--耗时 : 0
2021-12-14 15:27:42 [INFO] com.csicit.ace.common.log.AceLocalLogger :  62089--请求地址: http://127.0.0.1:2100/ehcache/action/get ,HTTP_METHOD: GET ,IP: 127.0.0.1 ,CLASS_METHOD: com.csicit.ace.zuul.controller.EhcacheHttpController.get ,请求参数: {"key":["platform_sm2_public_key"]}
2021-12-14 15:27:42 [INFO] com.csicit.ace.common.log.AceLocalLogger :  62089--耗时 : 0
2021-12-14 15:27:42 [INFO] com.csicit.ace.common.log.AceLocalLogger :  62349--请求地址: http://127.0.0.1:2100/orgauth/initHandler ,HTTP_METHOD: POST ,IP: 127.0.0.1 ,CLASS_METHOD: com.csicit.ace.orgauth.core.controller.InitScanDataHandlerController.saveInitScanData ,请求参数: {}
2021-12-14 15:27:42 [INFO] com.csicit.ace.common.log.AceLocalLogger :  62349--耗时 : 46
2021-12-14 15:27:42 [INFO] com.csicit.ace.common.log.AceLocalLogger :  62406--请求地址: http://127.0.0.1:2100/ehcache/action/hasKey ,HTTP_METHOD: GET ,IP: 127.0.0.1 ,CLASS_METHOD: com.csicit.ace.zuul.controller.EhcacheHttpController.hasKey ,请求参数: {"key":["2ucy_1-1CIKoDcOa_Iojiy6zUhIZyGfQdMv0J1O4v_jVVmuRtuPiUatqD6FdhxBKN11BY4N67G4GAX6GHq4i04A_CYEOY7_UijHyr8QkyKOfTCLGJSFKnJ9KDJdfrQTg"]}
2021-12-14 15:27:42 [INFO] com.csicit.ace.common.log.AceLocalLogger :  62406--耗时 : 0
2021-12-14 15:27:42 [INFO] com.csicit.ace.common.log.AceLocalLogger :  62429--请求地址: http://127.0.0.1:2100/ehcache/action/setExpire ,HTTP_METHOD: POST ,IP: 127.0.0.1 ,CLASS_METHOD: com.csicit.ace.zuul.controller.EhcacheHttpController.set ,请求参数: {"expire":["600000"],"key":["2ucy_1-1CIKoDcOa_Iojiy6zUhIZyGfQdMv0J1O4v_jVVmuRtuPiUatqD6FdhxBKN11BY4N67G4GAX6GHq4i04A_CYEOY7_UijHyr8QkyKOfTCLGJSFKnJ9KDJdfrQTg"]}
2021-12-14 15:27:42 [INFO] com.csicit.ace.common.log.AceLocalLogger :  62429--耗时 : 0
2021-12-14 15:29:16 [INFO] com.csicit.ace.common.log.AceLocalLogger :  56798--请求地址: http://192.168.20.136:2100/fileUpload/reviewFile ,HTTP_METHOD: POST ,IP: 127.0.0.1 ,CLASS_METHOD: com.csicit.ace.fileserver.core.controller.FileUploadController.reviewFile ,请求参数: {"uploadFormId":["5d516df4-5b47-4203-8a3a-b80ffcf8a419"]}
2021-12-14 15:29:16 [INFO] com.csicit.ace.common.log.AceLocalLogger :  56798--耗时 : 27
2021-12-14 15:29:17 [INFO] com.csicit.ace.common.log.AceLocalLogger : REQUEST_URL:/dv-testapp-platform/bpm/createReviewFile, REQUEST_METHOD:POST, REQUEST_IP:127.0.0.1
2021-12-14 15:29:17 [INFO] com.csicit.ace.common.log.AceLocalLogger : -----token:2ucy_1-1CIKoDcOa_Ioji4i-DQg43ccQ67ZLovEvNSiyLuGNWIZi8z3oUpYhXetMnY0U6g2NOxpfiNV6kjUcxprStp4dh_salMacpWmYYDRj7xMm71j7-QlL4Xm3x7V1hOoi9kp9iQB2fj_U6dEhKg==
2021-12-14 15:29:17 [INFO] com.csicit.ace.common.log.AceLocalLogger : -----sysUserDO:SysUserDO(staffNo=null, userName=zzjtestflow, realName=zzjtestflow, email=null, phoneNumber=null, userType=3, startFlag=1, secretLevel=4, sortIndex=128190, userPost=null, password=null, passwordUpdateTime=2021-08-17T09:45:02.483, personDocId=null, personDoc=null, bdPersonJobDO=null, baseDocType=null, pinyin=zzjtestflow, pswPolicyId=null, failLoginTimes=0, unlockTime=2021-12-14T13:43:38.985, organizationId=1447ac5ad4cd408ba55e2cb6f2ff6ee3, organizationName=null, departmentId=null, departmentCode=null, departmentName=null, departmentSortPath=null, groupId=0b810652d0e84269addf1f147a9c551d, groupName=null, firstLogin=0, beDeleted=0, organizes=null, groups=null, apps=null, userGroups=null, roleType=null, ipBind=0, ipAddress=192.168.20.136)
2021-12-14 15:29:17 [INFO] com.csicit.ace.common.log.AceLocalLogger : REQUEST_USER: zzjtestflow(zzjtestflow), REQUEST_IP:   127.0.0.1
2021-12-14 15:29:17 [INFO] com.csicit.ace.common.log.AceLocalLogger :  57174--请求地址: http://127.0.0.1:2100/ehcache/action/get ,HTTP_METHOD: GET ,IP: 127.0.0.1 ,CLASS_METHOD: com.csicit.ace.zuul.controller.EhcacheHttpController.get ,请求参数: {"key":["2ucy_1-1CIKoDcOa_Ioji4i-DQg43ccQ67ZLovEvNSiyLuGNWIZi8z3oUpYhXetMnY0U6g2NOxpfiNV6kjUcxprStp4dh_salMacpWmYYDRj7xMm71j7-QlL4Xm3x7V1hOoi9kp9iQB2fj_U6dEhKg==userid"]}
2021-12-14 15:29:17 [INFO] com.csicit.ace.common.log.AceLocalLogger :  57174--耗时 : 0
2021-12-14 15:29:17 [INFO] com.csicit.ace.common.log.AceLocalLogger :  57177--请求地址: http://127.0.0.1:2100/ehcache/action/get ,HTTP_METHOD: GET ,IP: 127.0.0.1 ,CLASS_METHOD: com.csicit.ace.zuul.controller.EhcacheHttpController.get ,请求参数: {"key":["2ucy_1-1CIKoDcOa_Ioji4i-DQg43ccQ67ZLovEvNSiyLuGNWIZi8z3oUpYhXetMnY0U6g2NOxpfiNV6kjUcxprStp4dh_salMacpWmYYDRj7xMm71j7-QlL4Xm3x7V1hOoi9kp9iQB2fj_U6dEhKg==userid"]}
2021-12-14 15:29:17 [INFO] com.csicit.ace.common.log.AceLocalLogger :  57177--耗时 : 0
2021-12-14 15:29:17 [INFO] com.csicit.ace.common.log.AceLocalLogger :  57212--请求地址: http://127.0.0.1:2100/ehcache/action/get ,HTTP_METHOD: GET ,IP: 127.0.0.1 ,CLASS_METHOD: com.csicit.ace.zuul.controller.EhcacheHttpController.get ,请求参数: {"key":["platform_internationalization"]}
2021-12-14 15:29:17 [INFO] com.csicit.ace.common.log.AceLocalLogger :  57212--耗时 : 0
2021-12-14 15:29:17 [INFO] com.csicit.ace.common.log.AceLocalLogger :  57217--请求地址: http://127.0.0.1:2100/ehcache/action/get ,HTTP_METHOD: GET ,IP: 127.0.0.1 ,CLASS_METHOD: com.csicit.ace.zuul.controller.EhcacheHttpController.get ,请求参数: {"key":["platform_internationalization"]}
2021-12-14 15:29:17 [INFO] com.csicit.ace.common.log.AceLocalLogger :  57217--耗时 : 0
2021-12-14 15:29:20 [INFO] com.csicit.ace.common.log.AceLocalLogger :  60286--请求地址: http://192.168.20.136:2100/fileUpload/reviewFile ,HTTP_METHOD: POST ,IP: 127.0.0.1 ,CLASS_METHOD: com.csicit.ace.fileserver.core.controller.FileUploadController.reviewFile ,请求参数: {"uploadFormId":["5d516df4-5b47-4203-8a3a-b80ffcf8a419"]}
2021-12-14 15:29:20 [INFO] com.csicit.ace.common.log.AceLocalLogger :  60286--耗时 : 22
2021-12-14 15:29:20 [INFO] com.csicit.ace.common.log.AceLocalLogger : REQUEST_URL:/dv-testapp-platform/bpm/createReviewFile, REQUEST_METHOD:POST, REQUEST_IP:127.0.0.1
2021-12-14 15:29:20 [INFO] com.csicit.ace.common.log.AceLocalLogger : -----token:2ucy_1-1CIKoDcOa_Ioji4i-DQg43ccQ67ZLovEvNSiyLuGNWIZi8z3oUpYhXetMnY0U6g2NOxpfiNV6kjUcxprStp4dh_salMacpWmYYDRj7xMm71j7-QlL4Xm3x7V1hOoi9kp9iQB2fj_U6dEhKg==
2021-12-14 15:29:20 [INFO] com.csicit.ace.common.log.AceLocalLogger : -----sysUserDO:SysUserDO(staffNo=null, userName=zzjtestflow, realName=zzjtestflow, email=null, phoneNumber=null, userType=3, startFlag=1, secretLevel=4, sortIndex=128190, userPost=null, password=null, passwordUpdateTime=2021-08-17T09:45:02.483, personDocId=null, personDoc=null, bdPersonJobDO=null, baseDocType=null, pinyin=zzjtestflow, pswPolicyId=null, failLoginTimes=0, unlockTime=2021-12-14T13:43:38.985, organizationId=1447ac5ad4cd408ba55e2cb6f2ff6ee3, organizationName=null, departmentId=null, departmentCode=null, departmentName=null, departmentSortPath=null, groupId=0b810652d0e84269addf1f147a9c551d, groupName=null, firstLogin=0, beDeleted=0, organizes=null, groups=null, apps=null, userGroups=null, roleType=null, ipBind=0, ipAddress=192.168.20.136)
2021-12-14 15:29:20 [INFO] com.csicit.ace.common.log.AceLocalLogger : REQUEST_USER: zzjtestflow(zzjtestflow), REQUEST_IP:   127.0.0.1
2021-12-14 15:29:20 [INFO] com.csicit.ace.common.log.AceLocalLogger :  60627--请求地址: http://127.0.0.1:2100/ehcache/action/get ,HTTP_METHOD: GET ,IP: 127.0.0.1 ,CLASS_METHOD: com.csicit.ace.zuul.controller.EhcacheHttpController.get ,请求参数: {"key":["2ucy_1-1CIKoDcOa_Ioji4i-DQg43ccQ67ZLovEvNSiyLuGNWIZi8z3oUpYhXetMnY0U6g2NOxpfiNV6kjUcxprStp4dh_salMacpWmYYDRj7xMm71j7-QlL4Xm3x7V1hOoi9kp9iQB2fj_U6dEhKg==userid"]}
2021-12-14 15:29:20 [INFO] com.csicit.ace.common.log.AceLocalLogger :  60627--耗时 : 0
2021-12-14 15:29:20 [INFO] com.csicit.ace.common.log.AceLocalLogger :  60629--请求地址: http://127.0.0.1:2100/ehcache/action/get ,HTTP_METHOD: GET ,IP: 127.0.0.1 ,CLASS_METHOD: com.csicit.ace.zuul.controller.EhcacheHttpController.get ,请求参数: {"key":["2ucy_1-1CIKoDcOa_Ioji4i-DQg43ccQ67ZLovEvNSiyLuGNWIZi8z3oUpYhXetMnY0U6g2NOxpfiNV6kjUcxprStp4dh_salMacpWmYYDRj7xMm71j7-QlL4Xm3x7V1hOoi9kp9iQB2fj_U6dEhKg==userid"]}
2021-12-14 15:29:20 [INFO] com.csicit.ace.common.log.AceLocalLogger :  60629--耗时 : 0
2021-12-14 15:29:20 [INFO] com.csicit.ace.common.log.AceLocalLogger :  60637--请求地址: http://127.0.0.1:2100/ehcache/action/get ,HTTP_METHOD: GET ,IP: 127.0.0.1 ,CLASS_METHOD: com.csicit.ace.zuul.controller.EhcacheHttpController.get ,请求参数: {"key":["platform_internationalization"]}
2021-12-14 15:29:20 [INFO] com.csicit.ace.common.log.AceLocalLogger :  60637--耗时 : 0
2021-12-14 15:29:20 [INFO] com.csicit.ace.common.log.AceLocalLogger :  60639--请求地址: http://127.0.0.1:2100/ehcache/action/get ,HTTP_METHOD: GET ,IP: 127.0.0.1 ,CLASS_METHOD: com.csicit.ace.zuul.controller.EhcacheHttpController.get ,请求参数: {"key":["platform_internationalization"]}
2021-12-14 15:29:20 [INFO] com.csicit.ace.common.log.AceLocalLogger :  60639--耗时 : 0
2021-12-14 15:29:43 [INFO] com.csicit.ace.common.log.AceLocalLogger :  83119--请求地址: http://127.0.0.1:2100/ehcache/action/get ,HTTP_METHOD: GET ,IP: 127.0.0.1 ,CLASS_METHOD: com.csicit.ace.zuul.controller.EhcacheHttpController.get ,请求参数: {"key":["platform_sm4_key"]}
2021-12-14 15:29:43 [INFO] com.csicit.ace.common.log.AceLocalLogger :  83119--耗时 : 0
2021-12-14 15:29:43 [INFO] com.csicit.ace.common.log.AceLocalLogger :  83127--请求地址: http://127.0.0.1:2100/ehcache/action/get ,HTTP_METHOD: GET ,IP: 127.0.0.1 ,CLASS_METHOD: com.csicit.ace.zuul.controller.EhcacheHttpController.get ,请求参数: {"key":["platform_sm2_key_pair"]}
2021-12-14 15:29:43 [INFO] com.csicit.ace.common.log.AceLocalLogger :  83127--耗时 : 0
2021-12-14 15:29:43 [INFO] com.csicit.ace.common.log.AceLocalLogger :  83130--请求地址: http://127.0.0.1:2100/ehcache/action/get ,HTTP_METHOD: GET ,IP: 127.0.0.1 ,CLASS_METHOD: com.csicit.ace.zuul.controller.EhcacheHttpController.get ,请求参数: {"key":["platform_sm2_private_key"]}
2021-12-14 15:29:43 [INFO] com.csicit.ace.common.log.AceLocalLogger :  83130--耗时 : 0
2021-12-14 15:29:43 [INFO] com.csicit.ace.common.log.AceLocalLogger :  83132--请求地址: http://127.0.0.1:2100/ehcache/action/get ,HTTP_METHOD: GET ,IP: 127.0.0.1 ,CLASS_METHOD: com.csicit.ace.zuul.controller.EhcacheHttpController.get ,请求参数: {"key":["platform_sm2_public_key"]}
2021-12-14 15:29:43 [INFO] com.csicit.ace.common.log.AceLocalLogger :  83132--耗时 : 1
2021-12-14 15:29:43 [INFO] com.csicit.ace.common.log.AceLocalLogger :  83394--请求地址: http://127.0.0.1:2100/orgauth/initHandler ,HTTP_METHOD: POST ,IP: 127.0.0.1 ,CLASS_METHOD: com.csicit.ace.orgauth.core.controller.InitScanDataHandlerController.saveInitScanData ,请求参数: {}
2021-12-14 15:29:43 [INFO] com.csicit.ace.common.log.AceLocalLogger :  83394--耗时 : 44
2021-12-14 15:29:43 [INFO] com.csicit.ace.common.log.AceLocalLogger :  83446--请求地址: http://127.0.0.1:2100/ehcache/action/hasKey ,HTTP_METHOD: GET ,IP: 127.0.0.1 ,CLASS_METHOD: com.csicit.ace.zuul.controller.EhcacheHttpController.hasKey ,请求参数: {"key":["2ucy_1-1CIKoDcOa_IojiwvMDp_00qgsHdcWOCE50FdUDYpRbIZUHz6PQMYkk6tON11BY4N67G4GAX6GHq4i04A_CYEOY7_UijHyr8QkyKOfTCLGJSFKnJ9KDJdfrQTg"]}
2021-12-14 15:29:43 [INFO] com.csicit.ace.common.log.AceLocalLogger :  83446--耗时 : 0
2021-12-14 15:29:43 [INFO] com.csicit.ace.common.log.AceLocalLogger :  83472--请求地址: http://127.0.0.1:2100/ehcache/action/setExpire ,HTTP_METHOD: POST ,IP: 127.0.0.1 ,CLASS_METHOD: com.csicit.ace.zuul.controller.EhcacheHttpController.set ,请求参数: {"expire":["600000"],"key":["2ucy_1-1CIKoDcOa_IojiwvMDp_00qgsHdcWOCE50FdUDYpRbIZUHz6PQMYkk6tON11BY4N67G4GAX6GHq4i04A_CYEOY7_UijHyr8QkyKOfTCLGJSFKnJ9KDJdfrQTg"]}
2021-12-14 15:29:43 [INFO] com.csicit.ace.common.log.AceLocalLogger :  83472--耗时 : 0
2021-12-14 15:29:50 [INFO] com.csicit.ace.common.log.AceLocalLogger :  90118--请求地址: http://192.168.20.136:2100/fileUpload/reviewFile ,HTTP_METHOD: POST ,IP: 127.0.0.1 ,CLASS_METHOD: com.csicit.ace.fileserver.core.controller.FileUploadController.reviewFile ,请求参数: {"uploadFormId":["5d516df4-5b47-4203-8a3a-b80ffcf8a419"]}
2021-12-14 15:29:50 [INFO] com.csicit.ace.common.log.AceLocalLogger :  90118--耗时 : 23
2021-12-14 15:29:50 [INFO] com.csicit.ace.common.log.AceLocalLogger : REQUEST_URL:/dv-testapp-platform/bpm/createReviewFile, REQUEST_METHOD:POST, REQUEST_IP:127.0.0.1
2021-12-14 15:29:50 [INFO] com.csicit.ace.common.log.AceLocalLogger : -----token:2ucy_1-1CIKoDcOa_Ioji4i-DQg43ccQ67ZLovEvNSiyLuGNWIZi8z3oUpYhXetMnY0U6g2NOxpfiNV6kjUcxprStp4dh_salMacpWmYYDRj7xMm71j7-QlL4Xm3x7V1hOoi9kp9iQB2fj_U6dEhKg==
2021-12-14 15:29:50 [INFO] com.csicit.ace.common.log.AceLocalLogger : -----sysUserDO:SysUserDO(staffNo=null, userName=zzjtestflow, realName=zzjtestflow, email=null, phoneNumber=null, userType=3, startFlag=1, secretLevel=4, sortIndex=128190, userPost=null, password=null, passwordUpdateTime=2021-08-17T09:45:02.483, personDocId=null, personDoc=null, bdPersonJobDO=null, baseDocType=null, pinyin=zzjtestflow, pswPolicyId=null, failLoginTimes=0, unlockTime=2021-12-14T13:43:38.985, organizationId=1447ac5ad4cd408ba55e2cb6f2ff6ee3, organizationName=null, departmentId=null, departmentCode=null, departmentName=null, departmentSortPath=null, groupId=0b810652d0e84269addf1f147a9c551d, groupName=null, firstLogin=0, beDeleted=0, organizes=null, groups=null, apps=null, userGroups=null, roleType=null, ipBind=0, ipAddress=192.168.20.136)
2021-12-14 15:29:50 [INFO] com.csicit.ace.common.log.AceLocalLogger : REQUEST_USER: zzjtestflow(zzjtestflow), REQUEST_IP:   127.0.0.1
2021-12-14 15:29:50 [INFO] com.csicit.ace.common.log.AceLocalLogger :  90723--请求地址: http://127.0.0.1:2100/ehcache/action/get ,HTTP_METHOD: GET ,IP: 127.0.0.1 ,CLASS_METHOD: com.csicit.ace.zuul.controller.EhcacheHttpController.get ,请求参数: {"key":["2ucy_1-1CIKoDcOa_Ioji4i-DQg43ccQ67ZLovEvNSiyLuGNWIZi8z3oUpYhXetMnY0U6g2NOxpfiNV6kjUcxprStp4dh_salMacpWmYYDRj7xMm71j7-QlL4Xm3x7V1hOoi9kp9iQB2fj_U6dEhKg==userid"]}
2021-12-14 15:29:50 [INFO] com.csicit.ace.common.log.AceLocalLogger :  90723--耗时 : 1
2021-12-14 15:29:50 [INFO] com.csicit.ace.common.log.AceLocalLogger :  90727--请求地址: http://127.0.0.1:2100/ehcache/action/get ,HTTP_METHOD: GET ,IP: 127.0.0.1 ,CLASS_METHOD: com.csicit.ace.zuul.controller.EhcacheHttpController.get ,请求参数: {"key":["2ucy_1-1CIKoDcOa_Ioji4i-DQg43ccQ67ZLovEvNSiyLuGNWIZi8z3oUpYhXetMnY0U6g2NOxpfiNV6kjUcxprStp4dh_salMacpWmYYDRj7xMm71j7-QlL4Xm3x7V1hOoi9kp9iQB2fj_U6dEhKg==userid"]}
2021-12-14 15:29:50 [INFO] com.csicit.ace.common.log.AceLocalLogger :  90727--耗时 : 0
2021-12-14 15:29:50 [INFO] com.csicit.ace.common.log.AceLocalLogger :  90738--请求地址: http://127.0.0.1:2100/ehcache/action/get ,HTTP_METHOD: GET ,IP: 127.0.0.1 ,CLASS_METHOD: com.csicit.ace.zuul.controller.EhcacheHttpController.get ,请求参数: {"key":["2ucy_1-1CIKoDcOa_Ioji4i-DQg43ccQ67ZLovEvNSiyLuGNWIZi8z3oUpYhXetMnY0U6g2NOxpfiNV6kjUcxprStp4dh_salMacpWmYYDRj7xMm71j7-QlL4Xm3x7V1hOoi9kp9iQB2fj_U6dEhKg=="]}
2021-12-14 15:29:50 [INFO] com.csicit.ace.common.log.AceLocalLogger :  90738--耗时 : 0
2021-12-14 15:29:50 [INFO] io.seata.core.context.RootContext : bind 192.168.20.136:8091:1612497689047695364
2021-12-14 15:29:50 [INFO] com.csicit.ace.common.log.AceLocalLogger :  90802--请求地址: http://127.0.0.1:2100/orgauth/sysAuths/action/hasAuthorityWithUserId/f5d6d37948d3414e938343cb5ac96f21/de482dd67d034e47821f1cf11b4d2cb7 ,HTTP_METHOD: GET ,IP: 192.168.20.136 ,CLASS_METHOD: com.csicit.ace.orgauth.core.controller.SysAuthControllerO.hasAuthorityWithUserId ,请求参数: {}
2021-12-14 15:29:50 [INFO] io.seata.core.rpc.netty.RmNettyRemotingClient : will register resourceId:jdbc:dm://192.168.19.9:5236:JARIACEPLAT
2021-12-14 15:29:50 [INFO] io.seata.rm.AbstractRMHandler : the rm client received response msg [version=1.5.0-SNAPSHOT,extraData=null,identified=true,resultCode=null,msg=null] from tc server.
2021-12-14 15:29:50 [ERROR] com.csicit.ace.common.log.AceLocalLogger : nested exception is org.apache.ibatis.executor.ExecutorException: Error preparing statement.  Cause: io.seata.common.loader.EnhancedServiceNotFoundException: not found service provider for : io.seata.sqlparser.druid.SQLOperateRecognizerHolder
org.mybatis.spring.MyBatisSystemException: nested exception is org.apache.ibatis.executor.ExecutorException: Error preparing statement.  Cause: io.seata.common.loader.EnhancedServiceNotFoundException: not found service provider for : io.seata.sqlparser.druid.SQLOperateRecognizerHolder
	at org.mybatis.spring.MyBatisExceptionTranslator.translateExceptionIfPossible(MyBatisExceptionTranslator.java:77)
	at org.mybatis.spring.SqlSessionTemplate$SqlSessionInterceptor.invoke(SqlSessionTemplate.java:446)
	at com.sun.proxy.$Proxy150.selectOne(Unknown Source)
	at org.mybatis.spring.SqlSessionTemplate.selectOne(SqlSessionTemplate.java:166)
	at com.baomidou.mybatisplus.core.override.PageMapperMethod.execute(PageMapperMethod.java:101)
	at com.baomidou.mybatisplus.core.override.PageMapperProxy.invoke(PageMapperProxy.java:64)
	at com.sun.proxy.$Proxy166.selectCount(Unknown Source)
	at com.baomidou.mybatisplus.extension.service.impl.ServiceImpl.count(ServiceImpl.java:287)
	at com.baomidou.mybatisplus.extension.service.impl.ServiceImpl$$FastClassBySpringCGLIB$$76535273.invoke(<generated>)
	at org.springframework.cglib.proxy.MethodProxy.invoke(MethodProxy.java:218)
	at org.springframework.aop.framework.CglibAopProxy$DynamicAdvisedInterceptor.intercept(CglibAopProxy.java:684)
	at com.csicit.ace.data.persistent.service.impl.SysAuthMixServiceImpl$$EnhancerBySpringCGLIB$$c63cfd7a.count(<generated>)
	at com.csicit.ace.orgauth.core.service.impl.SysAuthServiceImpl.hasAuthorityWithUserId(SysAuthServiceImpl.java:59)
	at com.csicit.ace.orgauth.core.service.impl.SysAuthServiceImpl$$FastClassBySpringCGLIB$$43336a1f.invoke(<generated>)
	at org.springframework.cglib.proxy.MethodProxy.invoke(MethodProxy.java:218)
	at org.springframework.aop.framework.CglibAopProxy$CglibMethodInvocation.invokeJoinpoint(CglibAopProxy.java:749)
	at org.springframework.aop.framework.ReflectiveMethodInvocation.proceed(ReflectiveMethodInvocation.java:163)
	at org.springframework.transaction.interceptor.TransactionAspectSupport.invokeWithinTransaction(TransactionAspectSupport.java:295)
	at org.springframework.transaction.interceptor.TransactionInterceptor.invoke(TransactionInterceptor.java:98)
	at org.springframework.aop.framework.ReflectiveMethodInvocation.proceed(ReflectiveMethodInvocation.java:186)
	at org.springframework.aop.framework.CglibAopProxy$DynamicAdvisedInterceptor.intercept(CglibAopProxy.java:688)
	at com.csicit.ace.orgauth.core.service.impl.SysAuthServiceImpl$$EnhancerBySpringCGLIB$$cdac4e8e.hasAuthorityWithUserId(<generated>)
	at com.csicit.ace.orgauth.core.controller.SysAuthControllerO.hasAuthorityWithUserId(SysAuthControllerO.java:54)
	at sun.reflect.NativeMethodAccessorImpl.invoke0(Native Method)
	at sun.reflect.NativeMethodAccessorImpl.invoke(NativeMethodAccessorImpl.java:62)
	at sun.reflect.DelegatingMethodAccessorImpl.invoke(DelegatingMethodAccessorImpl.java:43)
	at java.lang.reflect.Method.invoke(Method.java:498)
	at org.springframework.aop.support.AopUtils.invokeJoinpointUsingReflection(AopUtils.java:343)
	at org.springframework.aop.framework.ReflectiveMethodInvocation.invokeJoinpoint(ReflectiveMethodInvocation.java:198)
	at org.springframework.aop.framework.CglibAopProxy$CglibMethodInvocation.invokeJoinpoint(CglibAopProxy.java:752)
	at org.springframework.aop.framework.ReflectiveMethodInvocation.proceed(ReflectiveMethodInvocation.java:163)
	at org.springframework.aop.framework.adapter.MethodBeforeAdviceInterceptor.invoke(MethodBeforeAdviceInterceptor.java:56)
	at org.springframework.aop.framework.ReflectiveMethodInvocation.proceed(ReflectiveMethodInvocation.java:175)
	at org.springframework.aop.aspectj.MethodInvocationProceedingJoinPoint.proceed(MethodInvocationProceedingJoinPoint.java:88)
	at com.csicit.ace.common.aspect.WebLogAspect.doAround(WebLogAspect.java:130)
	at sun.reflect.GeneratedMethodAccessor220.invoke(Unknown Source)
	at sun.reflect.DelegatingMethodAccessorImpl.invoke(DelegatingMethodAccessorImpl.java:43)
	at java.lang.reflect.Method.invoke(Method.java:498)
	at org.springframework.aop.aspectj.AbstractAspectJAdvice.invokeAdviceMethodWithGivenArgs(AbstractAspectJAdvice.java:644)
	at org.springframework.aop.aspectj.AbstractAspectJAdvice.invokeAdviceMethod(AbstractAspectJAdvice.java:633)
	at org.springframework.aop.aspectj.AspectJAroundAdvice.invoke(AspectJAroundAdvice.java:70)
	at org.springframework.aop.framework.ReflectiveMethodInvocation.proceed(ReflectiveMethodInvocation.java:175)
	at org.springframework.aop.framework.adapter.AfterReturningAdviceInterceptor.invoke(AfterReturningAdviceInterceptor.java:55)
	at org.springframework.aop.framework.ReflectiveMethodInvocation.proceed(ReflectiveMethodInvocation.java:175)
	at org.springframework.aop.interceptor.ExposeInvocationInterceptor.invoke(ExposeInvocationInterceptor.java:93)
	at org.springframework.aop.framework.ReflectiveMethodInvocation.proceed(ReflectiveMethodInvocation.java:186)
	at org.springframework.aop.framework.CglibAopProxy$DynamicAdvisedInterceptor.intercept(CglibAopProxy.java:688)
	at com.csicit.ace.orgauth.core.controller.SysAuthControllerO$$EnhancerBySpringCGLIB$$c3266827.hasAuthorityWithUserId(<generated>)
	at sun.reflect.NativeMethodAccessorImpl.invoke0(Native Method)
	at sun.reflect.NativeMethodAccessorImpl.invoke(NativeMethodAccessorImpl.java:62)
	at sun.reflect.DelegatingMethodAccessorImpl.invoke(DelegatingMethodAccessorImpl.java:43)
	at java.lang.reflect.Method.invoke(Method.java:498)
	at org.springframework.web.method.support.InvocableHandlerMethod.doInvoke(InvocableHandlerMethod.java:190)
	at org.springframework.web.method.support.InvocableHandlerMethod.invokeForRequest(InvocableHandlerMethod.java:138)
	at org.springframework.web.servlet.mvc.method.annotation.ServletInvocableHandlerMethod.invokeAndHandle(ServletInvocableHandlerMethod.java:102)
	at org.springframework.web.servlet.mvc.method.annotation.RequestMappingHandlerAdapter.invokeHandlerMethod(RequestMappingHandlerAdapter.java:895)
	at org.springframework.web.servlet.mvc.method.annotation.RequestMappingHandlerAdapter.handleInternal(RequestMappingHandlerAdapter.java:800)
	at org.springframework.web.servlet.mvc.method.AbstractHandlerMethodAdapter.handle(AbstractHandlerMethodAdapter.java:87)
	at org.springframework.web.servlet.DispatcherServlet.doDispatch(DispatcherServlet.java:1038)
	at org.springframework.web.servlet.DispatcherServlet.doService(DispatcherServlet.java:942)
	at org.springframework.web.servlet.FrameworkServlet.processRequest(FrameworkServlet.java:1005)
	at org.springframework.web.servlet.FrameworkServlet.doGet(FrameworkServlet.java:897)
	at javax.servlet.http.HttpServlet.service(HttpServlet.java:634)
	at org.springframework.web.servlet.FrameworkServlet.service(FrameworkServlet.java:882)
	at javax.servlet.http.HttpServlet.service(HttpServlet.java:741)
	at org.apache.catalina.core.ApplicationFilterChain.internalDoFilter(ApplicationFilterChain.java:231)
	at org.apache.catalina.core.ApplicationFilterChain.doFilter(ApplicationFilterChain.java:166)
	at org.apache.tomcat.websocket.server.WsFilter.doFilter(WsFilter.java:53)
	at org.apache.catalina.core.ApplicationFilterChain.internalDoFilter(ApplicationFilterChain.java:193)
	at org.apache.catalina.core.ApplicationFilterChain.doFilter(ApplicationFilterChain.java:166)
	at org.springframework.web.filter.CorsFilter.doFilterInternal(CorsFilter.java:96)
	at org.springframework.web.filter.OncePerRequestFilter.doFilter(OncePerRequestFilter.java:109)
	at org.apache.catalina.core.ApplicationFilterChain.internalDoFilter(ApplicationFilterChain.java:193)
	at org.apache.catalina.core.ApplicationFilterChain.doFilter(ApplicationFilterChain.java:166)
	at org.springframework.boot.actuate.web.trace.servlet.HttpTraceFilter.doFilterInternal(HttpTraceFilter.java:88)
	at org.springframework.web.filter.OncePerRequestFilter.doFilter(OncePerRequestFilter.java:109)
	at org.apache.catalina.core.ApplicationFilterChain.internalDoFilter(ApplicationFilterChain.java:193)
	at org.apache.catalina.core.ApplicationFilterChain.doFilter(ApplicationFilterChain.java:166)
	at org.springframework.web.filter.RequestContextFilter.doFilterInternal(RequestContextFilter.java:99)
	at org.springframework.web.filter.OncePerRequestFilter.doFilter(OncePerRequestFilter.java:109)
	at org.apache.catalina.core.ApplicationFilterChain.internalDoFilter(ApplicationFilterChain.java:193)
	at org.apache.catalina.core.ApplicationFilterChain.doFilter(ApplicationFilterChain.java:166)
	at org.springframework.web.filter.FormContentFilter.doFilterInternal(FormContentFilter.java:92)
	at org.springframework.web.filter.OncePerRequestFilter.doFilter(OncePerRequestFilter.java:109)
	at org.apache.catalina.core.ApplicationFilterChain.internalDoFilter(ApplicationFilterChain.java:193)
	at org.apache.catalina.core.ApplicationFilterChain.doFilter(ApplicationFilterChain.java:166)
	at org.springframework.web.filter.HiddenHttpMethodFilter.doFilterInternal(HiddenHttpMethodFilter.java:93)
	at org.springframework.web.filter.OncePerRequestFilter.doFilter(OncePerRequestFilter.java:109)
	at org.apache.catalina.core.ApplicationFilterChain.internalDoFilter(ApplicationFilterChain.java:193)
	at org.apache.catalina.core.ApplicationFilterChain.doFilter(ApplicationFilterChain.java:166)
	at org.springframework.boot.actuate.metrics.web.servlet.WebMvcMetricsFilter.filterAndRecordMetrics(WebMvcMetricsFilter.java:114)
	at org.springframework.boot.actuate.metrics.web.servlet.WebMvcMetricsFilter.doFilterInternal(WebMvcMetricsFilter.java:104)
	at org.springframework.web.filter.OncePerRequestFilter.doFilter(OncePerRequestFilter.java:109)
	at org.apache.catalina.core.ApplicationFilterChain.internalDoFilter(ApplicationFilterChain.java:193)
	at org.apache.catalina.core.ApplicationFilterChain.doFilter(ApplicationFilterChain.java:166)
	at org.springframework.web.filter.CharacterEncodingFilter.doFilterInternal(CharacterEncodingFilter.java:200)
	at org.springframework.web.filter.OncePerRequestFilter.doFilter(OncePerRequestFilter.java:109)
	at org.apache.catalina.core.ApplicationFilterChain.internalDoFilter(ApplicationFilterChain.java:193)
	at org.apache.catalina.core.ApplicationFilterChain.doFilter(ApplicationFilterChain.java:166)
	at org.apache.catalina.core.StandardWrapperValve.invoke(StandardWrapperValve.java:199)
	at org.apache.catalina.core.StandardContextValve.invoke(StandardContextValve.java:96)
	at org.apache.catalina.authenticator.AuthenticatorBase.invoke(AuthenticatorBase.java:490)
	at org.apache.catalina.core.StandardHostValve.invoke(StandardHostValve.java:139)
	at org.apache.catalina.valves.ErrorReportValve.invoke(ErrorReportValve.java:92)
	at org.apache.catalina.core.StandardEngineValve.invoke(StandardEngineValve.java:74)
	at org.apache.catalina.connector.CoyoteAdapter.service(CoyoteAdapter.java:343)
	at org.apache.coyote.http11.Http11Processor.service(Http11Processor.java:408)
	at org.apache.coyote.AbstractProcessorLight.process(AbstractProcessorLight.java:66)
	at org.apache.coyote.AbstractProtocol$ConnectionHandler.process(AbstractProtocol.java:834)
	at org.apache.tomcat.util.net.NioEndpoint$SocketProcessor.doRun(NioEndpoint.java:1417)
	at org.apache.tomcat.util.net.SocketProcessorBase.run(SocketProcessorBase.java:49)
	at java.util.concurrent.ThreadPoolExecutor.runWorker(ThreadPoolExecutor.java:1149)
	at java.util.concurrent.ThreadPoolExecutor$Worker.run(ThreadPoolExecutor.java:624)
	at org.apache.tomcat.util.threads.TaskThread$WrappingRunnable.run(TaskThread.java:61)
	at java.lang.Thread.run(Thread.java:748)
Caused by: org.apache.ibatis.executor.ExecutorException: Error preparing statement.  Cause: io.seata.common.loader.EnhancedServiceNotFoundException: not found service provider for : io.seata.sqlparser.druid.SQLOperateRecognizerHolder
	at org.apache.ibatis.executor.statement.BaseStatementHandler.prepare(BaseStatementHandler.java:97)
	at org.apache.ibatis.executor.statement.RoutingStatementHandler.prepare(RoutingStatementHandler.java:59)
	at org.apache.ibatis.executor.SimpleExecutor.prepareStatement(SimpleExecutor.java:85)
	at org.apache.ibatis.executor.SimpleExecutor.doQuery(SimpleExecutor.java:62)
	at org.apache.ibatis.executor.BaseExecutor.queryFromDatabase(BaseExecutor.java:326)
	at org.apache.ibatis.executor.BaseExecutor.query(BaseExecutor.java:156)
	at org.apache.ibatis.executor.CachingExecutor.query(CachingExecutor.java:109)
	at org.apache.ibatis.executor.CachingExecutor.query(CachingExecutor.java:83)
	at org.apache.ibatis.session.defaults.DefaultSqlSession.selectList(DefaultSqlSession.java:148)
	at org.apache.ibatis.session.defaults.DefaultSqlSession.selectList(DefaultSqlSession.java:141)
	at org.apache.ibatis.session.defaults.DefaultSqlSession.selectOne(DefaultSqlSession.java:77)
	at sun.reflect.GeneratedMethodAccessor178.invoke(Unknown Source)
	at sun.reflect.DelegatingMethodAccessorImpl.invoke(DelegatingMethodAccessorImpl.java:43)
	at java.lang.reflect.Method.invoke(Method.java:498)
	at org.mybatis.spring.SqlSessionTemplate$SqlSessionInterceptor.invoke(SqlSessionTemplate.java:433)
	... 113 common frames omitted
Caused by: io.seata.common.loader.EnhancedServiceNotFoundException: not found service provider for : io.seata.sqlparser.druid.SQLOperateRecognizerHolder
2021-12-14 15:29:50 [INFO] io.seata.core.context.RootContext : unbind 192.168.20.136:8091:1612497689047695364 
2021-12-14 15:29:50 [INFO] com.csicit.ace.common.log.AceLocalLogger :  90855--请求地址: http://127.0.0.1:2100/ehcache/action/get ,HTTP_METHOD: GET ,IP: 127.0.0.1 ,CLASS_METHOD: com.csicit.ace.zuul.controller.EhcacheHttpController.get ,请求参数: {"key":["platform_internationalization"]}
2021-12-14 15:29:50 [INFO] com.csicit.ace.common.log.AceLocalLogger :  90855--耗时 : 0
2021-12-14 15:29:50 [INFO] com.csicit.ace.common.log.AceLocalLogger :  90860--请求地址: http://127.0.0.1:2100/ehcache/action/get ,HTTP_METHOD: GET ,IP: 127.0.0.1 ,CLASS_METHOD: com.csicit.ace.zuul.controller.EhcacheHttpController.get ,请求参数: {"key":["platform_internationalization"]}
2021-12-14 15:29:50 [INFO] com.csicit.ace.common.log.AceLocalLogger :  90860--耗时 : 0
2021-12-14 15:30:00 [INFO] org.quartz.plugins.history.LoggingJobHistoryPlugin : Job 业务平台内部定时任务.大屏消息推送 fired (by trigger 大屏消息推送$业务平台内部定时任务.每5分钟执行一次) at:  15:30:00 12/14/2021
2021-12-14 15:30:00 [INFO] com.csicit.ace.common.log.AceLocalLogger :  00029--请求地址: http://127.0.0.1:2100/bladeVisualMsgs/bladeVisual/msg/push ,HTTP_METHOD: GET ,IP: 127.0.0.1 ,CLASS_METHOD: com.csicit.ace.platform.core.controller.BladeVisualMsgController.bladeVisualMsgPush ,请求参数: {}
2021-12-14 15:30:00 [INFO] com.csicit.ace.common.log.AceLocalLogger :  00029--耗时 : 23
2021-12-14 15:30:00 [INFO] org.quartz.plugins.history.LoggingJobHistoryPlugin : Job 业务平台内部定时任务.大屏消息推送 execution complete at  15:30:00 12/14/2021 and reports: null
