2021-11-05 15:49:14 [INFO] com.csicit.ace.zuul.ZuulStartApp : The following profiles are active: routes
2021-11-05 15:49:15 [INFO] org.springframework.data.repository.config.RepositoryConfigurationDelegate : Multiple Spring Data modules found, entering strict repository configuration mode!
2021-11-05 15:49:15 [INFO] org.springframework.data.repository.config.RepositoryConfigurationDelegate : Bootstrapping Spring Data repositories in DEFAULT mode.
2021-11-05 15:49:15 [INFO] org.springframework.data.repository.config.RepositoryConfigurationDelegate : Finished Spring Data repository scanning in 11ms. Found 0 repository interfaces.
2021-11-05 15:49:15 [WARN] org.springframework.boot.actuate.endpoint.EndpointId : Endpoint ID 'hystrix.stream' contains invalid characters, please migrate to a valid format.
2021-11-05 15:49:15 [INFO] org.springframework.cloud.context.scope.GenericScope : BeanFactory id=f9402905-4441-303d-8fa6-b889224a5962
2021-11-05 15:49:16 [INFO] org.springframework.context.support.PostProcessorRegistrationDelegate$BeanPostProcessorChecker : Bean 'org.springframework.transaction.annotation.ProxyTransactionManagementConfiguration' of type [org.springframework.transaction.annotation.ProxyTransactionManagementConfiguration$$EnhancerBySpringCGLIB$$7d1f36f9] is not eligible for getting processed by all BeanPostProcessors (for example: not eligible for auto-proxying)
2021-11-05 15:49:16 [INFO] org.springframework.context.support.PostProcessorRegistrationDelegate$BeanPostProcessorChecker : Bean 'socketIoConfig' of type [com.csicit.ace.data.persistent.messenger.config.SocketIoConfig$$EnhancerBySpringCGLIB$$9726c40] is not eligible for getting processed by all BeanPostProcessors (for example: not eligible for auto-proxying)
2021-11-05 15:49:16 [INFO] org.redisson.Version : Redisson 3.11.0
2021-11-05 15:49:17 [INFO] org.redisson.connection.pool.MasterPubSubConnectionPool : 1 connections initialized for 192.168.19.8/192.168.19.8:6379
2021-11-05 15:49:17 [INFO] org.redisson.connection.pool.MasterConnectionPool : 2 connections initialized for 192.168.19.8/192.168.19.8:6379
2021-11-05 15:49:17 [INFO] org.springframework.context.support.PostProcessorRegistrationDelegate$BeanPostProcessorChecker : Bean 'redissonClient' of type [org.redisson.Redisson] is not eligible for getting processed by all BeanPostProcessors (for example: not eligible for auto-proxying)
2021-11-05 15:49:17 [INFO] org.springframework.context.support.PostProcessorRegistrationDelegate$BeanPostProcessorChecker : Bean 'socketIOServer' of type [com.corundumstudio.socketio.SocketIOServer] is not eligible for getting processed by all BeanPostProcessors (for example: not eligible for auto-proxying)
2021-11-05 15:49:17 [INFO] org.springframework.context.support.PostProcessorRegistrationDelegate$BeanPostProcessorChecker : Bean 'org.springframework.cloud.autoconfigure.ConfigurationPropertiesRebinderAutoConfiguration' of type [org.springframework.cloud.autoconfigure.ConfigurationPropertiesRebinderAutoConfiguration$$EnhancerBySpringCGLIB$$993939f6] is not eligible for getting processed by all BeanPostProcessors (for example: not eligible for auto-proxying)
2021-11-05 15:49:17 [INFO] org.springframework.boot.web.embedded.tomcat.TomcatWebServer : Tomcat initialized with port(s): 2100 (http)
2021-11-05 15:49:17 [INFO] org.apache.catalina.core.StandardService : Starting service [Tomcat]
2021-11-05 15:49:17 [INFO] org.apache.catalina.core.StandardEngine : Starting Servlet engine: [Apache Tomcat/9.0.14]
2021-11-05 15:49:17 [INFO] org.apache.jasper.servlet.TldScanner : At least one JAR was scanned for TLDs yet contained no TLDs. Enable debug logging for this logger for a complete list of JARs that were scanned but no TLDs were found in them. Skipping unneeded JARs during scanning can improve startup time and JSP compilation time.
2021-11-05 15:49:17 [INFO] org.apache.catalina.core.ContainerBase.[Tomcat].[localhost].[/] : Initializing Spring embedded WebApplicationContext
2021-11-05 15:49:17 [INFO] org.springframework.web.context.ContextLoader : Root WebApplicationContext: initialization completed in 3683 ms
2021-11-05 15:49:17 [WARN] com.netflix.config.sources.URLConfigurationSource : No URLs will be polled as dynamic configuration sources.
2021-11-05 15:49:17 [INFO] com.netflix.config.sources.URLConfigurationSource : To enable URLs as dynamic configuration sources, define System property archaius.configurationSource.additionalUrls or make config.properties available on classpath.
2021-11-05 15:49:17 [INFO] com.netflix.config.DynamicPropertyFactory : DynamicPropertyFactory is initialized with configuration sources: com.netflix.config.ConcurrentCompositeConfiguration@66682e8f
2021-11-05 15:49:18 [INFO] com.alibaba.druid.spring.boot.autoconfigure.DruidDataSourceAutoConfigure : Init DruidDataSource
2021-11-05 15:49:18 [INFO] com.alibaba.druid.pool.DruidDataSource : {dataSource-1} inited
2021-11-05 15:49:26 [INFO] org.quartz.impl.StdSchedulerFactory : Using default implementation for ThreadExecutor
2021-11-05 15:49:26 [INFO] org.quartz.core.SchedulerSignalerImpl : Initialized Scheduler Signaller of type: class org.quartz.core.SchedulerSignalerImpl
2021-11-05 15:49:26 [INFO] org.quartz.core.QuartzScheduler : Quartz Scheduler v.2.3.1 created.
2021-11-05 15:49:26 [INFO] com.csicit.ace.quartz.core.plugins.AceJobConfigLoaderPlugin : Registering Quartz Job Initialization Plug-in.
2021-11-05 15:49:26 [INFO] org.quartz.core.QuartzScheduler : Scheduler meta-data: Quartz Scheduler (v2.3.1) 'JariScheduler' with instanceId 'DESKTOP-A03RJ151636098566688'
  Scheduler class: 'org.quartz.core.QuartzScheduler' - running locally.
  NOT STARTED.
  Currently in standby mode.
  Number of jobs executed: 0
  Using thread pool 'org.quartz.simpl.SimpleThreadPool' - with 20 threads.
  Using job-store 'org.springframework.scheduling.quartz.LocalDataSourceJobStore' - which supports persistence. and is clustered.

2021-11-05 15:49:26 [INFO] org.quartz.impl.StdSchedulerFactory : Quartz scheduler 'JariScheduler' initialized from an externally provided properties instance.
2021-11-05 15:49:26 [INFO] org.quartz.impl.StdSchedulerFactory : Quartz scheduler version: 2.3.1
2021-11-05 15:49:26 [INFO] org.quartz.core.QuartzScheduler : JobFactory set to: com.csicit.ace.quartz.core.factory.MyJobFactory@3398ed12
2021-11-05 15:49:26 [WARN] com.baomidou.mybatisplus.core.toolkit.TableInfoHelper : Warn: Could not find @TableId in Class: com.csicit.ace.common.pojo.vo.GrantAuthReciveVO.
2021-11-05 15:49:28 [INFO] liquibase.integration.spring.SpringLiquibase : Liquibase did not run because 'shouldRun' property was set to false on liquibase Liquibase Spring bean.
2021-11-05 15:49:28 [WARN] com.netflix.config.sources.URLConfigurationSource : No URLs will be polled as dynamic configuration sources.
2021-11-05 15:49:28 [INFO] com.netflix.config.sources.URLConfigurationSource : To enable URLs as dynamic configuration sources, define System property archaius.configurationSource.additionalUrls or make config.properties available on classpath.
2021-11-05 15:49:28 [INFO] org.springframework.scheduling.concurrent.ThreadPoolTaskExecutor : Initializing ExecutorService 'applicationTaskExecutor'
2021-11-05 15:49:28 [INFO] org.springframework.boot.autoconfigure.web.servlet.WelcomePageHandlerMapping : Adding welcome page template: index
2021-11-05 15:49:29 [WARN] org.springframework.boot.starter.redis.RedisStarterDeprecationWarningAutoConfiguration : spring-boot-starter-redis is deprecated as of Spring Boot 1.4, please migrate to spring-boot-starter-data-redis
2021-11-05 15:49:29 [INFO] org.springframework.cloud.netflix.zuul.ZuulFilterInitializer : Starting filter initializer
2021-11-05 15:49:29 [INFO] org.springframework.boot.actuate.endpoint.web.EndpointLinksResolver : Exposing 2 endpoint(s) beneath base path '/actuator'
2021-11-05 15:49:29 [INFO] org.quartz.xml.XMLSchedulingDataProcessor : Parsing XML from stream with systemId:  
2021-11-05 15:49:29 [INFO] org.quartz.xml.XMLSchedulingDataProcessor : Adding 1 jobs, 0 triggers.
2021-11-05 15:49:29 [INFO] org.quartz.xml.XMLSchedulingDataProcessor : Replacing job: tt.xxx
2021-11-05 15:49:29 [INFO] org.quartz.xml.XMLSchedulingDataProcessor : Parsing XML from stream with systemId:  
2021-11-05 15:49:29 [INFO] org.quartz.xml.XMLSchedulingDataProcessor : Adding 1 jobs, 0 triggers.
2021-11-05 15:49:29 [INFO] org.quartz.xml.XMLSchedulingDataProcessor : Replacing job: tt.xxx
2021-11-05 15:49:29 [INFO] org.quartz.xml.XMLSchedulingDataProcessor : Parsing XML from stream with systemId:  
2021-11-05 15:49:29 [INFO] org.quartz.xml.XMLSchedulingDataProcessor : Adding 1 jobs, 1 triggers.
2021-11-05 15:49:29 [INFO] org.quartz.xml.XMLSchedulingDataProcessor : Replacing job: 测试任务组.711HM
2021-11-05 15:49:29 [INFO] org.quartz.xml.XMLSchedulingDataProcessor : Parsing XML from stream with systemId:  
2021-11-05 15:49:29 [INFO] org.quartz.xml.XMLSchedulingDataProcessor : Adding 1 jobs, 0 triggers.
2021-11-05 15:49:29 [INFO] org.quartz.xml.XMLSchedulingDataProcessor : Replacing job: tt.xxx
2021-11-05 15:49:29 [INFO] org.quartz.xml.XMLSchedulingDataProcessor : Parsing XML from stream with systemId:  
2021-11-05 15:49:29 [INFO] org.quartz.xml.XMLSchedulingDataProcessor : Adding 16 jobs, 0 triggers.
2021-11-05 15:49:29 [INFO] org.quartz.xml.XMLSchedulingDataProcessor : Replacing job: tt.xxx
2021-11-05 15:49:29 [INFO] org.quartz.xml.XMLSchedulingDataProcessor : Replacing job: tt.xxx
2021-11-05 15:49:29 [INFO] org.quartz.xml.XMLSchedulingDataProcessor : Replacing job: tt.xxx
2021-11-05 15:49:29 [INFO] org.quartz.xml.XMLSchedulingDataProcessor : Replacing job: tt.xxx
2021-11-05 15:49:29 [INFO] org.quartz.xml.XMLSchedulingDataProcessor : Replacing job: tt.xxx
2021-11-05 15:49:29 [INFO] org.quartz.xml.XMLSchedulingDataProcessor : Replacing job: tt.xxx
2021-11-05 15:49:30 [INFO] org.quartz.xml.XMLSchedulingDataProcessor : Replacing job: tt.xxx
2021-11-05 15:49:30 [INFO] org.quartz.xml.XMLSchedulingDataProcessor : Replacing job: tt.xxx
2021-11-05 15:49:30 [INFO] org.quartz.xml.XMLSchedulingDataProcessor : Replacing job: tt.xxx
2021-11-05 15:49:30 [INFO] org.quartz.xml.XMLSchedulingDataProcessor : Replacing job: tt.xxx
2021-11-05 15:49:30 [INFO] org.quartz.xml.XMLSchedulingDataProcessor : Replacing job: tt.xxx
2021-11-05 15:49:30 [INFO] org.quartz.xml.XMLSchedulingDataProcessor : Replacing job: tt.xxx
2021-11-05 15:49:30 [INFO] org.quartz.xml.XMLSchedulingDataProcessor : Replacing job: tt.xxx
2021-11-05 15:49:30 [INFO] org.quartz.xml.XMLSchedulingDataProcessor : Replacing job: tt.xxx
2021-11-05 15:49:30 [INFO] org.quartz.xml.XMLSchedulingDataProcessor : Replacing job: tt.xxx
2021-11-05 15:49:30 [INFO] org.quartz.xml.XMLSchedulingDataProcessor : Replacing job: tt.xxx
2021-11-05 15:49:30 [INFO] org.quartz.xml.XMLSchedulingDataProcessor : Parsing XML from stream with systemId:  
2021-11-05 15:49:30 [INFO] org.quartz.xml.XMLSchedulingDataProcessor : Adding 1 jobs, 0 triggers.
2021-11-05 15:49:30 [INFO] org.quartz.xml.XMLSchedulingDataProcessor : Replacing job: tt.xxx
2021-11-05 15:49:30 [INFO] org.quartz.xml.XMLSchedulingDataProcessor : Parsing XML from stream with systemId:  
2021-11-05 15:49:30 [INFO] org.quartz.xml.XMLSchedulingDataProcessor : Adding 1 jobs, 0 triggers.
2021-11-05 15:49:30 [INFO] org.quartz.xml.XMLSchedulingDataProcessor : Replacing job: tt.xxx
2021-11-05 15:49:30 [INFO] org.quartz.xml.XMLSchedulingDataProcessor : Parsing XML from stream with systemId:  
2021-11-05 15:49:30 [INFO] org.quartz.xml.XMLSchedulingDataProcessor : Adding 1 jobs, 0 triggers.
2021-11-05 15:49:30 [INFO] org.quartz.xml.XMLSchedulingDataProcessor : Replacing job: tt.xxx
2021-11-05 15:49:30 [INFO] org.quartz.xml.XMLSchedulingDataProcessor : Parsing XML from stream with systemId:  
2021-11-05 15:49:30 [INFO] org.quartz.xml.XMLSchedulingDataProcessor : Adding 1 jobs, 0 triggers.
2021-11-05 15:49:30 [INFO] org.quartz.xml.XMLSchedulingDataProcessor : Replacing job: tt.xxx
2021-11-05 15:49:30 [INFO] org.quartz.xml.XMLSchedulingDataProcessor : Parsing XML from stream with systemId:  
2021-11-05 15:49:30 [INFO] org.quartz.xml.XMLSchedulingDataProcessor : Adding 1 jobs, 0 triggers.
2021-11-05 15:49:30 [INFO] org.quartz.xml.XMLSchedulingDataProcessor : Replacing job: tt.xxx
2021-11-05 15:49:30 [INFO] org.quartz.xml.XMLSchedulingDataProcessor : Parsing XML from stream with systemId:  
2021-11-05 15:49:30 [INFO] org.quartz.xml.XMLSchedulingDataProcessor : Adding 1 jobs, 0 triggers.
2021-11-05 15:49:30 [INFO] org.quartz.xml.XMLSchedulingDataProcessor : Replacing job: tt.xxx
2021-11-05 15:49:30 [INFO] org.quartz.xml.XMLSchedulingDataProcessor : Parsing XML from stream with systemId:  
2021-11-05 15:49:30 [INFO] org.quartz.xml.XMLSchedulingDataProcessor : Adding 1 jobs, 0 triggers.
2021-11-05 15:49:30 [INFO] org.quartz.xml.XMLSchedulingDataProcessor : Replacing job: tt.xxx
2021-11-05 15:49:30 [INFO] org.quartz.xml.XMLSchedulingDataProcessor : Parsing XML from stream with systemId:  
2021-11-05 15:49:30 [INFO] org.quartz.xml.XMLSchedulingDataProcessor : Adding 1 jobs, 0 triggers.
2021-11-05 15:49:30 [INFO] org.quartz.xml.XMLSchedulingDataProcessor : Replacing job: tt.xxx
2021-11-05 15:49:30 [INFO] org.quartz.xml.XMLSchedulingDataProcessor : Parsing XML from stream with systemId:  
2021-11-05 15:49:30 [INFO] org.quartz.xml.XMLSchedulingDataProcessor : Adding 1 jobs, 0 triggers.
2021-11-05 15:49:30 [INFO] org.quartz.xml.XMLSchedulingDataProcessor : Replacing job: tt.xxx
2021-11-05 15:49:30 [INFO] org.quartz.xml.XMLSchedulingDataProcessor : Parsing XML from stream with systemId:  
2021-11-05 15:49:30 [INFO] org.quartz.xml.XMLSchedulingDataProcessor : Adding 1 jobs, 0 triggers.
2021-11-05 15:49:30 [INFO] org.quartz.xml.XMLSchedulingDataProcessor : Replacing job: tt.xxx
2021-11-05 15:49:30 [INFO] org.quartz.xml.XMLSchedulingDataProcessor : Parsing XML from stream with systemId:  
2021-11-05 15:49:30 [INFO] org.quartz.xml.XMLSchedulingDataProcessor : Adding 1 jobs, 0 triggers.
2021-11-05 15:49:30 [INFO] org.quartz.xml.XMLSchedulingDataProcessor : Replacing job: tt.xxx
2021-11-05 15:49:30 [INFO] org.quartz.xml.XMLSchedulingDataProcessor : Parsing XML from stream with systemId:  
2021-11-05 15:49:30 [INFO] org.quartz.xml.XMLSchedulingDataProcessor : Adding 1 jobs, 0 triggers.
2021-11-05 15:49:30 [INFO] org.quartz.xml.XMLSchedulingDataProcessor : Replacing job: tt.xxx
2021-11-05 15:49:30 [INFO] org.quartz.xml.XMLSchedulingDataProcessor : Parsing XML from stream with systemId:  
2021-11-05 15:49:30 [INFO] org.quartz.xml.XMLSchedulingDataProcessor : Adding 2 jobs, 0 triggers.
2021-11-05 15:49:30 [INFO] org.quartz.xml.XMLSchedulingDataProcessor : Replacing job: urgeTask.催办提醒
2021-11-05 15:49:30 [INFO] org.quartz.xml.XMLSchedulingDataProcessor : Replacing job: 催办提醒任务组.催办提醒
2021-11-05 15:49:30 [INFO] org.quartz.xml.XMLSchedulingDataProcessor : Parsing XML from stream with systemId:  
2021-11-05 15:49:30 [INFO] org.quartz.xml.XMLSchedulingDataProcessor : Adding 1 jobs, 1 triggers.
2021-11-05 15:49:30 [INFO] org.quartz.xml.XMLSchedulingDataProcessor : Replacing job: 业务平台内部定时任务.大屏消息推送
2021-11-05 15:49:30 [INFO] org.quartz.core.QuartzScheduler : Scheduler JariScheduler_$_DESKTOP-A03RJ151636098566688 started.
2021-11-05 15:49:30 [INFO] org.springframework.boot.web.embedded.tomcat.TomcatWebServer : Tomcat started on port(s): 2100 (http) with context path ''
2021-11-05 15:49:30 [INFO] com.csicit.ace.zuul.ZuulStartApp : Started ZuulStartApp in 18.19 seconds (JVM running for 18.793)
2021-11-05 15:49:30 [INFO] org.reflections.Reflections : Reflections took 30 ms to scan 1 urls, producing 17 keys and 25 values 
2021-11-05 15:49:31 [INFO] com.corundumstudio.socketio.SocketIOServer : Session store / pubsub factory used: RedissonStoreFactory (distributed session store, distributed publish/subscribe)
2021-11-05 15:49:31 [INFO] com.csicit.ace.common.log.AceLocalLogger : socketLog_消息服务已启动!
2021-11-05 15:49:31 [INFO] com.corundumstudio.socketio.SocketIOServer : SocketIO server started at port: 5070
2021-11-05 15:49:31 [INFO] com.csicit.ace.common.log.AceLocalLogger : socketLog_创建命名空间:dv-testapp-platform
2021-11-05 15:49:31 [INFO] com.csicit.ace.common.log.AceLocalLogger : socketLog_创建命名空间:aa-test
2021-11-05 15:49:31 [INFO] com.csicit.ace.common.log.AceLocalLogger : socketLog_创建命名空间:ei-service
2021-11-05 15:49:32 [INFO] com.csicit.ace.common.log.AceLocalLogger : socketLog_建立连接：5e0c7356-566b-4407-8e25-ee0f6abf628f
2021-11-05 15:49:32 [INFO] com.csicit.ace.common.log.AceLocalLogger : socketLog_建立连接用户：e54026e94f4646e9b3b4c60be9d1a471
2021-11-05 15:49:34 [INFO] org.apache.catalina.core.ContainerBase.[Tomcat].[localhost].[/] : Initializing Spring DispatcherServlet 'dispatcherServlet'
2021-11-05 15:49:34 [INFO] org.springframework.web.servlet.DispatcherServlet : Initializing Servlet 'dispatcherServlet'
2021-11-05 15:49:34 [INFO] org.springframework.web.servlet.DispatcherServlet : Completed initialization in 17 ms
2021-11-05 15:49:34 [INFO] com.csicit.ace.common.log.AceLocalLogger :  74490--请求地址: http://192.168.20.136:2100/bpmPlatform/getTaskMineOrderByAppId ,HTTP_METHOD: GET ,IP: 192.168.20.136 ,CLASS_METHOD: com.csicit.ace.platform.core.controller.BpmController.get ,请求参数: {}
2021-11-05 15:49:34 [INFO] com.csicit.ace.common.log.AceLocalLogger : REQUEST_URL:/dv-testapp-platform/bpm/listTaskMineByParams, REQUEST_METHOD:GET, REQUEST_IP:127.0.0.1
2021-11-05 15:49:34 [INFO] com.csicit.ace.common.log.AceLocalLogger : REQUEST_USER: flownode1(支点1flownode1), REQUEST_IP:   127.0.0.1
2021-11-05 15:49:34 [INFO] com.csicit.ace.common.log.AceLocalLogger :  74701--请求地址: http://127.0.0.1:2100/orgauth/sysUsers/action/getSomeUsers ,HTTP_METHOD: GET ,IP: 127.0.0.1 ,CLASS_METHOD: com.csicit.ace.orgauth.core.controller.SysUserControllerO.getSomeUsers ,请求参数: {"code":["user"],"ids":["[\"f5d6d37948d3414e938343cb5ac96f21\"]"]}
2021-11-05 15:49:34 [INFO] com.csicit.ace.common.log.AceLocalLogger :  74701--耗时 : 16
2021-11-05 15:49:34 [INFO] com.csicit.ace.common.log.AceLocalLogger : REQUEST_URL:/aa-test/bpm/listTaskMineByParams, REQUEST_METHOD:GET, REQUEST_IP:127.0.0.1
2021-11-05 15:49:34 [INFO] com.csicit.ace.common.log.AceLocalLogger : REQUEST_USER: flownode1(支点1flownode1), REQUEST_IP:   127.0.0.1
2021-11-05 15:49:36 [WARN] org.springframework.cloud.netflix.zuul.filters.post.SendErrorFilter : Error during filtering
com.netflix.zuul.exception.ZuulException: Forwarding error
	at org.springframework.cloud.netflix.zuul.filters.route.SimpleHostRoutingFilter.handleException(SimpleHostRoutingFilter.java:246)
	at org.springframework.cloud.netflix.zuul.filters.route.SimpleHostRoutingFilter.run(SimpleHostRoutingFilter.java:226)
	at com.netflix.zuul.ZuulFilter.runFilter(ZuulFilter.java:117)
	at com.netflix.zuul.FilterProcessor.processZuulFilter(FilterProcessor.java:193)
	at com.netflix.zuul.FilterProcessor.runFilters(FilterProcessor.java:157)
	at com.netflix.zuul.FilterProcessor.route(FilterProcessor.java:118)
	at com.netflix.zuul.ZuulRunner.route(ZuulRunner.java:96)
	at com.netflix.zuul.http.ZuulServlet.route(ZuulServlet.java:116)
	at com.netflix.zuul.http.ZuulServlet.service(ZuulServlet.java:81)
	at org.springframework.web.servlet.mvc.ServletWrappingController.handleRequestInternal(ServletWrappingController.java:165)
	at org.springframework.cloud.netflix.zuul.web.ZuulController.handleRequest(ZuulController.java:44)
	at org.springframework.web.servlet.mvc.SimpleControllerHandlerAdapter.handle(SimpleControllerHandlerAdapter.java:52)
	at org.springframework.web.servlet.DispatcherServlet.doDispatch(DispatcherServlet.java:1038)
	at org.springframework.web.servlet.DispatcherServlet.doService(DispatcherServlet.java:942)
	at org.springframework.web.servlet.FrameworkServlet.processRequest(FrameworkServlet.java:1005)
	at org.springframework.web.servlet.FrameworkServlet.doGet(FrameworkServlet.java:897)
	at javax.servlet.http.HttpServlet.service(HttpServlet.java:634)
	at org.springframework.web.servlet.FrameworkServlet.service(FrameworkServlet.java:882)
	at javax.servlet.http.HttpServlet.service(HttpServlet.java:741)
	at org.apache.catalina.core.ApplicationFilterChain.internalDoFilter(ApplicationFilterChain.java:231)
	at org.apache.catalina.core.ApplicationFilterChain.doFilter(ApplicationFilterChain.java:166)
	at org.apache.tomcat.websocket.server.WsFilter.doFilter(WsFilter.java:53)
	at org.apache.catalina.core.ApplicationFilterChain.internalDoFilter(ApplicationFilterChain.java:193)
	at org.apache.catalina.core.ApplicationFilterChain.doFilter(ApplicationFilterChain.java:166)
	at org.springframework.web.filter.CorsFilter.doFilterInternal(CorsFilter.java:96)
	at org.springframework.web.filter.OncePerRequestFilter.doFilter(OncePerRequestFilter.java:109)
	at org.apache.catalina.core.ApplicationFilterChain.internalDoFilter(ApplicationFilterChain.java:193)
	at org.apache.catalina.core.ApplicationFilterChain.doFilter(ApplicationFilterChain.java:166)
	at org.springframework.boot.actuate.web.trace.servlet.HttpTraceFilter.doFilterInternal(HttpTraceFilter.java:88)
	at org.springframework.web.filter.OncePerRequestFilter.doFilter(OncePerRequestFilter.java:109)
	at org.apache.catalina.core.ApplicationFilterChain.internalDoFilter(ApplicationFilterChain.java:193)
	at org.apache.catalina.core.ApplicationFilterChain.doFilter(ApplicationFilterChain.java:166)
	at org.springframework.web.filter.RequestContextFilter.doFilterInternal(RequestContextFilter.java:99)
	at org.springframework.web.filter.OncePerRequestFilter.doFilter(OncePerRequestFilter.java:109)
	at org.apache.catalina.core.ApplicationFilterChain.internalDoFilter(ApplicationFilterChain.java:193)
	at org.apache.catalina.core.ApplicationFilterChain.doFilter(ApplicationFilterChain.java:166)
	at org.springframework.web.filter.FormContentFilter.doFilterInternal(FormContentFilter.java:92)
	at org.springframework.web.filter.OncePerRequestFilter.doFilter(OncePerRequestFilter.java:109)
	at org.apache.catalina.core.ApplicationFilterChain.internalDoFilter(ApplicationFilterChain.java:193)
	at org.apache.catalina.core.ApplicationFilterChain.doFilter(ApplicationFilterChain.java:166)
	at org.springframework.web.filter.HiddenHttpMethodFilter.doFilterInternal(HiddenHttpMethodFilter.java:93)
	at org.springframework.web.filter.OncePerRequestFilter.doFilter(OncePerRequestFilter.java:109)
	at org.apache.catalina.core.ApplicationFilterChain.internalDoFilter(ApplicationFilterChain.java:193)
	at org.apache.catalina.core.ApplicationFilterChain.doFilter(ApplicationFilterChain.java:166)
	at org.springframework.boot.actuate.metrics.web.servlet.WebMvcMetricsFilter.filterAndRecordMetrics(WebMvcMetricsFilter.java:114)
	at org.springframework.boot.actuate.metrics.web.servlet.WebMvcMetricsFilter.doFilterInternal(WebMvcMetricsFilter.java:104)
	at org.springframework.web.filter.OncePerRequestFilter.doFilter(OncePerRequestFilter.java:109)
	at org.apache.catalina.core.ApplicationFilterChain.internalDoFilter(ApplicationFilterChain.java:193)
	at org.apache.catalina.core.ApplicationFilterChain.doFilter(ApplicationFilterChain.java:166)
	at org.springframework.web.filter.CharacterEncodingFilter.doFilterInternal(CharacterEncodingFilter.java:200)
	at org.springframework.web.filter.OncePerRequestFilter.doFilter(OncePerRequestFilter.java:109)
	at org.apache.catalina.core.ApplicationFilterChain.internalDoFilter(ApplicationFilterChain.java:193)
	at org.apache.catalina.core.ApplicationFilterChain.doFilter(ApplicationFilterChain.java:166)
	at org.apache.catalina.core.StandardWrapperValve.invoke(StandardWrapperValve.java:199)
	at org.apache.catalina.core.StandardContextValve.invoke(StandardContextValve.java:96)
	at org.apache.catalina.authenticator.AuthenticatorBase.invoke(AuthenticatorBase.java:490)
	at org.apache.catalina.core.StandardHostValve.invoke(StandardHostValve.java:139)
	at org.apache.catalina.valves.ErrorReportValve.invoke(ErrorReportValve.java:92)
	at org.apache.catalina.core.StandardEngineValve.invoke(StandardEngineValve.java:74)
	at org.apache.catalina.connector.CoyoteAdapter.service(CoyoteAdapter.java:343)
	at org.apache.coyote.http11.Http11Processor.service(Http11Processor.java:408)
	at org.apache.coyote.AbstractProcessorLight.process(AbstractProcessorLight.java:66)
	at org.apache.coyote.AbstractProtocol$ConnectionHandler.process(AbstractProtocol.java:834)
	at org.apache.tomcat.util.net.NioEndpoint$SocketProcessor.doRun(NioEndpoint.java:1417)
	at org.apache.tomcat.util.net.SocketProcessorBase.run(SocketProcessorBase.java:49)
	at java.util.concurrent.ThreadPoolExecutor.runWorker(ThreadPoolExecutor.java:1149)
	at java.util.concurrent.ThreadPoolExecutor$Worker.run(ThreadPoolExecutor.java:624)
	at org.apache.tomcat.util.threads.TaskThread$WrappingRunnable.run(TaskThread.java:61)
	at java.lang.Thread.run(Thread.java:748)
Caused by: org.apache.http.conn.HttpHostConnectException: Connect to 127.0.0.1:8816 [/127.0.0.1] failed: Connection refused: connect
	at org.apache.http.impl.conn.DefaultHttpClientConnectionOperator.connect(DefaultHttpClientConnectionOperator.java:156)
	at org.apache.http.impl.conn.PoolingHttpClientConnectionManager.connect(PoolingHttpClientConnectionManager.java:374)
	at org.apache.http.impl.execchain.MainClientExec.establishRoute(MainClientExec.java:393)
	at org.apache.http.impl.execchain.MainClientExec.execute(MainClientExec.java:236)
	at org.apache.http.impl.execchain.ProtocolExec.execute(ProtocolExec.java:186)
	at org.apache.http.impl.execchain.RetryExec.execute(RetryExec.java:89)
	at org.apache.http.impl.client.InternalHttpClient.doExecute(InternalHttpClient.java:185)
	at org.apache.http.impl.client.CloseableHttpClient.execute(CloseableHttpClient.java:118)
	at org.springframework.cloud.netflix.zuul.filters.route.SimpleHostRoutingFilter.forwardRequest(SimpleHostRoutingFilter.java:396)
	at org.springframework.cloud.netflix.zuul.filters.route.SimpleHostRoutingFilter.forward(SimpleHostRoutingFilter.java:315)
	at org.springframework.cloud.netflix.zuul.filters.route.SimpleHostRoutingFilter.run(SimpleHostRoutingFilter.java:221)
	... 67 common frames omitted
Caused by: java.net.ConnectException: Connection refused: connect
	at java.net.DualStackPlainSocketImpl.waitForConnect(Native Method)
	at java.net.DualStackPlainSocketImpl.socketConnect(DualStackPlainSocketImpl.java:85)
	at java.net.AbstractPlainSocketImpl.doConnect(AbstractPlainSocketImpl.java:350)
	at java.net.AbstractPlainSocketImpl.connectToAddress(AbstractPlainSocketImpl.java:206)
	at java.net.AbstractPlainSocketImpl.connect(AbstractPlainSocketImpl.java:188)
	at java.net.PlainSocketImpl.connect(PlainSocketImpl.java:172)
	at java.net.SocksSocketImpl.connect(SocksSocketImpl.java:392)
	at java.net.Socket.connect(Socket.java:589)
	at org.apache.http.conn.socket.PlainConnectionSocketFactory.connectSocket(PlainConnectionSocketFactory.java:75)
	at org.apache.http.impl.conn.DefaultHttpClientConnectionOperator.connect(DefaultHttpClientConnectionOperator.java:142)
	... 77 common frames omitted
2021-11-05 15:49:36 [ERROR] com.csicit.ace.common.log.AceLocalLogger : A JSONObject text must begin with '{' at character 0 of 
net.sf.json.JSONException: A JSONObject text must begin with '{' at character 0 of 
	at net.sf.json.util.JSONTokener.syntaxError(JSONTokener.java:499)
	at net.sf.json.JSONObject._fromJSONTokener(JSONObject.java:972)
	at net.sf.json.JSONObject._fromString(JSONObject.java:1201)
	at net.sf.json.JSONObject.fromObject(JSONObject.java:165)
	at net.sf.json.JSONObject.fromObject(JSONObject.java:134)
	at com.csicit.ace.platform.core.controller.BpmController.get(BpmController.java:124)
	at com.csicit.ace.platform.core.controller.BpmController$$FastClassBySpringCGLIB$$5dd0d314.invoke(<generated>)
	at org.springframework.cglib.proxy.MethodProxy.invoke(MethodProxy.java:218)
	at org.springframework.aop.framework.CglibAopProxy$CglibMethodInvocation.invokeJoinpoint(CglibAopProxy.java:749)
	at org.springframework.aop.framework.ReflectiveMethodInvocation.proceed(ReflectiveMethodInvocation.java:163)
	at org.springframework.aop.framework.adapter.MethodBeforeAdviceInterceptor.invoke(MethodBeforeAdviceInterceptor.java:56)
	at org.springframework.aop.framework.ReflectiveMethodInvocation.proceed(ReflectiveMethodInvocation.java:175)
	at org.springframework.aop.aspectj.MethodInvocationProceedingJoinPoint.proceed(MethodInvocationProceedingJoinPoint.java:88)
	at com.csicit.ace.common.aspect.WebLogAspect.doAround(WebLogAspect.java:130)
	at sun.reflect.NativeMethodAccessorImpl.invoke0(Native Method)
	at sun.reflect.NativeMethodAccessorImpl.invoke(NativeMethodAccessorImpl.java:62)
	at sun.reflect.DelegatingMethodAccessorImpl.invoke(DelegatingMethodAccessorImpl.java:43)
	at java.lang.reflect.Method.invoke(Method.java:498)
	at org.springframework.aop.aspectj.AbstractAspectJAdvice.invokeAdviceMethodWithGivenArgs(AbstractAspectJAdvice.java:644)
	at org.springframework.aop.aspectj.AbstractAspectJAdvice.invokeAdviceMethod(AbstractAspectJAdvice.java:633)
	at org.springframework.aop.aspectj.AspectJAroundAdvice.invoke(AspectJAroundAdvice.java:70)
	at org.springframework.aop.framework.ReflectiveMethodInvocation.proceed(ReflectiveMethodInvocation.java:175)
	at org.springframework.aop.framework.adapter.AfterReturningAdviceInterceptor.invoke(AfterReturningAdviceInterceptor.java:55)
	at org.springframework.aop.framework.ReflectiveMethodInvocation.proceed(ReflectiveMethodInvocation.java:175)
	at org.springframework.aop.aspectj.MethodInvocationProceedingJoinPoint.proceed(MethodInvocationProceedingJoinPoint.java:88)
	at com.csicit.ace.common.aspect.ServiceCallAspect.around(ServiceCallAspect.java:91)
	at sun.reflect.NativeMethodAccessorImpl.invoke0(Native Method)
	at sun.reflect.NativeMethodAccessorImpl.invoke(NativeMethodAccessorImpl.java:62)
	at sun.reflect.DelegatingMethodAccessorImpl.invoke(DelegatingMethodAccessorImpl.java:43)
	at java.lang.reflect.Method.invoke(Method.java:498)
	at org.springframework.aop.aspectj.AbstractAspectJAdvice.invokeAdviceMethodWithGivenArgs(AbstractAspectJAdvice.java:644)
	at org.springframework.aop.aspectj.AbstractAspectJAdvice.invokeAdviceMethod(AbstractAspectJAdvice.java:633)
	at org.springframework.aop.aspectj.AspectJAroundAdvice.invoke(AspectJAroundAdvice.java:70)
	at org.springframework.aop.framework.ReflectiveMethodInvocation.proceed(ReflectiveMethodInvocation.java:175)
	at org.springframework.aop.interceptor.ExposeInvocationInterceptor.invoke(ExposeInvocationInterceptor.java:93)
	at org.springframework.aop.framework.ReflectiveMethodInvocation.proceed(ReflectiveMethodInvocation.java:186)
	at org.springframework.aop.framework.CglibAopProxy$DynamicAdvisedInterceptor.intercept(CglibAopProxy.java:688)
	at com.csicit.ace.platform.core.controller.BpmController$$EnhancerBySpringCGLIB$$864b4e2a.get(<generated>)
	at sun.reflect.NativeMethodAccessorImpl.invoke0(Native Method)
	at sun.reflect.NativeMethodAccessorImpl.invoke(NativeMethodAccessorImpl.java:62)
	at sun.reflect.DelegatingMethodAccessorImpl.invoke(DelegatingMethodAccessorImpl.java:43)
	at java.lang.reflect.Method.invoke(Method.java:498)
	at org.springframework.web.method.support.InvocableHandlerMethod.doInvoke(InvocableHandlerMethod.java:190)
	at org.springframework.web.method.support.InvocableHandlerMethod.invokeForRequest(InvocableHandlerMethod.java:138)
	at org.springframework.web.servlet.mvc.method.annotation.ServletInvocableHandlerMethod.invokeAndHandle(ServletInvocableHandlerMethod.java:102)
	at org.springframework.web.servlet.mvc.method.annotation.RequestMappingHandlerAdapter.invokeHandlerMethod(RequestMappingHandlerAdapter.java:895)
	at org.springframework.web.servlet.mvc.method.annotation.RequestMappingHandlerAdapter.handleInternal(RequestMappingHandlerAdapter.java:800)
	at org.springframework.web.servlet.mvc.method.AbstractHandlerMethodAdapter.handle(AbstractHandlerMethodAdapter.java:87)
	at org.springframework.web.servlet.DispatcherServlet.doDispatch(DispatcherServlet.java:1038)
	at org.springframework.web.servlet.DispatcherServlet.doService(DispatcherServlet.java:942)
	at org.springframework.web.servlet.FrameworkServlet.processRequest(FrameworkServlet.java:1005)
	at org.springframework.web.servlet.FrameworkServlet.doGet(FrameworkServlet.java:897)
	at javax.servlet.http.HttpServlet.service(HttpServlet.java:634)
	at org.springframework.web.servlet.FrameworkServlet.service(FrameworkServlet.java:882)
	at javax.servlet.http.HttpServlet.service(HttpServlet.java:741)
	at org.apache.catalina.core.ApplicationFilterChain.internalDoFilter(ApplicationFilterChain.java:231)
	at org.apache.catalina.core.ApplicationFilterChain.doFilter(ApplicationFilterChain.java:166)
	at org.apache.tomcat.websocket.server.WsFilter.doFilter(WsFilter.java:53)
	at org.apache.catalina.core.ApplicationFilterChain.internalDoFilter(ApplicationFilterChain.java:193)
	at org.apache.catalina.core.ApplicationFilterChain.doFilter(ApplicationFilterChain.java:166)
	at org.springframework.web.filter.CorsFilter.doFilterInternal(CorsFilter.java:96)
	at org.springframework.web.filter.OncePerRequestFilter.doFilter(OncePerRequestFilter.java:109)
	at org.apache.catalina.core.ApplicationFilterChain.internalDoFilter(ApplicationFilterChain.java:193)
	at org.apache.catalina.core.ApplicationFilterChain.doFilter(ApplicationFilterChain.java:166)
	at org.springframework.boot.actuate.web.trace.servlet.HttpTraceFilter.doFilterInternal(HttpTraceFilter.java:88)
	at org.springframework.web.filter.OncePerRequestFilter.doFilter(OncePerRequestFilter.java:109)
	at org.apache.catalina.core.ApplicationFilterChain.internalDoFilter(ApplicationFilterChain.java:193)
	at org.apache.catalina.core.ApplicationFilterChain.doFilter(ApplicationFilterChain.java:166)
	at org.springframework.web.filter.RequestContextFilter.doFilterInternal(RequestContextFilter.java:99)
	at org.springframework.web.filter.OncePerRequestFilter.doFilter(OncePerRequestFilter.java:109)
	at org.apache.catalina.core.ApplicationFilterChain.internalDoFilter(ApplicationFilterChain.java:193)
	at org.apache.catalina.core.ApplicationFilterChain.doFilter(ApplicationFilterChain.java:166)
	at org.springframework.web.filter.FormContentFilter.doFilterInternal(FormContentFilter.java:92)
	at org.springframework.web.filter.OncePerRequestFilter.doFilter(OncePerRequestFilter.java:109)
	at org.apache.catalina.core.ApplicationFilterChain.internalDoFilter(ApplicationFilterChain.java:193)
	at org.apache.catalina.core.ApplicationFilterChain.doFilter(ApplicationFilterChain.java:166)
	at org.springframework.web.filter.HiddenHttpMethodFilter.doFilterInternal(HiddenHttpMethodFilter.java:93)
	at org.springframework.web.filter.OncePerRequestFilter.doFilter(OncePerRequestFilter.java:109)
	at org.apache.catalina.core.ApplicationFilterChain.internalDoFilter(ApplicationFilterChain.java:193)
	at org.apache.catalina.core.ApplicationFilterChain.doFilter(ApplicationFilterChain.java:166)
	at org.springframework.boot.actuate.metrics.web.servlet.WebMvcMetricsFilter.filterAndRecordMetrics(WebMvcMetricsFilter.java:114)
	at org.springframework.boot.actuate.metrics.web.servlet.WebMvcMetricsFilter.doFilterInternal(WebMvcMetricsFilter.java:104)
	at org.springframework.web.filter.OncePerRequestFilter.doFilter(OncePerRequestFilter.java:109)
	at org.apache.catalina.core.ApplicationFilterChain.internalDoFilter(ApplicationFilterChain.java:193)
	at org.apache.catalina.core.ApplicationFilterChain.doFilter(ApplicationFilterChain.java:166)
	at org.springframework.web.filter.CharacterEncodingFilter.doFilterInternal(CharacterEncodingFilter.java:200)
	at org.springframework.web.filter.OncePerRequestFilter.doFilter(OncePerRequestFilter.java:109)
	at org.apache.catalina.core.ApplicationFilterChain.internalDoFilter(ApplicationFilterChain.java:193)
	at org.apache.catalina.core.ApplicationFilterChain.doFilter(ApplicationFilterChain.java:166)
	at org.apache.catalina.core.StandardWrapperValve.invoke(StandardWrapperValve.java:199)
	at org.apache.catalina.core.StandardContextValve.invoke(StandardContextValve.java:96)
	at org.apache.catalina.authenticator.AuthenticatorBase.invoke(AuthenticatorBase.java:490)
	at org.apache.catalina.core.StandardHostValve.invoke(StandardHostValve.java:139)
	at org.apache.catalina.valves.ErrorReportValve.invoke(ErrorReportValve.java:92)
	at org.apache.catalina.core.StandardEngineValve.invoke(StandardEngineValve.java:74)
	at org.apache.catalina.connector.CoyoteAdapter.service(CoyoteAdapter.java:343)
	at org.apache.coyote.http11.Http11Processor.service(Http11Processor.java:408)
	at org.apache.coyote.AbstractProcessorLight.process(AbstractProcessorLight.java:66)
	at org.apache.coyote.AbstractProtocol$ConnectionHandler.process(AbstractProtocol.java:834)
	at org.apache.tomcat.util.net.NioEndpoint$SocketProcessor.doRun(NioEndpoint.java:1417)
	at org.apache.tomcat.util.net.SocketProcessorBase.run(SocketProcessorBase.java:49)
	at java.util.concurrent.ThreadPoolExecutor.runWorker(ThreadPoolExecutor.java:1149)
	at java.util.concurrent.ThreadPoolExecutor$Worker.run(ThreadPoolExecutor.java:624)
	at org.apache.tomcat.util.threads.TaskThread$WrappingRunnable.run(TaskThread.java:61)
	at java.lang.Thread.run(Thread.java:748)
2021-11-05 15:50:00 [INFO] org.quartz.plugins.history.LoggingJobHistoryPlugin : Job 业务平台内部定时任务.大屏消息推送 fired (by trigger 大屏消息推送$业务平台内部定时任务.每5分钟执行一次) at:  15:50:00 11/05/2021
2021-11-05 15:50:00 [INFO] com.csicit.ace.common.log.AceLocalLogger :  00061--请求地址: http://127.0.0.1:2100/bladeVisualMsgs/bladeVisual/msg/push ,HTTP_METHOD: GET ,IP: 127.0.0.1 ,CLASS_METHOD: com.csicit.ace.platform.core.controller.BladeVisualMsgController.bladeVisualMsgPush ,请求参数: {}
2021-11-05 15:50:00 [INFO] com.csicit.ace.common.log.AceLocalLogger :  00061--耗时 : 35
2021-11-05 15:50:00 [INFO] org.quartz.plugins.history.LoggingJobHistoryPlugin : Job 业务平台内部定时任务.大屏消息推送 execution complete at  15:50:00 11/05/2021 and reports: null
2021-11-05 15:50:01 [INFO] org.quartz.plugins.history.LoggingJobHistoryPlugin : Job 测试任务组.711HM fired (by trigger 711HM$测试任务组.每100毫秒发送一次) at:  15:50:01 11/05/2021
2021-11-05 15:50:01 [WARN] com.csicit.ace.quartz.core.job.AgentJob : 任务执行失败，原因为：应用ah-csicpm不在线
2021-11-05 15:50:01 [INFO] org.quartz.plugins.history.LoggingJobHistoryPlugin : Job 测试任务组.711HM execution complete at  15:50:01 11/05/2021 and reports: null
2021-11-05 15:50:24 [INFO] com.csicit.ace.common.log.AceLocalLogger :  24465--请求地址: http://192.168.20.136:2100/sysConfigs/action/downloadImg/lgbg ,HTTP_METHOD: GET ,IP: 192.168.19.73 ,CLASS_METHOD: com.csicit.ace.platform.core.controller.SysConfigController.downloadImg ,请求参数: {"t":["1636098624379"]}
2021-11-05 15:50:24 [INFO] com.csicit.ace.common.log.AceLocalLogger :  24493--请求地址: http://192.168.20.136:2100/sysConfigs/action/downloadImg/lglo ,HTTP_METHOD: GET ,IP: 192.168.19.73 ,CLASS_METHOD: com.csicit.ace.platform.core.controller.SysConfigController.downloadImg ,请求参数: {"t":["1636098624379"]}
2021-11-05 15:50:24 [INFO] com.csicit.ace.common.log.AceLocalLogger :  24465--耗时 : 28
2021-11-05 15:50:24 [INFO] com.csicit.ace.common.log.AceLocalLogger :  24493--请求地址: http://192.168.20.136:2100/init ,HTTP_METHOD: GET ,IP: 192.168.19.73 ,CLASS_METHOD: com.csicit.ace.platform.core.controller.InitController.getDefaultArgs ,请求参数: {}
2021-11-05 15:50:24 [INFO] com.csicit.ace.common.log.AceLocalLogger :  24493--耗时 : 3
2021-11-05 15:50:24 [INFO] com.csicit.ace.common.log.AceLocalLogger :  24493--耗时 : 4
2021-11-05 15:50:24 [INFO] com.csicit.ace.common.log.AceLocalLogger :  24897--请求地址: http://192.168.20.136:2100/sysConfigs/action/downloadImg/lgbg ,HTTP_METHOD: GET ,IP: 192.168.19.73 ,CLASS_METHOD: com.csicit.ace.platform.core.controller.SysConfigController.downloadImg ,请求参数: {"t":["1636098624816"]}
2021-11-05 15:50:24 [INFO] com.csicit.ace.common.log.AceLocalLogger :  24897--耗时 : 18
2021-11-05 15:50:24 [INFO] com.csicit.ace.common.log.AceLocalLogger :  24920--请求地址: http://192.168.20.136:2100/init ,HTTP_METHOD: GET ,IP: 192.168.19.73 ,CLASS_METHOD: com.csicit.ace.platform.core.controller.InitController.getDefaultArgs ,请求参数: {}
2021-11-05 15:50:24 [INFO] com.csicit.ace.common.log.AceLocalLogger :  24921--请求地址: http://192.168.20.136:2100/sysConfigs/action/downloadImg/lglo ,HTTP_METHOD: GET ,IP: 192.168.19.73 ,CLASS_METHOD: com.csicit.ace.platform.core.controller.SysConfigController.downloadImg ,请求参数: {"t":["1636098624816"]}
2021-11-05 15:50:24 [INFO] com.csicit.ace.common.log.AceLocalLogger :  24920--耗时 : 3
2021-11-05 15:50:24 [INFO] com.csicit.ace.common.log.AceLocalLogger :  24921--耗时 : 2
2021-11-05 15:50:47 [INFO] com.csicit.ace.common.log.AceLocalLogger :  47943--请求地址: http://192.168.20.136:2100/login ,HTTP_METHOD: POST ,IP: 192.168.19.73 ,CLASS_METHOD: com.csicit.ace.platform.core.controller.LoginController.login ,参数: hu11
2021-11-05 15:50:47 [WARN] com.baomidou.mybatisplus.core.toolkit.sql.SqlHelper : Warn: execute Method There are  480 results.
2021-11-05 15:50:48 [WARN] com.baomidou.mybatisplus.core.toolkit.sql.SqlHelper : Warn: execute Method There are  2 results.
2021-11-05 15:50:48 [INFO] com.csicit.ace.common.log.AceLocalLogger :  47943--耗时 : 528
2021-11-05 15:50:55 [INFO] com.csicit.ace.common.log.AceLocalLogger :  55243--请求地址: http://192.168.20.136:2100/sysMenus/action/tree/dv-testapp-platform ,HTTP_METHOD: GET ,IP: 192.168.19.73 ,CLASS_METHOD: com.csicit.ace.platform.core.controller.SysMenuController.listSideTree ,请求参数: {}
2021-11-05 15:50:56 [INFO] com.csicit.ace.common.log.AceLocalLogger :  55243--耗时 : 821
2021-11-05 15:50:56 [INFO] com.csicit.ace.common.log.AceLocalLogger : REQUEST_URL:/dv-testapp-platform/bpm/listTaskMineByParams, REQUEST_METHOD:GET, REQUEST_IP:192.168.19.73
2021-11-05 15:50:56 [INFO] com.csicit.ace.common.log.AceLocalLogger : REQUEST_URL:/dv-testapp-platform/bpm/listTaskMineByParams, REQUEST_METHOD:GET, REQUEST_IP:192.168.19.73
2021-11-05 15:50:56 [INFO] com.csicit.ace.common.log.AceLocalLogger : REQUEST_URL:/dv-testapp-platform/bpm/listTaskDelegate, REQUEST_METHOD:GET, REQUEST_IP:192.168.19.73
2021-11-05 15:50:56 [INFO] com.csicit.ace.common.log.AceLocalLogger : REQUEST_URL:/dv-testapp-platform/bpm/listFocusedWorks, REQUEST_METHOD:GET, REQUEST_IP:192.168.19.73
2021-11-05 15:50:56 [INFO] com.csicit.ace.common.log.AceLocalLogger : REQUEST_USER: hu11(胡11), REQUEST_IP:   192.168.19.73
2021-11-05 15:50:56 [INFO] com.csicit.ace.common.log.AceLocalLogger : REQUEST_USER: hu11(胡11), REQUEST_IP:   192.168.19.73
2021-11-05 15:50:56 [INFO] com.csicit.ace.common.log.AceLocalLogger : REQUEST_USER: hu11(胡11), REQUEST_IP:   192.168.19.73
2021-11-05 15:50:56 [INFO] com.csicit.ace.common.log.AceLocalLogger : REQUEST_USER: hu11(胡11), REQUEST_IP:   192.168.19.73
2021-11-05 15:50:56 [INFO] com.csicit.ace.common.log.AceLocalLogger :  56394--请求地址: http://192.168.20.136:2100/sysUsers/action/info ,HTTP_METHOD: GET ,IP: 192.168.19.73 ,CLASS_METHOD: com.csicit.ace.platform.core.controller.SysUserController.info ,请求参数: {}
2021-11-05 15:50:56 [INFO] com.csicit.ace.common.log.AceLocalLogger :  56412--请求地址: http://127.0.0.1:2100/orgauth/sysUsers/action/getSomeUsers ,HTTP_METHOD: GET ,IP: 192.168.19.73 ,CLASS_METHOD: com.csicit.ace.orgauth.core.controller.SysUserControllerO.getSomeUsers ,请求参数: {"code":["user"],"ids":["[\"46d0b4c6d26e462a9928f463f3378757\"]"]}
2021-11-05 15:50:56 [INFO] com.csicit.ace.common.log.AceLocalLogger :  56412--耗时 : 16
2021-11-05 15:50:56 [INFO] com.csicit.ace.common.log.AceLocalLogger :  56394--耗时 : 49
2021-11-05 15:50:56 [INFO] com.csicit.ace.common.log.AceLocalLogger :  56468--请求地址: http://192.168.20.136:2100/orgauth/sysMsgs/query/noReadMsg/46d0b4c6d26e462a9928f463f3378757/dv-testapp-platform ,HTTP_METHOD: GET ,IP: 192.168.19.73 ,CLASS_METHOD: com.csicit.ace.orgauth.core.controller.SysMessageController.listUserNoReadMsg ,请求参数: {"token":["2ucy_1-1CIKoDcOa_Iojizq6MkcHlUYZBgIfQfpZOhQJy1tijTJ4RtZtTzzP_b6FZyDQ1Pbe-iblfQaaaBS3kuA9Sv6z_zJJkrvaNUeWNxO_CjOYVP2Z2NFwmbWI8GoLCIBMlHVal_IYrrdIxS8xuw=="]}
2021-11-05 15:50:56 [INFO] com.csicit.ace.common.log.AceLocalLogger :  56468--耗时 : 17
2021-11-05 15:50:56 [INFO] com.csicit.ace.common.log.AceLocalLogger :  56511--请求地址: http://127.0.0.1:2100/orgauth/sysUsers/action/getSomeUsers ,HTTP_METHOD: GET ,IP: 192.168.19.73 ,CLASS_METHOD: com.csicit.ace.orgauth.core.controller.SysUserControllerO.getSomeUsers ,请求参数: {"code":["user"],"ids":["[\"46d0b4c6d26e462a9928f463f3378757\",\"f5d6d37948d3414e938343cb5ac96f21\"]"]}
2021-11-05 15:50:56 [INFO] com.csicit.ace.common.log.AceLocalLogger :  56511--耗时 : 11
2021-11-05 15:50:56 [INFO] com.csicit.ace.common.log.AceLocalLogger :  56533--请求地址: http://127.0.0.1:2100/orgauth/sysUsers/action/getSomeUsers ,HTTP_METHOD: GET ,IP: 192.168.19.73 ,CLASS_METHOD: com.csicit.ace.orgauth.core.controller.SysUserControllerO.getSomeUsers ,请求参数: {"code":["user"],"ids":["[\"46d0b4c6d26e462a9928f463f3378757\",\"f5d6d37948d3414e938343cb5ac96f21\"]"]}
2021-11-05 15:50:56 [INFO] com.csicit.ace.common.log.AceLocalLogger :  56533--耗时 : 9
2021-11-05 15:50:58 [INFO] com.csicit.ace.common.log.AceLocalLogger : REQUEST_URL:/dv-testapp-platform/bpm/getFlowModelByTaskId, REQUEST_METHOD:GET, REQUEST_IP:192.168.19.73
2021-11-05 15:50:58 [INFO] com.csicit.ace.common.log.AceLocalLogger : REQUEST_URL:/dv-testapp-platform/bpm/updateFocusWorkReadTime, REQUEST_METHOD:GET, REQUEST_IP:192.168.19.73
2021-11-05 15:50:58 [INFO] com.csicit.ace.common.log.AceLocalLogger : REQUEST_USER: hu11(胡11), REQUEST_IP:   192.168.19.73
2021-11-05 15:50:58 [INFO] com.csicit.ace.common.log.AceLocalLogger : REQUEST_USER: hu11(胡11), REQUEST_IP:   192.168.19.73
2021-11-05 15:50:58 [INFO] com.csicit.ace.common.log.AceLocalLogger : REQUEST_URL:/dv-testapp-platform/bpm/getNodeInfoByTaskId/e48c0f15-8058-40b7-be4a-8d537e8648e8, REQUEST_METHOD:GET, REQUEST_IP:192.168.19.73
2021-11-05 15:50:58 [INFO] com.csicit.ace.common.log.AceLocalLogger : REQUEST_USER: hu11(胡11), REQUEST_IP:   192.168.19.73
2021-11-05 15:50:58 [INFO] com.csicit.ace.common.log.AceLocalLogger :  58459--请求地址: http://192.168.20.136:2100/fileConfiguration/load ,HTTP_METHOD: POST ,IP: 192.168.19.73 ,CLASS_METHOD: com.csicit.ace.fileserver.core.controller.FileConfigurationController.load ,请求参数: {"appName":["dv-testapp-platform"],"token":["2ucy_1-1CIKoDcOa_Iojizq6MkcHlUYZBgIfQfpZOhQJy1tijTJ4RtZtTzzP_b6FZyDQ1Pbe-iblfQaaaBS3kuA9Sv6z_zJJkrvaNUeWNxO_CjOYVP2Z2NFwmbWI8GoLCIBMlHVal_IYrrdIxS8xuw=="]}
2021-11-05 15:50:58 [INFO] com.csicit.ace.common.log.AceLocalLogger :  58459--耗时 : 143
2021-11-05 15:50:58 [INFO] com.csicit.ace.common.log.AceLocalLogger : REQUEST_URL:/dv-testapp-platform/bpm/isFocusWork, REQUEST_METHOD:GET, REQUEST_IP:192.168.19.73
2021-11-05 15:50:58 [INFO] com.csicit.ace.common.log.AceLocalLogger : REQUEST_URL:/dv-testapp-platform/borrowBooks/7c7b9514-3117-4fab-8f7b-ca85c6a438fa, REQUEST_METHOD:GET, REQUEST_IP:192.168.19.73
2021-11-05 15:50:58 [INFO] com.csicit.ace.common.log.AceLocalLogger : REQUEST_URL:/dv-testapp-platform/bpm/wfdUserPage/fid-24dc11f6-5494-4761-8297-7c3b76ef88e6, REQUEST_METHOD:GET, REQUEST_IP:192.168.19.73
2021-11-05 15:50:58 [INFO] com.csicit.ace.common.log.AceLocalLogger : REQUEST_URL:/dv-testapp-platform/wfiComment/listByTaskId, REQUEST_METHOD:GET, REQUEST_IP:192.168.19.73
2021-11-05 15:50:58 [INFO] com.csicit.ace.common.log.AceLocalLogger : REQUEST_URL:/dv-testapp-platform/bpm/getHandingProcessByTaskId/e48c0f15-8058-40b7-be4a-8d537e8648e8, REQUEST_METHOD:GET, REQUEST_IP:192.168.19.73
2021-11-05 15:50:58 [INFO] com.csicit.ace.common.log.AceLocalLogger : REQUEST_USER: hu11(胡11), REQUEST_IP:   192.168.19.73
2021-11-05 15:50:58 [INFO] com.csicit.ace.common.log.AceLocalLogger : REQUEST_USER: hu11(胡11), REQUEST_IP:   192.168.19.73
2021-11-05 15:50:58 [INFO] com.csicit.ace.common.log.AceLocalLogger : REQUEST_USER: hu11(胡11), REQUEST_IP:   192.168.19.73
2021-11-05 15:50:58 [INFO] com.csicit.ace.common.log.AceLocalLogger : REQUEST_USER: hu11(胡11), REQUEST_IP:   192.168.19.73
2021-11-05 15:50:58 [INFO] com.csicit.ace.common.log.AceLocalLogger : REQUEST_USER: hu11(胡11), REQUEST_IP:   192.168.19.73
2021-11-05 15:50:58 [INFO] com.csicit.ace.common.log.AceLocalLogger :  58694--请求地址: http://127.0.0.1:2100/orgauth/sysUsers/action/getSomeUsers ,HTTP_METHOD: GET ,IP: 192.168.19.73 ,CLASS_METHOD: com.csicit.ace.orgauth.core.controller.SysUserControllerO.getSomeUsers ,请求参数: {"code":["user"],"ids":["[\"f5d6d37948d3414e938343cb5ac96f21\"]"]}
2021-11-05 15:50:58 [INFO] com.csicit.ace.common.log.AceLocalLogger :  58694--耗时 : 6
2021-11-05 15:51:01 [INFO] org.quartz.plugins.history.LoggingJobHistoryPlugin : Job 测试任务组.711HM fired (by trigger 711HM$测试任务组.每100毫秒发送一次) at:  15:51:01 11/05/2021
2021-11-05 15:51:01 [WARN] com.csicit.ace.quartz.core.job.AgentJob : 任务执行失败，原因为：应用ah-csicpm不在线
2021-11-05 15:51:01 [INFO] org.quartz.plugins.history.LoggingJobHistoryPlugin : Job 测试任务组.711HM execution complete at  15:51:01 11/05/2021 and reports: null
2021-11-05 15:51:11 [INFO] com.csicit.ace.common.log.AceLocalLogger :  71598--请求地址: http://192.168.20.136:2100/sysMenus/action/tree/dv-testapp-platform ,HTTP_METHOD: GET ,IP: 192.168.19.73 ,CLASS_METHOD: com.csicit.ace.platform.core.controller.SysMenuController.listSideTree ,请求参数: {}
2021-11-05 15:51:12 [INFO] com.csicit.ace.common.log.AceLocalLogger :  71598--耗时 : 813
2021-11-05 15:51:12 [INFO] com.csicit.ace.common.log.AceLocalLogger : REQUEST_URL:/dv-testapp-platform/bpm/listTaskMineByParams, REQUEST_METHOD:GET, REQUEST_IP:192.168.19.73
2021-11-05 15:51:12 [INFO] com.csicit.ace.common.log.AceLocalLogger : REQUEST_URL:/dv-testapp-platform/bpm/listTaskMineByParams, REQUEST_METHOD:GET, REQUEST_IP:192.168.19.73
2021-11-05 15:51:12 [INFO] com.csicit.ace.common.log.AceLocalLogger : REQUEST_URL:/dv-testapp-platform/bpm/listTaskDelegate, REQUEST_METHOD:GET, REQUEST_IP:192.168.19.73
2021-11-05 15:51:12 [INFO] com.csicit.ace.common.log.AceLocalLogger : REQUEST_URL:/dv-testapp-platform/bpm/listFocusedWorks, REQUEST_METHOD:GET, REQUEST_IP:192.168.19.73
2021-11-05 15:51:12 [INFO] com.csicit.ace.common.log.AceLocalLogger : REQUEST_USER: hu11(胡11), REQUEST_IP:   192.168.19.73
2021-11-05 15:51:12 [INFO] com.csicit.ace.common.log.AceLocalLogger : REQUEST_USER: hu11(胡11), REQUEST_IP:   192.168.19.73
2021-11-05 15:51:12 [INFO] com.csicit.ace.common.log.AceLocalLogger : REQUEST_USER: hu11(胡11), REQUEST_IP:   192.168.19.73
2021-11-05 15:51:12 [INFO] com.csicit.ace.common.log.AceLocalLogger : REQUEST_USER: hu11(胡11), REQUEST_IP:   192.168.19.73
2021-11-05 15:51:12 [INFO] com.csicit.ace.common.log.AceLocalLogger :  72722--请求地址: http://192.168.20.136:2100/sysUsers/action/info ,HTTP_METHOD: GET ,IP: 192.168.19.73 ,CLASS_METHOD: com.csicit.ace.platform.core.controller.SysUserController.info ,请求参数: {}
2021-11-05 15:51:12 [INFO] com.csicit.ace.common.log.AceLocalLogger :  72734--请求地址: http://127.0.0.1:2100/orgauth/sysUsers/action/getSomeUsers ,HTTP_METHOD: GET ,IP: 192.168.19.73 ,CLASS_METHOD: com.csicit.ace.orgauth.core.controller.SysUserControllerO.getSomeUsers ,请求参数: {"code":["user"],"ids":["[\"46d0b4c6d26e462a9928f463f3378757\"]"]}
2021-11-05 15:51:12 [INFO] com.csicit.ace.common.log.AceLocalLogger :  72734--耗时 : 10
2021-11-05 15:51:12 [INFO] com.csicit.ace.common.log.AceLocalLogger :  72722--耗时 : 35
2021-11-05 15:51:12 [INFO] com.csicit.ace.common.log.AceLocalLogger :  72776--请求地址: http://192.168.20.136:2100/orgauth/sysMsgs/query/noReadMsg/46d0b4c6d26e462a9928f463f3378757/dv-testapp-platform ,HTTP_METHOD: GET ,IP: 192.168.19.73 ,CLASS_METHOD: com.csicit.ace.orgauth.core.controller.SysMessageController.listUserNoReadMsg ,请求参数: {"token":["2ucy_1-1CIKoDcOa_Iojizq6MkcHlUYZBgIfQfpZOhQJy1tijTJ4RtZtTzzP_b6FZyDQ1Pbe-iblfQaaaBS3kuA9Sv6z_zJJkrvaNUeWNxO_CjOYVP2Z2NFwmbWI8GoLCIBMlHVal_IYrrdIxS8xuw=="]}
2021-11-05 15:51:12 [INFO] com.csicit.ace.common.log.AceLocalLogger :  72776--耗时 : 7
2021-11-05 15:51:12 [INFO] com.csicit.ace.common.log.AceLocalLogger :  72799--请求地址: http://127.0.0.1:2100/orgauth/sysUsers/action/getSomeUsers ,HTTP_METHOD: GET ,IP: 192.168.19.73 ,CLASS_METHOD: com.csicit.ace.orgauth.core.controller.SysUserControllerO.getSomeUsers ,请求参数: {"code":["user"],"ids":["[\"46d0b4c6d26e462a9928f463f3378757\",\"f5d6d37948d3414e938343cb5ac96f21\"]"]}
2021-11-05 15:51:12 [INFO] com.csicit.ace.common.log.AceLocalLogger :  72806--请求地址: http://127.0.0.1:2100/orgauth/sysUsers/action/getSomeUsers ,HTTP_METHOD: GET ,IP: 192.168.19.73 ,CLASS_METHOD: com.csicit.ace.orgauth.core.controller.SysUserControllerO.getSomeUsers ,请求参数: {"code":["user"],"ids":["[\"46d0b4c6d26e462a9928f463f3378757\",\"f5d6d37948d3414e938343cb5ac96f21\"]"]}
2021-11-05 15:51:12 [INFO] com.csicit.ace.common.log.AceLocalLogger :  72799--耗时 : 10
2021-11-05 15:51:12 [INFO] com.csicit.ace.common.log.AceLocalLogger :  72806--耗时 : 12
2021-11-05 15:51:14 [INFO] com.csicit.ace.common.log.AceLocalLogger : REQUEST_URL:/dv-testapp-platform/bpm/getFlowModelByTaskId, REQUEST_METHOD:GET, REQUEST_IP:192.168.19.73
2021-11-05 15:51:14 [INFO] com.csicit.ace.common.log.AceLocalLogger : REQUEST_URL:/dv-testapp-platform/bpm/updateFocusWorkReadTime, REQUEST_METHOD:GET, REQUEST_IP:192.168.19.73
2021-11-05 15:51:14 [INFO] com.csicit.ace.common.log.AceLocalLogger : REQUEST_USER: hu11(胡11), REQUEST_IP:   192.168.19.73
2021-11-05 15:51:14 [INFO] com.csicit.ace.common.log.AceLocalLogger : REQUEST_USER: hu11(胡11), REQUEST_IP:   192.168.19.73
2021-11-05 15:51:14 [INFO] com.csicit.ace.common.log.AceLocalLogger : REQUEST_URL:/dv-testapp-platform/bpm/getNodeInfoByTaskId/e48c0f15-8058-40b7-be4a-8d537e8648e8, REQUEST_METHOD:GET, REQUEST_IP:192.168.19.73
2021-11-05 15:51:14 [INFO] com.csicit.ace.common.log.AceLocalLogger : REQUEST_USER: hu11(胡11), REQUEST_IP:   192.168.19.73
2021-11-05 15:51:14 [INFO] com.csicit.ace.common.log.AceLocalLogger :  74765--请求地址: http://192.168.20.136:2100/fileConfiguration/load ,HTTP_METHOD: POST ,IP: 192.168.19.73 ,CLASS_METHOD: com.csicit.ace.fileserver.core.controller.FileConfigurationController.load ,请求参数: {"appName":["dv-testapp-platform"],"token":["2ucy_1-1CIKoDcOa_Iojizq6MkcHlUYZBgIfQfpZOhQJy1tijTJ4RtZtTzzP_b6FZyDQ1Pbe-iblfQaaaBS3kuA9Sv6z_zJJkrvaNUeWNxO_CjOYVP2Z2NFwmbWI8GoLCIBMlHVal_IYrrdIxS8xuw=="]}
2021-11-05 15:51:14 [INFO] com.csicit.ace.common.log.AceLocalLogger :  74765--耗时 : 127
2021-11-05 15:51:14 [INFO] com.csicit.ace.common.log.AceLocalLogger : REQUEST_URL:/dv-testapp-platform/borrowBooks/7c7b9514-3117-4fab-8f7b-ca85c6a438fa, REQUEST_METHOD:GET, REQUEST_IP:192.168.19.73
2021-11-05 15:51:14 [INFO] com.csicit.ace.common.log.AceLocalLogger : REQUEST_URL:/dv-testapp-platform/bpm/wfdUserPage/fid-24dc11f6-5494-4761-8297-7c3b76ef88e6, REQUEST_METHOD:GET, REQUEST_IP:192.168.19.73
2021-11-05 15:51:14 [INFO] com.csicit.ace.common.log.AceLocalLogger : REQUEST_URL:/dv-testapp-platform/bpm/isFocusWork, REQUEST_METHOD:GET, REQUEST_IP:192.168.19.73
2021-11-05 15:51:14 [INFO] com.csicit.ace.common.log.AceLocalLogger : REQUEST_USER: hu11(胡11), REQUEST_IP:   192.168.19.73
2021-11-05 15:51:14 [INFO] com.csicit.ace.common.log.AceLocalLogger : REQUEST_USER: hu11(胡11), REQUEST_IP:   192.168.19.73
2021-11-05 15:51:14 [INFO] com.csicit.ace.common.log.AceLocalLogger : REQUEST_USER: hu11(胡11), REQUEST_IP:   192.168.19.73
2021-11-05 15:51:14 [INFO] com.csicit.ace.common.log.AceLocalLogger : REQUEST_URL:/dv-testapp-platform/bpm/getHandingProcessByTaskId/e48c0f15-8058-40b7-be4a-8d537e8648e8, REQUEST_METHOD:GET, REQUEST_IP:192.168.19.73
2021-11-05 15:51:14 [INFO] com.csicit.ace.common.log.AceLocalLogger : REQUEST_URL:/dv-testapp-platform/wfiComment/listByTaskId, REQUEST_METHOD:GET, REQUEST_IP:192.168.19.73
2021-11-05 15:51:14 [INFO] com.csicit.ace.common.log.AceLocalLogger : REQUEST_USER: hu11(胡11), REQUEST_IP:   192.168.19.73
2021-11-05 15:51:14 [INFO] com.csicit.ace.common.log.AceLocalLogger : REQUEST_USER: hu11(胡11), REQUEST_IP:   192.168.19.73
2021-11-05 15:51:14 [INFO] com.csicit.ace.common.log.AceLocalLogger :  74951--请求地址: http://127.0.0.1:2100/orgauth/sysUsers/action/getSomeUsers ,HTTP_METHOD: GET ,IP: 192.168.19.73 ,CLASS_METHOD: com.csicit.ace.orgauth.core.controller.SysUserControllerO.getSomeUsers ,请求参数: {"code":["user"],"ids":["[\"f5d6d37948d3414e938343cb5ac96f21\"]"]}
2021-11-05 15:51:14 [INFO] com.csicit.ace.common.log.AceLocalLogger :  74951--耗时 : 6
2021-11-05 15:51:23 [INFO] com.csicit.ace.common.log.AceLocalLogger :  83712--请求地址: http://192.168.20.136:2100/sysMenus/action/tree/dv-testapp-platform ,HTTP_METHOD: GET ,IP: 192.168.19.73 ,CLASS_METHOD: com.csicit.ace.platform.core.controller.SysMenuController.listSideTree ,请求参数: {}
2021-11-05 15:51:24 [INFO] com.csicit.ace.common.log.AceLocalLogger :  83712--耗时 : 820
2021-11-05 15:51:24 [INFO] com.csicit.ace.common.log.AceLocalLogger : REQUEST_URL:/dv-testapp-platform/bpm/listFocusedWorks, REQUEST_METHOD:GET, REQUEST_IP:192.168.19.73
2021-11-05 15:51:24 [INFO] com.csicit.ace.common.log.AceLocalLogger : REQUEST_URL:/dv-testapp-platform/bpm/listTaskMineByParams, REQUEST_METHOD:GET, REQUEST_IP:192.168.19.73
2021-11-05 15:51:24 [INFO] com.csicit.ace.common.log.AceLocalLogger : REQUEST_URL:/dv-testapp-platform/bpm/listTaskMineByParams, REQUEST_METHOD:GET, REQUEST_IP:192.168.19.73
2021-11-05 15:51:24 [INFO] com.csicit.ace.common.log.AceLocalLogger : REQUEST_URL:/dv-testapp-platform/bpm/listTaskDelegate, REQUEST_METHOD:GET, REQUEST_IP:192.168.19.73
2021-11-05 15:51:24 [INFO] com.csicit.ace.common.log.AceLocalLogger : REQUEST_USER: hu11(胡11), REQUEST_IP:   192.168.19.73
2021-11-05 15:51:24 [INFO] com.csicit.ace.common.log.AceLocalLogger : REQUEST_USER: hu11(胡11), REQUEST_IP:   192.168.19.73
2021-11-05 15:51:24 [INFO] com.csicit.ace.common.log.AceLocalLogger : REQUEST_USER: hu11(胡11), REQUEST_IP:   192.168.19.73
2021-11-05 15:51:24 [INFO] com.csicit.ace.common.log.AceLocalLogger : REQUEST_USER: hu11(胡11), REQUEST_IP:   192.168.19.73
2021-11-05 15:51:24 [INFO] com.csicit.ace.common.log.AceLocalLogger :  84857--请求地址: http://192.168.20.136:2100/sysUsers/action/info ,HTTP_METHOD: GET ,IP: 192.168.19.73 ,CLASS_METHOD: com.csicit.ace.platform.core.controller.SysUserController.info ,请求参数: {}
2021-11-05 15:51:24 [INFO] com.csicit.ace.common.log.AceLocalLogger :  84875--请求地址: http://127.0.0.1:2100/orgauth/sysUsers/action/getSomeUsers ,HTTP_METHOD: GET ,IP: 192.168.19.73 ,CLASS_METHOD: com.csicit.ace.orgauth.core.controller.SysUserControllerO.getSomeUsers ,请求参数: {"code":["user"],"ids":["[\"46d0b4c6d26e462a9928f463f3378757\"]"]}
2021-11-05 15:51:24 [INFO] com.csicit.ace.common.log.AceLocalLogger :  84875--耗时 : 9
2021-11-05 15:51:24 [INFO] com.csicit.ace.common.log.AceLocalLogger :  84857--耗时 : 39
2021-11-05 15:51:24 [INFO] com.csicit.ace.common.log.AceLocalLogger :  84919--请求地址: http://192.168.20.136:2100/orgauth/sysMsgs/query/noReadMsg/46d0b4c6d26e462a9928f463f3378757/dv-testapp-platform ,HTTP_METHOD: GET ,IP: 192.168.19.73 ,CLASS_METHOD: com.csicit.ace.orgauth.core.controller.SysMessageController.listUserNoReadMsg ,请求参数: {"token":["2ucy_1-1CIKoDcOa_Iojizq6MkcHlUYZBgIfQfpZOhQJy1tijTJ4RtZtTzzP_b6FZyDQ1Pbe-iblfQaaaBS3kuA9Sv6z_zJJkrvaNUeWNxO_CjOYVP2Z2NFwmbWI8GoLCIBMlHVal_IYrrdIxS8xuw=="]}
2021-11-05 15:51:24 [INFO] com.csicit.ace.common.log.AceLocalLogger :  84919--耗时 : 9
2021-11-05 15:51:24 [INFO] com.csicit.ace.common.log.AceLocalLogger :  84942--请求地址: http://127.0.0.1:2100/orgauth/sysUsers/action/getSomeUsers ,HTTP_METHOD: GET ,IP: 192.168.19.73 ,CLASS_METHOD: com.csicit.ace.orgauth.core.controller.SysUserControllerO.getSomeUsers ,请求参数: {"code":["user"],"ids":["[\"46d0b4c6d26e462a9928f463f3378757\",\"f5d6d37948d3414e938343cb5ac96f21\"]"]}
2021-11-05 15:51:24 [INFO] com.csicit.ace.common.log.AceLocalLogger :  84950--请求地址: http://127.0.0.1:2100/orgauth/sysUsers/action/getSomeUsers ,HTTP_METHOD: GET ,IP: 192.168.19.73 ,CLASS_METHOD: com.csicit.ace.orgauth.core.controller.SysUserControllerO.getSomeUsers ,请求参数: {"code":["user"],"ids":["[\"46d0b4c6d26e462a9928f463f3378757\",\"f5d6d37948d3414e938343cb5ac96f21\"]"]}
2021-11-05 15:51:24 [INFO] com.csicit.ace.common.log.AceLocalLogger :  84942--耗时 : 9
2021-11-05 15:51:24 [INFO] com.csicit.ace.common.log.AceLocalLogger :  84950--耗时 : 8
2021-11-05 15:51:26 [INFO] com.csicit.ace.common.log.AceLocalLogger : REQUEST_URL:/dv-testapp-platform/bpm/getFlowModelByTaskId, REQUEST_METHOD:GET, REQUEST_IP:192.168.19.73
2021-11-05 15:51:26 [INFO] com.csicit.ace.common.log.AceLocalLogger : REQUEST_URL:/dv-testapp-platform/bpm/updateFocusWorkReadTime, REQUEST_METHOD:GET, REQUEST_IP:192.168.19.73
2021-11-05 15:51:26 [INFO] com.csicit.ace.common.log.AceLocalLogger : REQUEST_USER: hu11(胡11), REQUEST_IP:   192.168.19.73
2021-11-05 15:51:26 [INFO] com.csicit.ace.common.log.AceLocalLogger : REQUEST_USER: hu11(胡11), REQUEST_IP:   192.168.19.73
2021-11-05 15:51:26 [INFO] com.csicit.ace.common.log.AceLocalLogger : REQUEST_URL:/dv-testapp-platform/bpm/getNodeInfoByTaskId/e48c0f15-8058-40b7-be4a-8d537e8648e8, REQUEST_METHOD:GET, REQUEST_IP:192.168.19.73
2021-11-05 15:51:26 [INFO] com.csicit.ace.common.log.AceLocalLogger : REQUEST_USER: hu11(胡11), REQUEST_IP:   192.168.19.73
2021-11-05 15:51:26 [INFO] com.csicit.ace.common.log.AceLocalLogger :  86402--请求地址: http://192.168.20.136:2100/fileConfiguration/load ,HTTP_METHOD: POST ,IP: 192.168.19.73 ,CLASS_METHOD: com.csicit.ace.fileserver.core.controller.FileConfigurationController.load ,请求参数: {"appName":["dv-testapp-platform"],"token":["2ucy_1-1CIKoDcOa_Iojizq6MkcHlUYZBgIfQfpZOhQJy1tijTJ4RtZtTzzP_b6FZyDQ1Pbe-iblfQaaaBS3kuA9Sv6z_zJJkrvaNUeWNxO_CjOYVP2Z2NFwmbWI8GoLCIBMlHVal_IYrrdIxS8xuw=="]}
2021-11-05 15:51:26 [INFO] com.csicit.ace.common.log.AceLocalLogger :  86402--耗时 : 150
2021-11-05 15:51:26 [INFO] com.csicit.ace.common.log.AceLocalLogger : REQUEST_URL:/dv-testapp-platform/bpm/wfdUserPage/fid-24dc11f6-5494-4761-8297-7c3b76ef88e6, REQUEST_METHOD:GET, REQUEST_IP:192.168.19.73
2021-11-05 15:51:26 [INFO] com.csicit.ace.common.log.AceLocalLogger : REQUEST_URL:/dv-testapp-platform/borrowBooks/7c7b9514-3117-4fab-8f7b-ca85c6a438fa, REQUEST_METHOD:GET, REQUEST_IP:192.168.19.73
2021-11-05 15:51:26 [INFO] com.csicit.ace.common.log.AceLocalLogger : REQUEST_URL:/dv-testapp-platform/bpm/isFocusWork, REQUEST_METHOD:GET, REQUEST_IP:192.168.19.73
2021-11-05 15:51:26 [INFO] com.csicit.ace.common.log.AceLocalLogger : REQUEST_URL:/dv-testapp-platform/wfiComment/listByTaskId, REQUEST_METHOD:GET, REQUEST_IP:192.168.19.73
2021-11-05 15:51:26 [INFO] com.csicit.ace.common.log.AceLocalLogger : REQUEST_URL:/dv-testapp-platform/bpm/getHandingProcessByTaskId/e48c0f15-8058-40b7-be4a-8d537e8648e8, REQUEST_METHOD:GET, REQUEST_IP:192.168.19.73
2021-11-05 15:51:26 [INFO] com.csicit.ace.common.log.AceLocalLogger : REQUEST_USER: hu11(胡11), REQUEST_IP:   192.168.19.73
2021-11-05 15:51:26 [INFO] com.csicit.ace.common.log.AceLocalLogger : REQUEST_USER: hu11(胡11), REQUEST_IP:   192.168.19.73
2021-11-05 15:51:26 [INFO] com.csicit.ace.common.log.AceLocalLogger : REQUEST_USER: hu11(胡11), REQUEST_IP:   192.168.19.73
2021-11-05 15:51:26 [INFO] com.csicit.ace.common.log.AceLocalLogger : REQUEST_USER: hu11(胡11), REQUEST_IP:   192.168.19.73
2021-11-05 15:51:26 [INFO] com.csicit.ace.common.log.AceLocalLogger : REQUEST_USER: hu11(胡11), REQUEST_IP:   192.168.19.73
2021-11-05 15:51:26 [INFO] com.csicit.ace.common.log.AceLocalLogger :  86636--请求地址: http://127.0.0.1:2100/orgauth/sysUsers/action/getSomeUsers ,HTTP_METHOD: GET ,IP: 192.168.19.73 ,CLASS_METHOD: com.csicit.ace.orgauth.core.controller.SysUserControllerO.getSomeUsers ,请求参数: {"code":["user"],"ids":["[\"f5d6d37948d3414e938343cb5ac96f21\"]"]}
2021-11-05 15:51:26 [INFO] com.csicit.ace.common.log.AceLocalLogger :  86636--耗时 : 8
2021-11-05 15:52:01 [INFO] org.quartz.plugins.history.LoggingJobHistoryPlugin : Job 测试任务组.711HM fired (by trigger 711HM$测试任务组.每100毫秒发送一次) at:  15:52:01 11/05/2021
2021-11-05 15:52:01 [WARN] com.csicit.ace.quartz.core.job.AgentJob : 任务执行失败，原因为：应用ah-csicpm不在线
2021-11-05 15:52:01 [INFO] org.quartz.plugins.history.LoggingJobHistoryPlugin : Job 测试任务组.711HM execution complete at  15:52:01 11/05/2021 and reports: null
2021-11-05 15:52:04 [INFO] com.csicit.ace.common.log.AceLocalLogger :  24511--请求地址: http://192.168.20.136:2100/sysMenus/action/tree/dv-testapp-platform ,HTTP_METHOD: GET ,IP: 192.168.19.73 ,CLASS_METHOD: com.csicit.ace.platform.core.controller.SysMenuController.listSideTree ,请求参数: {}
2021-11-05 15:52:05 [INFO] com.csicit.ace.common.log.AceLocalLogger :  24511--耗时 : 824
2021-11-05 15:52:05 [INFO] com.csicit.ace.common.log.AceLocalLogger : REQUEST_URL:/dv-testapp-platform/bpm/listTaskMineByParams, REQUEST_METHOD:GET, REQUEST_IP:192.168.19.73
2021-11-05 15:52:05 [INFO] com.csicit.ace.common.log.AceLocalLogger : REQUEST_URL:/dv-testapp-platform/bpm/listTaskMineByParams, REQUEST_METHOD:GET, REQUEST_IP:192.168.19.73
2021-11-05 15:52:05 [INFO] com.csicit.ace.common.log.AceLocalLogger : REQUEST_URL:/dv-testapp-platform/bpm/listTaskDelegate, REQUEST_METHOD:GET, REQUEST_IP:192.168.19.73
2021-11-05 15:52:05 [INFO] com.csicit.ace.common.log.AceLocalLogger : REQUEST_URL:/dv-testapp-platform/bpm/listFocusedWorks, REQUEST_METHOD:GET, REQUEST_IP:192.168.19.73
2021-11-05 15:52:05 [INFO] com.csicit.ace.common.log.AceLocalLogger : REQUEST_USER: hu11(胡11), REQUEST_IP:   192.168.19.73
2021-11-05 15:52:05 [INFO] com.csicit.ace.common.log.AceLocalLogger : REQUEST_USER: hu11(胡11), REQUEST_IP:   192.168.19.73
2021-11-05 15:52:05 [INFO] com.csicit.ace.common.log.AceLocalLogger : REQUEST_USER: hu11(胡11), REQUEST_IP:   192.168.19.73
2021-11-05 15:52:05 [INFO] com.csicit.ace.common.log.AceLocalLogger : REQUEST_USER: hu11(胡11), REQUEST_IP:   192.168.19.73
2021-11-05 15:52:05 [INFO] com.csicit.ace.common.log.AceLocalLogger :  25641--请求地址: http://192.168.20.136:2100/sysUsers/action/info ,HTTP_METHOD: GET ,IP: 192.168.19.73 ,CLASS_METHOD: com.csicit.ace.platform.core.controller.SysUserController.info ,请求参数: {}
2021-11-05 15:52:05 [INFO] com.csicit.ace.common.log.AceLocalLogger :  25656--请求地址: http://127.0.0.1:2100/orgauth/sysUsers/action/getSomeUsers ,HTTP_METHOD: GET ,IP: 192.168.19.73 ,CLASS_METHOD: com.csicit.ace.orgauth.core.controller.SysUserControllerO.getSomeUsers ,请求参数: {"code":["user"],"ids":["[\"46d0b4c6d26e462a9928f463f3378757\"]"]}
2021-11-05 15:52:05 [INFO] com.csicit.ace.common.log.AceLocalLogger :  25656--耗时 : 11
2021-11-05 15:52:05 [INFO] com.csicit.ace.common.log.AceLocalLogger :  25641--耗时 : 40
2021-11-05 15:52:05 [INFO] com.csicit.ace.common.log.AceLocalLogger :  25702--请求地址: http://192.168.20.136:2100/orgauth/sysMsgs/query/noReadMsg/46d0b4c6d26e462a9928f463f3378757/dv-testapp-platform ,HTTP_METHOD: GET ,IP: 192.168.19.73 ,CLASS_METHOD: com.csicit.ace.orgauth.core.controller.SysMessageController.listUserNoReadMsg ,请求参数: {"token":["2ucy_1-1CIKoDcOa_Iojizq6MkcHlUYZBgIfQfpZOhQJy1tijTJ4RtZtTzzP_b6FZyDQ1Pbe-iblfQaaaBS3kuA9Sv6z_zJJkrvaNUeWNxO_CjOYVP2Z2NFwmbWI8GoLCIBMlHVal_IYrrdIxS8xuw=="]}
2021-11-05 15:52:05 [INFO] com.csicit.ace.common.log.AceLocalLogger :  25702--耗时 : 7
2021-11-05 15:52:05 [INFO] com.csicit.ace.common.log.AceLocalLogger :  25726--请求地址: http://127.0.0.1:2100/orgauth/sysUsers/action/getSomeUsers ,HTTP_METHOD: GET ,IP: 192.168.19.73 ,CLASS_METHOD: com.csicit.ace.orgauth.core.controller.SysUserControllerO.getSomeUsers ,请求参数: {"code":["user"],"ids":["[\"46d0b4c6d26e462a9928f463f3378757\",\"f5d6d37948d3414e938343cb5ac96f21\"]"]}
2021-11-05 15:52:05 [INFO] com.csicit.ace.common.log.AceLocalLogger :  25734--请求地址: http://127.0.0.1:2100/orgauth/sysUsers/action/getSomeUsers ,HTTP_METHOD: GET ,IP: 192.168.19.73 ,CLASS_METHOD: com.csicit.ace.orgauth.core.controller.SysUserControllerO.getSomeUsers ,请求参数: {"code":["user"],"ids":["[\"46d0b4c6d26e462a9928f463f3378757\",\"f5d6d37948d3414e938343cb5ac96f21\"]"]}
2021-11-05 15:52:05 [INFO] com.csicit.ace.common.log.AceLocalLogger :  25726--耗时 : 10
2021-11-05 15:52:05 [INFO] com.csicit.ace.common.log.AceLocalLogger :  25734--耗时 : 8
2021-11-05 15:52:07 [INFO] com.csicit.ace.common.log.AceLocalLogger : REQUEST_URL:/dv-testapp-platform/bpm/getFlowModelByTaskId, REQUEST_METHOD:GET, REQUEST_IP:192.168.19.73
2021-11-05 15:52:07 [INFO] com.csicit.ace.common.log.AceLocalLogger : REQUEST_URL:/dv-testapp-platform/bpm/updateFocusWorkReadTime, REQUEST_METHOD:GET, REQUEST_IP:192.168.19.73
2021-11-05 15:52:07 [INFO] com.csicit.ace.common.log.AceLocalLogger : REQUEST_USER: hu11(胡11), REQUEST_IP:   192.168.19.73
2021-11-05 15:52:07 [INFO] com.csicit.ace.common.log.AceLocalLogger : REQUEST_USER: hu11(胡11), REQUEST_IP:   192.168.19.73
2021-11-05 15:52:07 [INFO] com.csicit.ace.common.log.AceLocalLogger : REQUEST_URL:/dv-testapp-platform/bpm/getNodeInfoByTaskId/e48c0f15-8058-40b7-be4a-8d537e8648e8, REQUEST_METHOD:GET, REQUEST_IP:192.168.19.73
2021-11-05 15:52:07 [INFO] com.csicit.ace.common.log.AceLocalLogger : REQUEST_USER: hu11(胡11), REQUEST_IP:   192.168.19.73
2021-11-05 15:52:07 [INFO] com.csicit.ace.common.log.AceLocalLogger :  27285--请求地址: http://192.168.20.136:2100/fileConfiguration/load ,HTTP_METHOD: POST ,IP: 192.168.19.73 ,CLASS_METHOD: com.csicit.ace.fileserver.core.controller.FileConfigurationController.load ,请求参数: {"appName":["dv-testapp-platform"],"token":["2ucy_1-1CIKoDcOa_Iojizq6MkcHlUYZBgIfQfpZOhQJy1tijTJ4RtZtTzzP_b6FZyDQ1Pbe-iblfQaaaBS3kuA9Sv6z_zJJkrvaNUeWNxO_CjOYVP2Z2NFwmbWI8GoLCIBMlHVal_IYrrdIxS8xuw=="]}
2021-11-05 15:52:07 [INFO] com.csicit.ace.common.log.AceLocalLogger :  27285--耗时 : 132
2021-11-05 15:52:07 [INFO] com.csicit.ace.common.log.AceLocalLogger : REQUEST_URL:/dv-testapp-platform/bpm/wfdUserPage/fid-24dc11f6-5494-4761-8297-7c3b76ef88e6, REQUEST_METHOD:GET, REQUEST_IP:192.168.19.73
2021-11-05 15:52:07 [INFO] com.csicit.ace.common.log.AceLocalLogger : REQUEST_URL:/dv-testapp-platform/bpm/isFocusWork, REQUEST_METHOD:GET, REQUEST_IP:192.168.19.73
2021-11-05 15:52:07 [INFO] com.csicit.ace.common.log.AceLocalLogger : REQUEST_URL:/dv-testapp-platform/borrowBooks/7c7b9514-3117-4fab-8f7b-ca85c6a438fa, REQUEST_METHOD:GET, REQUEST_IP:192.168.19.73
2021-11-05 15:52:07 [INFO] com.csicit.ace.common.log.AceLocalLogger : REQUEST_URL:/dv-testapp-platform/bpm/getHandingProcessByTaskId/e48c0f15-8058-40b7-be4a-8d537e8648e8, REQUEST_METHOD:GET, REQUEST_IP:192.168.19.73
2021-11-05 15:52:07 [INFO] com.csicit.ace.common.log.AceLocalLogger : REQUEST_USER: hu11(胡11), REQUEST_IP:   192.168.19.73
2021-11-05 15:52:07 [INFO] com.csicit.ace.common.log.AceLocalLogger : REQUEST_URL:/dv-testapp-platform/wfiComment/listByTaskId, REQUEST_METHOD:GET, REQUEST_IP:192.168.19.73
2021-11-05 15:52:07 [INFO] com.csicit.ace.common.log.AceLocalLogger : REQUEST_USER: hu11(胡11), REQUEST_IP:   192.168.19.73
2021-11-05 15:52:07 [INFO] com.csicit.ace.common.log.AceLocalLogger : REQUEST_USER: hu11(胡11), REQUEST_IP:   192.168.19.73
2021-11-05 15:52:07 [INFO] com.csicit.ace.common.log.AceLocalLogger : REQUEST_USER: hu11(胡11), REQUEST_IP:   192.168.19.73
2021-11-05 15:52:07 [INFO] com.csicit.ace.common.log.AceLocalLogger : REQUEST_USER: hu11(胡11), REQUEST_IP:   192.168.19.73
2021-11-05 15:52:07 [INFO] com.csicit.ace.common.log.AceLocalLogger :  27495--请求地址: http://127.0.0.1:2100/orgauth/sysUsers/action/getSomeUsers ,HTTP_METHOD: GET ,IP: 192.168.19.73 ,CLASS_METHOD: com.csicit.ace.orgauth.core.controller.SysUserControllerO.getSomeUsers ,请求参数: {"code":["user"],"ids":["[\"f5d6d37948d3414e938343cb5ac96f21\"]"]}
2021-11-05 15:52:07 [INFO] com.csicit.ace.common.log.AceLocalLogger :  27495--耗时 : 8
