2021-12-13 15:30:56 [INFO] com.csicit.ace.zuul.ZuulStartApp : The following profiles are active: routes
2021-12-13 15:30:58 [WARN] org.springframework.boot.actuate.endpoint.EndpointId : Endpoint ID 'hystrix.stream' contains invalid characters, please migrate to a valid format.
2021-12-13 15:30:58 [INFO] org.springframework.cloud.context.scope.GenericScope : BeanFactory id=2e3978d7-d826-3bc9-9a89-7a8e52ac9ca7
2021-12-13 15:30:58 [INFO] org.springframework.context.support.PostProcessorRegistrationDelegate$BeanPostProcessorChecker : Bean 'spring.cloud.alibaba.seata-com.alibaba.cloud.seata.SeataProperties' of type [com.alibaba.cloud.seata.SeataProperties] is not eligible for getting processed by all BeanPostProcessors (for example: not eligible for auto-proxying)
2021-12-13 15:30:58 [INFO] org.springframework.context.support.PostProcessorRegistrationDelegate$BeanPostProcessorChecker : Bean 'com.alibaba.cloud.seata.GlobalTransactionAutoConfiguration' of type [com.alibaba.cloud.seata.GlobalTransactionAutoConfiguration$$EnhancerBySpringCGLIB$$f352301a] is not eligible for getting processed by all BeanPostProcessors (for example: not eligible for auto-proxying)
2021-12-13 15:30:58 [INFO] io.seata.config.FileConfiguration : The file name of the operation is registry
2021-12-13 15:30:58 [INFO] io.seata.config.FileConfiguration : The configuration file used is /E:/%e5%bc%80%e5%8f%91%e7%8e%af%e5%a2%83for%e5%b7%a5%e4%bd%9c%e6%b5%81/ace-server/ace-zuul/target/classes/registry.conf
2021-12-13 15:30:58 [INFO] io.seata.config.FileConfiguration : The file name of the operation is file.conf
2021-12-13 15:30:58 [INFO] io.seata.config.FileConfiguration : The configuration file used is file.conf
2021-12-13 15:30:58 [INFO] io.seata.spring.annotation.GlobalTransactionScanner : Initializing Global Transaction Clients ... 
2021-12-13 15:30:58 [INFO] io.seata.core.rpc.netty.NettyClientBootstrap : NettyClientBootstrap has started
2021-12-13 15:30:58 [INFO] io.seata.spring.annotation.GlobalTransactionScanner : Transaction Manager Client is initialized. applicationId[ace-zuul] txServiceGroup[aceFlow]
2021-12-13 15:30:58 [INFO] io.seata.rm.datasource.AsyncWorker : Async Commit Buffer Limit: 10000
2021-12-13 15:30:58 [INFO] io.seata.rm.datasource.xa.ResourceManagerXA : ResourceManagerXA init ...
2021-12-13 15:30:58 [INFO] io.seata.core.rpc.netty.NettyClientBootstrap : NettyClientBootstrap has started
2021-12-13 15:30:58 [INFO] io.seata.spring.annotation.GlobalTransactionScanner : Resource Manager is initialized. applicationId[ace-zuul] txServiceGroup[aceFlow]
2021-12-13 15:30:58 [INFO] io.seata.spring.annotation.GlobalTransactionScanner : Global Transaction Clients are initialized. 
2021-12-13 15:30:58 [INFO] org.springframework.context.support.PostProcessorRegistrationDelegate$BeanPostProcessorChecker : Bean 'org.springframework.transaction.annotation.ProxyTransactionManagementConfiguration' of type [org.springframework.transaction.annotation.ProxyTransactionManagementConfiguration$$EnhancerBySpringCGLIB$$6626269f] is not eligible for getting processed by all BeanPostProcessors (for example: not eligible for auto-proxying)
2021-12-13 15:30:59 [INFO] org.springframework.context.support.PostProcessorRegistrationDelegate$BeanPostProcessorChecker : Bean 'socketIoConfig' of type [com.csicit.ace.data.persistent.messenger.config.SocketIoConfig$$EnhancerBySpringCGLIB$$f2795be6] is not eligible for getting processed by all BeanPostProcessors (for example: not eligible for auto-proxying)
2021-12-13 15:30:59 [INFO] org.springframework.context.support.PostProcessorRegistrationDelegate$BeanPostProcessorChecker : Bean 'redissonClient' of type [org.springframework.beans.factory.support.NullBean] is not eligible for getting processed by all BeanPostProcessors (for example: not eligible for auto-proxying)
2021-12-13 15:30:59 [INFO] org.springframework.context.support.PostProcessorRegistrationDelegate$BeanPostProcessorChecker : Bean 'socketIOServer' of type [com.corundumstudio.socketio.SocketIOServer] is not eligible for getting processed by all BeanPostProcessors (for example: not eligible for auto-proxying)
2021-12-13 15:30:59 [INFO] org.springframework.context.support.PostProcessorRegistrationDelegate$BeanPostProcessorChecker : Bean 'org.springframework.cloud.autoconfigure.ConfigurationPropertiesRebinderAutoConfiguration' of type [org.springframework.cloud.autoconfigure.ConfigurationPropertiesRebinderAutoConfiguration$$EnhancerBySpringCGLIB$$8240299c] is not eligible for getting processed by all BeanPostProcessors (for example: not eligible for auto-proxying)
2021-12-13 15:30:59 [INFO] org.springframework.boot.web.embedded.tomcat.TomcatWebServer : Tomcat initialized with port(s): 2100 (http)
2021-12-13 15:30:59 [INFO] org.apache.catalina.core.StandardService : Starting service [Tomcat]
2021-12-13 15:30:59 [INFO] org.apache.catalina.core.StandardEngine : Starting Servlet engine: [Apache Tomcat/9.0.14]
2021-12-13 15:30:59 [INFO] org.apache.jasper.servlet.TldScanner : At least one JAR was scanned for TLDs yet contained no TLDs. Enable debug logging for this logger for a complete list of JARs that were scanned but no TLDs were found in them. Skipping unneeded JARs during scanning can improve startup time and JSP compilation time.
2021-12-13 15:30:59 [INFO] org.apache.catalina.core.ContainerBase.[Tomcat].[localhost].[/] : Initializing Spring embedded WebApplicationContext
2021-12-13 15:30:59 [INFO] org.springframework.web.context.ContextLoader : Root WebApplicationContext: initialization completed in 3338 ms
2021-12-13 15:30:59 [WARN] com.netflix.config.sources.URLConfigurationSource : No URLs will be polled as dynamic configuration sources.
2021-12-13 15:30:59 [INFO] com.netflix.config.sources.URLConfigurationSource : To enable URLs as dynamic configuration sources, define System property archaius.configurationSource.additionalUrls or make config.properties available on classpath.
2021-12-13 15:30:59 [INFO] com.netflix.config.DynamicPropertyFactory : DynamicPropertyFactory is initialized with configuration sources: com.netflix.config.ConcurrentCompositeConfiguration@19e2db7c
2021-12-13 15:31:00 [WARN] net.sf.ehcache.config.ConfigurationFactory : No configuration found. Configuring ehcache from ehcache-failsafe.xml  found in the classpath: jar:file:/D:/mavenRepo/net/sf/ehcache/ehcache/2.10.6/ehcache-2.10.6.jar!/ehcache-failsafe.xml
2021-12-13 15:31:00 [INFO] com.alibaba.druid.spring.boot.autoconfigure.DruidDataSourceAutoConfigure : Init DruidDataSource
2021-12-13 15:31:00 [INFO] com.alibaba.druid.pool.DruidDataSource : {dataSource-1} inited
2021-12-13 15:31:08 [INFO] org.quartz.impl.StdSchedulerFactory : Using default implementation for ThreadExecutor
2021-12-13 15:31:08 [INFO] org.quartz.core.SchedulerSignalerImpl : Initialized Scheduler Signaller of type: class org.quartz.core.SchedulerSignalerImpl
2021-12-13 15:31:08 [INFO] org.quartz.core.QuartzScheduler : Quartz Scheduler v.2.3.1 created.
2021-12-13 15:31:08 [INFO] com.csicit.ace.quartz.core.plugins.AceJobConfigLoaderPlugin : Registering Quartz Job Initialization Plug-in.
2021-12-13 15:31:08 [INFO] org.quartz.core.QuartzScheduler : Scheduler meta-data: Quartz Scheduler (v2.3.1) 'JariScheduler' with instanceId 'DESKTOP-A03RJ151639380668182'
  Scheduler class: 'org.quartz.core.QuartzScheduler' - running locally.
  NOT STARTED.
  Currently in standby mode.
  Number of jobs executed: 0
  Using thread pool 'org.quartz.simpl.SimpleThreadPool' - with 20 threads.
  Using job-store 'org.springframework.scheduling.quartz.LocalDataSourceJobStore' - which supports persistence. and is clustered.

2021-12-13 15:31:08 [INFO] org.quartz.impl.StdSchedulerFactory : Quartz scheduler 'JariScheduler' initialized from an externally provided properties instance.
2021-12-13 15:31:08 [INFO] org.quartz.impl.StdSchedulerFactory : Quartz scheduler version: 2.3.1
2021-12-13 15:31:08 [INFO] org.quartz.core.QuartzScheduler : JobFactory set to: com.csicit.ace.quartz.core.factory.MyJobFactory@52b49891
2021-12-13 15:31:08 [WARN] com.baomidou.mybatisplus.core.toolkit.TableInfoHelper : Warn: Could not find @TableId in Class: com.csicit.ace.common.pojo.vo.GrantAuthReciveVO.
2021-12-13 15:31:09 [INFO] org.springframework.scheduling.concurrent.ThreadPoolTaskScheduler : Initializing ExecutorService 'taskScheduler'
2021-12-13 15:31:09 [INFO] liquibase.integration.spring.SpringLiquibase : Liquibase did not run because 'shouldRun' property was set to false on liquibase Liquibase Spring bean.
2021-12-13 15:31:09 [WARN] com.netflix.config.sources.URLConfigurationSource : No URLs will be polled as dynamic configuration sources.
2021-12-13 15:31:09 [INFO] com.netflix.config.sources.URLConfigurationSource : To enable URLs as dynamic configuration sources, define System property archaius.configurationSource.additionalUrls or make config.properties available on classpath.
2021-12-13 15:31:10 [INFO] org.springframework.scheduling.concurrent.ThreadPoolTaskExecutor : Initializing ExecutorService 'applicationTaskExecutor'
2021-12-13 15:31:10 [INFO] org.springframework.boot.autoconfigure.web.servlet.WelcomePageHandlerMapping : Adding welcome page template: index
2021-12-13 15:31:10 [WARN] org.springframework.boot.starter.redis.RedisStarterDeprecationWarningAutoConfiguration : spring-boot-starter-redis is deprecated as of Spring Boot 1.4, please migrate to spring-boot-starter-data-redis
2021-12-13 15:31:11 [INFO] org.springframework.cloud.netflix.zuul.ZuulFilterInitializer : Starting filter initializer
2021-12-13 15:31:11 [INFO] org.springframework.boot.actuate.endpoint.web.EndpointLinksResolver : Exposing 2 endpoint(s) beneath base path '/actuator'
2021-12-13 15:31:11 [INFO] org.quartz.xml.XMLSchedulingDataProcessor : Parsing XML from stream with systemId:  
2021-12-13 15:31:11 [INFO] org.quartz.xml.XMLSchedulingDataProcessor : Adding 1 jobs, 0 triggers.
2021-12-13 15:31:11 [INFO] org.quartz.xml.XMLSchedulingDataProcessor : Replacing job: tt.xxx
2021-12-13 15:31:11 [INFO] org.quartz.xml.XMLSchedulingDataProcessor : Parsing XML from stream with systemId:  
2021-12-13 15:31:11 [INFO] org.quartz.xml.XMLSchedulingDataProcessor : Adding 1 jobs, 0 triggers.
2021-12-13 15:31:11 [INFO] org.quartz.xml.XMLSchedulingDataProcessor : Replacing job: tt.xxx
2021-12-13 15:31:11 [INFO] org.quartz.xml.XMLSchedulingDataProcessor : Parsing XML from stream with systemId:  
2021-12-13 15:31:11 [INFO] org.quartz.xml.XMLSchedulingDataProcessor : Adding 1 jobs, 1 triggers.
2021-12-13 15:31:11 [INFO] org.quartz.xml.XMLSchedulingDataProcessor : Replacing job: 测试任务组.711HM
2021-12-13 15:31:11 [INFO] org.quartz.xml.XMLSchedulingDataProcessor : Parsing XML from stream with systemId:  
2021-12-13 15:31:11 [INFO] org.quartz.xml.XMLSchedulingDataProcessor : Adding 1 jobs, 0 triggers.
2021-12-13 15:31:11 [INFO] org.quartz.xml.XMLSchedulingDataProcessor : Replacing job: tt.xxx
2021-12-13 15:31:11 [INFO] org.quartz.xml.XMLSchedulingDataProcessor : Parsing XML from stream with systemId:  
2021-12-13 15:31:11 [INFO] org.quartz.xml.XMLSchedulingDataProcessor : Adding 16 jobs, 0 triggers.
2021-12-13 15:31:11 [INFO] org.quartz.xml.XMLSchedulingDataProcessor : Replacing job: tt.xxx
2021-12-13 15:31:11 [INFO] org.quartz.xml.XMLSchedulingDataProcessor : Replacing job: tt.xxx
2021-12-13 15:31:11 [INFO] org.quartz.xml.XMLSchedulingDataProcessor : Replacing job: tt.xxx
2021-12-13 15:31:11 [INFO] org.quartz.xml.XMLSchedulingDataProcessor : Replacing job: tt.xxx
2021-12-13 15:31:11 [INFO] org.quartz.xml.XMLSchedulingDataProcessor : Replacing job: tt.xxx
2021-12-13 15:31:11 [INFO] org.quartz.xml.XMLSchedulingDataProcessor : Replacing job: tt.xxx
2021-12-13 15:31:11 [INFO] org.quartz.xml.XMLSchedulingDataProcessor : Replacing job: tt.xxx
2021-12-13 15:31:11 [INFO] org.quartz.xml.XMLSchedulingDataProcessor : Replacing job: tt.xxx
2021-12-13 15:31:11 [INFO] org.quartz.xml.XMLSchedulingDataProcessor : Replacing job: tt.xxx
2021-12-13 15:31:11 [INFO] org.quartz.xml.XMLSchedulingDataProcessor : Replacing job: tt.xxx
2021-12-13 15:31:11 [INFO] org.quartz.xml.XMLSchedulingDataProcessor : Replacing job: tt.xxx
2021-12-13 15:31:11 [INFO] org.quartz.xml.XMLSchedulingDataProcessor : Replacing job: tt.xxx
2021-12-13 15:31:11 [INFO] org.quartz.xml.XMLSchedulingDataProcessor : Replacing job: tt.xxx
2021-12-13 15:31:11 [INFO] org.quartz.xml.XMLSchedulingDataProcessor : Replacing job: tt.xxx
2021-12-13 15:31:11 [INFO] org.quartz.xml.XMLSchedulingDataProcessor : Replacing job: tt.xxx
2021-12-13 15:31:11 [INFO] org.quartz.xml.XMLSchedulingDataProcessor : Replacing job: tt.xxx
2021-12-13 15:31:11 [INFO] org.quartz.xml.XMLSchedulingDataProcessor : Parsing XML from stream with systemId:  
2021-12-13 15:31:11 [INFO] org.quartz.xml.XMLSchedulingDataProcessor : Adding 1 jobs, 0 triggers.
2021-12-13 15:31:11 [INFO] org.quartz.xml.XMLSchedulingDataProcessor : Replacing job: tt.xxx
2021-12-13 15:31:11 [INFO] org.quartz.xml.XMLSchedulingDataProcessor : Parsing XML from stream with systemId:  
2021-12-13 15:31:11 [INFO] org.quartz.xml.XMLSchedulingDataProcessor : Adding 1 jobs, 0 triggers.
2021-12-13 15:31:11 [INFO] org.quartz.xml.XMLSchedulingDataProcessor : Replacing job: tt.xxx
2021-12-13 15:31:11 [INFO] org.quartz.xml.XMLSchedulingDataProcessor : Parsing XML from stream with systemId:  
2021-12-13 15:31:11 [INFO] org.quartz.xml.XMLSchedulingDataProcessor : Adding 1 jobs, 0 triggers.
2021-12-13 15:31:11 [INFO] org.quartz.xml.XMLSchedulingDataProcessor : Replacing job: tt.xxx
2021-12-13 15:31:11 [INFO] org.quartz.xml.XMLSchedulingDataProcessor : Parsing XML from stream with systemId:  
2021-12-13 15:31:11 [INFO] org.quartz.xml.XMLSchedulingDataProcessor : Adding 1 jobs, 0 triggers.
2021-12-13 15:31:11 [INFO] org.quartz.xml.XMLSchedulingDataProcessor : Replacing job: tt.xxx
2021-12-13 15:31:11 [INFO] org.quartz.xml.XMLSchedulingDataProcessor : Parsing XML from stream with systemId:  
2021-12-13 15:31:11 [INFO] org.quartz.xml.XMLSchedulingDataProcessor : Adding 1 jobs, 0 triggers.
2021-12-13 15:31:11 [INFO] org.quartz.xml.XMLSchedulingDataProcessor : Replacing job: tt.xxx
2021-12-13 15:31:11 [INFO] org.quartz.xml.XMLSchedulingDataProcessor : Parsing XML from stream with systemId:  
2021-12-13 15:31:11 [INFO] org.quartz.xml.XMLSchedulingDataProcessor : Adding 1 jobs, 0 triggers.
2021-12-13 15:31:11 [INFO] org.quartz.xml.XMLSchedulingDataProcessor : Replacing job: tt.xxx
2021-12-13 15:31:11 [INFO] org.quartz.xml.XMLSchedulingDataProcessor : Parsing XML from stream with systemId:  
2021-12-13 15:31:11 [INFO] org.quartz.xml.XMLSchedulingDataProcessor : Adding 1 jobs, 0 triggers.
2021-12-13 15:31:11 [INFO] org.quartz.xml.XMLSchedulingDataProcessor : Replacing job: tt.xxx
2021-12-13 15:31:11 [INFO] org.quartz.xml.XMLSchedulingDataProcessor : Parsing XML from stream with systemId:  
2021-12-13 15:31:11 [INFO] org.quartz.xml.XMLSchedulingDataProcessor : Adding 1 jobs, 0 triggers.
2021-12-13 15:31:11 [INFO] org.quartz.xml.XMLSchedulingDataProcessor : Replacing job: tt.xxx
2021-12-13 15:31:11 [INFO] org.quartz.xml.XMLSchedulingDataProcessor : Parsing XML from stream with systemId:  
2021-12-13 15:31:11 [INFO] org.quartz.xml.XMLSchedulingDataProcessor : Adding 1 jobs, 0 triggers.
2021-12-13 15:31:11 [INFO] org.quartz.xml.XMLSchedulingDataProcessor : Replacing job: tt.xxx
2021-12-13 15:31:11 [INFO] org.quartz.xml.XMLSchedulingDataProcessor : Parsing XML from stream with systemId:  
2021-12-13 15:31:11 [INFO] org.quartz.xml.XMLSchedulingDataProcessor : Adding 1 jobs, 0 triggers.
2021-12-13 15:31:11 [INFO] org.quartz.xml.XMLSchedulingDataProcessor : Replacing job: tt.xxx
2021-12-13 15:31:11 [INFO] org.quartz.xml.XMLSchedulingDataProcessor : Parsing XML from stream with systemId:  
2021-12-13 15:31:11 [INFO] org.quartz.xml.XMLSchedulingDataProcessor : Adding 1 jobs, 0 triggers.
2021-12-13 15:31:11 [INFO] org.quartz.xml.XMLSchedulingDataProcessor : Replacing job: tt.xxx
2021-12-13 15:31:11 [INFO] org.quartz.xml.XMLSchedulingDataProcessor : Parsing XML from stream with systemId:  
2021-12-13 15:31:11 [INFO] org.quartz.xml.XMLSchedulingDataProcessor : Adding 1 jobs, 0 triggers.
2021-12-13 15:31:11 [INFO] org.quartz.xml.XMLSchedulingDataProcessor : Replacing job: tt.xxx
2021-12-13 15:31:11 [INFO] org.quartz.xml.XMLSchedulingDataProcessor : Parsing XML from stream with systemId:  
2021-12-13 15:31:11 [INFO] org.quartz.xml.XMLSchedulingDataProcessor : Adding 2 jobs, 0 triggers.
2021-12-13 15:31:11 [INFO] org.quartz.xml.XMLSchedulingDataProcessor : Replacing job: urgeTask.催办提醒
2021-12-13 15:31:11 [INFO] org.quartz.xml.XMLSchedulingDataProcessor : Replacing job: 催办提醒任务组.催办提醒
2021-12-13 15:31:11 [INFO] org.quartz.xml.XMLSchedulingDataProcessor : Parsing XML from stream with systemId:  
2021-12-13 15:31:11 [INFO] org.quartz.xml.XMLSchedulingDataProcessor : Adding 1 jobs, 1 triggers.
2021-12-13 15:31:11 [INFO] org.quartz.xml.XMLSchedulingDataProcessor : Replacing job: 业务平台内部定时任务.大屏消息推送
2021-12-13 15:31:11 [INFO] org.quartz.core.QuartzScheduler : Scheduler JariScheduler_$_DESKTOP-A03RJ151639380668182 started.
2021-12-13 15:31:11 [INFO] org.springframework.boot.web.embedded.tomcat.TomcatWebServer : Tomcat started on port(s): 2100 (http) with context path ''
2021-12-13 15:31:11 [INFO] com.csicit.ace.zuul.ZuulStartApp : Started ZuulStartApp in 17.809 seconds (JVM running for 18.642)
2021-12-13 15:31:12 [INFO] org.reflections.Reflections : Reflections took 33 ms to scan 1 urls, producing 19 keys and 29 values 
2021-12-13 15:31:13 [INFO] com.corundumstudio.socketio.SocketIOServer : Session store / pubsub factory used: MemoryStoreFactory (local session store only)
2021-12-13 15:31:13 [INFO] com.corundumstudio.socketio.SocketIOServer : SocketIO server started at port: 5070
2021-12-13 15:31:13 [INFO] com.csicit.ace.common.log.AceLocalLogger : socketLog_消息服务已启动!
2021-12-13 15:31:13 [INFO] com.csicit.ace.common.log.AceLocalLogger : socketLog_创建命名空间:dv-testapp-platform
2021-12-13 15:31:13 [INFO] com.csicit.ace.common.log.AceLocalLogger : socketLog_创建命名空间:ei-service
2021-12-13 15:31:13 [INFO] org.apache.catalina.core.ContainerBase.[Tomcat].[localhost].[/] : Initializing Spring DispatcherServlet 'dispatcherServlet'
2021-12-13 15:31:13 [INFO] org.springframework.web.servlet.DispatcherServlet : Initializing Servlet 'dispatcherServlet'
2021-12-13 15:31:13 [INFO] org.springframework.web.servlet.DispatcherServlet : Completed initialization in 16 ms
2021-12-13 15:31:15 [INFO] com.csicit.ace.common.log.AceLocalLogger : socketLog_建立连接：45c4ef31-faf0-4521-b827-912a3197f288
2021-12-13 15:31:46 [ERROR] com.csicit.ace.common.log.AceLocalLogger : Request method 'POST' not supported
org.springframework.web.HttpRequestMethodNotSupportedException: Request method 'POST' not supported
	at org.springframework.web.servlet.mvc.method.RequestMappingInfoHandlerMapping.handleNoMatch(RequestMappingInfoHandlerMapping.java:200)
	at org.springframework.web.servlet.handler.AbstractHandlerMethodMapping.lookupHandlerMethod(AbstractHandlerMethodMapping.java:419)
	at org.springframework.web.servlet.handler.AbstractHandlerMethodMapping.getHandlerInternal(AbstractHandlerMethodMapping.java:365)
	at org.springframework.web.servlet.handler.AbstractHandlerMethodMapping.getHandlerInternal(AbstractHandlerMethodMapping.java:65)
	at org.springframework.web.servlet.handler.AbstractHandlerMapping.getHandler(AbstractHandlerMapping.java:401)
	at org.springframework.web.servlet.DispatcherServlet.getHandler(DispatcherServlet.java:1231)
	at org.springframework.web.servlet.DispatcherServlet.doDispatch(DispatcherServlet.java:1014)
	at org.springframework.web.servlet.DispatcherServlet.doService(DispatcherServlet.java:942)
	at org.springframework.web.servlet.FrameworkServlet.processRequest(FrameworkServlet.java:1005)
	at org.springframework.web.servlet.FrameworkServlet.doPost(FrameworkServlet.java:908)
	at javax.servlet.http.HttpServlet.service(HttpServlet.java:660)
	at org.springframework.web.servlet.FrameworkServlet.service(FrameworkServlet.java:882)
	at javax.servlet.http.HttpServlet.service(HttpServlet.java:741)
	at org.apache.catalina.core.ApplicationFilterChain.internalDoFilter(ApplicationFilterChain.java:231)
	at org.apache.catalina.core.ApplicationFilterChain.doFilter(ApplicationFilterChain.java:166)
	at org.apache.tomcat.websocket.server.WsFilter.doFilter(WsFilter.java:53)
	at org.apache.catalina.core.ApplicationFilterChain.internalDoFilter(ApplicationFilterChain.java:193)
	at org.apache.catalina.core.ApplicationFilterChain.doFilter(ApplicationFilterChain.java:166)
	at org.apache.catalina.core.ApplicationDispatcher.invoke(ApplicationDispatcher.java:712)
	at org.apache.catalina.core.ApplicationDispatcher.processRequest(ApplicationDispatcher.java:459)
	at org.apache.catalina.core.ApplicationDispatcher.doForward(ApplicationDispatcher.java:384)
	at org.apache.catalina.core.ApplicationDispatcher.forward(ApplicationDispatcher.java:312)
	at com.csicit.ace.zuul.config.GlobalInterceptor.preHandle(GlobalInterceptor.java:102)
	at org.springframework.web.servlet.HandlerExecutionChain.applyPreHandle(HandlerExecutionChain.java:136)
	at org.springframework.web.servlet.DispatcherServlet.doDispatch(DispatcherServlet.java:1033)
	at org.springframework.web.servlet.DispatcherServlet.doService(DispatcherServlet.java:942)
	at org.springframework.web.servlet.FrameworkServlet.processRequest(FrameworkServlet.java:1005)
	at org.springframework.web.servlet.FrameworkServlet.doPost(FrameworkServlet.java:908)
	at javax.servlet.http.HttpServlet.service(HttpServlet.java:660)
	at org.springframework.web.servlet.FrameworkServlet.service(FrameworkServlet.java:882)
	at javax.servlet.http.HttpServlet.service(HttpServlet.java:741)
	at org.apache.catalina.core.ApplicationFilterChain.internalDoFilter(ApplicationFilterChain.java:231)
	at org.apache.catalina.core.ApplicationFilterChain.doFilter(ApplicationFilterChain.java:166)
	at org.apache.tomcat.websocket.server.WsFilter.doFilter(WsFilter.java:53)
	at org.apache.catalina.core.ApplicationFilterChain.internalDoFilter(ApplicationFilterChain.java:193)
	at org.apache.catalina.core.ApplicationFilterChain.doFilter(ApplicationFilterChain.java:166)
	at org.springframework.web.filter.CorsFilter.doFilterInternal(CorsFilter.java:96)
	at org.springframework.web.filter.OncePerRequestFilter.doFilter(OncePerRequestFilter.java:109)
	at org.apache.catalina.core.ApplicationFilterChain.internalDoFilter(ApplicationFilterChain.java:193)
	at org.apache.catalina.core.ApplicationFilterChain.doFilter(ApplicationFilterChain.java:166)
	at org.springframework.boot.actuate.web.trace.servlet.HttpTraceFilter.doFilterInternal(HttpTraceFilter.java:88)
	at org.springframework.web.filter.OncePerRequestFilter.doFilter(OncePerRequestFilter.java:109)
	at org.apache.catalina.core.ApplicationFilterChain.internalDoFilter(ApplicationFilterChain.java:193)
	at org.apache.catalina.core.ApplicationFilterChain.doFilter(ApplicationFilterChain.java:166)
	at org.springframework.web.filter.RequestContextFilter.doFilterInternal(RequestContextFilter.java:99)
	at org.springframework.web.filter.OncePerRequestFilter.doFilter(OncePerRequestFilter.java:109)
	at org.apache.catalina.core.ApplicationFilterChain.internalDoFilter(ApplicationFilterChain.java:193)
	at org.apache.catalina.core.ApplicationFilterChain.doFilter(ApplicationFilterChain.java:166)
	at org.springframework.web.filter.FormContentFilter.doFilterInternal(FormContentFilter.java:92)
	at org.springframework.web.filter.OncePerRequestFilter.doFilter(OncePerRequestFilter.java:109)
	at org.apache.catalina.core.ApplicationFilterChain.internalDoFilter(ApplicationFilterChain.java:193)
	at org.apache.catalina.core.ApplicationFilterChain.doFilter(ApplicationFilterChain.java:166)
	at org.springframework.web.filter.HiddenHttpMethodFilter.doFilterInternal(HiddenHttpMethodFilter.java:93)
	at org.springframework.web.filter.OncePerRequestFilter.doFilter(OncePerRequestFilter.java:109)
	at org.apache.catalina.core.ApplicationFilterChain.internalDoFilter(ApplicationFilterChain.java:193)
	at org.apache.catalina.core.ApplicationFilterChain.doFilter(ApplicationFilterChain.java:166)
	at org.springframework.boot.actuate.metrics.web.servlet.WebMvcMetricsFilter.filterAndRecordMetrics(WebMvcMetricsFilter.java:114)
	at org.springframework.boot.actuate.metrics.web.servlet.WebMvcMetricsFilter.doFilterInternal(WebMvcMetricsFilter.java:104)
	at org.springframework.web.filter.OncePerRequestFilter.doFilter(OncePerRequestFilter.java:109)
	at org.apache.catalina.core.ApplicationFilterChain.internalDoFilter(ApplicationFilterChain.java:193)
	at org.apache.catalina.core.ApplicationFilterChain.doFilter(ApplicationFilterChain.java:166)
	at org.springframework.web.filter.CharacterEncodingFilter.doFilterInternal(CharacterEncodingFilter.java:200)
	at org.springframework.web.filter.OncePerRequestFilter.doFilter(OncePerRequestFilter.java:109)
	at org.apache.catalina.core.ApplicationFilterChain.internalDoFilter(ApplicationFilterChain.java:193)
	at org.apache.catalina.core.ApplicationFilterChain.doFilter(ApplicationFilterChain.java:166)
	at org.apache.catalina.core.StandardWrapperValve.invoke(StandardWrapperValve.java:199)
	at org.apache.catalina.core.StandardContextValve.invoke(StandardContextValve.java:96)
	at org.apache.catalina.authenticator.AuthenticatorBase.invoke(AuthenticatorBase.java:490)
	at org.apache.catalina.core.StandardHostValve.invoke(StandardHostValve.java:139)
	at org.apache.catalina.valves.ErrorReportValve.invoke(ErrorReportValve.java:92)
	at org.apache.catalina.core.StandardEngineValve.invoke(StandardEngineValve.java:74)
	at org.apache.catalina.connector.CoyoteAdapter.service(CoyoteAdapter.java:343)
	at org.apache.coyote.http11.Http11Processor.service(Http11Processor.java:408)
	at org.apache.coyote.AbstractProcessorLight.process(AbstractProcessorLight.java:66)
	at org.apache.coyote.AbstractProtocol$ConnectionHandler.process(AbstractProtocol.java:834)
	at org.apache.tomcat.util.net.NioEndpoint$SocketProcessor.doRun(NioEndpoint.java:1417)
	at org.apache.tomcat.util.net.SocketProcessorBase.run(SocketProcessorBase.java:49)
	at java.util.concurrent.ThreadPoolExecutor.runWorker(ThreadPoolExecutor.java:1149)
	at java.util.concurrent.ThreadPoolExecutor$Worker.run(ThreadPoolExecutor.java:624)
	at org.apache.tomcat.util.threads.TaskThread$WrappingRunnable.run(TaskThread.java:61)
	at java.lang.Thread.run(Thread.java:748)
2021-12-13 15:31:49 [INFO] com.csicit.ace.common.log.AceLocalLogger : socketLog_断开连接：45c4ef31-faf0-4521-b827-912a3197f288
2021-12-13 15:31:52 [INFO] com.csicit.ace.common.log.AceLocalLogger :  12741--请求地址: http://192.168.20.136:2100/init ,HTTP_METHOD: GET ,IP: 127.0.0.1 ,CLASS_METHOD: com.csicit.ace.platform.core.controller.InitController.getDefaultArgs ,请求参数: {}
2021-12-13 15:31:52 [INFO] com.csicit.ace.common.log.AceLocalLogger :  12748--请求地址: http://192.168.20.136:2100/sysConfigs/action/downloadImg/lgbg ,HTTP_METHOD: GET ,IP: 127.0.0.1 ,CLASS_METHOD: com.csicit.ace.platform.core.controller.SysConfigController.downloadImg ,请求参数: {"t":["1639380712695"]}
2021-12-13 15:31:52 [INFO] com.csicit.ace.common.log.AceLocalLogger :  12748--请求地址: http://192.168.20.136:2100/sysConfigs/action/downloadImg/lglo ,HTTP_METHOD: GET ,IP: 127.0.0.1 ,CLASS_METHOD: com.csicit.ace.platform.core.controller.SysConfigController.downloadImg ,请求参数: {"t":["1639380712695"]}
2021-12-13 15:31:52 [INFO] com.csicit.ace.common.log.AceLocalLogger :  12741--耗时 : 11
2021-12-13 15:31:52 [INFO] com.csicit.ace.common.log.AceLocalLogger :  12748--耗时 : 15
2021-12-13 15:31:52 [INFO] com.csicit.ace.common.log.AceLocalLogger :  12748--耗时 : 28
2021-12-13 15:31:54 [INFO] com.csicit.ace.common.log.AceLocalLogger :  14229--请求地址: http://192.168.20.136:2100/sysConfigs/action/downloadImg/lgbg ,HTTP_METHOD: GET ,IP: 127.0.0.1 ,CLASS_METHOD: com.csicit.ace.platform.core.controller.SysConfigController.downloadImg ,请求参数: {"t":["1639380714205"]}
2021-12-13 15:31:54 [INFO] com.csicit.ace.common.log.AceLocalLogger :  14229--耗时 : 13
2021-12-13 15:31:54 [INFO] com.csicit.ace.common.log.AceLocalLogger :  14245--请求地址: http://192.168.20.136:2100/init ,HTTP_METHOD: GET ,IP: 127.0.0.1 ,CLASS_METHOD: com.csicit.ace.platform.core.controller.InitController.getDefaultArgs ,请求参数: {}
2021-12-13 15:31:54 [INFO] com.csicit.ace.common.log.AceLocalLogger :  14245--耗时 : 0
2021-12-13 15:31:54 [INFO] com.csicit.ace.common.log.AceLocalLogger :  14249--请求地址: http://192.168.20.136:2100/sysConfigs/action/downloadImg/lglo ,HTTP_METHOD: GET ,IP: 127.0.0.1 ,CLASS_METHOD: com.csicit.ace.platform.core.controller.SysConfigController.downloadImg ,请求参数: {"t":["1639380714206"]}
2021-12-13 15:31:54 [INFO] com.csicit.ace.common.log.AceLocalLogger :  14249--耗时 : 4
2021-12-13 15:31:55 [INFO] com.csicit.ace.common.log.AceLocalLogger :  15789--请求地址: http://192.168.20.136:2100/login ,HTTP_METHOD: POST ,IP: 127.0.0.1 ,CLASS_METHOD: com.csicit.ace.platform.core.controller.LoginController.login ,参数: zzjtestflow
2021-12-13 15:31:55 [WARN] com.baomidou.mybatisplus.core.toolkit.sql.SqlHelper : Warn: execute Method There are  289 results.
2021-12-13 15:31:56 [WARN] com.baomidou.mybatisplus.core.toolkit.sql.SqlHelper : Warn: execute Method There are  2 results.
2021-12-13 15:31:56 [INFO] com.csicit.ace.common.log.AceLocalLogger :  15789--耗时 : 339
2021-12-13 15:31:56 [INFO] com.csicit.ace.common.log.AceLocalLogger : REQUEST_URL:/dv-testapp-platform/, REQUEST_METHOD:GET, REQUEST_IP:127.0.0.1
2021-12-13 15:31:56 [INFO] com.csicit.ace.common.log.AceLocalLogger : -----token:2ucy_1-1CIKoDcOa_Ioji9MA_wU71sn1t7-vK466MVszxroaAJbpYVawaTA2Re9wnY0U6g2NOxpfiNV6kjUcxprStp4dh_salMacpWmYYDRj7xMm71j7-QlL4Xm3x7V1hOoi9kp9iQB2fj_U6dEhKg==
2021-12-13 15:31:56 [INFO] com.csicit.ace.common.log.AceLocalLogger : -----sysUserDO:SysUserDO(staffNo=null, userName=zzjtestflow, realName=zzjtestflow, email=null, phoneNumber=null, userType=3, startFlag=1, secretLevel=4, sortIndex=128190, userPost=null, password=null, passwordUpdateTime=2021-08-17T09:45:02.483, personDocId=null, personDoc=null, bdPersonJobDO=null, baseDocType=null, pinyin=zzjtestflow, pswPolicyId=null, failLoginTimes=0, unlockTime=2021-12-13T13:51:55.839, organizationId=1447ac5ad4cd408ba55e2cb6f2ff6ee3, organizationName=null, departmentId=null, departmentCode=null, departmentName=null, departmentSortPath=null, groupId=0b810652d0e84269addf1f147a9c551d, groupName=null, firstLogin=0, beDeleted=0, organizes=null, groups=null, apps=null, userGroups=null, roleType=null, ipBind=0, ipAddress=192.168.20.136)
2021-12-13 15:31:56 [INFO] com.csicit.ace.common.log.AceLocalLogger : REQUEST_USER: zzjtestflow(zzjtestflow), REQUEST_IP:   127.0.0.1
2021-12-13 15:31:58 [INFO] io.seata.core.rpc.netty.NettyClientChannelManager : will connect to 127.0.0.1:8091
2021-12-13 15:31:58 [INFO] io.seata.core.rpc.netty.NettyPoolableFactory : NettyPool create channel to transactionRole:TMROLE,address:127.0.0.1:8091,msg:< RegisterTMRequest{applicationId='ace-zuul', transactionServiceGroup='aceFlow'} >
2021-12-13 15:31:58 [INFO] io.seata.core.rpc.netty.NettyClientChannelManager : will connect to 127.0.0.1:8091
2021-12-13 15:31:58 [INFO] io.seata.core.rpc.netty.NettyPoolableFactory : NettyPool create channel to transactionRole:RMROLE,address:127.0.0.1:8091,msg:< RegisterRMRequest{resourceIds='null', applicationId='ace-zuul', transactionServiceGroup='aceFlow'} >
2021-12-13 15:31:58 [INFO] io.seata.core.rpc.netty.TmNettyRemotingClient : register TM success. client version:1.5.0-SNAPSHOT, server version:1.5.0-SNAPSHOT,channel:[id: 0x84006dff, L:/127.0.0.1:49231 - R:/127.0.0.1:8091]
2021-12-13 15:31:58 [INFO] io.seata.core.rpc.netty.RmNettyRemotingClient : register RM success. client version:1.5.0-SNAPSHOT, server version:1.5.0-SNAPSHOT,channel:[id: 0xcdfac5ea, L:/127.0.0.1:49232 - R:/127.0.0.1:8091]
2021-12-13 15:31:58 [INFO] io.seata.core.rpc.netty.NettyPoolableFactory : register success, cost 24 ms, version:1.5.0-SNAPSHOT,role:TMROLE,channel:[id: 0x84006dff, L:/127.0.0.1:49231 - R:/127.0.0.1:8091]
2021-12-13 15:31:58 [INFO] io.seata.core.rpc.netty.NettyPoolableFactory : register success, cost 20 ms, version:1.5.0-SNAPSHOT,role:RMROLE,channel:[id: 0xcdfac5ea, L:/127.0.0.1:49232 - R:/127.0.0.1:8091]
2021-12-13 15:32:00 [INFO] com.csicit.ace.common.log.AceLocalLogger :  20359--请求地址: http://192.168.20.136:2100/sysMenus/action/tree/dv-testapp-platform ,HTTP_METHOD: GET ,IP: 127.0.0.1 ,CLASS_METHOD: com.csicit.ace.platform.core.controller.SysMenuController.listSideTree ,请求参数: {}
2021-12-13 15:32:01 [INFO] com.csicit.ace.common.log.AceLocalLogger :  20359--耗时 : 845
2021-12-13 15:32:01 [INFO] com.csicit.ace.common.log.AceLocalLogger :  21552--请求地址: http://192.168.20.136:2100/sysUsers/action/info ,HTTP_METHOD: GET ,IP: 127.0.0.1 ,CLASS_METHOD: com.csicit.ace.platform.core.controller.SysUserController.info ,请求参数: {}
2021-12-13 15:32:01 [INFO] com.csicit.ace.common.log.AceLocalLogger : REQUEST_URL:/dv-testapp-platform/bpm/listTaskMineByParams, REQUEST_METHOD:GET, REQUEST_IP:127.0.0.1
2021-12-13 15:32:01 [INFO] com.csicit.ace.common.log.AceLocalLogger : REQUEST_URL:/dv-testapp-platform/bpm/listTaskMineByParams, REQUEST_METHOD:GET, REQUEST_IP:127.0.0.1
2021-12-13 15:32:01 [INFO] com.csicit.ace.common.log.AceLocalLogger : -----token:2ucy_1-1CIKoDcOa_Ioji9MA_wU71sn1t7-vK466MVszxroaAJbpYVawaTA2Re9wnY0U6g2NOxpfiNV6kjUcxprStp4dh_salMacpWmYYDRj7xMm71j7-QlL4Xm3x7V1hOoi9kp9iQB2fj_U6dEhKg==
2021-12-13 15:32:01 [INFO] com.csicit.ace.common.log.AceLocalLogger : -----token:2ucy_1-1CIKoDcOa_Ioji9MA_wU71sn1t7-vK466MVszxroaAJbpYVawaTA2Re9wnY0U6g2NOxpfiNV6kjUcxprStp4dh_salMacpWmYYDRj7xMm71j7-QlL4Xm3x7V1hOoi9kp9iQB2fj_U6dEhKg==
2021-12-13 15:32:01 [INFO] com.csicit.ace.common.log.AceLocalLogger : -----sysUserDO:SysUserDO(staffNo=null, userName=zzjtestflow, realName=zzjtestflow, email=null, phoneNumber=null, userType=3, startFlag=1, secretLevel=4, sortIndex=128190, userPost=null, password=null, passwordUpdateTime=2021-08-17T09:45:02.483, personDocId=null, personDoc=null, bdPersonJobDO=null, baseDocType=null, pinyin=zzjtestflow, pswPolicyId=null, failLoginTimes=0, unlockTime=2021-12-13T13:51:55.839, organizationId=1447ac5ad4cd408ba55e2cb6f2ff6ee3, organizationName=null, departmentId=null, departmentCode=null, departmentName=null, departmentSortPath=null, groupId=0b810652d0e84269addf1f147a9c551d, groupName=null, firstLogin=0, beDeleted=0, organizes=null, groups=null, apps=null, userGroups=null, roleType=null, ipBind=0, ipAddress=192.168.20.136)
2021-12-13 15:32:01 [INFO] com.csicit.ace.common.log.AceLocalLogger : -----sysUserDO:SysUserDO(staffNo=null, userName=zzjtestflow, realName=zzjtestflow, email=null, phoneNumber=null, userType=3, startFlag=1, secretLevel=4, sortIndex=128190, userPost=null, password=null, passwordUpdateTime=2021-08-17T09:45:02.483, personDocId=null, personDoc=null, bdPersonJobDO=null, baseDocType=null, pinyin=zzjtestflow, pswPolicyId=null, failLoginTimes=0, unlockTime=2021-12-13T13:51:55.839, organizationId=1447ac5ad4cd408ba55e2cb6f2ff6ee3, organizationName=null, departmentId=null, departmentCode=null, departmentName=null, departmentSortPath=null, groupId=0b810652d0e84269addf1f147a9c551d, groupName=null, firstLogin=0, beDeleted=0, organizes=null, groups=null, apps=null, userGroups=null, roleType=null, ipBind=0, ipAddress=192.168.20.136)
2021-12-13 15:32:01 [INFO] com.csicit.ace.common.log.AceLocalLogger : REQUEST_USER: zzjtestflow(zzjtestflow), REQUEST_IP:   127.0.0.1
2021-12-13 15:32:01 [INFO] com.csicit.ace.common.log.AceLocalLogger : REQUEST_USER: zzjtestflow(zzjtestflow), REQUEST_IP:   127.0.0.1
2021-12-13 15:32:01 [INFO] com.csicit.ace.common.log.AceLocalLogger :  21552--耗时 : 23
2021-12-13 15:32:01 [INFO] com.csicit.ace.common.log.AceLocalLogger : socketLog_建立连接：33611921-69ca-4e4e-bb19-cdf29afc4292
2021-12-13 15:32:01 [INFO] com.csicit.ace.common.log.AceLocalLogger : socketLog_建立连接用户：f5d6d37948d3414e938343cb5ac96f21
2021-12-13 15:32:01 [INFO] com.csicit.ace.common.log.AceLocalLogger :  21585--请求地址: http://127.0.0.1:2100/ehcache/action/get ,HTTP_METHOD: GET ,IP: 127.0.0.1 ,CLASS_METHOD: com.csicit.ace.zuul.controller.EhcacheHttpController.get ,请求参数: {"key":["platform_internationalization"]}
2021-12-13 15:32:01 [INFO] com.csicit.ace.common.log.AceLocalLogger :  21585--请求地址: http://127.0.0.1:2100/ehcache/action/get ,HTTP_METHOD: GET ,IP: 127.0.0.1 ,CLASS_METHOD: com.csicit.ace.zuul.controller.EhcacheHttpController.get ,请求参数: {"key":["platform_internationalization"]}
2021-12-13 15:32:01 [INFO] com.csicit.ace.common.log.AceLocalLogger :  21585--耗时 : 2
2021-12-13 15:32:01 [INFO] com.csicit.ace.common.log.AceLocalLogger :  21585--耗时 : 2
2021-12-13 15:32:01 [INFO] com.csicit.ace.common.log.AceLocalLogger :  21592--请求地址: http://127.0.0.1:2100/ehcache/action/get ,HTTP_METHOD: GET ,IP: 127.0.0.1 ,CLASS_METHOD: com.csicit.ace.zuul.controller.EhcacheHttpController.get ,请求参数: {"key":["2ucy_1-1CIKoDcOa_Ioji9MA_wU71sn1t7-vK466MVszxroaAJbpYVawaTA2Re9wnY0U6g2NOxpfiNV6kjUcxprStp4dh_salMacpWmYYDRj7xMm71j7-QlL4Xm3x7V1hOoi9kp9iQB2fj_U6dEhKg==userid"]}
2021-12-13 15:32:01 [INFO] com.csicit.ace.common.log.AceLocalLogger :  21592--请求地址: http://127.0.0.1:2100/ehcache/action/get ,HTTP_METHOD: GET ,IP: 127.0.0.1 ,CLASS_METHOD: com.csicit.ace.zuul.controller.EhcacheHttpController.get ,请求参数: {"key":["2ucy_1-1CIKoDcOa_Ioji9MA_wU71sn1t7-vK466MVszxroaAJbpYVawaTA2Re9wnY0U6g2NOxpfiNV6kjUcxprStp4dh_salMacpWmYYDRj7xMm71j7-QlL4Xm3x7V1hOoi9kp9iQB2fj_U6dEhKg==userid"]}
2021-12-13 15:32:01 [INFO] com.csicit.ace.common.log.AceLocalLogger :  21592--耗时 : 0
2021-12-13 15:32:01 [INFO] com.csicit.ace.common.log.AceLocalLogger :  21592--耗时 : 0
2021-12-13 15:32:01 [INFO] com.csicit.ace.common.log.AceLocalLogger :  21638--请求地址: http://127.0.0.1:2100/orgauth/sysUsers/action/getSomeUsers ,HTTP_METHOD: GET ,IP: 192.168.20.136 ,CLASS_METHOD: com.csicit.ace.orgauth.core.controller.SysUserControllerO.getSomeUsers ,请求参数: {"code":["user"],"ids":["[\"f5d6d37948d3414e938343cb5ac96f21\"]"]}
2021-12-13 15:32:01 [INFO] com.csicit.ace.common.log.AceLocalLogger :  21638--耗时 : 15
2021-12-13 15:32:01 [INFO] com.csicit.ace.common.log.AceLocalLogger :  21654--请求地址: http://127.0.0.1:2100/orgauth/sysUsers/action/getSomeUsers ,HTTP_METHOD: GET ,IP: 192.168.20.136 ,CLASS_METHOD: com.csicit.ace.orgauth.core.controller.SysUserControllerO.getSomeUsers ,请求参数: {"code":["user"],"ids":["[\"f5d6d37948d3414e938343cb5ac96f21\"]"]}
2021-12-13 15:32:01 [INFO] com.csicit.ace.common.log.AceLocalLogger :  21658--请求地址: http://127.0.0.1:2100/ehcache/action/get ,HTTP_METHOD: GET ,IP: 127.0.0.1 ,CLASS_METHOD: com.csicit.ace.zuul.controller.EhcacheHttpController.get ,请求参数: {"key":["2ucy_1-1CIKoDcOa_Ioji9MA_wU71sn1t7-vK466MVszxroaAJbpYVawaTA2Re9wnY0U6g2NOxpfiNV6kjUcxprStp4dh_salMacpWmYYDRj7xMm71j7-QlL4Xm3x7V1hOoi9kp9iQB2fj_U6dEhKg==userid"]}
2021-12-13 15:32:01 [INFO] com.csicit.ace.common.log.AceLocalLogger :  21658--耗时 : 1
2021-12-13 15:32:01 [INFO] com.csicit.ace.common.log.AceLocalLogger :  21654--耗时 : 7
2021-12-13 15:32:01 [INFO] com.csicit.ace.common.log.AceLocalLogger :  21665--请求地址: http://127.0.0.1:2100/ehcache/action/get ,HTTP_METHOD: GET ,IP: 127.0.0.1 ,CLASS_METHOD: com.csicit.ace.zuul.controller.EhcacheHttpController.get ,请求参数: {"key":["2ucy_1-1CIKoDcOa_Ioji9MA_wU71sn1t7-vK466MVszxroaAJbpYVawaTA2Re9wnY0U6g2NOxpfiNV6kjUcxprStp4dh_salMacpWmYYDRj7xMm71j7-QlL4Xm3x7V1hOoi9kp9iQB2fj_U6dEhKg==userid"]}
2021-12-13 15:32:01 [INFO] com.csicit.ace.common.log.AceLocalLogger :  21665--耗时 : 1
2021-12-13 15:32:01 [INFO] com.csicit.ace.common.log.AceLocalLogger : REQUEST_URL:/dv-testapp-platform/bpm/listFocusedWorks, REQUEST_METHOD:GET, REQUEST_IP:127.0.0.1
2021-12-13 15:32:01 [INFO] com.csicit.ace.common.log.AceLocalLogger : REQUEST_URL:/dv-testapp-platform/bpm/listTaskDelegate, REQUEST_METHOD:GET, REQUEST_IP:127.0.0.1
2021-12-13 15:32:01 [INFO] com.csicit.ace.common.log.AceLocalLogger : -----token:2ucy_1-1CIKoDcOa_Ioji9MA_wU71sn1t7-vK466MVszxroaAJbpYVawaTA2Re9wnY0U6g2NOxpfiNV6kjUcxprStp4dh_salMacpWmYYDRj7xMm71j7-QlL4Xm3x7V1hOoi9kp9iQB2fj_U6dEhKg==
2021-12-13 15:32:01 [INFO] com.csicit.ace.common.log.AceLocalLogger : -----token:2ucy_1-1CIKoDcOa_Ioji9MA_wU71sn1t7-vK466MVszxroaAJbpYVawaTA2Re9wnY0U6g2NOxpfiNV6kjUcxprStp4dh_salMacpWmYYDRj7xMm71j7-QlL4Xm3x7V1hOoi9kp9iQB2fj_U6dEhKg==
2021-12-13 15:32:01 [INFO] com.csicit.ace.common.log.AceLocalLogger : -----sysUserDO:SysUserDO(staffNo=null, userName=zzjtestflow, realName=zzjtestflow, email=null, phoneNumber=null, userType=3, startFlag=1, secretLevel=4, sortIndex=128190, userPost=null, password=null, passwordUpdateTime=2021-08-17T09:45:02.483, personDocId=null, personDoc=null, bdPersonJobDO=null, baseDocType=null, pinyin=zzjtestflow, pswPolicyId=null, failLoginTimes=0, unlockTime=2021-12-13T13:51:55.839, organizationId=1447ac5ad4cd408ba55e2cb6f2ff6ee3, organizationName=null, departmentId=null, departmentCode=null, departmentName=null, departmentSortPath=null, groupId=0b810652d0e84269addf1f147a9c551d, groupName=null, firstLogin=0, beDeleted=0, organizes=null, groups=null, apps=null, userGroups=null, roleType=null, ipBind=0, ipAddress=192.168.20.136)
2021-12-13 15:32:01 [INFO] com.csicit.ace.common.log.AceLocalLogger : -----sysUserDO:SysUserDO(staffNo=null, userName=zzjtestflow, realName=zzjtestflow, email=null, phoneNumber=null, userType=3, startFlag=1, secretLevel=4, sortIndex=128190, userPost=null, password=null, passwordUpdateTime=2021-08-17T09:45:02.483, personDocId=null, personDoc=null, bdPersonJobDO=null, baseDocType=null, pinyin=zzjtestflow, pswPolicyId=null, failLoginTimes=0, unlockTime=2021-12-13T13:51:55.839, organizationId=1447ac5ad4cd408ba55e2cb6f2ff6ee3, organizationName=null, departmentId=null, departmentCode=null, departmentName=null, departmentSortPath=null, groupId=0b810652d0e84269addf1f147a9c551d, groupName=null, firstLogin=0, beDeleted=0, organizes=null, groups=null, apps=null, userGroups=null, roleType=null, ipBind=0, ipAddress=192.168.20.136)
2021-12-13 15:32:01 [INFO] com.csicit.ace.common.log.AceLocalLogger : REQUEST_USER: zzjtestflow(zzjtestflow), REQUEST_IP:   127.0.0.1
2021-12-13 15:32:01 [INFO] com.csicit.ace.common.log.AceLocalLogger : REQUEST_USER: zzjtestflow(zzjtestflow), REQUEST_IP:   127.0.0.1
2021-12-13 15:32:01 [INFO] com.csicit.ace.common.log.AceLocalLogger :  21880--请求地址: http://127.0.0.1:2100/ehcache/action/get ,HTTP_METHOD: GET ,IP: 127.0.0.1 ,CLASS_METHOD: com.csicit.ace.zuul.controller.EhcacheHttpController.get ,请求参数: {"key":["2ucy_1-1CIKoDcOa_Ioji9MA_wU71sn1t7-vK466MVszxroaAJbpYVawaTA2Re9wnY0U6g2NOxpfiNV6kjUcxprStp4dh_salMacpWmYYDRj7xMm71j7-QlL4Xm3x7V1hOoi9kp9iQB2fj_U6dEhKg==userid"]}
2021-12-13 15:32:01 [INFO] com.csicit.ace.common.log.AceLocalLogger :  21880--请求地址: http://127.0.0.1:2100/ehcache/action/get ,HTTP_METHOD: GET ,IP: 127.0.0.1 ,CLASS_METHOD: com.csicit.ace.zuul.controller.EhcacheHttpController.get ,请求参数: {"key":["2ucy_1-1CIKoDcOa_Ioji9MA_wU71sn1t7-vK466MVszxroaAJbpYVawaTA2Re9wnY0U6g2NOxpfiNV6kjUcxprStp4dh_salMacpWmYYDRj7xMm71j7-QlL4Xm3x7V1hOoi9kp9iQB2fj_U6dEhKg==userid"]}
2021-12-13 15:32:01 [INFO] com.csicit.ace.common.log.AceLocalLogger :  21880--耗时 : 0
2021-12-13 15:32:01 [INFO] com.csicit.ace.common.log.AceLocalLogger :  21880--耗时 : 0
2021-12-13 15:32:01 [INFO] com.csicit.ace.common.log.AceLocalLogger :  21897--请求地址: http://127.0.0.1:2100/orgauth/sysUsers/action/getSomeUsers ,HTTP_METHOD: GET ,IP: 192.168.20.136 ,CLASS_METHOD: com.csicit.ace.orgauth.core.controller.SysUserControllerO.getSomeUsers ,请求参数: {"code":["user"],"ids":["[\"f5d6d37948d3414e938343cb5ac96f21\"]"]}
2021-12-13 15:32:01 [INFO] com.csicit.ace.common.log.AceLocalLogger :  21899--请求地址: http://127.0.0.1:2100/ehcache/action/get ,HTTP_METHOD: GET ,IP: 127.0.0.1 ,CLASS_METHOD: com.csicit.ace.zuul.controller.EhcacheHttpController.get ,请求参数: {"key":["platform_internationalization"]}
2021-12-13 15:32:01 [INFO] com.csicit.ace.common.log.AceLocalLogger :  21899--耗时 : 0
2021-12-13 15:32:01 [INFO] com.csicit.ace.common.log.AceLocalLogger :  21897--耗时 : 8
2021-12-13 15:32:01 [INFO] com.csicit.ace.common.log.AceLocalLogger :  21918--请求地址: http://192.168.20.136:2100/orgauth/sysMsgs/query/noReadMsg/f5d6d37948d3414e938343cb5ac96f21/dv-testapp-platform ,HTTP_METHOD: GET ,IP: 127.0.0.1 ,CLASS_METHOD: com.csicit.ace.orgauth.core.controller.SysMessageController.listUserNoReadMsg ,请求参数: {"token":["2ucy_1-1CIKoDcOa_Ioji9MA_wU71sn1t7-vK466MVszxroaAJbpYVawaTA2Re9wnY0U6g2NOxpfiNV6kjUcxprStp4dh_salMacpWmYYDRj7xMm71j7-QlL4Xm3x7V1hOoi9kp9iQB2fj_U6dEhKg=="]}
2021-12-13 15:32:01 [INFO] com.csicit.ace.common.log.AceLocalLogger :  21918--耗时 : 29
2021-12-13 15:32:01 [INFO] com.csicit.ace.common.log.AceLocalLogger :  21971--请求地址: http://127.0.0.1:2100/ehcache/action/get ,HTTP_METHOD: GET ,IP: 127.0.0.1 ,CLASS_METHOD: com.csicit.ace.zuul.controller.EhcacheHttpController.get ,请求参数: {"key":["platform_internationalization"]}
2021-12-13 15:32:01 [INFO] com.csicit.ace.common.log.AceLocalLogger :  21971--耗时 : 0
2021-12-13 15:32:03 [INFO] com.csicit.ace.common.log.AceLocalLogger : REQUEST_URL:/dv-testapp-platform/borrowBooks/list/paramJson, REQUEST_METHOD:POST, REQUEST_IP:127.0.0.1
2021-12-13 15:32:03 [INFO] com.csicit.ace.common.log.AceLocalLogger : -----token:2ucy_1-1CIKoDcOa_Ioji9MA_wU71sn1t7-vK466MVszxroaAJbpYVawaTA2Re9wnY0U6g2NOxpfiNV6kjUcxprStp4dh_salMacpWmYYDRj7xMm71j7-QlL4Xm3x7V1hOoi9kp9iQB2fj_U6dEhKg==
2021-12-13 15:32:03 [INFO] com.csicit.ace.common.log.AceLocalLogger : -----sysUserDO:SysUserDO(staffNo=null, userName=zzjtestflow, realName=zzjtestflow, email=null, phoneNumber=null, userType=3, startFlag=1, secretLevel=4, sortIndex=128190, userPost=null, password=null, passwordUpdateTime=2021-08-17T09:45:02.483, personDocId=null, personDoc=null, bdPersonJobDO=null, baseDocType=null, pinyin=zzjtestflow, pswPolicyId=null, failLoginTimes=0, unlockTime=2021-12-13T13:51:55.839, organizationId=1447ac5ad4cd408ba55e2cb6f2ff6ee3, organizationName=null, departmentId=null, departmentCode=null, departmentName=null, departmentSortPath=null, groupId=0b810652d0e84269addf1f147a9c551d, groupName=null, firstLogin=0, beDeleted=0, organizes=null, groups=null, apps=null, userGroups=null, roleType=null, ipBind=0, ipAddress=192.168.20.136)
2021-12-13 15:32:03 [INFO] com.csicit.ace.common.log.AceLocalLogger : REQUEST_USER: zzjtestflow(zzjtestflow), REQUEST_IP:   127.0.0.1
2021-12-13 15:32:03 [INFO] com.csicit.ace.common.log.AceLocalLogger :  23419--请求地址: http://127.0.0.1:2100/ehcache/action/get ,HTTP_METHOD: GET ,IP: 127.0.0.1 ,CLASS_METHOD: com.csicit.ace.zuul.controller.EhcacheHttpController.get ,请求参数: {"key":["platform_internationalization"]}
2021-12-13 15:32:03 [INFO] com.csicit.ace.common.log.AceLocalLogger :  23419--耗时 : 0
2021-12-13 15:32:03 [INFO] com.csicit.ace.common.log.AceLocalLogger :  23422--请求地址: http://127.0.0.1:2100/ehcache/action/get ,HTTP_METHOD: GET ,IP: 127.0.0.1 ,CLASS_METHOD: com.csicit.ace.zuul.controller.EhcacheHttpController.get ,请求参数: {"key":["platform_internationalization"]}
2021-12-13 15:32:03 [INFO] com.csicit.ace.common.log.AceLocalLogger :  23422--耗时 : 0
2021-12-13 15:32:03 [INFO] com.csicit.ace.common.log.AceLocalLogger : REQUEST_URL:/dv-testapp-platform/bpm/getFlowModelByCode, REQUEST_METHOD:GET, REQUEST_IP:127.0.0.1
2021-12-13 15:32:03 [INFO] com.csicit.ace.common.log.AceLocalLogger : -----token:2ucy_1-1CIKoDcOa_Ioji9MA_wU71sn1t7-vK466MVszxroaAJbpYVawaTA2Re9wnY0U6g2NOxpfiNV6kjUcxprStp4dh_salMacpWmYYDRj7xMm71j7-QlL4Xm3x7V1hOoi9kp9iQB2fj_U6dEhKg==
2021-12-13 15:32:03 [INFO] com.csicit.ace.common.log.AceLocalLogger : -----sysUserDO:SysUserDO(staffNo=null, userName=zzjtestflow, realName=zzjtestflow, email=null, phoneNumber=null, userType=3, startFlag=1, secretLevel=4, sortIndex=128190, userPost=null, password=null, passwordUpdateTime=2021-08-17T09:45:02.483, personDocId=null, personDoc=null, bdPersonJobDO=null, baseDocType=null, pinyin=zzjtestflow, pswPolicyId=null, failLoginTimes=0, unlockTime=2021-12-13T13:51:55.839, organizationId=1447ac5ad4cd408ba55e2cb6f2ff6ee3, organizationName=null, departmentId=null, departmentCode=null, departmentName=null, departmentSortPath=null, groupId=0b810652d0e84269addf1f147a9c551d, groupName=null, firstLogin=0, beDeleted=0, organizes=null, groups=null, apps=null, userGroups=null, roleType=null, ipBind=0, ipAddress=192.168.20.136)
2021-12-13 15:32:03 [INFO] com.csicit.ace.common.log.AceLocalLogger : REQUEST_USER: zzjtestflow(zzjtestflow), REQUEST_IP:   127.0.0.1
2021-12-13 15:32:03 [INFO] com.csicit.ace.common.log.AceLocalLogger :  23943--请求地址: http://127.0.0.1:2100/ehcache/action/get ,HTTP_METHOD: GET ,IP: 127.0.0.1 ,CLASS_METHOD: com.csicit.ace.zuul.controller.EhcacheHttpController.get ,请求参数: {"key":["platform_internationalization"]}
2021-12-13 15:32:03 [INFO] com.csicit.ace.common.log.AceLocalLogger :  23943--耗时 : 0
2021-12-13 15:32:04 [INFO] com.csicit.ace.common.log.AceLocalLogger : REQUEST_URL:/dv-testapp-platform/bpm/getNodeInfo, REQUEST_METHOD:GET, REQUEST_IP:127.0.0.1
2021-12-13 15:32:04 [INFO] com.csicit.ace.common.log.AceLocalLogger : -----token:2ucy_1-1CIKoDcOa_Ioji9MA_wU71sn1t7-vK466MVszxroaAJbpYVawaTA2Re9wnY0U6g2NOxpfiNV6kjUcxprStp4dh_salMacpWmYYDRj7xMm71j7-QlL4Xm3x7V1hOoi9kp9iQB2fj_U6dEhKg==
2021-12-13 15:32:04 [INFO] com.csicit.ace.common.log.AceLocalLogger : -----sysUserDO:SysUserDO(staffNo=null, userName=zzjtestflow, realName=zzjtestflow, email=null, phoneNumber=null, userType=3, startFlag=1, secretLevel=4, sortIndex=128190, userPost=null, password=null, passwordUpdateTime=2021-08-17T09:45:02.483, personDocId=null, personDoc=null, bdPersonJobDO=null, baseDocType=null, pinyin=zzjtestflow, pswPolicyId=null, failLoginTimes=0, unlockTime=2021-12-13T13:51:55.839, organizationId=1447ac5ad4cd408ba55e2cb6f2ff6ee3, organizationName=null, departmentId=null, departmentCode=null, departmentName=null, departmentSortPath=null, groupId=0b810652d0e84269addf1f147a9c551d, groupName=null, firstLogin=0, beDeleted=0, organizes=null, groups=null, apps=null, userGroups=null, roleType=null, ipBind=0, ipAddress=192.168.20.136)
2021-12-13 15:32:04 [INFO] com.csicit.ace.common.log.AceLocalLogger : REQUEST_USER: zzjtestflow(zzjtestflow), REQUEST_IP:   127.0.0.1
2021-12-13 15:32:04 [INFO] com.csicit.ace.common.log.AceLocalLogger :  24325--请求地址: http://127.0.0.1:2100/ehcache/action/get ,HTTP_METHOD: GET ,IP: 127.0.0.1 ,CLASS_METHOD: com.csicit.ace.zuul.controller.EhcacheHttpController.get ,请求参数: {"key":["2ucy_1-1CIKoDcOa_Ioji9MA_wU71sn1t7-vK466MVszxroaAJbpYVawaTA2Re9wnY0U6g2NOxpfiNV6kjUcxprStp4dh_salMacpWmYYDRj7xMm71j7-QlL4Xm3x7V1hOoi9kp9iQB2fj_U6dEhKg=="]}
2021-12-13 15:32:04 [INFO] com.csicit.ace.common.log.AceLocalLogger :  24325--耗时 : 1
2021-12-13 15:32:04 [INFO] com.csicit.ace.common.log.AceLocalLogger :  24330--请求地址: http://127.0.0.1:2100/orgauth/sysAuths/action/hasAuthorityWithUserId/f5d6d37948d3414e938343cb5ac96f21/852af9da68384365b5a0253cf2fbfd69 ,HTTP_METHOD: GET ,IP: 192.168.20.136 ,CLASS_METHOD: com.csicit.ace.orgauth.core.controller.SysAuthControllerO.hasAuthorityWithUserId ,请求参数: {}
2021-12-13 15:32:04 [INFO] com.csicit.ace.common.log.AceLocalLogger :  24330--耗时 : 11
2021-12-13 15:32:04 [INFO] com.csicit.ace.common.log.AceLocalLogger :  24345--请求地址: http://127.0.0.1:2100/ehcache/action/get ,HTTP_METHOD: GET ,IP: 127.0.0.1 ,CLASS_METHOD: com.csicit.ace.zuul.controller.EhcacheHttpController.get ,请求参数: {"key":["platform_internationalization"]}
2021-12-13 15:32:04 [INFO] com.csicit.ace.common.log.AceLocalLogger :  24345--耗时 : 0
2021-12-13 15:32:04 [INFO] com.csicit.ace.common.log.AceLocalLogger : REQUEST_URL:/dv-testapp-platform/bpm/wfdUserPage/borrowBookApplication, REQUEST_METHOD:GET, REQUEST_IP:127.0.0.1
2021-12-13 15:32:04 [INFO] com.csicit.ace.common.log.AceLocalLogger : -----token:2ucy_1-1CIKoDcOa_Ioji9MA_wU71sn1t7-vK466MVszxroaAJbpYVawaTA2Re9wnY0U6g2NOxpfiNV6kjUcxprStp4dh_salMacpWmYYDRj7xMm71j7-QlL4Xm3x7V1hOoi9kp9iQB2fj_U6dEhKg==
2021-12-13 15:32:04 [INFO] com.csicit.ace.common.log.AceLocalLogger : -----sysUserDO:SysUserDO(staffNo=null, userName=zzjtestflow, realName=zzjtestflow, email=null, phoneNumber=null, userType=3, startFlag=1, secretLevel=4, sortIndex=128190, userPost=null, password=null, passwordUpdateTime=2021-08-17T09:45:02.483, personDocId=null, personDoc=null, bdPersonJobDO=null, baseDocType=null, pinyin=zzjtestflow, pswPolicyId=null, failLoginTimes=0, unlockTime=2021-12-13T13:51:55.839, organizationId=1447ac5ad4cd408ba55e2cb6f2ff6ee3, organizationName=null, departmentId=null, departmentCode=null, departmentName=null, departmentSortPath=null, groupId=0b810652d0e84269addf1f147a9c551d, groupName=null, firstLogin=0, beDeleted=0, organizes=null, groups=null, apps=null, userGroups=null, roleType=null, ipBind=0, ipAddress=192.168.20.136)
2021-12-13 15:32:04 [INFO] com.csicit.ace.common.log.AceLocalLogger : REQUEST_USER: zzjtestflow(zzjtestflow), REQUEST_IP:   127.0.0.1
2021-12-13 15:32:04 [INFO] com.csicit.ace.common.log.AceLocalLogger :  24551--请求地址: http://127.0.0.1:2100/ehcache/action/get ,HTTP_METHOD: GET ,IP: 127.0.0.1 ,CLASS_METHOD: com.csicit.ace.zuul.controller.EhcacheHttpController.get ,请求参数: {"key":["2ucy_1-1CIKoDcOa_Ioji9MA_wU71sn1t7-vK466MVszxroaAJbpYVawaTA2Re9wnY0U6g2NOxpfiNV6kjUcxprStp4dh_salMacpWmYYDRj7xMm71j7-QlL4Xm3x7V1hOoi9kp9iQB2fj_U6dEhKg==userid"]}
2021-12-13 15:32:04 [INFO] com.csicit.ace.common.log.AceLocalLogger :  24551--耗时 : 0
2021-12-13 15:32:04 [INFO] com.csicit.ace.common.log.AceLocalLogger :  24561--请求地址: http://127.0.0.1:2100/ehcache/action/get ,HTTP_METHOD: GET ,IP: 127.0.0.1 ,CLASS_METHOD: com.csicit.ace.zuul.controller.EhcacheHttpController.get ,请求参数: {"key":["platform_internationalization"]}
2021-12-13 15:32:04 [INFO] com.csicit.ace.common.log.AceLocalLogger :  24561--耗时 : 0
2021-12-13 15:32:04 [INFO] com.csicit.ace.common.log.AceLocalLogger : REQUEST_URL:/dv-testapp-platform/interfaces/getManageDepName/f5d6d37948d3414e938343cb5ac96f21, REQUEST_METHOD:GET, REQUEST_IP:127.0.0.1
2021-12-13 15:32:04 [INFO] com.csicit.ace.common.log.AceLocalLogger : -----token:2ucy_1-1CIKoDcOa_Ioji9MA_wU71sn1t7-vK466MVszxroaAJbpYVawaTA2Re9wnY0U6g2NOxpfiNV6kjUcxprStp4dh_salMacpWmYYDRj7xMm71j7-QlL4Xm3x7V1hOoi9kp9iQB2fj_U6dEhKg==
2021-12-13 15:32:04 [INFO] com.csicit.ace.common.log.AceLocalLogger : -----sysUserDO:SysUserDO(staffNo=null, userName=zzjtestflow, realName=zzjtestflow, email=null, phoneNumber=null, userType=3, startFlag=1, secretLevel=4, sortIndex=128190, userPost=null, password=null, passwordUpdateTime=2021-08-17T09:45:02.483, personDocId=null, personDoc=null, bdPersonJobDO=null, baseDocType=null, pinyin=zzjtestflow, pswPolicyId=null, failLoginTimes=0, unlockTime=2021-12-13T13:51:55.839, organizationId=1447ac5ad4cd408ba55e2cb6f2ff6ee3, organizationName=null, departmentId=null, departmentCode=null, departmentName=null, departmentSortPath=null, groupId=0b810652d0e84269addf1f147a9c551d, groupName=null, firstLogin=0, beDeleted=0, organizes=null, groups=null, apps=null, userGroups=null, roleType=null, ipBind=0, ipAddress=192.168.20.136)
2021-12-13 15:32:04 [INFO] com.csicit.ace.common.log.AceLocalLogger : REQUEST_USER: zzjtestflow(zzjtestflow), REQUEST_IP:   127.0.0.1
2021-12-13 15:32:04 [INFO] com.csicit.ace.common.log.AceLocalLogger :  24849--请求地址: http://192.168.20.136:2100/fileConfiguration/load ,HTTP_METHOD: POST ,IP: 127.0.0.1 ,CLASS_METHOD: com.csicit.ace.fileserver.core.controller.FileConfigurationController.load ,请求参数: {"appName":["dv-testapp-platform"],"token":["2ucy_1-1CIKoDcOa_Ioji9MA_wU71sn1t7-vK466MVszxroaAJbpYVawaTA2Re9wnY0U6g2NOxpfiNV6kjUcxprStp4dh_salMacpWmYYDRj7xMm71j7-QlL4Xm3x7V1hOoi9kp9iQB2fj_U6dEhKg=="]}
2021-12-13 15:32:04 [INFO] com.csicit.ace.common.log.AceLocalLogger :  24853--请求地址: http://127.0.0.1:2100/orgauth/orgDepartments/action/getMainDeptByUserId/f5d6d37948d3414e938343cb5ac96f21 ,HTTP_METHOD: GET ,IP: 192.168.20.136 ,CLASS_METHOD: com.csicit.ace.orgauth.core.controller.OrgDepartmentControllerO.getMainDeptByUserId ,请求参数: {}
2021-12-13 15:32:04 [INFO] com.csicit.ace.common.log.AceLocalLogger :  24853--耗时 : 7
2021-12-13 15:32:04 [INFO] com.csicit.ace.common.log.AceLocalLogger :  24866--请求地址: http://127.0.0.1:2100/ehcache/action/get ,HTTP_METHOD: GET ,IP: 127.0.0.1 ,CLASS_METHOD: com.csicit.ace.zuul.controller.EhcacheHttpController.get ,请求参数: {"key":["platform_internationalization"]}
2021-12-13 15:32:04 [INFO] com.csicit.ace.common.log.AceLocalLogger :  24866--耗时 : 1
2021-12-13 15:32:05 [INFO] com.csicit.ace.common.log.AceLocalLogger :  24849--耗时 : 189
2021-12-13 15:32:10 [INFO] com.csicit.ace.common.log.AceLocalLogger :  30870--请求地址: http://192.168.20.136:2100/fileRepository/allocateSpace ,HTTP_METHOD: POST ,IP: 127.0.0.1 ,CLASS_METHOD: com.csicit.ace.fileserver.core.controller.FileRepositoryController.allocateSpace ,请求参数: {"appName":["dv-testapp-platform"],"token":["2ucy_1-1CIKoDcOa_Ioji9MA_wU71sn1t7-vK466MVszxroaAJbpYVawaTA2Re9wnY0U6g2NOxpfiNV6kjUcxprStp4dh_salMacpWmYYDRj7xMm71j7-QlL4Xm3x7V1hOoi9kp9iQB2fj_U6dEhKg=="]}
2021-12-13 15:32:11 [WARN] com.baomidou.mybatisplus.core.toolkit.sql.SqlHelper : Warn: execute Method There are  2 results.
2021-12-13 15:32:11 [INFO] com.csicit.ace.common.log.AceLocalLogger :  30870--耗时 : 218
2021-12-13 15:32:11 [INFO] com.csicit.ace.common.log.AceLocalLogger :  31503--请求地址: http://192.168.20.136:2100/fileUpload/uploadReview ,HTTP_METHOD: POST ,IP: 127.0.0.1 ,CLASS_METHOD: com.csicit.ace.fileserver.core.controller.FileUploadController.uploadReview ,请求参数: {"appName":["dv-testapp-platform","dv-testapp-platform"],"token":["2ucy_1-1CIKoDcOa_Ioji9MA_wU71sn1t7-vK466MVszxroaAJbpYVawaTA2Re9wnY0U6g2NOxpfiNV6kjUcxprStp4dh_salMacpWmYYDRj7xMm71j7-QlL4Xm3x7V1hOoi9kp9iQB2fj_U6dEhKg=="],"configurationKey":["test-file"],"id":["WU_FILE_0"],"name":["sy.jpg"],"type":["image/jpeg"],"lastModifiedDate":["Mon Nov 08 2021 13:37:39 GMT+0800 (中国标准时间)"],"size":["431336"],"yfId":["d3bea2b746de4c219fcf908a11db0597"]}
2021-12-13 15:32:11 [WARN] com.baomidou.mybatisplus.core.toolkit.sql.SqlHelper : Warn: execute Method There are  2 results.
2021-12-13 15:32:11 [INFO] org.slf4j.Logger : file upload: sy.jpg
2021-12-13 15:32:11 [INFO] com.csicit.ace.common.log.AceLocalLogger :  31503--耗时 : 204
2021-12-13 15:32:13 [INFO] com.csicit.ace.common.log.AceLocalLogger :  33559--请求地址: http://192.168.20.136:2100/fileUpload/reviewFile ,HTTP_METHOD: POST ,IP: 127.0.0.1 ,CLASS_METHOD: com.csicit.ace.fileserver.core.controller.FileUploadController.reviewFile ,请求参数: {"uploadFormId":["f0e268b3-84d4-4474-87c6-3a76ea4a35cc"]}
2021-12-13 15:32:13 [INFO] com.csicit.ace.common.log.AceLocalLogger :  33559--耗时 : 39
2021-12-13 15:32:13 [INFO] com.csicit.ace.common.log.AceLocalLogger : REQUEST_URL:/dv-testapp-platform/bpm/createReviewFile, REQUEST_METHOD:POST, REQUEST_IP:127.0.0.1
2021-12-13 15:32:13 [INFO] com.csicit.ace.common.log.AceLocalLogger : -----token:2ucy_1-1CIKoDcOa_Ioji9MA_wU71sn1t7-vK466MVszxroaAJbpYVawaTA2Re9wnY0U6g2NOxpfiNV6kjUcxprStp4dh_salMacpWmYYDRj7xMm71j7-QlL4Xm3x7V1hOoi9kp9iQB2fj_U6dEhKg==
2021-12-13 15:32:13 [INFO] com.csicit.ace.common.log.AceLocalLogger : -----sysUserDO:SysUserDO(staffNo=null, userName=zzjtestflow, realName=zzjtestflow, email=null, phoneNumber=null, userType=3, startFlag=1, secretLevel=4, sortIndex=128190, userPost=null, password=null, passwordUpdateTime=2021-08-17T09:45:02.483, personDocId=null, personDoc=null, bdPersonJobDO=null, baseDocType=null, pinyin=zzjtestflow, pswPolicyId=null, failLoginTimes=0, unlockTime=2021-12-13T13:51:55.839, organizationId=1447ac5ad4cd408ba55e2cb6f2ff6ee3, organizationName=null, departmentId=null, departmentCode=null, departmentName=null, departmentSortPath=null, groupId=0b810652d0e84269addf1f147a9c551d, groupName=null, firstLogin=0, beDeleted=0, organizes=null, groups=null, apps=null, userGroups=null, roleType=null, ipBind=0, ipAddress=192.168.20.136)
2021-12-13 15:32:13 [INFO] com.csicit.ace.common.log.AceLocalLogger : REQUEST_USER: zzjtestflow(zzjtestflow), REQUEST_IP:   127.0.0.1
2021-12-13 15:32:13 [INFO] com.csicit.ace.common.log.AceLocalLogger :  33925--请求地址: http://127.0.0.1:2100/ehcache/action/get ,HTTP_METHOD: GET ,IP: 127.0.0.1 ,CLASS_METHOD: com.csicit.ace.zuul.controller.EhcacheHttpController.get ,请求参数: {"key":["2ucy_1-1CIKoDcOa_Ioji9MA_wU71sn1t7-vK466MVszxroaAJbpYVawaTA2Re9wnY0U6g2NOxpfiNV6kjUcxprStp4dh_salMacpWmYYDRj7xMm71j7-QlL4Xm3x7V1hOoi9kp9iQB2fj_U6dEhKg==userid"]}
2021-12-13 15:32:13 [INFO] com.csicit.ace.common.log.AceLocalLogger :  33925--耗时 : 0
2021-12-13 15:32:13 [INFO] com.csicit.ace.common.log.AceLocalLogger :  33928--请求地址: http://127.0.0.1:2100/ehcache/action/get ,HTTP_METHOD: GET ,IP: 127.0.0.1 ,CLASS_METHOD: com.csicit.ace.zuul.controller.EhcacheHttpController.get ,请求参数: {"key":["2ucy_1-1CIKoDcOa_Ioji9MA_wU71sn1t7-vK466MVszxroaAJbpYVawaTA2Re9wnY0U6g2NOxpfiNV6kjUcxprStp4dh_salMacpWmYYDRj7xMm71j7-QlL4Xm3x7V1hOoi9kp9iQB2fj_U6dEhKg==userid"]}
2021-12-13 15:32:13 [INFO] com.csicit.ace.common.log.AceLocalLogger :  33928--耗时 : 1
2021-12-13 15:32:13 [INFO] com.csicit.ace.common.log.AceLocalLogger :  33935--请求地址: http://127.0.0.1:2100/ehcache/action/get ,HTTP_METHOD: GET ,IP: 127.0.0.1 ,CLASS_METHOD: com.csicit.ace.zuul.controller.EhcacheHttpController.get ,请求参数: {"key":["2ucy_1-1CIKoDcOa_Ioji9MA_wU71sn1t7-vK466MVszxroaAJbpYVawaTA2Re9wnY0U6g2NOxpfiNV6kjUcxprStp4dh_salMacpWmYYDRj7xMm71j7-QlL4Xm3x7V1hOoi9kp9iQB2fj_U6dEhKg=="]}
2021-12-13 15:32:13 [INFO] com.csicit.ace.common.log.AceLocalLogger :  33935--耗时 : 0
2021-12-13 15:32:13 [INFO] io.seata.core.context.RootContext : bind 192.168.20.136:8091:4891116801087963270
2021-12-13 15:32:13 [INFO] com.csicit.ace.common.log.AceLocalLogger :  33951--请求地址: http://127.0.0.1:2100/orgauth/sysAuths/action/hasAuthorityWithUserId/f5d6d37948d3414e938343cb5ac96f21/de482dd67d034e47821f1cf11b4d2cb7 ,HTTP_METHOD: GET ,IP: 192.168.20.136 ,CLASS_METHOD: com.csicit.ace.orgauth.core.controller.SysAuthControllerO.hasAuthorityWithUserId ,请求参数: {}
2021-12-13 15:32:13 [INFO] com.csicit.ace.common.log.AceLocalLogger :  33951--耗时 : 4
2021-12-13 15:32:13 [INFO] io.seata.core.context.RootContext : unbind 192.168.20.136:8091:4891116801087963270 
2021-12-13 15:32:13 [INFO] io.seata.core.context.RootContext : bind 192.168.20.136:8091:4891116801087963270
2021-12-13 15:32:13 [INFO] com.csicit.ace.common.log.AceLocalLogger :  33964--请求地址: http://127.0.0.1:2100/orgauth/sysUsers/f5d6d37948d3414e938343cb5ac96f21 ,HTTP_METHOD: GET ,IP: 192.168.20.136 ,CLASS_METHOD: com.csicit.ace.orgauth.core.controller.SysUserControllerO.infoById ,请求参数: {}
2021-12-13 15:32:13 [INFO] com.csicit.ace.common.log.AceLocalLogger :  33964--耗时 : 6
2021-12-13 15:32:13 [INFO] io.seata.core.context.RootContext : unbind 192.168.20.136:8091:4891116801087963270 
2021-12-13 15:32:13 [INFO] io.seata.core.context.RootContext : bind 192.168.20.136:8091:4891116801087963270
2021-12-13 15:32:13 [INFO] com.csicit.ace.common.log.AceLocalLogger :  33973--请求地址: http://127.0.0.1:2100/orgauth/sysUsers/action/getSomeUsers ,HTTP_METHOD: GET ,IP: 192.168.20.136 ,CLASS_METHOD: com.csicit.ace.orgauth.core.controller.SysUserControllerO.getSomeUsers ,请求参数: {"code":["user"],"ids":["[\"f5d6d37948d3414e938343cb5ac96f21\"]"]}
2021-12-13 15:32:13 [INFO] com.csicit.ace.common.log.AceLocalLogger :  33973--耗时 : 8
2021-12-13 15:32:13 [INFO] io.seata.core.context.RootContext : unbind 192.168.20.136:8091:4891116801087963270 
2021-12-13 15:32:14 [INFO] com.csicit.ace.common.log.AceLocalLogger :  34009--请求地址: http://127.0.0.1:2100/ehcache/action/get ,HTTP_METHOD: GET ,IP: 127.0.0.1 ,CLASS_METHOD: com.csicit.ace.zuul.controller.EhcacheHttpController.get ,请求参数: {"key":["WFI_FLOW"]}
2021-12-13 15:32:14 [INFO] com.csicit.ace.common.log.AceLocalLogger :  34009--耗时 : 0
2021-12-13 15:32:14 [INFO] com.csicit.ace.common.log.AceLocalLogger :  34042--请求地址: http://127.0.0.1:2100/ehcache/action/hasKey ,HTTP_METHOD: GET ,IP: 127.0.0.1 ,CLASS_METHOD: com.csicit.ace.zuul.controller.EhcacheHttpController.hasKey ,请求参数: {"key":["WFI_FLOW"]}
2021-12-13 15:32:14 [INFO] com.csicit.ace.common.log.AceLocalLogger :  34042--耗时 : 0
2021-12-13 15:32:14 [INFO] com.csicit.ace.common.log.AceLocalLogger :  34061--请求地址: http://127.0.0.1:2100/ehcache/action/get ,HTTP_METHOD: GET ,IP: 127.0.0.1 ,CLASS_METHOD: com.csicit.ace.zuul.controller.EhcacheHttpController.get ,请求参数: {"key":["WFI_FLOW"]}
2021-12-13 15:32:14 [INFO] com.csicit.ace.common.log.AceLocalLogger :  34061--耗时 : 1
2021-12-13 15:32:14 [INFO] com.csicit.ace.common.log.AceLocalLogger :  34070--请求地址: http://127.0.0.1:2100/ehcache/action/hasKey ,HTTP_METHOD: GET ,IP: 127.0.0.1 ,CLASS_METHOD: com.csicit.ace.zuul.controller.EhcacheHttpController.hasKey ,请求参数: {"key":["WFI_FLOW"]}
2021-12-13 15:32:14 [INFO] com.csicit.ace.common.log.AceLocalLogger :  34070--耗时 : 0
2021-12-13 15:32:14 [INFO] com.csicit.ace.common.log.AceLocalLogger :  34081--请求地址: http://127.0.0.1:2100/ehcache/action/setExpire ,HTTP_METHOD: POST ,IP: 127.0.0.1 ,CLASS_METHOD: com.csicit.ace.zuul.controller.EhcacheHttpController.set ,请求参数: {"expire":["600"],"key":["WFI_FLOW"]}
2021-12-13 15:32:14 [INFO] com.csicit.ace.common.log.AceLocalLogger :  34081--耗时 : 0
2021-12-13 15:32:14 [INFO] com.csicit.ace.common.log.AceLocalLogger :  34089--请求地址: http://127.0.0.1:2100/ehcache/action/get ,HTTP_METHOD: GET ,IP: 127.0.0.1 ,CLASS_METHOD: com.csicit.ace.zuul.controller.EhcacheHttpController.get ,请求参数: {"key":["WFI_FLOW"]}
2021-12-13 15:32:14 [INFO] com.csicit.ace.common.log.AceLocalLogger :  34089--耗时 : 0
2021-12-13 15:32:14 [INFO] com.csicit.ace.common.log.AceLocalLogger :  34093--请求地址: http://127.0.0.1:2100/ehcache/action/get ,HTTP_METHOD: GET ,IP: 127.0.0.1 ,CLASS_METHOD: com.csicit.ace.zuul.controller.EhcacheHttpController.get ,请求参数: {"key":["WFI_FLOW"]}
2021-12-13 15:32:14 [INFO] com.csicit.ace.common.log.AceLocalLogger :  34093--耗时 : 0
2021-12-13 15:32:14 [INFO] com.csicit.ace.common.log.AceLocalLogger :  34097--请求地址: http://127.0.0.1:2100/ehcache/action/get ,HTTP_METHOD: GET ,IP: 127.0.0.1 ,CLASS_METHOD: com.csicit.ace.zuul.controller.EhcacheHttpController.get ,请求参数: {"key":["WFI_FLOW"]}
2021-12-13 15:32:14 [INFO] com.csicit.ace.common.log.AceLocalLogger :  34097--耗时 : 0
2021-12-13 15:32:14 [INFO] com.csicit.ace.common.log.AceLocalLogger :  34195--请求地址: http://127.0.0.1:2100/ehcache/action/get ,HTTP_METHOD: GET ,IP: 127.0.0.1 ,CLASS_METHOD: com.csicit.ace.zuul.controller.EhcacheHttpController.get ,请求参数: {"key":["WFI_FLOW"]}
2021-12-13 15:32:14 [INFO] com.csicit.ace.common.log.AceLocalLogger :  34195--耗时 : 1
2021-12-13 15:32:14 [INFO] com.csicit.ace.common.log.AceLocalLogger :  34203--请求地址: http://127.0.0.1:2100/ehcache/action/get ,HTTP_METHOD: GET ,IP: 127.0.0.1 ,CLASS_METHOD: com.csicit.ace.zuul.controller.EhcacheHttpController.get ,请求参数: {"key":["platform_internationalization"]}
2021-12-13 15:32:14 [INFO] com.csicit.ace.common.log.AceLocalLogger :  34203--耗时 : 0
2021-12-13 15:32:14 [INFO] com.csicit.ace.common.log.AceLocalLogger :  34205--请求地址: http://127.0.0.1:2100/ehcache/action/get ,HTTP_METHOD: GET ,IP: 127.0.0.1 ,CLASS_METHOD: com.csicit.ace.zuul.controller.EhcacheHttpController.get ,请求参数: {"key":["platform_internationalization"]}
2021-12-13 15:32:14 [INFO] com.csicit.ace.common.log.AceLocalLogger :  34205--耗时 : 1
2021-12-13 15:32:14 [INFO] com.csicit.ace.common.log.AceLocalLogger :  34208--请求地址: http://127.0.0.1:2100/ehcache/action/get ,HTTP_METHOD: GET ,IP: 127.0.0.1 ,CLASS_METHOD: com.csicit.ace.zuul.controller.EhcacheHttpController.get ,请求参数: {"key":["2ucy_1-1CIKoDcOa_Ioji9MA_wU71sn1t7-vK466MVszxroaAJbpYVawaTA2Re9wnY0U6g2NOxpfiNV6kjUcxprStp4dh_salMacpWmYYDRj7xMm71j7-QlL4Xm3x7V1hOoi9kp9iQB2fj_U6dEhKg=="]}
2021-12-13 15:32:14 [INFO] com.csicit.ace.common.log.AceLocalLogger :  34208--耗时 : 0
2021-12-13 15:32:14 [INFO] com.csicit.ace.common.log.AceLocalLogger :  34211--请求地址: http://127.0.0.1:2100/ehcache/action/get ,HTTP_METHOD: GET ,IP: 127.0.0.1 ,CLASS_METHOD: com.csicit.ace.zuul.controller.EhcacheHttpController.get ,请求参数: {"key":["2ucy_1-1CIKoDcOa_Ioji9MA_wU71sn1t7-vK466MVszxroaAJbpYVawaTA2Re9wnY0U6g2NOxpfiNV6kjUcxprStp4dh_salMacpWmYYDRj7xMm71j7-QlL4Xm3x7V1hOoi9kp9iQB2fj_U6dEhKg=="]}
2021-12-13 15:32:14 [INFO] com.csicit.ace.common.log.AceLocalLogger :  34211--耗时 : 0
2021-12-13 15:32:14 [INFO] io.seata.core.context.RootContext : bind 192.168.20.136:8091:4891116801087963270
2021-12-13 15:32:14 [INFO] com.csicit.ace.common.log.AceLocalLogger :  34223--请求地址: http://127.0.0.1:2100/orgauth/sysAuditLogs ,HTTP_METHOD: POST ,IP: 192.168.20.136 ,CLASS_METHOD: com.csicit.ace.orgauth.core.controller.SysAuditLogControllerO.saveLog ,请求参数: {"title":["流程创建"],"opContent":["流程标识：fileReview，流程实例ID：a6ec62d0-0d6d-438f-8926-e0240747a3ca"],"groupId":["0b810652d0e84269addf1f147a9c551d"],"appId":["dv-testapp-platform"]}
2021-12-13 15:32:14 [WARN] com.baomidou.mybatisplus.core.toolkit.sql.SqlHelper : Warn: execute Method There are  2 results.
2021-12-13 15:32:14 [INFO] com.csicit.ace.common.log.AceLocalLogger :  34223--耗时 : 16
2021-12-13 15:32:14 [INFO] io.seata.core.context.RootContext : unbind 192.168.20.136:8091:4891116801087963270 
2021-12-13 15:32:14 [INFO] com.csicit.ace.common.log.AceLocalLogger :  34242--请求地址: http://127.0.0.1:2100/ehcache/action/get ,HTTP_METHOD: GET ,IP: 127.0.0.1 ,CLASS_METHOD: com.csicit.ace.zuul.controller.EhcacheHttpController.get ,请求参数: {"key":["2ucy_1-1CIKoDcOa_Ioji9MA_wU71sn1t7-vK466MVszxroaAJbpYVawaTA2Re9wnY0U6g2NOxpfiNV6kjUcxprStp4dh_salMacpWmYYDRj7xMm71j7-QlL4Xm3x7V1hOoi9kp9iQB2fj_U6dEhKg==userid"]}
2021-12-13 15:32:14 [INFO] com.csicit.ace.common.log.AceLocalLogger :  34242--耗时 : 0
2021-12-13 15:32:14 [INFO] com.csicit.ace.common.log.AceLocalLogger :  34253--请求地址: http://127.0.0.1:2100/ehcache/action/get ,HTTP_METHOD: GET ,IP: 127.0.0.1 ,CLASS_METHOD: com.csicit.ace.zuul.controller.EhcacheHttpController.get ,请求参数: {"key":["2ucy_1-1CIKoDcOa_Ioji9MA_wU71sn1t7-vK466MVszxroaAJbpYVawaTA2Re9wnY0U6g2NOxpfiNV6kjUcxprStp4dh_salMacpWmYYDRj7xMm71j7-QlL4Xm3x7V1hOoi9kp9iQB2fj_U6dEhKg==userid"]}
2021-12-13 15:32:14 [INFO] com.csicit.ace.common.log.AceLocalLogger :  34253--耗时 : 0
2021-12-13 15:32:14 [INFO] com.csicit.ace.common.log.AceLocalLogger :  34260--请求地址: http://127.0.0.1:2100/ehcache/action/get ,HTTP_METHOD: GET ,IP: 127.0.0.1 ,CLASS_METHOD: com.csicit.ace.zuul.controller.EhcacheHttpController.get ,请求参数: {"key":["WFI_FLOW"]}
2021-12-13 15:32:14 [INFO] com.csicit.ace.common.log.AceLocalLogger :  34260--耗时 : 0
2021-12-13 15:32:14 [INFO] io.seata.core.context.RootContext : bind 192.168.20.136:8091:4891116801087963270
2021-12-13 15:32:14 [INFO] com.csicit.ace.common.log.AceLocalLogger :  34266--请求地址: http://127.0.0.1:2100/fileUpload/reviewFile ,HTTP_METHOD: POST ,IP: 192.168.20.136 ,CLASS_METHOD: com.csicit.ace.fileserver.core.controller.FileUploadController.reviewFile ,请求参数: {"uploadFormId":["2701a9ab-6dd5-4ded-a499-36ae2cb001a1"]}
2021-12-13 15:32:14 [INFO] com.csicit.ace.common.log.AceLocalLogger :  34266--耗时 : 27
2021-12-13 15:32:14 [INFO] io.seata.core.context.RootContext : unbind 192.168.20.136:8091:4891116801087963270 
2021-12-13 15:32:14 [INFO] com.csicit.ace.common.log.AceLocalLogger :  34299--请求地址: http://127.0.0.1:2100/ehcache/action/get ,HTTP_METHOD: GET ,IP: 127.0.0.1 ,CLASS_METHOD: com.csicit.ace.zuul.controller.EhcacheHttpController.get ,请求参数: {"key":["platform_internationalization"]}
2021-12-13 15:32:14 [INFO] com.csicit.ace.common.log.AceLocalLogger :  34299--耗时 : 0
2021-12-13 15:32:14 [INFO] com.csicit.ace.common.log.AceLocalLogger :  34308--请求地址: http://127.0.0.1:2100/ehcache/action/get ,HTTP_METHOD: GET ,IP: 127.0.0.1 ,CLASS_METHOD: com.csicit.ace.zuul.controller.EhcacheHttpController.get ,请求参数: {"key":["platform_internationalization"]}
2021-12-13 15:32:14 [INFO] com.csicit.ace.common.log.AceLocalLogger :  34308--耗时 : 0
2021-12-13 15:32:14 [INFO] com.csicit.ace.common.log.AceLocalLogger :  34310--请求地址: http://127.0.0.1:2100/ehcache/action/get ,HTTP_METHOD: GET ,IP: 127.0.0.1 ,CLASS_METHOD: com.csicit.ace.zuul.controller.EhcacheHttpController.get ,请求参数: {"key":["platform_internationalization"]}
2021-12-13 15:32:14 [INFO] com.csicit.ace.common.log.AceLocalLogger :  34310--耗时 : 0
2021-12-13 15:33:01 [INFO] org.quartz.plugins.history.LoggingJobHistoryPlugin : Job 测试任务组.711HM fired (by trigger 711HM$测试任务组.每100毫秒发送一次) at:  15:33:01 12/13/2021
2021-12-13 15:33:01 [WARN] com.csicit.ace.quartz.core.job.AgentJob : 任务执行失败，原因为：应用ah-csicpm不在线
2021-12-13 15:33:01 [INFO] org.quartz.plugins.history.LoggingJobHistoryPlugin : Job 测试任务组.711HM execution complete at  15:33:01 12/13/2021 and reports: null
2021-12-13 15:33:30 [INFO] com.csicit.ace.common.log.AceLocalLogger :  10268--请求地址: http://192.168.20.136:2100/fileInfo/deleteByFileId ,HTTP_METHOD: POST ,IP: 127.0.0.1 ,CLASS_METHOD: com.csicit.ace.fileserver.core.controller.FileInfoController.deleteByFileId ,请求参数: {"appName":["dv-testapp-platform"],"token":["2ucy_1-1CIKoDcOa_Ioji9MA_wU71sn1t7-vK466MVszxroaAJbpYVawaTA2Re9wnY0U6g2NOxpfiNV6kjUcxprStp4dh_salMacpWmYYDRj7xMm71j7-QlL4Xm3x7V1hOoi9kp9iQB2fj_U6dEhKg=="]}
2021-12-13 15:33:30 [WARN] com.baomidou.mybatisplus.core.toolkit.sql.SqlHelper : Warn: execute Method There are  2 results.
2021-12-13 15:33:30 [WARN] com.baomidou.mybatisplus.core.toolkit.sql.SqlHelper : Warn: execute Method There are  2 results.
2021-12-13 15:33:30 [INFO] com.csicit.ace.common.log.AceLocalLogger :  10268--耗时 : 411
2021-12-13 15:33:36 [INFO] com.csicit.ace.common.log.AceLocalLogger :  16713--请求地址: http://192.168.20.136:2100/fileRepository/allocateSpace ,HTTP_METHOD: POST ,IP: 127.0.0.1 ,CLASS_METHOD: com.csicit.ace.fileserver.core.controller.FileRepositoryController.allocateSpace ,请求参数: {"appName":["dv-testapp-platform"],"token":["2ucy_1-1CIKoDcOa_Ioji9MA_wU71sn1t7-vK466MVszxroaAJbpYVawaTA2Re9wnY0U6g2NOxpfiNV6kjUcxprStp4dh_salMacpWmYYDRj7xMm71j7-QlL4Xm3x7V1hOoi9kp9iQB2fj_U6dEhKg=="]}
2021-12-13 15:33:36 [WARN] com.baomidou.mybatisplus.core.toolkit.sql.SqlHelper : Warn: execute Method There are  2 results.
2021-12-13 15:33:36 [INFO] com.csicit.ace.common.log.AceLocalLogger :  16713--耗时 : 189
2021-12-13 15:33:37 [INFO] com.csicit.ace.common.log.AceLocalLogger :  17284--请求地址: http://192.168.20.136:2100/fileUpload/uploadReview ,HTTP_METHOD: POST ,IP: 127.0.0.1 ,CLASS_METHOD: com.csicit.ace.fileserver.core.controller.FileUploadController.uploadReview ,请求参数: {"appName":["dv-testapp-platform","dv-testapp-platform"],"token":["2ucy_1-1CIKoDcOa_Ioji9MA_wU71sn1t7-vK466MVszxroaAJbpYVawaTA2Re9wnY0U6g2NOxpfiNV6kjUcxprStp4dh_salMacpWmYYDRj7xMm71j7-QlL4Xm3x7V1hOoi9kp9iQB2fj_U6dEhKg=="],"configurationKey":["test-file"],"id":["WU_FILE_1"],"name":["greenhand.sql"],"type":["application/octet-stream"],"lastModifiedDate":["Thu Dec 09 2021 14:48:56 GMT+0800 (中国标准时间)"],"size":["2362"],"yfId":["e40fb87dceb04ad3b6ffeb86ddeb3976"]}
2021-12-13 15:33:37 [WARN] com.baomidou.mybatisplus.core.toolkit.sql.SqlHelper : Warn: execute Method There are  2 results.
2021-12-13 15:33:37 [INFO] org.slf4j.Logger : file upload: greenhand.sql
2021-12-13 15:33:37 [INFO] com.csicit.ace.common.log.AceLocalLogger :  17284--耗时 : 184
2021-12-13 15:33:40 [INFO] com.csicit.ace.common.log.AceLocalLogger :  20134--请求地址: http://192.168.20.136:2100/fileUpload/reviewFile ,HTTP_METHOD: POST ,IP: 127.0.0.1 ,CLASS_METHOD: com.csicit.ace.fileserver.core.controller.FileUploadController.reviewFile ,请求参数: {"uploadFormId":["f0e268b3-84d4-4474-87c6-3a76ea4a35cc"]}
2021-12-13 15:33:40 [INFO] com.csicit.ace.common.log.AceLocalLogger :  20134--耗时 : 29
2021-12-13 15:33:40 [INFO] com.csicit.ace.common.log.AceLocalLogger : REQUEST_URL:/dv-testapp-platform/bpm/createReviewFile, REQUEST_METHOD:POST, REQUEST_IP:127.0.0.1
2021-12-13 15:33:40 [INFO] com.csicit.ace.common.log.AceLocalLogger : -----token:2ucy_1-1CIKoDcOa_Ioji9MA_wU71sn1t7-vK466MVszxroaAJbpYVawaTA2Re9wnY0U6g2NOxpfiNV6kjUcxprStp4dh_salMacpWmYYDRj7xMm71j7-QlL4Xm3x7V1hOoi9kp9iQB2fj_U6dEhKg==
2021-12-13 15:33:40 [INFO] com.csicit.ace.common.log.AceLocalLogger : -----sysUserDO:SysUserDO(staffNo=null, userName=zzjtestflow, realName=zzjtestflow, email=null, phoneNumber=null, userType=3, startFlag=1, secretLevel=4, sortIndex=128190, userPost=null, password=null, passwordUpdateTime=2021-08-17T09:45:02.483, personDocId=null, personDoc=null, bdPersonJobDO=null, baseDocType=null, pinyin=zzjtestflow, pswPolicyId=null, failLoginTimes=0, unlockTime=2021-12-13T13:51:55.839, organizationId=1447ac5ad4cd408ba55e2cb6f2ff6ee3, organizationName=null, departmentId=null, departmentCode=null, departmentName=null, departmentSortPath=null, groupId=0b810652d0e84269addf1f147a9c551d, groupName=null, firstLogin=0, beDeleted=0, organizes=null, groups=null, apps=null, userGroups=null, roleType=null, ipBind=0, ipAddress=192.168.20.136)
2021-12-13 15:33:40 [INFO] com.csicit.ace.common.log.AceLocalLogger : REQUEST_USER: zzjtestflow(zzjtestflow), REQUEST_IP:   127.0.0.1
2021-12-13 15:33:40 [INFO] com.csicit.ace.common.log.AceLocalLogger :  20481--请求地址: http://127.0.0.1:2100/ehcache/action/get ,HTTP_METHOD: GET ,IP: 127.0.0.1 ,CLASS_METHOD: com.csicit.ace.zuul.controller.EhcacheHttpController.get ,请求参数: {"key":["2ucy_1-1CIKoDcOa_Ioji9MA_wU71sn1t7-vK466MVszxroaAJbpYVawaTA2Re9wnY0U6g2NOxpfiNV6kjUcxprStp4dh_salMacpWmYYDRj7xMm71j7-QlL4Xm3x7V1hOoi9kp9iQB2fj_U6dEhKg==userid"]}
2021-12-13 15:33:40 [INFO] com.csicit.ace.common.log.AceLocalLogger :  20481--耗时 : 0
2021-12-13 15:33:40 [INFO] com.csicit.ace.common.log.AceLocalLogger :  20483--请求地址: http://127.0.0.1:2100/ehcache/action/get ,HTTP_METHOD: GET ,IP: 127.0.0.1 ,CLASS_METHOD: com.csicit.ace.zuul.controller.EhcacheHttpController.get ,请求参数: {"key":["2ucy_1-1CIKoDcOa_Ioji9MA_wU71sn1t7-vK466MVszxroaAJbpYVawaTA2Re9wnY0U6g2NOxpfiNV6kjUcxprStp4dh_salMacpWmYYDRj7xMm71j7-QlL4Xm3x7V1hOoi9kp9iQB2fj_U6dEhKg==userid"]}
2021-12-13 15:33:40 [INFO] com.csicit.ace.common.log.AceLocalLogger :  20483--耗时 : 0
2021-12-13 15:33:40 [INFO] com.csicit.ace.common.log.AceLocalLogger :  20491--请求地址: http://127.0.0.1:2100/ehcache/action/get ,HTTP_METHOD: GET ,IP: 127.0.0.1 ,CLASS_METHOD: com.csicit.ace.zuul.controller.EhcacheHttpController.get ,请求参数: {"key":["2ucy_1-1CIKoDcOa_Ioji9MA_wU71sn1t7-vK466MVszxroaAJbpYVawaTA2Re9wnY0U6g2NOxpfiNV6kjUcxprStp4dh_salMacpWmYYDRj7xMm71j7-QlL4Xm3x7V1hOoi9kp9iQB2fj_U6dEhKg=="]}
2021-12-13 15:33:40 [INFO] com.csicit.ace.common.log.AceLocalLogger :  20491--耗时 : 0
2021-12-13 15:33:40 [INFO] io.seata.core.context.RootContext : bind 192.168.20.136:8091:4891116801087963271
2021-12-13 15:33:40 [INFO] com.csicit.ace.common.log.AceLocalLogger :  20508--请求地址: http://127.0.0.1:2100/orgauth/sysAuths/action/hasAuthorityWithUserId/f5d6d37948d3414e938343cb5ac96f21/de482dd67d034e47821f1cf11b4d2cb7 ,HTTP_METHOD: GET ,IP: 192.168.20.136 ,CLASS_METHOD: com.csicit.ace.orgauth.core.controller.SysAuthControllerO.hasAuthorityWithUserId ,请求参数: {}
2021-12-13 15:33:40 [INFO] com.csicit.ace.common.log.AceLocalLogger :  20508--耗时 : 4
2021-12-13 15:33:40 [INFO] io.seata.core.context.RootContext : unbind 192.168.20.136:8091:4891116801087963271 
2021-12-13 15:33:40 [INFO] io.seata.core.context.RootContext : bind 192.168.20.136:8091:4891116801087963271
2021-12-13 15:33:40 [INFO] com.csicit.ace.common.log.AceLocalLogger :  20521--请求地址: http://127.0.0.1:2100/orgauth/sysUsers/f5d6d37948d3414e938343cb5ac96f21 ,HTTP_METHOD: GET ,IP: 192.168.20.136 ,CLASS_METHOD: com.csicit.ace.orgauth.core.controller.SysUserControllerO.infoById ,请求参数: {}
2021-12-13 15:33:40 [INFO] com.csicit.ace.common.log.AceLocalLogger :  20521--耗时 : 4
2021-12-13 15:33:40 [INFO] io.seata.core.context.RootContext : unbind 192.168.20.136:8091:4891116801087963271 
2021-12-13 15:33:40 [INFO] io.seata.core.context.RootContext : bind 192.168.20.136:8091:4891116801087963271
2021-12-13 15:33:40 [INFO] com.csicit.ace.common.log.AceLocalLogger :  20529--请求地址: http://127.0.0.1:2100/orgauth/sysUsers/action/getSomeUsers ,HTTP_METHOD: GET ,IP: 192.168.20.136 ,CLASS_METHOD: com.csicit.ace.orgauth.core.controller.SysUserControllerO.getSomeUsers ,请求参数: {"code":["user"],"ids":["[\"f5d6d37948d3414e938343cb5ac96f21\"]"]}
2021-12-13 15:33:40 [INFO] com.csicit.ace.common.log.AceLocalLogger :  20529--耗时 : 8
2021-12-13 15:33:40 [INFO] io.seata.core.context.RootContext : unbind 192.168.20.136:8091:4891116801087963271 
2021-12-13 15:33:40 [INFO] com.csicit.ace.common.log.AceLocalLogger :  20564--请求地址: http://127.0.0.1:2100/ehcache/action/get ,HTTP_METHOD: GET ,IP: 127.0.0.1 ,CLASS_METHOD: com.csicit.ace.zuul.controller.EhcacheHttpController.get ,请求参数: {"key":["WFI_FLOW"]}
2021-12-13 15:33:40 [INFO] com.csicit.ace.common.log.AceLocalLogger :  20564--耗时 : 0
2021-12-13 15:33:40 [INFO] com.csicit.ace.common.log.AceLocalLogger :  20592--请求地址: http://127.0.0.1:2100/ehcache/action/hasKey ,HTTP_METHOD: GET ,IP: 127.0.0.1 ,CLASS_METHOD: com.csicit.ace.zuul.controller.EhcacheHttpController.hasKey ,请求参数: {"key":["WFI_FLOW"]}
2021-12-13 15:33:40 [INFO] com.csicit.ace.common.log.AceLocalLogger :  20592--耗时 : 0
2021-12-13 15:33:40 [INFO] com.csicit.ace.common.log.AceLocalLogger :  20595--请求地址: http://127.0.0.1:2100/ehcache/action/get ,HTTP_METHOD: GET ,IP: 127.0.0.1 ,CLASS_METHOD: com.csicit.ace.zuul.controller.EhcacheHttpController.get ,请求参数: {"key":["WFI_FLOW"]}
2021-12-13 15:33:40 [INFO] com.csicit.ace.common.log.AceLocalLogger :  20595--耗时 : 0
2021-12-13 15:33:40 [INFO] com.csicit.ace.common.log.AceLocalLogger :  20608--请求地址: http://127.0.0.1:2100/ehcache/action/set ,HTTP_METHOD: POST ,IP: 127.0.0.1 ,CLASS_METHOD: com.csicit.ace.zuul.controller.EhcacheHttpController.set ,请求参数: {"key":["WFI_FLOW"]}
2021-12-13 15:33:40 [INFO] com.csicit.ace.common.log.AceLocalLogger :  20608--耗时 : 1
2021-12-13 15:33:40 [INFO] com.csicit.ace.common.log.AceLocalLogger :  20628--请求地址: http://127.0.0.1:2100/ehcache/action/get ,HTTP_METHOD: GET ,IP: 127.0.0.1 ,CLASS_METHOD: com.csicit.ace.zuul.controller.EhcacheHttpController.get ,请求参数: {"key":["WFI_FLOW"]}
2021-12-13 15:33:40 [INFO] com.csicit.ace.common.log.AceLocalLogger :  20628--耗时 : 0
2021-12-13 15:33:40 [INFO] com.csicit.ace.common.log.AceLocalLogger :  20635--请求地址: http://127.0.0.1:2100/ehcache/action/hasKey ,HTTP_METHOD: GET ,IP: 127.0.0.1 ,CLASS_METHOD: com.csicit.ace.zuul.controller.EhcacheHttpController.hasKey ,请求参数: {"key":["WFI_FLOW"]}
2021-12-13 15:33:40 [INFO] com.csicit.ace.common.log.AceLocalLogger :  20635--耗时 : 0
2021-12-13 15:33:40 [INFO] com.csicit.ace.common.log.AceLocalLogger :  20637--请求地址: http://127.0.0.1:2100/ehcache/action/get ,HTTP_METHOD: GET ,IP: 127.0.0.1 ,CLASS_METHOD: com.csicit.ace.zuul.controller.EhcacheHttpController.get ,请求参数: {"key":["WFI_FLOW"]}
2021-12-13 15:33:40 [INFO] com.csicit.ace.common.log.AceLocalLogger :  20637--耗时 : 0
2021-12-13 15:33:40 [INFO] com.csicit.ace.common.log.AceLocalLogger :  20654--请求地址: http://127.0.0.1:2100/ehcache/action/setExpire ,HTTP_METHOD: POST ,IP: 127.0.0.1 ,CLASS_METHOD: com.csicit.ace.zuul.controller.EhcacheHttpController.set ,请求参数: {"expire":["600"],"key":["WFI_FLOW"]}
2021-12-13 15:33:40 [INFO] com.csicit.ace.common.log.AceLocalLogger :  20654--耗时 : 0
2021-12-13 15:33:40 [INFO] com.csicit.ace.common.log.AceLocalLogger :  20664--请求地址: http://127.0.0.1:2100/ehcache/action/get ,HTTP_METHOD: GET ,IP: 127.0.0.1 ,CLASS_METHOD: com.csicit.ace.zuul.controller.EhcacheHttpController.get ,请求参数: {"key":["WFI_FLOW"]}
2021-12-13 15:33:40 [INFO] com.csicit.ace.common.log.AceLocalLogger :  20664--耗时 : 0
2021-12-13 15:33:40 [INFO] com.csicit.ace.common.log.AceLocalLogger :  20669--请求地址: http://127.0.0.1:2100/ehcache/action/get ,HTTP_METHOD: GET ,IP: 127.0.0.1 ,CLASS_METHOD: com.csicit.ace.zuul.controller.EhcacheHttpController.get ,请求参数: {"key":["WFI_FLOW"]}
2021-12-13 15:33:40 [INFO] com.csicit.ace.common.log.AceLocalLogger :  20669--耗时 : 0
2021-12-13 15:33:40 [INFO] com.csicit.ace.common.log.AceLocalLogger :  20673--请求地址: http://127.0.0.1:2100/ehcache/action/get ,HTTP_METHOD: GET ,IP: 127.0.0.1 ,CLASS_METHOD: com.csicit.ace.zuul.controller.EhcacheHttpController.get ,请求参数: {"key":["WFI_FLOW"]}
2021-12-13 15:33:40 [INFO] com.csicit.ace.common.log.AceLocalLogger :  20673--耗时 : 0
2021-12-13 15:33:40 [INFO] com.csicit.ace.common.log.AceLocalLogger :  20776--请求地址: http://127.0.0.1:2100/ehcache/action/get ,HTTP_METHOD: GET ,IP: 127.0.0.1 ,CLASS_METHOD: com.csicit.ace.zuul.controller.EhcacheHttpController.get ,请求参数: {"key":["WFI_FLOW"]}
2021-12-13 15:33:40 [INFO] com.csicit.ace.common.log.AceLocalLogger :  20776--耗时 : 0
2021-12-13 15:33:40 [INFO] com.csicit.ace.common.log.AceLocalLogger :  20785--请求地址: http://127.0.0.1:2100/ehcache/action/get ,HTTP_METHOD: GET ,IP: 127.0.0.1 ,CLASS_METHOD: com.csicit.ace.zuul.controller.EhcacheHttpController.get ,请求参数: {"key":["platform_internationalization"]}
2021-12-13 15:33:40 [INFO] com.csicit.ace.common.log.AceLocalLogger :  20785--耗时 : 0
2021-12-13 15:33:40 [INFO] com.csicit.ace.common.log.AceLocalLogger :  20787--请求地址: http://127.0.0.1:2100/ehcache/action/get ,HTTP_METHOD: GET ,IP: 127.0.0.1 ,CLASS_METHOD: com.csicit.ace.zuul.controller.EhcacheHttpController.get ,请求参数: {"key":["platform_internationalization"]}
2021-12-13 15:33:40 [INFO] com.csicit.ace.common.log.AceLocalLogger :  20787--耗时 : 0
2021-12-13 15:33:40 [INFO] com.csicit.ace.common.log.AceLocalLogger :  20789--请求地址: http://127.0.0.1:2100/ehcache/action/get ,HTTP_METHOD: GET ,IP: 127.0.0.1 ,CLASS_METHOD: com.csicit.ace.zuul.controller.EhcacheHttpController.get ,请求参数: {"key":["2ucy_1-1CIKoDcOa_Ioji9MA_wU71sn1t7-vK466MVszxroaAJbpYVawaTA2Re9wnY0U6g2NOxpfiNV6kjUcxprStp4dh_salMacpWmYYDRj7xMm71j7-QlL4Xm3x7V1hOoi9kp9iQB2fj_U6dEhKg=="]}
2021-12-13 15:33:40 [INFO] com.csicit.ace.common.log.AceLocalLogger :  20789--耗时 : 0
2021-12-13 15:33:40 [INFO] com.csicit.ace.common.log.AceLocalLogger :  20792--请求地址: http://127.0.0.1:2100/ehcache/action/get ,HTTP_METHOD: GET ,IP: 127.0.0.1 ,CLASS_METHOD: com.csicit.ace.zuul.controller.EhcacheHttpController.get ,请求参数: {"key":["2ucy_1-1CIKoDcOa_Ioji9MA_wU71sn1t7-vK466MVszxroaAJbpYVawaTA2Re9wnY0U6g2NOxpfiNV6kjUcxprStp4dh_salMacpWmYYDRj7xMm71j7-QlL4Xm3x7V1hOoi9kp9iQB2fj_U6dEhKg=="]}
2021-12-13 15:33:40 [INFO] com.csicit.ace.common.log.AceLocalLogger :  20792--耗时 : 0
2021-12-13 15:33:40 [INFO] io.seata.core.context.RootContext : bind 192.168.20.136:8091:4891116801087963271
2021-12-13 15:33:40 [INFO] com.csicit.ace.common.log.AceLocalLogger :  20808--请求地址: http://127.0.0.1:2100/orgauth/sysAuditLogs ,HTTP_METHOD: POST ,IP: 192.168.20.136 ,CLASS_METHOD: com.csicit.ace.orgauth.core.controller.SysAuditLogControllerO.saveLog ,请求参数: {"title":["流程创建"],"opContent":["流程标识：fileReview，流程实例ID：edfed6c8-12da-4631-8699-d2417c9f7623"],"groupId":["0b810652d0e84269addf1f147a9c551d"],"appId":["dv-testapp-platform"]}
2021-12-13 15:33:40 [WARN] com.baomidou.mybatisplus.core.toolkit.sql.SqlHelper : Warn: execute Method There are  2 results.
2021-12-13 15:33:40 [INFO] com.csicit.ace.common.log.AceLocalLogger :  20808--耗时 : 18
2021-12-13 15:33:40 [INFO] io.seata.core.context.RootContext : unbind 192.168.20.136:8091:4891116801087963271 
2021-12-13 15:33:40 [INFO] com.csicit.ace.common.log.AceLocalLogger :  20829--请求地址: http://127.0.0.1:2100/ehcache/action/get ,HTTP_METHOD: GET ,IP: 127.0.0.1 ,CLASS_METHOD: com.csicit.ace.zuul.controller.EhcacheHttpController.get ,请求参数: {"key":["2ucy_1-1CIKoDcOa_Ioji9MA_wU71sn1t7-vK466MVszxroaAJbpYVawaTA2Re9wnY0U6g2NOxpfiNV6kjUcxprStp4dh_salMacpWmYYDRj7xMm71j7-QlL4Xm3x7V1hOoi9kp9iQB2fj_U6dEhKg==userid"]}
2021-12-13 15:33:40 [INFO] com.csicit.ace.common.log.AceLocalLogger :  20829--耗时 : 0
2021-12-13 15:33:40 [INFO] com.csicit.ace.common.log.AceLocalLogger :  20841--请求地址: http://127.0.0.1:2100/ehcache/action/get ,HTTP_METHOD: GET ,IP: 127.0.0.1 ,CLASS_METHOD: com.csicit.ace.zuul.controller.EhcacheHttpController.get ,请求参数: {"key":["2ucy_1-1CIKoDcOa_Ioji9MA_wU71sn1t7-vK466MVszxroaAJbpYVawaTA2Re9wnY0U6g2NOxpfiNV6kjUcxprStp4dh_salMacpWmYYDRj7xMm71j7-QlL4Xm3x7V1hOoi9kp9iQB2fj_U6dEhKg==userid"]}
2021-12-13 15:33:40 [INFO] com.csicit.ace.common.log.AceLocalLogger :  20841--耗时 : 0
2021-12-13 15:33:40 [INFO] com.csicit.ace.common.log.AceLocalLogger :  20848--请求地址: http://127.0.0.1:2100/ehcache/action/get ,HTTP_METHOD: GET ,IP: 127.0.0.1 ,CLASS_METHOD: com.csicit.ace.zuul.controller.EhcacheHttpController.get ,请求参数: {"key":["WFI_FLOW"]}
2021-12-13 15:33:40 [INFO] com.csicit.ace.common.log.AceLocalLogger :  20848--耗时 : 0
2021-12-13 15:33:40 [INFO] io.seata.core.context.RootContext : bind 192.168.20.136:8091:4891116801087963271
2021-12-13 15:33:40 [INFO] com.csicit.ace.common.log.AceLocalLogger :  20855--请求地址: http://127.0.0.1:2100/fileUpload/reviewFile ,HTTP_METHOD: POST ,IP: 192.168.20.136 ,CLASS_METHOD: com.csicit.ace.fileserver.core.controller.FileUploadController.reviewFile ,请求参数: {"uploadFormId":["08ca9f2d-fcc3-4d9a-98b9-ff73b1b3d32a"]}
2021-12-13 15:33:40 [INFO] com.csicit.ace.common.log.AceLocalLogger :  20855--耗时 : 28
2021-12-13 15:33:40 [INFO] io.seata.core.context.RootContext : unbind 192.168.20.136:8091:4891116801087963271 
2021-12-13 15:33:40 [INFO] com.csicit.ace.common.log.AceLocalLogger :  20888--请求地址: http://127.0.0.1:2100/ehcache/action/get ,HTTP_METHOD: GET ,IP: 127.0.0.1 ,CLASS_METHOD: com.csicit.ace.zuul.controller.EhcacheHttpController.get ,请求参数: {"key":["platform_internationalization"]}
2021-12-13 15:33:40 [INFO] com.csicit.ace.common.log.AceLocalLogger :  20888--耗时 : 0
2021-12-13 15:33:40 [INFO] com.csicit.ace.common.log.AceLocalLogger :  20898--请求地址: http://127.0.0.1:2100/ehcache/action/get ,HTTP_METHOD: GET ,IP: 127.0.0.1 ,CLASS_METHOD: com.csicit.ace.zuul.controller.EhcacheHttpController.get ,请求参数: {"key":["platform_internationalization"]}
2021-12-13 15:33:40 [INFO] com.csicit.ace.common.log.AceLocalLogger :  20898--耗时 : 0
2021-12-13 15:33:40 [INFO] com.csicit.ace.common.log.AceLocalLogger :  20901--请求地址: http://127.0.0.1:2100/ehcache/action/get ,HTTP_METHOD: GET ,IP: 127.0.0.1 ,CLASS_METHOD: com.csicit.ace.zuul.controller.EhcacheHttpController.get ,请求参数: {"key":["platform_internationalization"]}
2021-12-13 15:33:40 [INFO] com.csicit.ace.common.log.AceLocalLogger :  20901--耗时 : 0
2021-12-13 15:34:01 [INFO] org.quartz.plugins.history.LoggingJobHistoryPlugin : Job 测试任务组.711HM fired (by trigger 711HM$测试任务组.每100毫秒发送一次) at:  15:34:01 12/13/2021
2021-12-13 15:34:01 [WARN] com.csicit.ace.quartz.core.job.AgentJob : 任务执行失败，原因为：应用ah-csicpm不在线
2021-12-13 15:34:01 [INFO] org.quartz.plugins.history.LoggingJobHistoryPlugin : Job 测试任务组.711HM execution complete at  15:34:01 12/13/2021 and reports: null
2021-12-13 15:35:00 [INFO] org.quartz.plugins.history.LoggingJobHistoryPlugin : Job 业务平台内部定时任务.大屏消息推送 fired (by trigger 大屏消息推送$业务平台内部定时任务.每5分钟执行一次) at:  15:35:00 12/13/2021
2021-12-13 15:35:00 [INFO] com.csicit.ace.common.log.AceLocalLogger :  00045--请求地址: http://127.0.0.1:2100/bladeVisualMsgs/bladeVisual/msg/push ,HTTP_METHOD: GET ,IP: 127.0.0.1 ,CLASS_METHOD: com.csicit.ace.platform.core.controller.BladeVisualMsgController.bladeVisualMsgPush ,请求参数: {}
2021-12-13 15:35:00 [INFO] com.csicit.ace.common.log.AceLocalLogger :  00045--耗时 : 31
2021-12-13 15:35:00 [INFO] org.quartz.plugins.history.LoggingJobHistoryPlugin : Job 业务平台内部定时任务.大屏消息推送 execution complete at  15:35:00 12/13/2021 and reports: null
2021-12-13 15:36:01 [INFO] org.quartz.plugins.history.LoggingJobHistoryPlugin : Job 测试任务组.711HM fired (by trigger 711HM$测试任务组.每100毫秒发送一次) at:  15:36:01 12/13/2021
2021-12-13 15:36:01 [WARN] com.csicit.ace.quartz.core.job.AgentJob : 任务执行失败，原因为：应用ah-csicpm不在线
2021-12-13 15:36:01 [INFO] org.quartz.plugins.history.LoggingJobHistoryPlugin : Job 测试任务组.711HM execution complete at  15:36:01 12/13/2021 and reports: null
2021-12-13 15:37:01 [INFO] org.quartz.plugins.history.LoggingJobHistoryPlugin : Job 测试任务组.711HM fired (by trigger 711HM$测试任务组.每100毫秒发送一次) at:  15:37:01 12/13/2021
2021-12-13 15:37:01 [WARN] com.csicit.ace.quartz.core.job.AgentJob : 任务执行失败，原因为：应用ah-csicpm不在线
2021-12-13 15:37:01 [INFO] org.quartz.plugins.history.LoggingJobHistoryPlugin : Job 测试任务组.711HM execution complete at  15:37:01 12/13/2021 and reports: null
