2021-12-15 08:24:35 [INFO] com.csicit.ace.zuul.ZuulStartApp : The following profiles are active: routes
2021-12-15 08:24:42 [WARN] org.springframework.boot.actuate.endpoint.EndpointId : Endpoint ID 'hystrix.stream' contains invalid characters, please migrate to a valid format.
2021-12-15 08:24:42 [INFO] org.springframework.cloud.context.scope.GenericScope : BeanFactory id=1f34842f-e8e6-30dc-ba6c-d9fc11fbcda3
2021-12-15 08:24:43 [INFO] org.springframework.context.support.PostProcessorRegistrationDelegate$BeanPostProcessorChecker : Bean 'spring.cloud.alibaba.seata-com.alibaba.cloud.seata.SeataProperties' of type [com.alibaba.cloud.seata.SeataProperties] is not eligible for getting processed by all BeanPostProcessors (for example: not eligible for auto-proxying)
2021-12-15 08:24:43 [INFO] org.springframework.context.support.PostProcessorRegistrationDelegate$BeanPostProcessorChecker : Bean 'com.alibaba.cloud.seata.GlobalTransactionAutoConfiguration' of type [com.alibaba.cloud.seata.GlobalTransactionAutoConfiguration$$EnhancerBySpringCGLIB$$da589cd9] is not eligible for getting processed by all BeanPostProcessors (for example: not eligible for auto-proxying)
2021-12-15 08:24:43 [INFO] io.seata.config.FileConfiguration : The file name of the operation is registry
2021-12-15 08:24:43 [INFO] io.seata.config.FileConfiguration : The configuration file used is /E:/%e5%bc%80%e5%8f%91%e7%8e%af%e5%a2%83for%e5%b7%a5%e4%bd%9c%e6%b5%81/ace-server/ace-zuul/target/classes/registry.conf
2021-12-15 08:24:43 [INFO] io.seata.config.FileConfiguration : The file name of the operation is file.conf
2021-12-15 08:24:43 [INFO] io.seata.config.FileConfiguration : The configuration file used is file.conf
2021-12-15 08:24:43 [INFO] io.seata.spring.annotation.GlobalTransactionScanner : Initializing Global Transaction Clients ... 
2021-12-15 08:24:43 [INFO] io.seata.core.rpc.netty.NettyClientBootstrap : NettyClientBootstrap has started
2021-12-15 08:24:43 [INFO] io.seata.spring.annotation.GlobalTransactionScanner : Transaction Manager Client is initialized. applicationId[ace-zuul] txServiceGroup[my_test_tx_group]
2021-12-15 08:24:43 [INFO] io.seata.rm.datasource.AsyncWorker : Async Commit Buffer Limit: 10000
2021-12-15 08:24:43 [INFO] io.seata.rm.datasource.xa.ResourceManagerXA : ResourceManagerXA init ...
2021-12-15 08:24:43 [INFO] io.seata.core.rpc.netty.NettyClientBootstrap : NettyClientBootstrap has started
2021-12-15 08:24:43 [INFO] io.seata.spring.annotation.GlobalTransactionScanner : Resource Manager is initialized. applicationId[ace-zuul] txServiceGroup[my_test_tx_group]
2021-12-15 08:24:43 [INFO] io.seata.spring.annotation.GlobalTransactionScanner : Global Transaction Clients are initialized. 
2021-12-15 08:24:43 [INFO] org.springframework.context.support.PostProcessorRegistrationDelegate$BeanPostProcessorChecker : Bean 'org.springframework.transaction.annotation.ProxyTransactionManagementConfiguration' of type [org.springframework.transaction.annotation.ProxyTransactionManagementConfiguration$$EnhancerBySpringCGLIB$$4d2c935e] is not eligible for getting processed by all BeanPostProcessors (for example: not eligible for auto-proxying)
2021-12-15 08:24:43 [INFO] org.springframework.context.support.PostProcessorRegistrationDelegate$BeanPostProcessorChecker : Bean 'socketIoConfig' of type [com.csicit.ace.data.persistent.messenger.config.SocketIoConfig$$EnhancerBySpringCGLIB$$d97fc8a5] is not eligible for getting processed by all BeanPostProcessors (for example: not eligible for auto-proxying)
2021-12-15 08:24:43 [INFO] org.springframework.context.support.PostProcessorRegistrationDelegate$BeanPostProcessorChecker : Bean 'redissonClient' of type [org.springframework.beans.factory.support.NullBean] is not eligible for getting processed by all BeanPostProcessors (for example: not eligible for auto-proxying)
2021-12-15 08:24:43 [INFO] org.springframework.context.support.PostProcessorRegistrationDelegate$BeanPostProcessorChecker : Bean 'socketIOServer' of type [com.corundumstudio.socketio.SocketIOServer] is not eligible for getting processed by all BeanPostProcessors (for example: not eligible for auto-proxying)
2021-12-15 08:24:43 [INFO] org.springframework.context.support.PostProcessorRegistrationDelegate$BeanPostProcessorChecker : Bean 'org.springframework.cloud.autoconfigure.ConfigurationPropertiesRebinderAutoConfiguration' of type [org.springframework.cloud.autoconfigure.ConfigurationPropertiesRebinderAutoConfiguration$$EnhancerBySpringCGLIB$$6946965b] is not eligible for getting processed by all BeanPostProcessors (for example: not eligible for auto-proxying)
2021-12-15 08:24:43 [INFO] org.springframework.boot.web.embedded.tomcat.TomcatWebServer : Tomcat initialized with port(s): 2100 (http)
2021-12-15 08:24:43 [INFO] org.apache.catalina.core.StandardService : Starting service [Tomcat]
2021-12-15 08:24:43 [INFO] org.apache.catalina.core.StandardEngine : Starting Servlet engine: [Apache Tomcat/9.0.14]
2021-12-15 08:24:44 [INFO] org.apache.jasper.servlet.TldScanner : At least one JAR was scanned for TLDs yet contained no TLDs. Enable debug logging for this logger for a complete list of JARs that were scanned but no TLDs were found in them. Skipping unneeded JARs during scanning can improve startup time and JSP compilation time.
2021-12-15 08:24:44 [INFO] org.apache.catalina.core.ContainerBase.[Tomcat].[localhost].[/] : Initializing Spring embedded WebApplicationContext
2021-12-15 08:24:44 [INFO] org.springframework.web.context.ContextLoader : Root WebApplicationContext: initialization completed in 8636 ms
2021-12-15 08:24:44 [WARN] com.netflix.config.sources.URLConfigurationSource : No URLs will be polled as dynamic configuration sources.
2021-12-15 08:24:44 [INFO] com.netflix.config.sources.URLConfigurationSource : To enable URLs as dynamic configuration sources, define System property archaius.configurationSource.additionalUrls or make config.properties available on classpath.
2021-12-15 08:24:44 [INFO] com.netflix.config.DynamicPropertyFactory : DynamicPropertyFactory is initialized with configuration sources: com.netflix.config.ConcurrentCompositeConfiguration@12270a01
2021-12-15 08:24:44 [WARN] net.sf.ehcache.config.ConfigurationFactory : No configuration found. Configuring ehcache from ehcache-failsafe.xml  found in the classpath: jar:file:/D:/mavenRepo/net/sf/ehcache/ehcache/2.10.6/ehcache-2.10.6.jar!/ehcache-failsafe.xml
2021-12-15 08:24:45 [INFO] io.seata.spring.annotation.datasource.SeataAutoDataSourceProxyCreator : Auto proxy of [druidDataSource]
2021-12-15 08:24:45 [WARN] com.alibaba.druid.pool.DruidDataSource : removeAbandoned is true, not use in productiion.
2021-12-15 08:24:45 [INFO] com.alibaba.druid.pool.DruidDataSource : {dataSource-1} inited
2021-12-15 08:24:46 [INFO] io.seata.core.rpc.netty.NettyClientChannelManager : will connect to 127.0.0.1:8091
2021-12-15 08:24:46 [INFO] io.seata.core.rpc.netty.RmNettyRemotingClient : RM will register :jdbc:dm://192.168.19.9:5236:JARIACEPLAT
2021-12-15 08:24:46 [INFO] io.seata.core.rpc.netty.NettyPoolableFactory : NettyPool create channel to transactionRole:RMROLE,address:127.0.0.1:8091,msg:< RegisterRMRequest{resourceIds='jdbc:dm://192.168.19.9:5236:JARIACEPLAT', applicationId='ace-zuul', transactionServiceGroup='my_test_tx_group'} >
2021-12-15 08:24:46 [INFO] io.seata.core.rpc.netty.RmNettyRemotingClient : register RM success. client version:1.5.0-SNAPSHOT, server version:1.5.0-SNAPSHOT,channel:[id: 0xea7e8c87, L:/127.0.0.1:65343 - R:/127.0.0.1:8091]
2021-12-15 08:24:46 [INFO] io.seata.core.rpc.netty.NettyPoolableFactory : register success, cost 93 ms, version:1.5.0-SNAPSHOT,role:RMROLE,channel:[id: 0xea7e8c87, L:/127.0.0.1:65343 - R:/127.0.0.1:8091]
2021-12-15 08:24:55 [INFO] org.quartz.impl.StdSchedulerFactory : Using default implementation for ThreadExecutor
2021-12-15 08:24:55 [INFO] org.quartz.core.SchedulerSignalerImpl : Initialized Scheduler Signaller of type: class org.quartz.core.SchedulerSignalerImpl
2021-12-15 08:24:55 [INFO] org.quartz.core.QuartzScheduler : Quartz Scheduler v.2.3.1 created.
2021-12-15 08:24:55 [INFO] com.csicit.ace.quartz.core.plugins.AceJobConfigLoaderPlugin : Registering Quartz Job Initialization Plug-in.
2021-12-15 08:24:55 [INFO] org.quartz.core.QuartzScheduler : Scheduler meta-data: Quartz Scheduler (v2.3.1) 'JariScheduler' with instanceId 'DESKTOP-A03RJ151639527895321'
  Scheduler class: 'org.quartz.core.QuartzScheduler' - running locally.
  NOT STARTED.
  Currently in standby mode.
  Number of jobs executed: 0
  Using thread pool 'org.quartz.simpl.SimpleThreadPool' - with 20 threads.
  Using job-store 'org.springframework.scheduling.quartz.LocalDataSourceJobStore' - which supports persistence. and is clustered.

2021-12-15 08:24:55 [INFO] org.quartz.impl.StdSchedulerFactory : Quartz scheduler 'JariScheduler' initialized from an externally provided properties instance.
2021-12-15 08:24:55 [INFO] org.quartz.impl.StdSchedulerFactory : Quartz scheduler version: 2.3.1
2021-12-15 08:24:55 [INFO] org.quartz.core.QuartzScheduler : JobFactory set to: com.csicit.ace.quartz.core.factory.MyJobFactory@6c92a59d
2021-12-15 08:24:55 [WARN] com.baomidou.mybatisplus.core.toolkit.TableInfoHelper : Warn: Could not find @TableId in Class: com.csicit.ace.common.pojo.vo.GrantAuthReciveVO.
2021-12-15 08:24:56 [INFO] org.springframework.scheduling.concurrent.ThreadPoolTaskScheduler : Initializing ExecutorService 'taskScheduler'
2021-12-15 08:24:56 [INFO] liquibase.integration.spring.SpringLiquibase : Liquibase did not run because 'shouldRun' property was set to false on liquibase Liquibase Spring bean.
2021-12-15 08:24:57 [WARN] com.netflix.config.sources.URLConfigurationSource : No URLs will be polled as dynamic configuration sources.
2021-12-15 08:24:57 [INFO] com.netflix.config.sources.URLConfigurationSource : To enable URLs as dynamic configuration sources, define System property archaius.configurationSource.additionalUrls or make config.properties available on classpath.
2021-12-15 08:24:57 [INFO] org.springframework.scheduling.concurrent.ThreadPoolTaskExecutor : Initializing ExecutorService 'applicationTaskExecutor'
2021-12-15 08:24:57 [INFO] org.springframework.boot.autoconfigure.web.servlet.WelcomePageHandlerMapping : Adding welcome page template: index
2021-12-15 08:24:58 [WARN] org.springframework.boot.starter.redis.RedisStarterDeprecationWarningAutoConfiguration : spring-boot-starter-redis is deprecated as of Spring Boot 1.4, please migrate to spring-boot-starter-data-redis
2021-12-15 08:24:58 [INFO] org.springframework.cloud.netflix.zuul.ZuulFilterInitializer : Starting filter initializer
2021-12-15 08:24:58 [INFO] org.springframework.boot.actuate.endpoint.web.EndpointLinksResolver : Exposing 2 endpoint(s) beneath base path '/actuator'
2021-12-15 08:24:58 [INFO] org.quartz.xml.XMLSchedulingDataProcessor : Parsing XML from stream with systemId:  
2021-12-15 08:24:58 [INFO] org.quartz.xml.XMLSchedulingDataProcessor : Adding 1 jobs, 0 triggers.
2021-12-15 08:24:58 [INFO] org.quartz.xml.XMLSchedulingDataProcessor : Replacing job: tt.xxx
2021-12-15 08:24:58 [INFO] org.quartz.xml.XMLSchedulingDataProcessor : Parsing XML from stream with systemId:  
2021-12-15 08:24:58 [INFO] org.quartz.xml.XMLSchedulingDataProcessor : Adding 1 jobs, 0 triggers.
2021-12-15 08:24:58 [INFO] org.quartz.xml.XMLSchedulingDataProcessor : Replacing job: tt.xxx
2021-12-15 08:24:58 [INFO] org.quartz.xml.XMLSchedulingDataProcessor : Parsing XML from stream with systemId:  
2021-12-15 08:24:58 [INFO] org.quartz.xml.XMLSchedulingDataProcessor : Adding 1 jobs, 1 triggers.
2021-12-15 08:24:58 [INFO] org.quartz.xml.XMLSchedulingDataProcessor : Replacing job: 测试任务组.711HM
2021-12-15 08:24:58 [INFO] org.quartz.xml.XMLSchedulingDataProcessor : Parsing XML from stream with systemId:  
2021-12-15 08:24:58 [INFO] org.quartz.xml.XMLSchedulingDataProcessor : Adding 1 jobs, 0 triggers.
2021-12-15 08:24:58 [INFO] org.quartz.xml.XMLSchedulingDataProcessor : Replacing job: tt.xxx
2021-12-15 08:24:58 [INFO] org.quartz.xml.XMLSchedulingDataProcessor : Parsing XML from stream with systemId:  
2021-12-15 08:24:58 [INFO] org.quartz.xml.XMLSchedulingDataProcessor : Adding 16 jobs, 0 triggers.
2021-12-15 08:24:58 [INFO] org.quartz.xml.XMLSchedulingDataProcessor : Replacing job: tt.xxx
2021-12-15 08:24:58 [INFO] org.quartz.xml.XMLSchedulingDataProcessor : Replacing job: tt.xxx
2021-12-15 08:24:58 [INFO] org.quartz.xml.XMLSchedulingDataProcessor : Replacing job: tt.xxx
2021-12-15 08:24:58 [INFO] org.quartz.xml.XMLSchedulingDataProcessor : Replacing job: tt.xxx
2021-12-15 08:24:58 [INFO] org.quartz.xml.XMLSchedulingDataProcessor : Replacing job: tt.xxx
2021-12-15 08:24:58 [INFO] org.quartz.xml.XMLSchedulingDataProcessor : Replacing job: tt.xxx
2021-12-15 08:24:58 [INFO] org.quartz.xml.XMLSchedulingDataProcessor : Replacing job: tt.xxx
2021-12-15 08:24:58 [INFO] org.quartz.xml.XMLSchedulingDataProcessor : Replacing job: tt.xxx
2021-12-15 08:24:58 [INFO] org.quartz.xml.XMLSchedulingDataProcessor : Replacing job: tt.xxx
2021-12-15 08:24:58 [INFO] org.quartz.xml.XMLSchedulingDataProcessor : Replacing job: tt.xxx
2021-12-15 08:24:58 [INFO] org.quartz.xml.XMLSchedulingDataProcessor : Replacing job: tt.xxx
2021-12-15 08:24:58 [INFO] org.quartz.xml.XMLSchedulingDataProcessor : Replacing job: tt.xxx
2021-12-15 08:24:58 [INFO] org.quartz.xml.XMLSchedulingDataProcessor : Replacing job: tt.xxx
2021-12-15 08:24:58 [INFO] org.quartz.xml.XMLSchedulingDataProcessor : Replacing job: tt.xxx
2021-12-15 08:24:58 [INFO] org.quartz.xml.XMLSchedulingDataProcessor : Replacing job: tt.xxx
2021-12-15 08:24:58 [INFO] org.quartz.xml.XMLSchedulingDataProcessor : Replacing job: tt.xxx
2021-12-15 08:24:58 [INFO] org.quartz.xml.XMLSchedulingDataProcessor : Parsing XML from stream with systemId:  
2021-12-15 08:24:58 [INFO] org.quartz.xml.XMLSchedulingDataProcessor : Adding 1 jobs, 0 triggers.
2021-12-15 08:24:58 [INFO] org.quartz.xml.XMLSchedulingDataProcessor : Replacing job: tt.xxx
2021-12-15 08:24:58 [INFO] org.quartz.xml.XMLSchedulingDataProcessor : Parsing XML from stream with systemId:  
2021-12-15 08:24:58 [INFO] org.quartz.xml.XMLSchedulingDataProcessor : Adding 1 jobs, 0 triggers.
2021-12-15 08:24:58 [INFO] org.quartz.xml.XMLSchedulingDataProcessor : Replacing job: tt.xxx
2021-12-15 08:24:58 [INFO] org.quartz.xml.XMLSchedulingDataProcessor : Parsing XML from stream with systemId:  
2021-12-15 08:24:59 [INFO] org.quartz.xml.XMLSchedulingDataProcessor : Adding 1 jobs, 0 triggers.
2021-12-15 08:24:59 [INFO] org.quartz.xml.XMLSchedulingDataProcessor : Replacing job: tt.xxx
2021-12-15 08:24:59 [INFO] org.quartz.xml.XMLSchedulingDataProcessor : Parsing XML from stream with systemId:  
2021-12-15 08:24:59 [INFO] org.quartz.xml.XMLSchedulingDataProcessor : Adding 1 jobs, 0 triggers.
2021-12-15 08:24:59 [INFO] org.quartz.xml.XMLSchedulingDataProcessor : Replacing job: tt.xxx
2021-12-15 08:24:59 [INFO] org.quartz.xml.XMLSchedulingDataProcessor : Parsing XML from stream with systemId:  
2021-12-15 08:24:59 [INFO] org.quartz.xml.XMLSchedulingDataProcessor : Adding 1 jobs, 0 triggers.
2021-12-15 08:24:59 [INFO] org.quartz.xml.XMLSchedulingDataProcessor : Replacing job: tt.xxx
2021-12-15 08:24:59 [INFO] org.quartz.xml.XMLSchedulingDataProcessor : Parsing XML from stream with systemId:  
2021-12-15 08:24:59 [INFO] org.quartz.xml.XMLSchedulingDataProcessor : Adding 1 jobs, 0 triggers.
2021-12-15 08:24:59 [INFO] org.quartz.xml.XMLSchedulingDataProcessor : Replacing job: tt.xxx
2021-12-15 08:24:59 [INFO] org.quartz.xml.XMLSchedulingDataProcessor : Parsing XML from stream with systemId:  
2021-12-15 08:24:59 [INFO] org.quartz.xml.XMLSchedulingDataProcessor : Adding 1 jobs, 0 triggers.
2021-12-15 08:24:59 [INFO] org.quartz.xml.XMLSchedulingDataProcessor : Replacing job: tt.xxx
2021-12-15 08:24:59 [INFO] org.quartz.xml.XMLSchedulingDataProcessor : Parsing XML from stream with systemId:  
2021-12-15 08:24:59 [INFO] org.quartz.xml.XMLSchedulingDataProcessor : Adding 1 jobs, 0 triggers.
2021-12-15 08:24:59 [INFO] org.quartz.xml.XMLSchedulingDataProcessor : Replacing job: tt.xxx
2021-12-15 08:24:59 [INFO] org.quartz.xml.XMLSchedulingDataProcessor : Parsing XML from stream with systemId:  
2021-12-15 08:24:59 [INFO] org.quartz.xml.XMLSchedulingDataProcessor : Adding 1 jobs, 0 triggers.
2021-12-15 08:24:59 [INFO] org.quartz.xml.XMLSchedulingDataProcessor : Replacing job: tt.xxx
2021-12-15 08:24:59 [INFO] org.quartz.xml.XMLSchedulingDataProcessor : Parsing XML from stream with systemId:  
2021-12-15 08:24:59 [INFO] org.quartz.xml.XMLSchedulingDataProcessor : Adding 1 jobs, 0 triggers.
2021-12-15 08:24:59 [INFO] org.quartz.xml.XMLSchedulingDataProcessor : Replacing job: tt.xxx
2021-12-15 08:24:59 [INFO] org.quartz.xml.XMLSchedulingDataProcessor : Parsing XML from stream with systemId:  
2021-12-15 08:24:59 [INFO] org.quartz.xml.XMLSchedulingDataProcessor : Adding 1 jobs, 0 triggers.
2021-12-15 08:24:59 [INFO] org.quartz.xml.XMLSchedulingDataProcessor : Replacing job: tt.xxx
2021-12-15 08:24:59 [INFO] org.quartz.xml.XMLSchedulingDataProcessor : Parsing XML from stream with systemId:  
2021-12-15 08:24:59 [INFO] org.quartz.xml.XMLSchedulingDataProcessor : Adding 1 jobs, 0 triggers.
2021-12-15 08:24:59 [INFO] org.quartz.xml.XMLSchedulingDataProcessor : Replacing job: tt.xxx
2021-12-15 08:24:59 [INFO] org.quartz.xml.XMLSchedulingDataProcessor : Parsing XML from stream with systemId:  
2021-12-15 08:24:59 [INFO] org.quartz.xml.XMLSchedulingDataProcessor : Adding 2 jobs, 0 triggers.
2021-12-15 08:24:59 [INFO] org.quartz.xml.XMLSchedulingDataProcessor : Replacing job: urgeTask.催办提醒
2021-12-15 08:24:59 [INFO] org.quartz.xml.XMLSchedulingDataProcessor : Replacing job: 催办提醒任务组.催办提醒
2021-12-15 08:24:59 [INFO] org.quartz.xml.XMLSchedulingDataProcessor : Parsing XML from stream with systemId:  
2021-12-15 08:24:59 [INFO] org.quartz.xml.XMLSchedulingDataProcessor : Adding 1 jobs, 1 triggers.
2021-12-15 08:24:59 [INFO] org.quartz.xml.XMLSchedulingDataProcessor : Replacing job: 业务平台内部定时任务.大屏消息推送
2021-12-15 08:24:59 [INFO] org.quartz.core.QuartzScheduler : Scheduler JariScheduler_$_DESKTOP-A03RJ151639527895321 started.
2021-12-15 08:24:59 [INFO] org.springframework.boot.web.embedded.tomcat.TomcatWebServer : Tomcat started on port(s): 2100 (http) with context path ''
2021-12-15 08:24:59 [INFO] com.csicit.ace.zuul.ZuulStartApp : Started ZuulStartApp in 25.792 seconds (JVM running for 26.577)
2021-12-15 08:25:00 [ERROR] com.csicit.ace.zuul.config.ZuulClientConfig : 授权异常，请检查License服务器或授权信息！
2021-12-15 08:25:00 [INFO] org.quartz.core.QuartzScheduler : Scheduler JariScheduler_$_DESKTOP-A03RJ151639527895321 paused.
2021-12-15 08:25:00 [INFO] org.springframework.cloud.netflix.zuul.ZuulFilterInitializer : Stopping filter initializer
2021-12-15 08:25:00 [INFO] org.springframework.scheduling.concurrent.ThreadPoolTaskExecutor : Shutting down ExecutorService 'applicationTaskExecutor'
2021-12-15 08:25:00 [INFO] org.springframework.scheduling.concurrent.ThreadPoolTaskScheduler : Shutting down ExecutorService 'taskScheduler'
2021-12-15 08:25:00 [INFO] org.quartz.core.QuartzScheduler : Scheduler JariScheduler_$_DESKTOP-A03RJ151639527895321 shutting down.
2021-12-15 08:25:00 [INFO] org.quartz.core.QuartzScheduler : Scheduler JariScheduler_$_DESKTOP-A03RJ151639527895321 paused.
2021-12-15 08:25:00 [INFO] org.quartz.core.QuartzScheduler : Scheduler JariScheduler_$_DESKTOP-A03RJ151639527895321 shutdown complete.
2021-12-15 08:25:00 [INFO] org.quartz.plugins.history.LoggingJobHistoryPlugin : Job 业务平台内部定时任务.大屏消息推送 fired (by trigger 大屏消息推送$业务平台内部定时任务.每5分钟执行一次) at:  08:25:00 12/15/2021
2021-12-15 08:25:00 [INFO] com.alibaba.druid.pool.DruidDataSource : {dataSource-1} closed
2021-12-15 08:25:00 [INFO] io.seata.core.rpc.netty.AbstractNettyRemotingClient : channel inactive: [id: 0xea7e8c87, L:/127.0.0.1:65343 ! R:/127.0.0.1:8091]
2021-12-15 08:25:00 [INFO] io.seata.core.rpc.netty.NettyClientChannelManager : return to pool, rm channel:[id: 0xea7e8c87, L:/127.0.0.1:65343 ! R:/127.0.0.1:8091]
2021-12-15 08:25:00 [INFO] io.seata.core.rpc.netty.NettyPoolableFactory : channel valid false,channel:[id: 0xea7e8c87, L:/127.0.0.1:65343 ! R:/127.0.0.1:8091]
2021-12-15 08:25:00 [INFO] io.seata.core.rpc.netty.NettyPoolableFactory : will destroy channel:[id: 0xea7e8c87, L:/127.0.0.1:65343 ! R:/127.0.0.1:8091]
2021-12-15 08:25:00 [INFO] io.seata.core.rpc.netty.AbstractNettyRemotingClient : ChannelHandlerContext(AbstractNettyRemotingClient$ClientHandler#0, [id: 0xea7e8c87, L:/127.0.0.1:65343 ! R:/127.0.0.1:8091]) will closed
2021-12-15 08:25:00 [INFO] io.seata.core.rpc.netty.AbstractNettyRemotingClient : ChannelHandlerContext(AbstractNettyRemotingClient$ClientHandler#0, [id: 0xea7e8c87, L:/127.0.0.1:65343 ! R:/127.0.0.1:8091]) will closed
