2021-11-29 13:44:35 [INFO] com.csicit.ace.zuul.ZuulStartApp : The following profiles are active: routes
2021-11-29 13:44:36 [WARN] org.springframework.boot.actuate.endpoint.EndpointId : Endpoint ID 'hystrix.stream' contains invalid characters, please migrate to a valid format.
2021-11-29 13:44:37 [INFO] org.springframework.cloud.context.scope.GenericScope : BeanFactory id=5bde780a-911a-3ece-8356-ae4b252c9797
2021-11-29 13:44:37 [INFO] org.springframework.context.support.PostProcessorRegistrationDelegate$BeanPostProcessorChecker : Bean 'org.springframework.transaction.annotation.ProxyTransactionManagementConfiguration' of type [org.springframework.transaction.annotation.ProxyTransactionManagementConfiguration$$EnhancerBySpringCGLIB$$fa26c7bc] is not eligible for getting processed by all BeanPostProcessors (for example: not eligible for auto-proxying)
2021-11-29 13:44:37 [INFO] org.springframework.context.support.PostProcessorRegistrationDelegate$BeanPostProcessorChecker : Bean 'socketIoConfig' of type [com.csicit.ace.data.persistent.messenger.config.SocketIoConfig$$EnhancerBySpringCGLIB$$8679fd03] is not eligible for getting processed by all BeanPostProcessors (for example: not eligible for auto-proxying)
2021-11-29 13:44:37 [INFO] org.springframework.context.support.PostProcessorRegistrationDelegate$BeanPostProcessorChecker : Bean 'redissonClient' of type [org.springframework.beans.factory.support.NullBean] is not eligible for getting processed by all BeanPostProcessors (for example: not eligible for auto-proxying)
2021-11-29 13:44:37 [INFO] org.springframework.context.support.PostProcessorRegistrationDelegate$BeanPostProcessorChecker : Bean 'socketIOServer' of type [com.corundumstudio.socketio.SocketIOServer] is not eligible for getting processed by all BeanPostProcessors (for example: not eligible for auto-proxying)
2021-11-29 13:44:37 [INFO] org.springframework.context.support.PostProcessorRegistrationDelegate$BeanPostProcessorChecker : Bean 'org.springframework.cloud.autoconfigure.ConfigurationPropertiesRebinderAutoConfiguration' of type [org.springframework.cloud.autoconfigure.ConfigurationPropertiesRebinderAutoConfiguration$$EnhancerBySpringCGLIB$$1640cab9] is not eligible for getting processed by all BeanPostProcessors (for example: not eligible for auto-proxying)
2021-11-29 13:44:37 [INFO] org.springframework.boot.web.embedded.tomcat.TomcatWebServer : Tomcat initialized with port(s): 2100 (http)
2021-11-29 13:44:37 [INFO] org.apache.catalina.core.StandardService : Starting service [Tomcat]
2021-11-29 13:44:37 [INFO] org.apache.catalina.core.StandardEngine : Starting Servlet engine: [Apache Tomcat/9.0.14]
2021-11-29 13:44:38 [INFO] org.apache.jasper.servlet.TldScanner : At least one JAR was scanned for TLDs yet contained no TLDs. Enable debug logging for this logger for a complete list of JARs that were scanned but no TLDs were found in them. Skipping unneeded JARs during scanning can improve startup time and JSP compilation time.
2021-11-29 13:44:38 [INFO] org.apache.catalina.core.ContainerBase.[Tomcat].[localhost].[/] : Initializing Spring embedded WebApplicationContext
2021-11-29 13:44:38 [INFO] org.springframework.web.context.ContextLoader : Root WebApplicationContext: initialization completed in 3064 ms
2021-11-29 13:44:38 [WARN] com.netflix.config.sources.URLConfigurationSource : No URLs will be polled as dynamic configuration sources.
2021-11-29 13:44:38 [INFO] com.netflix.config.sources.URLConfigurationSource : To enable URLs as dynamic configuration sources, define System property archaius.configurationSource.additionalUrls or make config.properties available on classpath.
2021-11-29 13:44:38 [INFO] com.netflix.config.DynamicPropertyFactory : DynamicPropertyFactory is initialized with configuration sources: com.netflix.config.ConcurrentCompositeConfiguration@53564a4c
2021-11-29 13:44:38 [WARN] net.sf.ehcache.config.ConfigurationFactory : No configuration found. Configuring ehcache from ehcache-failsafe.xml  found in the classpath: jar:file:/D:/mavenRepo/net/sf/ehcache/ehcache/2.10.6/ehcache-2.10.6.jar!/ehcache-failsafe.xml
2021-11-29 13:44:38 [INFO] com.alibaba.druid.spring.boot.autoconfigure.DruidDataSourceAutoConfigure : Init DruidDataSource
2021-11-29 13:44:39 [INFO] com.alibaba.druid.pool.DruidDataSource : {dataSource-1} inited
2021-11-29 13:44:47 [INFO] org.quartz.impl.StdSchedulerFactory : Using default implementation for ThreadExecutor
2021-11-29 13:44:47 [INFO] org.quartz.core.SchedulerSignalerImpl : Initialized Scheduler Signaller of type: class org.quartz.core.SchedulerSignalerImpl
2021-11-29 13:44:47 [INFO] org.quartz.core.QuartzScheduler : Quartz Scheduler v.2.3.1 created.
2021-11-29 13:44:47 [INFO] com.csicit.ace.quartz.core.plugins.AceJobConfigLoaderPlugin : Registering Quartz Job Initialization Plug-in.
2021-11-29 13:44:47 [INFO] org.quartz.core.QuartzScheduler : Scheduler meta-data: Quartz Scheduler (v2.3.1) 'JariScheduler' with instanceId 'DESKTOP-A03RJ151638164687337'
  Scheduler class: 'org.quartz.core.QuartzScheduler' - running locally.
  NOT STARTED.
  Currently in standby mode.
  Number of jobs executed: 0
  Using thread pool 'org.quartz.simpl.SimpleThreadPool' - with 20 threads.
  Using job-store 'org.springframework.scheduling.quartz.LocalDataSourceJobStore' - which supports persistence. and is clustered.

2021-11-29 13:44:47 [INFO] org.quartz.impl.StdSchedulerFactory : Quartz scheduler 'JariScheduler' initialized from an externally provided properties instance.
2021-11-29 13:44:47 [INFO] org.quartz.impl.StdSchedulerFactory : Quartz scheduler version: 2.3.1
2021-11-29 13:44:47 [INFO] org.quartz.core.QuartzScheduler : JobFactory set to: com.csicit.ace.quartz.core.factory.MyJobFactory@c7008b4
2021-11-29 13:44:47 [WARN] com.baomidou.mybatisplus.core.toolkit.TableInfoHelper : Warn: Could not find @TableId in Class: com.csicit.ace.common.pojo.vo.GrantAuthReciveVO.
2021-11-29 13:44:48 [INFO] liquibase.integration.spring.SpringLiquibase : Liquibase did not run because 'shouldRun' property was set to false on liquibase Liquibase Spring bean.
2021-11-29 13:44:48 [WARN] com.netflix.config.sources.URLConfigurationSource : No URLs will be polled as dynamic configuration sources.
2021-11-29 13:44:48 [INFO] com.netflix.config.sources.URLConfigurationSource : To enable URLs as dynamic configuration sources, define System property archaius.configurationSource.additionalUrls or make config.properties available on classpath.
2021-11-29 13:44:49 [INFO] org.springframework.scheduling.concurrent.ThreadPoolTaskExecutor : Initializing ExecutorService 'applicationTaskExecutor'
2021-11-29 13:44:49 [INFO] org.springframework.boot.autoconfigure.web.servlet.WelcomePageHandlerMapping : Adding welcome page template: index
2021-11-29 13:44:49 [WARN] org.springframework.boot.starter.redis.RedisStarterDeprecationWarningAutoConfiguration : spring-boot-starter-redis is deprecated as of Spring Boot 1.4, please migrate to spring-boot-starter-data-redis
2021-11-29 13:44:50 [INFO] org.springframework.cloud.netflix.zuul.ZuulFilterInitializer : Starting filter initializer
2021-11-29 13:44:50 [INFO] org.springframework.boot.actuate.endpoint.web.EndpointLinksResolver : Exposing 2 endpoint(s) beneath base path '/actuator'
2021-11-29 13:44:50 [INFO] org.quartz.xml.XMLSchedulingDataProcessor : Parsing XML from stream with systemId:  
2021-11-29 13:44:50 [INFO] org.quartz.xml.XMLSchedulingDataProcessor : Adding 1 jobs, 0 triggers.
2021-11-29 13:44:50 [INFO] org.quartz.xml.XMLSchedulingDataProcessor : Replacing job: tt.xxx
2021-11-29 13:44:50 [INFO] org.quartz.xml.XMLSchedulingDataProcessor : Parsing XML from stream with systemId:  
2021-11-29 13:44:50 [INFO] org.quartz.xml.XMLSchedulingDataProcessor : Adding 1 jobs, 0 triggers.
2021-11-29 13:44:50 [INFO] org.quartz.xml.XMLSchedulingDataProcessor : Replacing job: tt.xxx
2021-11-29 13:44:50 [INFO] org.quartz.xml.XMLSchedulingDataProcessor : Parsing XML from stream with systemId:  
2021-11-29 13:44:50 [INFO] org.quartz.xml.XMLSchedulingDataProcessor : Adding 1 jobs, 1 triggers.
2021-11-29 13:44:50 [INFO] org.quartz.xml.XMLSchedulingDataProcessor : Replacing job: 测试任务组.711HM
2021-11-29 13:44:50 [INFO] org.quartz.xml.XMLSchedulingDataProcessor : Parsing XML from stream with systemId:  
2021-11-29 13:44:50 [INFO] org.quartz.xml.XMLSchedulingDataProcessor : Adding 1 jobs, 0 triggers.
2021-11-29 13:44:50 [INFO] org.quartz.xml.XMLSchedulingDataProcessor : Replacing job: tt.xxx
2021-11-29 13:44:50 [INFO] org.quartz.xml.XMLSchedulingDataProcessor : Parsing XML from stream with systemId:  
2021-11-29 13:44:50 [INFO] org.quartz.xml.XMLSchedulingDataProcessor : Adding 16 jobs, 0 triggers.
2021-11-29 13:44:50 [INFO] org.quartz.xml.XMLSchedulingDataProcessor : Replacing job: tt.xxx
2021-11-29 13:44:50 [INFO] org.quartz.xml.XMLSchedulingDataProcessor : Replacing job: tt.xxx
2021-11-29 13:44:50 [INFO] org.quartz.xml.XMLSchedulingDataProcessor : Replacing job: tt.xxx
2021-11-29 13:44:50 [INFO] org.quartz.xml.XMLSchedulingDataProcessor : Replacing job: tt.xxx
2021-11-29 13:44:50 [INFO] org.quartz.xml.XMLSchedulingDataProcessor : Replacing job: tt.xxx
2021-11-29 13:44:50 [INFO] org.quartz.xml.XMLSchedulingDataProcessor : Replacing job: tt.xxx
2021-11-29 13:44:50 [INFO] org.quartz.xml.XMLSchedulingDataProcessor : Replacing job: tt.xxx
2021-11-29 13:44:50 [INFO] org.quartz.xml.XMLSchedulingDataProcessor : Replacing job: tt.xxx
2021-11-29 13:44:50 [INFO] org.quartz.xml.XMLSchedulingDataProcessor : Replacing job: tt.xxx
2021-11-29 13:44:50 [INFO] org.quartz.xml.XMLSchedulingDataProcessor : Replacing job: tt.xxx
2021-11-29 13:44:50 [INFO] org.quartz.xml.XMLSchedulingDataProcessor : Replacing job: tt.xxx
2021-11-29 13:44:50 [INFO] org.quartz.xml.XMLSchedulingDataProcessor : Replacing job: tt.xxx
2021-11-29 13:44:50 [INFO] org.quartz.xml.XMLSchedulingDataProcessor : Replacing job: tt.xxx
2021-11-29 13:44:50 [INFO] org.quartz.xml.XMLSchedulingDataProcessor : Replacing job: tt.xxx
2021-11-29 13:44:50 [INFO] org.quartz.xml.XMLSchedulingDataProcessor : Replacing job: tt.xxx
2021-11-29 13:44:50 [INFO] org.quartz.xml.XMLSchedulingDataProcessor : Replacing job: tt.xxx
2021-11-29 13:44:50 [INFO] org.quartz.xml.XMLSchedulingDataProcessor : Parsing XML from stream with systemId:  
2021-11-29 13:44:50 [INFO] org.quartz.xml.XMLSchedulingDataProcessor : Adding 1 jobs, 0 triggers.
2021-11-29 13:44:50 [INFO] org.quartz.xml.XMLSchedulingDataProcessor : Replacing job: tt.xxx
2021-11-29 13:44:50 [INFO] org.quartz.xml.XMLSchedulingDataProcessor : Parsing XML from stream with systemId:  
2021-11-29 13:44:50 [INFO] org.quartz.xml.XMLSchedulingDataProcessor : Adding 1 jobs, 0 triggers.
2021-11-29 13:44:50 [INFO] org.quartz.xml.XMLSchedulingDataProcessor : Replacing job: tt.xxx
2021-11-29 13:44:50 [INFO] org.quartz.xml.XMLSchedulingDataProcessor : Parsing XML from stream with systemId:  
2021-11-29 13:44:50 [INFO] org.quartz.xml.XMLSchedulingDataProcessor : Adding 1 jobs, 0 triggers.
2021-11-29 13:44:50 [INFO] org.quartz.xml.XMLSchedulingDataProcessor : Replacing job: tt.xxx
2021-11-29 13:44:50 [INFO] org.quartz.xml.XMLSchedulingDataProcessor : Parsing XML from stream with systemId:  
2021-11-29 13:44:50 [INFO] org.quartz.xml.XMLSchedulingDataProcessor : Adding 1 jobs, 0 triggers.
2021-11-29 13:44:50 [INFO] org.quartz.xml.XMLSchedulingDataProcessor : Replacing job: tt.xxx
2021-11-29 13:44:50 [INFO] org.quartz.xml.XMLSchedulingDataProcessor : Parsing XML from stream with systemId:  
2021-11-29 13:44:50 [INFO] org.quartz.xml.XMLSchedulingDataProcessor : Adding 1 jobs, 0 triggers.
2021-11-29 13:44:50 [INFO] org.quartz.xml.XMLSchedulingDataProcessor : Replacing job: tt.xxx
2021-11-29 13:44:50 [INFO] org.quartz.xml.XMLSchedulingDataProcessor : Parsing XML from stream with systemId:  
2021-11-29 13:44:50 [INFO] org.quartz.xml.XMLSchedulingDataProcessor : Adding 1 jobs, 0 triggers.
2021-11-29 13:44:50 [INFO] org.quartz.xml.XMLSchedulingDataProcessor : Replacing job: tt.xxx
2021-11-29 13:44:50 [INFO] org.quartz.xml.XMLSchedulingDataProcessor : Parsing XML from stream with systemId:  
2021-11-29 13:44:50 [INFO] org.quartz.xml.XMLSchedulingDataProcessor : Adding 1 jobs, 0 triggers.
2021-11-29 13:44:50 [INFO] org.quartz.xml.XMLSchedulingDataProcessor : Replacing job: tt.xxx
2021-11-29 13:44:50 [INFO] org.quartz.xml.XMLSchedulingDataProcessor : Parsing XML from stream with systemId:  
2021-11-29 13:44:50 [INFO] org.quartz.xml.XMLSchedulingDataProcessor : Adding 1 jobs, 0 triggers.
2021-11-29 13:44:50 [INFO] org.quartz.xml.XMLSchedulingDataProcessor : Replacing job: tt.xxx
2021-11-29 13:44:50 [INFO] org.quartz.xml.XMLSchedulingDataProcessor : Parsing XML from stream with systemId:  
2021-11-29 13:44:50 [INFO] org.quartz.xml.XMLSchedulingDataProcessor : Adding 1 jobs, 0 triggers.
2021-11-29 13:44:50 [INFO] org.quartz.xml.XMLSchedulingDataProcessor : Replacing job: tt.xxx
2021-11-29 13:44:50 [INFO] org.quartz.xml.XMLSchedulingDataProcessor : Parsing XML from stream with systemId:  
2021-11-29 13:44:50 [INFO] org.quartz.xml.XMLSchedulingDataProcessor : Adding 1 jobs, 0 triggers.
2021-11-29 13:44:50 [INFO] org.quartz.xml.XMLSchedulingDataProcessor : Replacing job: tt.xxx
2021-11-29 13:44:50 [INFO] org.quartz.xml.XMLSchedulingDataProcessor : Parsing XML from stream with systemId:  
2021-11-29 13:44:50 [INFO] org.quartz.xml.XMLSchedulingDataProcessor : Adding 1 jobs, 0 triggers.
2021-11-29 13:44:50 [INFO] org.quartz.xml.XMLSchedulingDataProcessor : Replacing job: tt.xxx
2021-11-29 13:44:50 [INFO] org.quartz.xml.XMLSchedulingDataProcessor : Parsing XML from stream with systemId:  
2021-11-29 13:44:50 [INFO] org.quartz.xml.XMLSchedulingDataProcessor : Adding 1 jobs, 0 triggers.
2021-11-29 13:44:50 [INFO] org.quartz.xml.XMLSchedulingDataProcessor : Replacing job: tt.xxx
2021-11-29 13:44:50 [INFO] org.quartz.xml.XMLSchedulingDataProcessor : Parsing XML from stream with systemId:  
2021-11-29 13:44:50 [INFO] org.quartz.xml.XMLSchedulingDataProcessor : Adding 2 jobs, 0 triggers.
2021-11-29 13:44:50 [INFO] org.quartz.xml.XMLSchedulingDataProcessor : Replacing job: urgeTask.催办提醒
2021-11-29 13:44:51 [INFO] org.quartz.xml.XMLSchedulingDataProcessor : Replacing job: 催办提醒任务组.催办提醒
2021-11-29 13:44:51 [INFO] org.quartz.xml.XMLSchedulingDataProcessor : Parsing XML from stream with systemId:  
2021-11-29 13:44:51 [INFO] org.quartz.xml.XMLSchedulingDataProcessor : Adding 1 jobs, 1 triggers.
2021-11-29 13:44:51 [INFO] org.quartz.xml.XMLSchedulingDataProcessor : Replacing job: 业务平台内部定时任务.大屏消息推送
2021-11-29 13:44:51 [INFO] org.quartz.core.QuartzScheduler : Scheduler JariScheduler_$_DESKTOP-A03RJ151638164687337 started.
2021-11-29 13:44:51 [INFO] org.springframework.boot.web.embedded.tomcat.TomcatWebServer : Tomcat started on port(s): 2100 (http) with context path ''
2021-11-29 13:44:51 [INFO] com.csicit.ace.zuul.ZuulStartApp : Started ZuulStartApp in 18.022 seconds (JVM running for 18.804)
2021-11-29 13:44:51 [INFO] org.reflections.Reflections : Reflections took 36 ms to scan 1 urls, producing 17 keys and 25 values 
2021-11-29 13:44:52 [INFO] com.corundumstudio.socketio.SocketIOServer : Session store / pubsub factory used: MemoryStoreFactory (local session store only)
2021-11-29 13:44:52 [INFO] com.corundumstudio.socketio.SocketIOServer : SocketIO server started at port: 5070
2021-11-29 13:44:52 [INFO] com.csicit.ace.common.log.AceLocalLogger : socketLog_消息服务已启动!
2021-11-29 13:44:52 [INFO] com.csicit.ace.common.log.AceLocalLogger : socketLog_创建命名空间:dv-testapp-platform
2021-11-29 13:44:52 [INFO] com.csicit.ace.common.log.AceLocalLogger : socketLog_创建命名空间:ei-service
2021-11-29 13:44:53 [INFO] com.csicit.ace.common.log.AceLocalLogger : socketLog_建立连接：6b339d27-b6d5-4e7b-9f8d-4df59cb1b4ac
2021-11-29 13:44:56 [INFO] org.apache.catalina.core.ContainerBase.[Tomcat].[localhost].[/] : Initializing Spring DispatcherServlet 'dispatcherServlet'
2021-11-29 13:44:56 [INFO] org.springframework.web.servlet.DispatcherServlet : Initializing Servlet 'dispatcherServlet'
2021-11-29 13:44:56 [INFO] org.springframework.web.servlet.DispatcherServlet : Completed initialization in 16 ms
2021-11-29 13:44:56 [ERROR] com.csicit.ace.common.log.AceLocalLogger : Request method 'POST' not supported
org.springframework.web.HttpRequestMethodNotSupportedException: Request method 'POST' not supported
	at org.springframework.web.servlet.mvc.method.RequestMappingInfoHandlerMapping.handleNoMatch(RequestMappingInfoHandlerMapping.java:200)
	at org.springframework.web.servlet.handler.AbstractHandlerMethodMapping.lookupHandlerMethod(AbstractHandlerMethodMapping.java:419)
	at org.springframework.web.servlet.handler.AbstractHandlerMethodMapping.getHandlerInternal(AbstractHandlerMethodMapping.java:365)
	at org.springframework.web.servlet.handler.AbstractHandlerMethodMapping.getHandlerInternal(AbstractHandlerMethodMapping.java:65)
	at org.springframework.web.servlet.handler.AbstractHandlerMapping.getHandler(AbstractHandlerMapping.java:401)
	at org.springframework.web.servlet.DispatcherServlet.getHandler(DispatcherServlet.java:1231)
	at org.springframework.web.servlet.DispatcherServlet.doDispatch(DispatcherServlet.java:1014)
	at org.springframework.web.servlet.DispatcherServlet.doService(DispatcherServlet.java:942)
	at org.springframework.web.servlet.FrameworkServlet.processRequest(FrameworkServlet.java:1005)
	at org.springframework.web.servlet.FrameworkServlet.doPost(FrameworkServlet.java:908)
	at javax.servlet.http.HttpServlet.service(HttpServlet.java:660)
	at org.springframework.web.servlet.FrameworkServlet.service(FrameworkServlet.java:882)
	at javax.servlet.http.HttpServlet.service(HttpServlet.java:741)
	at org.apache.catalina.core.ApplicationFilterChain.internalDoFilter(ApplicationFilterChain.java:231)
	at org.apache.catalina.core.ApplicationFilterChain.doFilter(ApplicationFilterChain.java:166)
	at org.apache.tomcat.websocket.server.WsFilter.doFilter(WsFilter.java:53)
	at org.apache.catalina.core.ApplicationFilterChain.internalDoFilter(ApplicationFilterChain.java:193)
	at org.apache.catalina.core.ApplicationFilterChain.doFilter(ApplicationFilterChain.java:166)
	at org.apache.catalina.core.ApplicationDispatcher.invoke(ApplicationDispatcher.java:712)
	at org.apache.catalina.core.ApplicationDispatcher.processRequest(ApplicationDispatcher.java:459)
	at org.apache.catalina.core.ApplicationDispatcher.doForward(ApplicationDispatcher.java:384)
	at org.apache.catalina.core.ApplicationDispatcher.forward(ApplicationDispatcher.java:312)
	at com.csicit.ace.zuul.config.GlobalInterceptor.preHandle(GlobalInterceptor.java:102)
	at org.springframework.web.servlet.HandlerExecutionChain.applyPreHandle(HandlerExecutionChain.java:136)
	at org.springframework.web.servlet.DispatcherServlet.doDispatch(DispatcherServlet.java:1033)
	at org.springframework.web.servlet.DispatcherServlet.doService(DispatcherServlet.java:942)
	at org.springframework.web.servlet.FrameworkServlet.processRequest(FrameworkServlet.java:1005)
	at org.springframework.web.servlet.FrameworkServlet.doPost(FrameworkServlet.java:908)
	at javax.servlet.http.HttpServlet.service(HttpServlet.java:660)
	at org.springframework.web.servlet.FrameworkServlet.service(FrameworkServlet.java:882)
	at javax.servlet.http.HttpServlet.service(HttpServlet.java:741)
	at org.apache.catalina.core.ApplicationFilterChain.internalDoFilter(ApplicationFilterChain.java:231)
	at org.apache.catalina.core.ApplicationFilterChain.doFilter(ApplicationFilterChain.java:166)
	at org.apache.tomcat.websocket.server.WsFilter.doFilter(WsFilter.java:53)
	at org.apache.catalina.core.ApplicationFilterChain.internalDoFilter(ApplicationFilterChain.java:193)
	at org.apache.catalina.core.ApplicationFilterChain.doFilter(ApplicationFilterChain.java:166)
	at org.springframework.web.filter.CorsFilter.doFilterInternal(CorsFilter.java:96)
	at org.springframework.web.filter.OncePerRequestFilter.doFilter(OncePerRequestFilter.java:109)
	at org.apache.catalina.core.ApplicationFilterChain.internalDoFilter(ApplicationFilterChain.java:193)
	at org.apache.catalina.core.ApplicationFilterChain.doFilter(ApplicationFilterChain.java:166)
	at org.springframework.boot.actuate.web.trace.servlet.HttpTraceFilter.doFilterInternal(HttpTraceFilter.java:88)
	at org.springframework.web.filter.OncePerRequestFilter.doFilter(OncePerRequestFilter.java:109)
	at org.apache.catalina.core.ApplicationFilterChain.internalDoFilter(ApplicationFilterChain.java:193)
	at org.apache.catalina.core.ApplicationFilterChain.doFilter(ApplicationFilterChain.java:166)
	at org.springframework.web.filter.RequestContextFilter.doFilterInternal(RequestContextFilter.java:99)
	at org.springframework.web.filter.OncePerRequestFilter.doFilter(OncePerRequestFilter.java:109)
	at org.apache.catalina.core.ApplicationFilterChain.internalDoFilter(ApplicationFilterChain.java:193)
	at org.apache.catalina.core.ApplicationFilterChain.doFilter(ApplicationFilterChain.java:166)
	at org.springframework.web.filter.FormContentFilter.doFilterInternal(FormContentFilter.java:92)
	at org.springframework.web.filter.OncePerRequestFilter.doFilter(OncePerRequestFilter.java:109)
	at org.apache.catalina.core.ApplicationFilterChain.internalDoFilter(ApplicationFilterChain.java:193)
	at org.apache.catalina.core.ApplicationFilterChain.doFilter(ApplicationFilterChain.java:166)
	at org.springframework.web.filter.HiddenHttpMethodFilter.doFilterInternal(HiddenHttpMethodFilter.java:93)
	at org.springframework.web.filter.OncePerRequestFilter.doFilter(OncePerRequestFilter.java:109)
	at org.apache.catalina.core.ApplicationFilterChain.internalDoFilter(ApplicationFilterChain.java:193)
	at org.apache.catalina.core.ApplicationFilterChain.doFilter(ApplicationFilterChain.java:166)
	at org.springframework.boot.actuate.metrics.web.servlet.WebMvcMetricsFilter.filterAndRecordMetrics(WebMvcMetricsFilter.java:114)
	at org.springframework.boot.actuate.metrics.web.servlet.WebMvcMetricsFilter.doFilterInternal(WebMvcMetricsFilter.java:104)
	at org.springframework.web.filter.OncePerRequestFilter.doFilter(OncePerRequestFilter.java:109)
	at org.apache.catalina.core.ApplicationFilterChain.internalDoFilter(ApplicationFilterChain.java:193)
	at org.apache.catalina.core.ApplicationFilterChain.doFilter(ApplicationFilterChain.java:166)
	at org.springframework.web.filter.CharacterEncodingFilter.doFilterInternal(CharacterEncodingFilter.java:200)
	at org.springframework.web.filter.OncePerRequestFilter.doFilter(OncePerRequestFilter.java:109)
	at org.apache.catalina.core.ApplicationFilterChain.internalDoFilter(ApplicationFilterChain.java:193)
	at org.apache.catalina.core.ApplicationFilterChain.doFilter(ApplicationFilterChain.java:166)
	at org.apache.catalina.core.StandardWrapperValve.invoke(StandardWrapperValve.java:199)
	at org.apache.catalina.core.StandardContextValve.invoke(StandardContextValve.java:96)
	at org.apache.catalina.authenticator.AuthenticatorBase.invoke(AuthenticatorBase.java:490)
	at org.apache.catalina.core.StandardHostValve.invoke(StandardHostValve.java:139)
	at org.apache.catalina.valves.ErrorReportValve.invoke(ErrorReportValve.java:92)
	at org.apache.catalina.core.StandardEngineValve.invoke(StandardEngineValve.java:74)
	at org.apache.catalina.connector.CoyoteAdapter.service(CoyoteAdapter.java:343)
	at org.apache.coyote.http11.Http11Processor.service(Http11Processor.java:408)
	at org.apache.coyote.AbstractProcessorLight.process(AbstractProcessorLight.java:66)
	at org.apache.coyote.AbstractProtocol$ConnectionHandler.process(AbstractProtocol.java:834)
	at org.apache.tomcat.util.net.NioEndpoint$SocketProcessor.doRun(NioEndpoint.java:1417)
	at org.apache.tomcat.util.net.SocketProcessorBase.run(SocketProcessorBase.java:49)
	at java.util.concurrent.ThreadPoolExecutor.runWorker(ThreadPoolExecutor.java:1149)
	at java.util.concurrent.ThreadPoolExecutor$Worker.run(ThreadPoolExecutor.java:624)
	at org.apache.tomcat.util.threads.TaskThread$WrappingRunnable.run(TaskThread.java:61)
	at java.lang.Thread.run(Thread.java:748)
2021-11-29 13:44:58 [ERROR] com.csicit.ace.common.log.AceLocalLogger : Request method 'POST' not supported
org.springframework.web.HttpRequestMethodNotSupportedException: Request method 'POST' not supported
	at org.springframework.web.servlet.mvc.method.RequestMappingInfoHandlerMapping.handleNoMatch(RequestMappingInfoHandlerMapping.java:200)
	at org.springframework.web.servlet.handler.AbstractHandlerMethodMapping.lookupHandlerMethod(AbstractHandlerMethodMapping.java:419)
	at org.springframework.web.servlet.handler.AbstractHandlerMethodMapping.getHandlerInternal(AbstractHandlerMethodMapping.java:365)
	at org.springframework.web.servlet.handler.AbstractHandlerMethodMapping.getHandlerInternal(AbstractHandlerMethodMapping.java:65)
	at org.springframework.web.servlet.handler.AbstractHandlerMapping.getHandler(AbstractHandlerMapping.java:401)
	at org.springframework.web.servlet.DispatcherServlet.getHandler(DispatcherServlet.java:1231)
	at org.springframework.web.servlet.DispatcherServlet.doDispatch(DispatcherServlet.java:1014)
	at org.springframework.web.servlet.DispatcherServlet.doService(DispatcherServlet.java:942)
	at org.springframework.web.servlet.FrameworkServlet.processRequest(FrameworkServlet.java:1005)
	at org.springframework.web.servlet.FrameworkServlet.doPost(FrameworkServlet.java:908)
	at javax.servlet.http.HttpServlet.service(HttpServlet.java:660)
	at org.springframework.web.servlet.FrameworkServlet.service(FrameworkServlet.java:882)
	at javax.servlet.http.HttpServlet.service(HttpServlet.java:741)
	at org.apache.catalina.core.ApplicationFilterChain.internalDoFilter(ApplicationFilterChain.java:231)
	at org.apache.catalina.core.ApplicationFilterChain.doFilter(ApplicationFilterChain.java:166)
	at org.apache.tomcat.websocket.server.WsFilter.doFilter(WsFilter.java:53)
	at org.apache.catalina.core.ApplicationFilterChain.internalDoFilter(ApplicationFilterChain.java:193)
	at org.apache.catalina.core.ApplicationFilterChain.doFilter(ApplicationFilterChain.java:166)
	at org.apache.catalina.core.ApplicationDispatcher.invoke(ApplicationDispatcher.java:712)
	at org.apache.catalina.core.ApplicationDispatcher.processRequest(ApplicationDispatcher.java:459)
	at org.apache.catalina.core.ApplicationDispatcher.doForward(ApplicationDispatcher.java:384)
	at org.apache.catalina.core.ApplicationDispatcher.forward(ApplicationDispatcher.java:312)
	at com.csicit.ace.zuul.config.GlobalInterceptor.preHandle(GlobalInterceptor.java:102)
	at org.springframework.web.servlet.HandlerExecutionChain.applyPreHandle(HandlerExecutionChain.java:136)
	at org.springframework.web.servlet.DispatcherServlet.doDispatch(DispatcherServlet.java:1033)
	at org.springframework.web.servlet.DispatcherServlet.doService(DispatcherServlet.java:942)
	at org.springframework.web.servlet.FrameworkServlet.processRequest(FrameworkServlet.java:1005)
	at org.springframework.web.servlet.FrameworkServlet.doPost(FrameworkServlet.java:908)
	at javax.servlet.http.HttpServlet.service(HttpServlet.java:660)
	at org.springframework.web.servlet.FrameworkServlet.service(FrameworkServlet.java:882)
	at javax.servlet.http.HttpServlet.service(HttpServlet.java:741)
	at org.apache.catalina.core.ApplicationFilterChain.internalDoFilter(ApplicationFilterChain.java:231)
	at org.apache.catalina.core.ApplicationFilterChain.doFilter(ApplicationFilterChain.java:166)
	at org.apache.tomcat.websocket.server.WsFilter.doFilter(WsFilter.java:53)
	at org.apache.catalina.core.ApplicationFilterChain.internalDoFilter(ApplicationFilterChain.java:193)
	at org.apache.catalina.core.ApplicationFilterChain.doFilter(ApplicationFilterChain.java:166)
	at org.springframework.web.filter.CorsFilter.doFilterInternal(CorsFilter.java:96)
	at org.springframework.web.filter.OncePerRequestFilter.doFilter(OncePerRequestFilter.java:109)
	at org.apache.catalina.core.ApplicationFilterChain.internalDoFilter(ApplicationFilterChain.java:193)
	at org.apache.catalina.core.ApplicationFilterChain.doFilter(ApplicationFilterChain.java:166)
	at org.springframework.boot.actuate.web.trace.servlet.HttpTraceFilter.doFilterInternal(HttpTraceFilter.java:88)
	at org.springframework.web.filter.OncePerRequestFilter.doFilter(OncePerRequestFilter.java:109)
	at org.apache.catalina.core.ApplicationFilterChain.internalDoFilter(ApplicationFilterChain.java:193)
	at org.apache.catalina.core.ApplicationFilterChain.doFilter(ApplicationFilterChain.java:166)
	at org.springframework.web.filter.RequestContextFilter.doFilterInternal(RequestContextFilter.java:99)
	at org.springframework.web.filter.OncePerRequestFilter.doFilter(OncePerRequestFilter.java:109)
	at org.apache.catalina.core.ApplicationFilterChain.internalDoFilter(ApplicationFilterChain.java:193)
	at org.apache.catalina.core.ApplicationFilterChain.doFilter(ApplicationFilterChain.java:166)
	at org.springframework.web.filter.FormContentFilter.doFilterInternal(FormContentFilter.java:92)
	at org.springframework.web.filter.OncePerRequestFilter.doFilter(OncePerRequestFilter.java:109)
	at org.apache.catalina.core.ApplicationFilterChain.internalDoFilter(ApplicationFilterChain.java:193)
	at org.apache.catalina.core.ApplicationFilterChain.doFilter(ApplicationFilterChain.java:166)
	at org.springframework.web.filter.HiddenHttpMethodFilter.doFilterInternal(HiddenHttpMethodFilter.java:93)
	at org.springframework.web.filter.OncePerRequestFilter.doFilter(OncePerRequestFilter.java:109)
	at org.apache.catalina.core.ApplicationFilterChain.internalDoFilter(ApplicationFilterChain.java:193)
	at org.apache.catalina.core.ApplicationFilterChain.doFilter(ApplicationFilterChain.java:166)
	at org.springframework.boot.actuate.metrics.web.servlet.WebMvcMetricsFilter.filterAndRecordMetrics(WebMvcMetricsFilter.java:114)
	at org.springframework.boot.actuate.metrics.web.servlet.WebMvcMetricsFilter.doFilterInternal(WebMvcMetricsFilter.java:104)
	at org.springframework.web.filter.OncePerRequestFilter.doFilter(OncePerRequestFilter.java:109)
	at org.apache.catalina.core.ApplicationFilterChain.internalDoFilter(ApplicationFilterChain.java:193)
	at org.apache.catalina.core.ApplicationFilterChain.doFilter(ApplicationFilterChain.java:166)
	at org.springframework.web.filter.CharacterEncodingFilter.doFilterInternal(CharacterEncodingFilter.java:200)
	at org.springframework.web.filter.OncePerRequestFilter.doFilter(OncePerRequestFilter.java:109)
	at org.apache.catalina.core.ApplicationFilterChain.internalDoFilter(ApplicationFilterChain.java:193)
	at org.apache.catalina.core.ApplicationFilterChain.doFilter(ApplicationFilterChain.java:166)
	at org.apache.catalina.core.StandardWrapperValve.invoke(StandardWrapperValve.java:199)
	at org.apache.catalina.core.StandardContextValve.invoke(StandardContextValve.java:96)
	at org.apache.catalina.authenticator.AuthenticatorBase.invoke(AuthenticatorBase.java:490)
	at org.apache.catalina.core.StandardHostValve.invoke(StandardHostValve.java:139)
	at org.apache.catalina.valves.ErrorReportValve.invoke(ErrorReportValve.java:92)
	at org.apache.catalina.core.StandardEngineValve.invoke(StandardEngineValve.java:74)
	at org.apache.catalina.connector.CoyoteAdapter.service(CoyoteAdapter.java:343)
	at org.apache.coyote.http11.Http11Processor.service(Http11Processor.java:408)
	at org.apache.coyote.AbstractProcessorLight.process(AbstractProcessorLight.java:66)
	at org.apache.coyote.AbstractProtocol$ConnectionHandler.process(AbstractProtocol.java:834)
	at org.apache.tomcat.util.net.NioEndpoint$SocketProcessor.doRun(NioEndpoint.java:1417)
	at org.apache.tomcat.util.net.SocketProcessorBase.run(SocketProcessorBase.java:49)
	at java.util.concurrent.ThreadPoolExecutor.runWorker(ThreadPoolExecutor.java:1149)
	at java.util.concurrent.ThreadPoolExecutor$Worker.run(ThreadPoolExecutor.java:624)
	at org.apache.tomcat.util.threads.TaskThread$WrappingRunnable.run(TaskThread.java:61)
	at java.lang.Thread.run(Thread.java:748)
2021-11-29 13:45:00 [INFO] org.quartz.plugins.history.LoggingJobHistoryPlugin : Job 业务平台内部定时任务.大屏消息推送 fired (by trigger 大屏消息推送$业务平台内部定时任务.每5分钟执行一次) at:  13:45:00 11/29/2021
2021-11-29 13:45:00 [INFO] com.csicit.ace.common.log.AceLocalLogger :  00163--请求地址: http://127.0.0.1:2100/bladeVisualMsgs/bladeVisual/msg/push ,HTTP_METHOD: GET ,IP: 127.0.0.1 ,CLASS_METHOD: com.csicit.ace.platform.core.controller.BladeVisualMsgController.bladeVisualMsgPush ,请求参数: {}
2021-11-29 13:45:00 [INFO] com.csicit.ace.common.log.AceLocalLogger :  00163--耗时 : 45
2021-11-29 13:45:00 [INFO] org.quartz.plugins.history.LoggingJobHistoryPlugin : Job 业务平台内部定时任务.大屏消息推送 execution complete at  13:45:00 11/29/2021 and reports: null
2021-11-29 13:45:01 [INFO] org.quartz.plugins.history.LoggingJobHistoryPlugin : Job 测试任务组.711HM fired (by trigger 711HM$测试任务组.每100毫秒发送一次) at:  13:45:01 11/29/2021
2021-11-29 13:45:01 [WARN] com.csicit.ace.quartz.core.job.AgentJob : 任务执行失败，原因为：应用ah-csicpm不在线
2021-11-29 13:45:01 [INFO] org.quartz.plugins.history.LoggingJobHistoryPlugin : Job 测试任务组.711HM execution complete at  13:45:01 11/29/2021 and reports: null
2021-11-29 13:45:07 [INFO] com.csicit.ace.common.log.AceLocalLogger :  07021--请求地址: http://192.168.20.136:2100/sysConfigs/action/downloadImg/lgbg ,HTTP_METHOD: GET ,IP: 192.168.19.73 ,CLASS_METHOD: com.csicit.ace.platform.core.controller.SysConfigController.downloadImg ,请求参数: {"t":["1638164706961"]}
2021-11-29 13:45:07 [INFO] com.csicit.ace.common.log.AceLocalLogger :  07022--请求地址: http://192.168.20.136:2100/sysConfigs/action/downloadImg/lglo ,HTTP_METHOD: GET ,IP: 192.168.19.73 ,CLASS_METHOD: com.csicit.ace.platform.core.controller.SysConfigController.downloadImg ,请求参数: {"t":["1638164706962"]}
2021-11-29 13:45:07 [INFO] com.csicit.ace.common.log.AceLocalLogger :  07023--请求地址: http://192.168.20.136:2100/init ,HTTP_METHOD: GET ,IP: 192.168.19.73 ,CLASS_METHOD: com.csicit.ace.platform.core.controller.InitController.getDefaultArgs ,请求参数: {}
2021-11-29 13:45:07 [INFO] com.csicit.ace.common.log.AceLocalLogger :  07023--耗时 : 1
2021-11-29 13:45:07 [INFO] com.csicit.ace.common.log.AceLocalLogger :  07022--耗时 : 9
2021-11-29 13:45:07 [INFO] com.csicit.ace.common.log.AceLocalLogger :  07021--耗时 : 25
2021-11-29 13:45:07 [INFO] com.csicit.ace.common.log.AceLocalLogger :  07505--请求地址: http://192.168.20.136:2100/sysConfigs/action/downloadImg/lgbg ,HTTP_METHOD: GET ,IP: 192.168.19.73 ,CLASS_METHOD: com.csicit.ace.platform.core.controller.SysConfigController.downloadImg ,请求参数: {"t":["1638164706961"]}
2021-11-29 13:45:07 [INFO] com.csicit.ace.common.log.AceLocalLogger :  07505--耗时 : 18
2021-11-29 13:45:08 [INFO] com.csicit.ace.common.log.AceLocalLogger :  08699--请求地址: http://192.168.20.136:2100/login ,HTTP_METHOD: POST ,IP: 192.168.19.73 ,CLASS_METHOD: com.csicit.ace.platform.core.controller.LoginController.login ,参数: hu11
2021-11-29 13:45:08 [WARN] com.baomidou.mybatisplus.core.toolkit.sql.SqlHelper : Warn: execute Method There are  604 results.
2021-11-29 13:45:09 [WARN] com.baomidou.mybatisplus.core.toolkit.sql.SqlHelper : Warn: execute Method There are  2 results.
2021-11-29 13:45:09 [INFO] com.csicit.ace.common.log.AceLocalLogger :  08699--耗时 : 776
2021-11-29 13:45:14 [INFO] com.csicit.ace.common.log.AceLocalLogger :  14126--请求地址: http://192.168.20.136:2100/sysMenus/action/tree/dv-testapp-platform ,HTTP_METHOD: GET ,IP: 192.168.19.73 ,CLASS_METHOD: com.csicit.ace.platform.core.controller.SysMenuController.listSideTree ,请求参数: {}
2021-11-29 13:45:14 [INFO] com.csicit.ace.common.log.AceLocalLogger :  14126--耗时 : 859
2021-11-29 13:45:15 [INFO] com.csicit.ace.common.log.AceLocalLogger :  15358--请求地址: http://192.168.20.136:2100/sysUsers/action/info ,HTTP_METHOD: GET ,IP: 192.168.19.73 ,CLASS_METHOD: com.csicit.ace.platform.core.controller.SysUserController.info ,请求参数: {}
2021-11-29 13:45:15 [INFO] com.csicit.ace.common.log.AceLocalLogger : REQUEST_URL:/dv-testapp-platform/bpm/listTaskMineByParams, REQUEST_METHOD:GET, REQUEST_IP:192.168.19.73
2021-11-29 13:45:15 [INFO] com.csicit.ace.common.log.AceLocalLogger : REQUEST_URL:/dv-testapp-platform/bpm/listTaskMineByParams, REQUEST_METHOD:GET, REQUEST_IP:192.168.19.73
2021-11-29 13:45:15 [INFO] com.csicit.ace.common.log.AceLocalLogger : REQUEST_URL:/dv-testapp-platform/bpm/listTaskDelegate, REQUEST_METHOD:GET, REQUEST_IP:192.168.19.73
2021-11-29 13:45:15 [INFO] com.csicit.ace.common.log.AceLocalLogger : REQUEST_URL:/dv-testapp-platform/bpm/listFocusedWorks, REQUEST_METHOD:GET, REQUEST_IP:192.168.19.73
2021-11-29 13:45:15 [INFO] com.csicit.ace.common.log.AceLocalLogger : -----token:2ucy_1-1CIKoDcOa_Iojiw_7WSd5fO4Y7BW9rsKnpG77v_4DS-fJ_ua26C2NoOq5IwLijH-uDjEETdM_asXscQ7FMfGWN6Cx_yeFfJNO7xj4mBqIov_PcNMQk2fVReVNfiTTunk2hioF-KRzxI_kJg==
2021-11-29 13:45:15 [INFO] com.csicit.ace.common.log.AceLocalLogger : -----token:2ucy_1-1CIKoDcOa_Iojiw_7WSd5fO4Y7BW9rsKnpG77v_4DS-fJ_ua26C2NoOq5IwLijH-uDjEETdM_asXscQ7FMfGWN6Cx_yeFfJNO7xj4mBqIov_PcNMQk2fVReVNfiTTunk2hioF-KRzxI_kJg==
2021-11-29 13:45:15 [INFO] com.csicit.ace.common.log.AceLocalLogger : -----token:2ucy_1-1CIKoDcOa_Iojiw_7WSd5fO4Y7BW9rsKnpG77v_4DS-fJ_ua26C2NoOq5IwLijH-uDjEETdM_asXscQ7FMfGWN6Cx_yeFfJNO7xj4mBqIov_PcNMQk2fVReVNfiTTunk2hioF-KRzxI_kJg==
2021-11-29 13:45:15 [INFO] com.csicit.ace.common.log.AceLocalLogger : -----token:2ucy_1-1CIKoDcOa_Iojiw_7WSd5fO4Y7BW9rsKnpG77v_4DS-fJ_ua26C2NoOq5IwLijH-uDjEETdM_asXscQ7FMfGWN6Cx_yeFfJNO7xj4mBqIov_PcNMQk2fVReVNfiTTunk2hioF-KRzxI_kJg==
2021-11-29 13:45:15 [INFO] com.csicit.ace.common.log.AceLocalLogger : -----sysUserDO:SysUserDO(staffNo=54353, userName=hu11, realName=胡11, email=null, phoneNumber=, userType=3, startFlag=1, secretLevel=4, sortIndex=128020, userPost=null, password=null, passwordUpdateTime=2021-06-29T09:21:22.279, personDocId=c01da1db324840f4a1e6fa1e5e4a2ae7, personDoc=null, bdPersonJobDO=null, baseDocType=null, pinyin=hu11, pswPolicyId=null, failLoginTimes=0, unlockTime=2021-11-29T12:05:08.805, organizationId=1447ac5ad4cd408ba55e2cb6f2ff6ee3, organizationName=null, departmentId=null, departmentCode=null, departmentName=null, departmentSortPath=null, groupId=0b810652d0e84269addf1f147a9c551d, groupName=null, firstLogin=0, beDeleted=0, organizes=null, groups=null, apps=null, userGroups=null, roleType=null, ipBind=0, ipAddress=192.168.19.73)
2021-11-29 13:45:15 [INFO] com.csicit.ace.common.log.AceLocalLogger : -----sysUserDO:SysUserDO(staffNo=54353, userName=hu11, realName=胡11, email=null, phoneNumber=, userType=3, startFlag=1, secretLevel=4, sortIndex=128020, userPost=null, password=null, passwordUpdateTime=2021-06-29T09:21:22.279, personDocId=c01da1db324840f4a1e6fa1e5e4a2ae7, personDoc=null, bdPersonJobDO=null, baseDocType=null, pinyin=hu11, pswPolicyId=null, failLoginTimes=0, unlockTime=2021-11-29T12:05:08.805, organizationId=1447ac5ad4cd408ba55e2cb6f2ff6ee3, organizationName=null, departmentId=null, departmentCode=null, departmentName=null, departmentSortPath=null, groupId=0b810652d0e84269addf1f147a9c551d, groupName=null, firstLogin=0, beDeleted=0, organizes=null, groups=null, apps=null, userGroups=null, roleType=null, ipBind=0, ipAddress=192.168.19.73)
2021-11-29 13:45:15 [INFO] com.csicit.ace.common.log.AceLocalLogger : -----sysUserDO:SysUserDO(staffNo=54353, userName=hu11, realName=胡11, email=null, phoneNumber=, userType=3, startFlag=1, secretLevel=4, sortIndex=128020, userPost=null, password=null, passwordUpdateTime=2021-06-29T09:21:22.279, personDocId=c01da1db324840f4a1e6fa1e5e4a2ae7, personDoc=null, bdPersonJobDO=null, baseDocType=null, pinyin=hu11, pswPolicyId=null, failLoginTimes=0, unlockTime=2021-11-29T12:05:08.805, organizationId=1447ac5ad4cd408ba55e2cb6f2ff6ee3, organizationName=null, departmentId=null, departmentCode=null, departmentName=null, departmentSortPath=null, groupId=0b810652d0e84269addf1f147a9c551d, groupName=null, firstLogin=0, beDeleted=0, organizes=null, groups=null, apps=null, userGroups=null, roleType=null, ipBind=0, ipAddress=192.168.19.73)
2021-11-29 13:45:15 [INFO] com.csicit.ace.common.log.AceLocalLogger : -----sysUserDO:SysUserDO(staffNo=54353, userName=hu11, realName=胡11, email=null, phoneNumber=, userType=3, startFlag=1, secretLevel=4, sortIndex=128020, userPost=null, password=null, passwordUpdateTime=2021-06-29T09:21:22.279, personDocId=c01da1db324840f4a1e6fa1e5e4a2ae7, personDoc=null, bdPersonJobDO=null, baseDocType=null, pinyin=hu11, pswPolicyId=null, failLoginTimes=0, unlockTime=2021-11-29T12:05:08.805, organizationId=1447ac5ad4cd408ba55e2cb6f2ff6ee3, organizationName=null, departmentId=null, departmentCode=null, departmentName=null, departmentSortPath=null, groupId=0b810652d0e84269addf1f147a9c551d, groupName=null, firstLogin=0, beDeleted=0, organizes=null, groups=null, apps=null, userGroups=null, roleType=null, ipBind=0, ipAddress=192.168.19.73)
2021-11-29 13:45:15 [INFO] com.csicit.ace.common.log.AceLocalLogger : REQUEST_USER: hu11(胡11), REQUEST_IP:   192.168.19.73
2021-11-29 13:45:15 [INFO] com.csicit.ace.common.log.AceLocalLogger : REQUEST_USER: hu11(胡11), REQUEST_IP:   192.168.19.73
2021-11-29 13:45:15 [INFO] com.csicit.ace.common.log.AceLocalLogger : REQUEST_USER: hu11(胡11), REQUEST_IP:   192.168.19.73
2021-11-29 13:45:15 [INFO] com.csicit.ace.common.log.AceLocalLogger : REQUEST_USER: hu11(胡11), REQUEST_IP:   192.168.19.73
2021-11-29 13:45:15 [INFO] com.csicit.ace.common.log.AceLocalLogger :  15358--耗时 : 39
2021-11-29 13:45:15 [INFO] com.csicit.ace.common.log.AceLocalLogger :  15425--请求地址: http://192.168.20.136:2100/orgauth/sysMsgs/query/noReadMsg/46d0b4c6d26e462a9928f463f3378757/dv-testapp-platform ,HTTP_METHOD: GET ,IP: 192.168.19.73 ,CLASS_METHOD: com.csicit.ace.orgauth.core.controller.SysMessageController.listUserNoReadMsg ,请求参数: {"token":["2ucy_1-1CIKoDcOa_Iojiw_7WSd5fO4Y7BW9rsKnpG77v_4DS-fJ_ua26C2NoOq5IwLijH-uDjEETdM_asXscQ7FMfGWN6Cx_yeFfJNO7xj4mBqIov_PcNMQk2fVReVNfiTTunk2hioF-KRzxI_kJg=="]}
2021-11-29 13:45:15 [INFO] com.csicit.ace.common.log.AceLocalLogger :  15432--请求地址: http://127.0.0.1:2100/ehcache/action/get ,HTTP_METHOD: GET ,IP: 127.0.0.1 ,CLASS_METHOD: com.csicit.ace.zuul.controller.EhcacheHttpController.get ,请求参数: {"key":["platform_internationalization"]}
2021-11-29 13:45:15 [INFO] com.csicit.ace.common.log.AceLocalLogger :  15432--请求地址: http://127.0.0.1:2100/ehcache/action/get ,HTTP_METHOD: GET ,IP: 127.0.0.1 ,CLASS_METHOD: com.csicit.ace.zuul.controller.EhcacheHttpController.get ,请求参数: {"key":["platform_internationalization"]}
2021-11-29 13:45:15 [INFO] com.csicit.ace.common.log.AceLocalLogger :  15432--请求地址: http://127.0.0.1:2100/ehcache/action/get ,HTTP_METHOD: GET ,IP: 127.0.0.1 ,CLASS_METHOD: com.csicit.ace.zuul.controller.EhcacheHttpController.get ,请求参数: {"key":["2ucy_1-1CIKoDcOa_Iojiw_7WSd5fO4Y7BW9rsKnpG77v_4DS-fJ_ua26C2NoOq5IwLijH-uDjEETdM_asXscQ7FMfGWN6Cx_yeFfJNO7xj4mBqIov_PcNMQk2fVReVNfiTTunk2hioF-KRzxI_kJg==userid"]}
2021-11-29 13:45:15 [INFO] com.csicit.ace.common.log.AceLocalLogger :  15432--请求地址: http://127.0.0.1:2100/ehcache/action/get ,HTTP_METHOD: GET ,IP: 127.0.0.1 ,CLASS_METHOD: com.csicit.ace.zuul.controller.EhcacheHttpController.get ,请求参数: {"key":["2ucy_1-1CIKoDcOa_Iojiw_7WSd5fO4Y7BW9rsKnpG77v_4DS-fJ_ua26C2NoOq5IwLijH-uDjEETdM_asXscQ7FMfGWN6Cx_yeFfJNO7xj4mBqIov_PcNMQk2fVReVNfiTTunk2hioF-KRzxI_kJg==userid"]}
2021-11-29 13:45:15 [INFO] com.csicit.ace.common.log.AceLocalLogger :  15432--耗时 : 2
2021-11-29 13:45:15 [INFO] com.csicit.ace.common.log.AceLocalLogger :  15432--耗时 : 2
2021-11-29 13:45:15 [INFO] com.csicit.ace.common.log.AceLocalLogger :  15432--耗时 : 3
2021-11-29 13:45:15 [INFO] com.csicit.ace.common.log.AceLocalLogger :  15432--耗时 : 3
2021-11-29 13:45:15 [INFO] com.csicit.ace.common.log.AceLocalLogger :  15425--耗时 : 17
2021-11-29 13:45:15 [INFO] com.csicit.ace.common.log.AceLocalLogger :  15444--请求地址: http://127.0.0.1:2100/ehcache/action/get ,HTTP_METHOD: GET ,IP: 127.0.0.1 ,CLASS_METHOD: com.csicit.ace.zuul.controller.EhcacheHttpController.get ,请求参数: {"key":["2ucy_1-1CIKoDcOa_Iojiw_7WSd5fO4Y7BW9rsKnpG77v_4DS-fJ_ua26C2NoOq5IwLijH-uDjEETdM_asXscQ7FMfGWN6Cx_yeFfJNO7xj4mBqIov_PcNMQk2fVReVNfiTTunk2hioF-KRzxI_kJg==userid"]}
2021-11-29 13:45:15 [INFO] com.csicit.ace.common.log.AceLocalLogger :  15444--耗时 : 0
2021-11-29 13:45:15 [INFO] com.csicit.ace.common.log.AceLocalLogger :  15445--请求地址: http://127.0.0.1:2100/ehcache/action/get ,HTTP_METHOD: GET ,IP: 127.0.0.1 ,CLASS_METHOD: com.csicit.ace.zuul.controller.EhcacheHttpController.get ,请求参数: {"key":["2ucy_1-1CIKoDcOa_Iojiw_7WSd5fO4Y7BW9rsKnpG77v_4DS-fJ_ua26C2NoOq5IwLijH-uDjEETdM_asXscQ7FMfGWN6Cx_yeFfJNO7xj4mBqIov_PcNMQk2fVReVNfiTTunk2hioF-KRzxI_kJg==userid"]}
2021-11-29 13:45:15 [INFO] com.csicit.ace.common.log.AceLocalLogger :  15445--耗时 : 1
2021-11-29 13:45:15 [INFO] com.csicit.ace.common.log.AceLocalLogger :  15449--请求地址: http://127.0.0.1:2100/ehcache/action/get ,HTTP_METHOD: GET ,IP: 127.0.0.1 ,CLASS_METHOD: com.csicit.ace.zuul.controller.EhcacheHttpController.get ,请求参数: {"key":["platform_internationalization"]}
2021-11-29 13:45:15 [INFO] com.csicit.ace.common.log.AceLocalLogger :  15449--耗时 : 0
2021-11-29 13:45:15 [INFO] com.csicit.ace.common.log.AceLocalLogger :  15453--请求地址: http://127.0.0.1:2100/orgauth/sysUsers/action/getSomeUsers ,HTTP_METHOD: GET ,IP: 192.168.19.73 ,CLASS_METHOD: com.csicit.ace.orgauth.core.controller.SysUserControllerO.getSomeUsers ,请求参数: {"code":["user"],"ids":["[\"46d0b4c6d26e462a9928f463f3378757\"]"]}
2021-11-29 13:45:15 [INFO] com.csicit.ace.common.log.AceLocalLogger :  15453--耗时 : 20
2021-11-29 13:45:15 [INFO] com.csicit.ace.common.log.AceLocalLogger :  15485--请求地址: http://127.0.0.1:2100/orgauth/sysUsers/action/getSomeUsers ,HTTP_METHOD: GET ,IP: 192.168.19.73 ,CLASS_METHOD: com.csicit.ace.orgauth.core.controller.SysUserControllerO.getSomeUsers ,请求参数: {"code":["user"],"ids":["[\"46d0b4c6d26e462a9928f463f3378757\"]"]}
2021-11-29 13:45:15 [INFO] com.csicit.ace.common.log.AceLocalLogger :  15485--请求地址: http://127.0.0.1:2100/orgauth/sysUsers/action/getSomeUsers ,HTTP_METHOD: GET ,IP: 192.168.19.73 ,CLASS_METHOD: com.csicit.ace.orgauth.core.controller.SysUserControllerO.getSomeUsers ,请求参数: {"code":["user"],"ids":["[\"f5d6d37948d3414e938343cb5ac96f21\",\"46d0b4c6d26e462a9928f463f3378757\"]"]}
2021-11-29 13:45:15 [INFO] com.csicit.ace.common.log.AceLocalLogger :  15485--耗时 : 9
2021-11-29 13:45:15 [INFO] com.csicit.ace.common.log.AceLocalLogger :  15485--耗时 : 10
2021-11-29 13:45:15 [INFO] com.csicit.ace.common.log.AceLocalLogger :  15497--请求地址: http://127.0.0.1:2100/ehcache/action/get ,HTTP_METHOD: GET ,IP: 127.0.0.1 ,CLASS_METHOD: com.csicit.ace.zuul.controller.EhcacheHttpController.get ,请求参数: {"key":["2ucy_1-1CIKoDcOa_Iojiw_7WSd5fO4Y7BW9rsKnpG77v_4DS-fJ_ua26C2NoOq5IwLijH-uDjEETdM_asXscQ7FMfGWN6Cx_yeFfJNO7xj4mBqIov_PcNMQk2fVReVNfiTTunk2hioF-KRzxI_kJg==userid"]}
2021-11-29 13:45:15 [INFO] com.csicit.ace.common.log.AceLocalLogger :  15497--耗时 : 1
2021-11-29 13:45:15 [INFO] com.csicit.ace.common.log.AceLocalLogger :  15498--请求地址: http://127.0.0.1:2100/ehcache/action/get ,HTTP_METHOD: GET ,IP: 127.0.0.1 ,CLASS_METHOD: com.csicit.ace.zuul.controller.EhcacheHttpController.get ,请求参数: {"key":["2ucy_1-1CIKoDcOa_Iojiw_7WSd5fO4Y7BW9rsKnpG77v_4DS-fJ_ua26C2NoOq5IwLijH-uDjEETdM_asXscQ7FMfGWN6Cx_yeFfJNO7xj4mBqIov_PcNMQk2fVReVNfiTTunk2hioF-KRzxI_kJg==userid"]}
2021-11-29 13:45:15 [INFO] com.csicit.ace.common.log.AceLocalLogger :  15498--耗时 : 0
2021-11-29 13:45:15 [INFO] com.csicit.ace.common.log.AceLocalLogger :  15544--请求地址: http://127.0.0.1:2100/ehcache/action/get ,HTTP_METHOD: GET ,IP: 127.0.0.1 ,CLASS_METHOD: com.csicit.ace.zuul.controller.EhcacheHttpController.get ,请求参数: {"key":["platform_internationalization"]}
2021-11-29 13:45:15 [INFO] com.csicit.ace.common.log.AceLocalLogger :  15544--耗时 : 0
2021-11-29 13:45:17 [INFO] com.csicit.ace.common.log.AceLocalLogger : REQUEST_URL:/dv-testapp-platform/bpm/getFlowModelByTaskId, REQUEST_METHOD:GET, REQUEST_IP:192.168.19.73
2021-11-29 13:45:17 [INFO] com.csicit.ace.common.log.AceLocalLogger : REQUEST_URL:/dv-testapp-platform/bpm/updateFocusWorkReadTime, REQUEST_METHOD:GET, REQUEST_IP:192.168.19.73
2021-11-29 13:45:17 [INFO] com.csicit.ace.common.log.AceLocalLogger : -----token:2ucy_1-1CIKoDcOa_Iojiw_7WSd5fO4Y7BW9rsKnpG77v_4DS-fJ_ua26C2NoOq5IwLijH-uDjEETdM_asXscQ7FMfGWN6Cx_yeFfJNO7xj4mBqIov_PcNMQk2fVReVNfiTTunk2hioF-KRzxI_kJg==
2021-11-29 13:45:17 [INFO] com.csicit.ace.common.log.AceLocalLogger : -----token:2ucy_1-1CIKoDcOa_Iojiw_7WSd5fO4Y7BW9rsKnpG77v_4DS-fJ_ua26C2NoOq5IwLijH-uDjEETdM_asXscQ7FMfGWN6Cx_yeFfJNO7xj4mBqIov_PcNMQk2fVReVNfiTTunk2hioF-KRzxI_kJg==
2021-11-29 13:45:17 [INFO] com.csicit.ace.common.log.AceLocalLogger : -----sysUserDO:SysUserDO(staffNo=54353, userName=hu11, realName=胡11, email=null, phoneNumber=, userType=3, startFlag=1, secretLevel=4, sortIndex=128020, userPost=null, password=null, passwordUpdateTime=2021-06-29T09:21:22.279, personDocId=c01da1db324840f4a1e6fa1e5e4a2ae7, personDoc=null, bdPersonJobDO=null, baseDocType=null, pinyin=hu11, pswPolicyId=null, failLoginTimes=0, unlockTime=2021-11-29T12:05:08.805, organizationId=1447ac5ad4cd408ba55e2cb6f2ff6ee3, organizationName=null, departmentId=null, departmentCode=null, departmentName=null, departmentSortPath=null, groupId=0b810652d0e84269addf1f147a9c551d, groupName=null, firstLogin=0, beDeleted=0, organizes=null, groups=null, apps=null, userGroups=null, roleType=null, ipBind=0, ipAddress=192.168.19.73)
2021-11-29 13:45:17 [INFO] com.csicit.ace.common.log.AceLocalLogger : REQUEST_USER: hu11(胡11), REQUEST_IP:   192.168.19.73
2021-11-29 13:45:17 [INFO] com.csicit.ace.common.log.AceLocalLogger : -----sysUserDO:SysUserDO(staffNo=54353, userName=hu11, realName=胡11, email=null, phoneNumber=, userType=3, startFlag=1, secretLevel=4, sortIndex=128020, userPost=null, password=null, passwordUpdateTime=2021-06-29T09:21:22.279, personDocId=c01da1db324840f4a1e6fa1e5e4a2ae7, personDoc=null, bdPersonJobDO=null, baseDocType=null, pinyin=hu11, pswPolicyId=null, failLoginTimes=0, unlockTime=2021-11-29T12:05:08.805, organizationId=1447ac5ad4cd408ba55e2cb6f2ff6ee3, organizationName=null, departmentId=null, departmentCode=null, departmentName=null, departmentSortPath=null, groupId=0b810652d0e84269addf1f147a9c551d, groupName=null, firstLogin=0, beDeleted=0, organizes=null, groups=null, apps=null, userGroups=null, roleType=null, ipBind=0, ipAddress=192.168.19.73)
2021-11-29 13:45:17 [INFO] com.csicit.ace.common.log.AceLocalLogger : REQUEST_USER: hu11(胡11), REQUEST_IP:   192.168.19.73
2021-11-29 13:45:17 [INFO] com.csicit.ace.common.log.AceLocalLogger :  17965--请求地址: http://127.0.0.1:2100/ehcache/action/get ,HTTP_METHOD: GET ,IP: 127.0.0.1 ,CLASS_METHOD: com.csicit.ace.zuul.controller.EhcacheHttpController.get ,请求参数: {"key":["WFI_FLOW"]}
2021-11-29 13:45:17 [INFO] com.csicit.ace.common.log.AceLocalLogger :  17965--请求地址: http://127.0.0.1:2100/ehcache/action/get ,HTTP_METHOD: GET ,IP: 127.0.0.1 ,CLASS_METHOD: com.csicit.ace.zuul.controller.EhcacheHttpController.get ,请求参数: {"key":["2ucy_1-1CIKoDcOa_Iojiw_7WSd5fO4Y7BW9rsKnpG77v_4DS-fJ_ua26C2NoOq5IwLijH-uDjEETdM_asXscQ7FMfGWN6Cx_yeFfJNO7xj4mBqIov_PcNMQk2fVReVNfiTTunk2hioF-KRzxI_kJg==userid"]}
2021-11-29 13:45:17 [INFO] com.csicit.ace.common.log.AceLocalLogger :  17965--耗时 : 1
2021-11-29 13:45:17 [INFO] com.csicit.ace.common.log.AceLocalLogger :  17965--耗时 : 1
2021-11-29 13:45:17 [INFO] com.csicit.ace.common.log.AceLocalLogger :  17975--请求地址: http://127.0.0.1:2100/ehcache/action/get ,HTTP_METHOD: GET ,IP: 127.0.0.1 ,CLASS_METHOD: com.csicit.ace.zuul.controller.EhcacheHttpController.get ,请求参数: {"key":["platform_internationalization"]}
2021-11-29 13:45:17 [INFO] com.csicit.ace.common.log.AceLocalLogger :  17975--耗时 : 0
2021-11-29 13:45:17 [INFO] com.csicit.ace.common.log.AceLocalLogger :  17977--请求地址: http://127.0.0.1:2100/ehcache/action/hasKey ,HTTP_METHOD: GET ,IP: 127.0.0.1 ,CLASS_METHOD: com.csicit.ace.zuul.controller.EhcacheHttpController.hasKey ,请求参数: {"key":["WFI_FLOW"]}
2021-11-29 13:45:17 [INFO] com.csicit.ace.common.log.AceLocalLogger :  17977--耗时 : 0
2021-11-29 13:45:17 [INFO] com.csicit.ace.common.log.AceLocalLogger :  17997--请求地址: http://127.0.0.1:2100/ehcache/action/setExpire ,HTTP_METHOD: POST ,IP: 127.0.0.1 ,CLASS_METHOD: com.csicit.ace.zuul.controller.EhcacheHttpController.set ,请求参数: {"expire":["600"],"key":["WFI_FLOW"]}
2021-11-29 13:45:17 [INFO] com.csicit.ace.common.log.AceLocalLogger :  17997--耗时 : 0
2021-11-29 13:45:18 [INFO] com.csicit.ace.common.log.AceLocalLogger :  18002--请求地址: http://127.0.0.1:2100/ehcache/action/get ,HTTP_METHOD: GET ,IP: 127.0.0.1 ,CLASS_METHOD: com.csicit.ace.zuul.controller.EhcacheHttpController.get ,请求参数: {"key":["platform_internationalization"]}
2021-11-29 13:45:18 [INFO] com.csicit.ace.common.log.AceLocalLogger :  18002--耗时 : 0
2021-11-29 13:45:18 [INFO] com.csicit.ace.common.log.AceLocalLogger : REQUEST_URL:/dv-testapp-platform/bpm/getNodeInfoByTaskId/b5ee6bf9-c869-4e8e-84f1-5a6233e7a604, REQUEST_METHOD:GET, REQUEST_IP:192.168.19.73
2021-11-29 13:45:18 [INFO] com.csicit.ace.common.log.AceLocalLogger : -----token:2ucy_1-1CIKoDcOa_Iojiw_7WSd5fO4Y7BW9rsKnpG77v_4DS-fJ_ua26C2NoOq5IwLijH-uDjEETdM_asXscQ7FMfGWN6Cx_yeFfJNO7xj4mBqIov_PcNMQk2fVReVNfiTTunk2hioF-KRzxI_kJg==
2021-11-29 13:45:18 [INFO] com.csicit.ace.common.log.AceLocalLogger : -----sysUserDO:SysUserDO(staffNo=54353, userName=hu11, realName=胡11, email=null, phoneNumber=, userType=3, startFlag=1, secretLevel=4, sortIndex=128020, userPost=null, password=null, passwordUpdateTime=2021-06-29T09:21:22.279, personDocId=c01da1db324840f4a1e6fa1e5e4a2ae7, personDoc=null, bdPersonJobDO=null, baseDocType=null, pinyin=hu11, pswPolicyId=null, failLoginTimes=0, unlockTime=2021-11-29T12:05:08.805, organizationId=1447ac5ad4cd408ba55e2cb6f2ff6ee3, organizationName=null, departmentId=null, departmentCode=null, departmentName=null, departmentSortPath=null, groupId=0b810652d0e84269addf1f147a9c551d, groupName=null, firstLogin=0, beDeleted=0, organizes=null, groups=null, apps=null, userGroups=null, roleType=null, ipBind=0, ipAddress=192.168.19.73)
2021-11-29 13:45:18 [INFO] com.csicit.ace.common.log.AceLocalLogger : REQUEST_USER: hu11(胡11), REQUEST_IP:   192.168.19.73
2021-11-29 13:45:18 [INFO] com.csicit.ace.common.log.AceLocalLogger :  18066--请求地址: http://127.0.0.1:2100/ehcache/action/get ,HTTP_METHOD: GET ,IP: 127.0.0.1 ,CLASS_METHOD: com.csicit.ace.zuul.controller.EhcacheHttpController.get ,请求参数: {"key":["WFI_FLOW"]}
2021-11-29 13:45:18 [INFO] com.csicit.ace.common.log.AceLocalLogger :  18066--耗时 : 0
2021-11-29 13:45:18 [INFO] com.csicit.ace.common.log.AceLocalLogger :  18074--请求地址: http://127.0.0.1:2100/ehcache/action/get ,HTTP_METHOD: GET ,IP: 127.0.0.1 ,CLASS_METHOD: com.csicit.ace.zuul.controller.EhcacheHttpController.get ,请求参数: {"key":["WFI_FLOW"]}
2021-11-29 13:45:18 [INFO] com.csicit.ace.common.log.AceLocalLogger :  18074--耗时 : 0
2021-11-29 13:45:18 [INFO] com.csicit.ace.common.log.AceLocalLogger :  18080--请求地址: http://127.0.0.1:2100/ehcache/action/get ,HTTP_METHOD: GET ,IP: 127.0.0.1 ,CLASS_METHOD: com.csicit.ace.zuul.controller.EhcacheHttpController.get ,请求参数: {"key":["2ucy_1-1CIKoDcOa_Iojiw_7WSd5fO4Y7BW9rsKnpG77v_4DS-fJ_ua26C2NoOq5IwLijH-uDjEETdM_asXscQ7FMfGWN6Cx_yeFfJNO7xj4mBqIov_PcNMQk2fVReVNfiTTunk2hioF-KRzxI_kJg==userid"]}
2021-11-29 13:45:18 [INFO] com.csicit.ace.common.log.AceLocalLogger :  18080--耗时 : 0
2021-11-29 13:45:18 [INFO] com.csicit.ace.common.log.AceLocalLogger :  18121--请求地址: http://127.0.0.1:2100/ehcache/action/get ,HTTP_METHOD: GET ,IP: 127.0.0.1 ,CLASS_METHOD: com.csicit.ace.zuul.controller.EhcacheHttpController.get ,请求参数: {"key":["platform_internationalization"]}
2021-11-29 13:45:18 [INFO] com.csicit.ace.common.log.AceLocalLogger :  18121--耗时 : 0
2021-11-29 13:45:18 [INFO] com.csicit.ace.common.log.AceLocalLogger : REQUEST_URL:/dv-testapp-platform/bpm/wfdUserPage/fid-24dc11f6-5494-4761-8297-7c3b76ef88e6, REQUEST_METHOD:GET, REQUEST_IP:192.168.19.73
2021-11-29 13:45:18 [INFO] com.csicit.ace.common.log.AceLocalLogger : -----token:2ucy_1-1CIKoDcOa_Iojiw_7WSd5fO4Y7BW9rsKnpG77v_4DS-fJ_ua26C2NoOq5IwLijH-uDjEETdM_asXscQ7FMfGWN6Cx_yeFfJNO7xj4mBqIov_PcNMQk2fVReVNfiTTunk2hioF-KRzxI_kJg==
2021-11-29 13:45:18 [INFO] com.csicit.ace.common.log.AceLocalLogger : -----sysUserDO:SysUserDO(staffNo=54353, userName=hu11, realName=胡11, email=null, phoneNumber=, userType=3, startFlag=1, secretLevel=4, sortIndex=128020, userPost=null, password=null, passwordUpdateTime=2021-06-29T09:21:22.279, personDocId=c01da1db324840f4a1e6fa1e5e4a2ae7, personDoc=null, bdPersonJobDO=null, baseDocType=null, pinyin=hu11, pswPolicyId=null, failLoginTimes=0, unlockTime=2021-11-29T12:05:08.805, organizationId=1447ac5ad4cd408ba55e2cb6f2ff6ee3, organizationName=null, departmentId=null, departmentCode=null, departmentName=null, departmentSortPath=null, groupId=0b810652d0e84269addf1f147a9c551d, groupName=null, firstLogin=0, beDeleted=0, organizes=null, groups=null, apps=null, userGroups=null, roleType=null, ipBind=0, ipAddress=192.168.19.73)
2021-11-29 13:45:18 [INFO] com.csicit.ace.common.log.AceLocalLogger : REQUEST_USER: hu11(胡11), REQUEST_IP:   192.168.19.73
2021-11-29 13:45:18 [INFO] com.csicit.ace.common.log.AceLocalLogger : REQUEST_URL:/dv-testapp-platform/bpm/isFocusWork, REQUEST_METHOD:GET, REQUEST_IP:192.168.19.73
2021-11-29 13:45:18 [INFO] com.csicit.ace.common.log.AceLocalLogger : REQUEST_URL:/dv-testapp-platform/borrowBooks/3f6f44fe-77d7-466e-b4fe-414fc09616df, REQUEST_METHOD:GET, REQUEST_IP:192.168.19.73
2021-11-29 13:45:18 [INFO] com.csicit.ace.common.log.AceLocalLogger : -----token:2ucy_1-1CIKoDcOa_Iojiw_7WSd5fO4Y7BW9rsKnpG77v_4DS-fJ_ua26C2NoOq5IwLijH-uDjEETdM_asXscQ7FMfGWN6Cx_yeFfJNO7xj4mBqIov_PcNMQk2fVReVNfiTTunk2hioF-KRzxI_kJg==
2021-11-29 13:45:18 [INFO] com.csicit.ace.common.log.AceLocalLogger : -----token:2ucy_1-1CIKoDcOa_Iojiw_7WSd5fO4Y7BW9rsKnpG77v_4DS-fJ_ua26C2NoOq5IwLijH-uDjEETdM_asXscQ7FMfGWN6Cx_yeFfJNO7xj4mBqIov_PcNMQk2fVReVNfiTTunk2hioF-KRzxI_kJg==
2021-11-29 13:45:18 [INFO] com.csicit.ace.common.log.AceLocalLogger : -----sysUserDO:SysUserDO(staffNo=54353, userName=hu11, realName=胡11, email=null, phoneNumber=, userType=3, startFlag=1, secretLevel=4, sortIndex=128020, userPost=null, password=null, passwordUpdateTime=2021-06-29T09:21:22.279, personDocId=c01da1db324840f4a1e6fa1e5e4a2ae7, personDoc=null, bdPersonJobDO=null, baseDocType=null, pinyin=hu11, pswPolicyId=null, failLoginTimes=0, unlockTime=2021-11-29T12:05:08.805, organizationId=1447ac5ad4cd408ba55e2cb6f2ff6ee3, organizationName=null, departmentId=null, departmentCode=null, departmentName=null, departmentSortPath=null, groupId=0b810652d0e84269addf1f147a9c551d, groupName=null, firstLogin=0, beDeleted=0, organizes=null, groups=null, apps=null, userGroups=null, roleType=null, ipBind=0, ipAddress=192.168.19.73)
2021-11-29 13:45:18 [INFO] com.csicit.ace.common.log.AceLocalLogger : REQUEST_USER: hu11(胡11), REQUEST_IP:   192.168.19.73
2021-11-29 13:45:18 [INFO] com.csicit.ace.common.log.AceLocalLogger : -----sysUserDO:SysUserDO(staffNo=54353, userName=hu11, realName=胡11, email=null, phoneNumber=, userType=3, startFlag=1, secretLevel=4, sortIndex=128020, userPost=null, password=null, passwordUpdateTime=2021-06-29T09:21:22.279, personDocId=c01da1db324840f4a1e6fa1e5e4a2ae7, personDoc=null, bdPersonJobDO=null, baseDocType=null, pinyin=hu11, pswPolicyId=null, failLoginTimes=0, unlockTime=2021-11-29T12:05:08.805, organizationId=1447ac5ad4cd408ba55e2cb6f2ff6ee3, organizationName=null, departmentId=null, departmentCode=null, departmentName=null, departmentSortPath=null, groupId=0b810652d0e84269addf1f147a9c551d, groupName=null, firstLogin=0, beDeleted=0, organizes=null, groups=null, apps=null, userGroups=null, roleType=null, ipBind=0, ipAddress=192.168.19.73)
2021-11-29 13:45:18 [INFO] com.csicit.ace.common.log.AceLocalLogger : REQUEST_USER: hu11(胡11), REQUEST_IP:   192.168.19.73
2021-11-29 13:45:18 [INFO] com.csicit.ace.common.log.AceLocalLogger :  18247--请求地址: http://127.0.0.1:2100/ehcache/action/get ,HTTP_METHOD: GET ,IP: 127.0.0.1 ,CLASS_METHOD: com.csicit.ace.zuul.controller.EhcacheHttpController.get ,请求参数: {"key":["2ucy_1-1CIKoDcOa_Iojiw_7WSd5fO4Y7BW9rsKnpG77v_4DS-fJ_ua26C2NoOq5IwLijH-uDjEETdM_asXscQ7FMfGWN6Cx_yeFfJNO7xj4mBqIov_PcNMQk2fVReVNfiTTunk2hioF-KRzxI_kJg==userid"]}
2021-11-29 13:45:18 [INFO] com.csicit.ace.common.log.AceLocalLogger :  18247--耗时 : 0
2021-11-29 13:45:18 [INFO] com.csicit.ace.common.log.AceLocalLogger : REQUEST_URL:/dv-testapp-platform/wfiComment/listByTaskId, REQUEST_METHOD:GET, REQUEST_IP:192.168.19.73
2021-11-29 13:45:18 [INFO] com.csicit.ace.common.log.AceLocalLogger : REQUEST_URL:/dv-testapp-platform/bpm/getHandingProcessByTaskId/b5ee6bf9-c869-4e8e-84f1-5a6233e7a604, REQUEST_METHOD:GET, REQUEST_IP:192.168.19.73
2021-11-29 13:45:18 [INFO] com.csicit.ace.common.log.AceLocalLogger : -----token:2ucy_1-1CIKoDcOa_Iojiw_7WSd5fO4Y7BW9rsKnpG77v_4DS-fJ_ua26C2NoOq5IwLijH-uDjEETdM_asXscQ7FMfGWN6Cx_yeFfJNO7xj4mBqIov_PcNMQk2fVReVNfiTTunk2hioF-KRzxI_kJg==
2021-11-29 13:45:18 [INFO] com.csicit.ace.common.log.AceLocalLogger : -----token:2ucy_1-1CIKoDcOa_Iojiw_7WSd5fO4Y7BW9rsKnpG77v_4DS-fJ_ua26C2NoOq5IwLijH-uDjEETdM_asXscQ7FMfGWN6Cx_yeFfJNO7xj4mBqIov_PcNMQk2fVReVNfiTTunk2hioF-KRzxI_kJg==
2021-11-29 13:45:18 [INFO] com.csicit.ace.common.log.AceLocalLogger : -----sysUserDO:SysUserDO(staffNo=54353, userName=hu11, realName=胡11, email=null, phoneNumber=, userType=3, startFlag=1, secretLevel=4, sortIndex=128020, userPost=null, password=null, passwordUpdateTime=2021-06-29T09:21:22.279, personDocId=c01da1db324840f4a1e6fa1e5e4a2ae7, personDoc=null, bdPersonJobDO=null, baseDocType=null, pinyin=hu11, pswPolicyId=null, failLoginTimes=0, unlockTime=2021-11-29T12:05:08.805, organizationId=1447ac5ad4cd408ba55e2cb6f2ff6ee3, organizationName=null, departmentId=null, departmentCode=null, departmentName=null, departmentSortPath=null, groupId=0b810652d0e84269addf1f147a9c551d, groupName=null, firstLogin=0, beDeleted=0, organizes=null, groups=null, apps=null, userGroups=null, roleType=null, ipBind=0, ipAddress=192.168.19.73)
2021-11-29 13:45:18 [INFO] com.csicit.ace.common.log.AceLocalLogger : -----sysUserDO:SysUserDO(staffNo=54353, userName=hu11, realName=胡11, email=null, phoneNumber=, userType=3, startFlag=1, secretLevel=4, sortIndex=128020, userPost=null, password=null, passwordUpdateTime=2021-06-29T09:21:22.279, personDocId=c01da1db324840f4a1e6fa1e5e4a2ae7, personDoc=null, bdPersonJobDO=null, baseDocType=null, pinyin=hu11, pswPolicyId=null, failLoginTimes=0, unlockTime=2021-11-29T12:05:08.805, organizationId=1447ac5ad4cd408ba55e2cb6f2ff6ee3, organizationName=null, departmentId=null, departmentCode=null, departmentName=null, departmentSortPath=null, groupId=0b810652d0e84269addf1f147a9c551d, groupName=null, firstLogin=0, beDeleted=0, organizes=null, groups=null, apps=null, userGroups=null, roleType=null, ipBind=0, ipAddress=192.168.19.73)
2021-11-29 13:45:18 [INFO] com.csicit.ace.common.log.AceLocalLogger : REQUEST_USER: hu11(胡11), REQUEST_IP:   192.168.19.73
2021-11-29 13:45:18 [INFO] com.csicit.ace.common.log.AceLocalLogger : REQUEST_USER: hu11(胡11), REQUEST_IP:   192.168.19.73
2021-11-29 13:45:18 [INFO] com.csicit.ace.common.log.AceLocalLogger :  18252--请求地址: http://127.0.0.1:2100/ehcache/action/get ,HTTP_METHOD: GET ,IP: 127.0.0.1 ,CLASS_METHOD: com.csicit.ace.zuul.controller.EhcacheHttpController.get ,请求参数: {"key":["platform_internationalization"]}
2021-11-29 13:45:18 [INFO] com.csicit.ace.common.log.AceLocalLogger :  18252--耗时 : 0
2021-11-29 13:45:18 [INFO] com.csicit.ace.common.log.AceLocalLogger :  18256--请求地址: http://127.0.0.1:2100/ehcache/action/get ,HTTP_METHOD: GET ,IP: 127.0.0.1 ,CLASS_METHOD: com.csicit.ace.zuul.controller.EhcacheHttpController.get ,请求参数: {"key":["platform_internationalization"]}
2021-11-29 13:45:18 [INFO] com.csicit.ace.common.log.AceLocalLogger :  18256--耗时 : 0
2021-11-29 13:45:18 [INFO] com.csicit.ace.common.log.AceLocalLogger :  18257--请求地址: http://127.0.0.1:2100/ehcache/action/get ,HTTP_METHOD: GET ,IP: 127.0.0.1 ,CLASS_METHOD: com.csicit.ace.zuul.controller.EhcacheHttpController.get ,请求参数: {"key":["platform_internationalization"]}
2021-11-29 13:45:18 [INFO] com.csicit.ace.common.log.AceLocalLogger :  18257--耗时 : 0
2021-11-29 13:45:18 [INFO] com.csicit.ace.common.log.AceLocalLogger :  18259--请求地址: http://127.0.0.1:2100/ehcache/action/get ,HTTP_METHOD: GET ,IP: 127.0.0.1 ,CLASS_METHOD: com.csicit.ace.zuul.controller.EhcacheHttpController.get ,请求参数: {"key":["WFI_FLOW"]}
2021-11-29 13:45:18 [INFO] com.csicit.ace.common.log.AceLocalLogger :  18259--请求地址: http://127.0.0.1:2100/ehcache/action/get ,HTTP_METHOD: GET ,IP: 127.0.0.1 ,CLASS_METHOD: com.csicit.ace.zuul.controller.EhcacheHttpController.get ,请求参数: {"key":["2ucy_1-1CIKoDcOa_Iojiw_7WSd5fO4Y7BW9rsKnpG77v_4DS-fJ_ua26C2NoOq5IwLijH-uDjEETdM_asXscQ7FMfGWN6Cx_yeFfJNO7xj4mBqIov_PcNMQk2fVReVNfiTTunk2hioF-KRzxI_kJg==userid"]}
2021-11-29 13:45:18 [INFO] com.csicit.ace.common.log.AceLocalLogger :  18259--耗时 : 0
2021-11-29 13:45:18 [INFO] com.csicit.ace.common.log.AceLocalLogger :  18259--耗时 : 0
2021-11-29 13:45:18 [INFO] com.csicit.ace.common.log.AceLocalLogger :  18260--请求地址: http://127.0.0.1:2100/ehcache/action/get ,HTTP_METHOD: GET ,IP: 127.0.0.1 ,CLASS_METHOD: com.csicit.ace.zuul.controller.EhcacheHttpController.get ,请求参数: {"key":["platform_internationalization"]}
2021-11-29 13:45:18 [INFO] com.csicit.ace.common.log.AceLocalLogger :  18260--耗时 : 0
2021-11-29 13:45:18 [INFO] com.csicit.ace.common.log.AceLocalLogger :  18262--请求地址: http://192.168.20.136:2100/fileConfiguration/load ,HTTP_METHOD: POST ,IP: 192.168.19.73 ,CLASS_METHOD: com.csicit.ace.fileserver.core.controller.FileConfigurationController.load ,请求参数: {"appName":["dv-testapp-platform"],"token":["2ucy_1-1CIKoDcOa_Iojiw_7WSd5fO4Y7BW9rsKnpG77v_4DS-fJ_ua26C2NoOq5IwLijH-uDjEETdM_asXscQ7FMfGWN6Cx_yeFfJNO7xj4mBqIov_PcNMQk2fVReVNfiTTunk2hioF-KRzxI_kJg=="]}
2021-11-29 13:45:18 [INFO] com.csicit.ace.common.log.AceLocalLogger :  18265--请求地址: http://127.0.0.1:2100/ehcache/action/get ,HTTP_METHOD: GET ,IP: 127.0.0.1 ,CLASS_METHOD: com.csicit.ace.zuul.controller.EhcacheHttpController.get ,请求参数: {"key":["WFI_FLOW"]}
2021-11-29 13:45:18 [INFO] com.csicit.ace.common.log.AceLocalLogger :  18265--耗时 : 0
2021-11-29 13:45:18 [INFO] com.csicit.ace.common.log.AceLocalLogger :  18276--请求地址: http://127.0.0.1:2100/ehcache/action/get ,HTTP_METHOD: GET ,IP: 127.0.0.1 ,CLASS_METHOD: com.csicit.ace.zuul.controller.EhcacheHttpController.get ,请求参数: {"key":["platform_internationalization"]}
2021-11-29 13:45:18 [INFO] com.csicit.ace.common.log.AceLocalLogger :  18276--耗时 : 0
2021-11-29 13:45:18 [INFO] com.csicit.ace.common.log.AceLocalLogger :  18296--请求地址: http://127.0.0.1:2100/orgauth/sysUsers/action/getSomeUsers ,HTTP_METHOD: GET ,IP: 192.168.19.73 ,CLASS_METHOD: com.csicit.ace.orgauth.core.controller.SysUserControllerO.getSomeUsers ,请求参数: {"code":["user"],"ids":["[\"46d0b4c6d26e462a9928f463f3378757\"]"]}
2021-11-29 13:45:18 [INFO] com.csicit.ace.common.log.AceLocalLogger :  18296--耗时 : 9
2021-11-29 13:45:18 [INFO] com.csicit.ace.common.log.AceLocalLogger :  18262--耗时 : 195
2021-11-29 13:45:20 [INFO] com.csicit.ace.common.log.AceLocalLogger :  20010--请求地址: http://192.168.20.136:2100/fileInfo/deleteByFileId ,HTTP_METHOD: POST ,IP: 192.168.19.73 ,CLASS_METHOD: com.csicit.ace.fileserver.core.controller.FileInfoController.deleteByFileId ,请求参数: {"appName":["dv-testapp-platform"],"token":["2ucy_1-1CIKoDcOa_Iojiw_7WSd5fO4Y7BW9rsKnpG77v_4DS-fJ_ua26C2NoOq5IwLijH-uDjEETdM_asXscQ7FMfGWN6Cx_yeFfJNO7xj4mBqIov_PcNMQk2fVReVNfiTTunk2hioF-KRzxI_kJg=="]}
2021-11-29 13:45:20 [WARN] com.baomidou.mybatisplus.core.toolkit.sql.SqlHelper : Warn: execute Method There are  2 results.
2021-11-29 13:45:20 [INFO] com.csicit.ace.common.log.AceLocalLogger :  20010--耗时 : 213
2021-11-29 13:45:27 [INFO] com.csicit.ace.common.log.AceLocalLogger :  27073--请求地址: http://192.168.20.136:2100/fileRepository/allocateSpace ,HTTP_METHOD: POST ,IP: 192.168.19.73 ,CLASS_METHOD: com.csicit.ace.fileserver.core.controller.FileRepositoryController.allocateSpace ,请求参数: {"appName":["dv-testapp-platform"],"token":["2ucy_1-1CIKoDcOa_Iojiw_7WSd5fO4Y7BW9rsKnpG77v_4DS-fJ_ua26C2NoOq5IwLijH-uDjEETdM_asXscQ7FMfGWN6Cx_yeFfJNO7xj4mBqIov_PcNMQk2fVReVNfiTTunk2hioF-KRzxI_kJg=="]}
2021-11-29 13:45:55 [ERROR] com.alibaba.druid.pool.DruidDataSource : create connection SQLException, url: jdbc:dm://192.168.19.9:5236:JARIACEPLAT, errorCode 6001, state 08S01
java.sql.SQLException: 网络通信异常
	at dm.jdbc.dbaccess.DBError.throwSQLException(DBError.java:57)
	at dm.jdbc.dbaccess.DmdbSingleDistribute.accessToServer(DmdbSingleDistribute.java:64)
	at dm.jdbc.dbaccess.DmdbCSI.accessToServer(DmdbCSI.java:1294)
	at dm.jdbc.dbaccess.DmdbCSI.startupServer(DmdbCSI.java:63)
	at dm.jdbc.dbaccess.DmdbCSI.connToServerInner(DmdbCSI.java:159)
	at dm.jdbc.dbaccess.DmdbCSI.connToPrimary(DmdbCSI.java:114)
	at dm.jdbc.dbaccess.DmdbSwitch.tryConnectOneServer(DmdbSwitch.java:295)
	at dm.jdbc.dbaccess.DmdbSwitch.connect(DmdbSwitch.java:48)
	at dm.jdbc.driver.DmdbConnection_bs.openConnection(DmdbConnection_bs.java:555)
	at dm.jdbc.driver.DmdbConnection_bs.initialize(DmdbConnection_bs.java:459)
	at dm.jdbc.driver.DmdbConnection_bs.<init>(DmdbConnection_bs.java:347)
	at dm.jdbc.driver.DmDriver_bs.createConnection(DmDriver_bs.java:109)
	at dm.jdbc.driver.DmDriver.do_connect(DmDriver.java:121)
	at dm.jdbc.filter.FilterChain.Connection_connect(FilterChain.java:9412)
	at dm.jdbc.driver.DmDriver.connect(DmDriver.java:106)
	at com.alibaba.druid.pool.DruidAbstractDataSource.createPhysicalConnection(DruidAbstractDataSource.java:1578)
	at com.alibaba.druid.pool.DruidAbstractDataSource.createPhysicalConnection(DruidAbstractDataSource.java:1644)
	at com.alibaba.druid.pool.DruidDataSource$CreateConnectionThread.run(DruidDataSource.java:2570)
2021-11-29 13:46:02 [INFO] org.quartz.plugins.history.LoggingJobHistoryPlugin : Job 测试任务组.711HM fired (by trigger 711HM$测试任务组.每100毫秒发送一次) at:  13:46:02 11/29/2021
2021-11-29 13:46:02 [WARN] com.csicit.ace.quartz.core.job.AgentJob : 任务执行失败，原因为：应用ah-csicpm不在线
2021-11-29 13:46:02 [INFO] org.quartz.plugins.history.LoggingJobHistoryPlugin : Job 测试任务组.711HM execution complete at  13:46:02 11/29/2021 and reports: null
2021-11-29 13:46:02 [WARN] com.baomidou.mybatisplus.core.toolkit.sql.SqlHelper : Warn: execute Method There are  2 results.
2021-11-29 13:46:07 [INFO] com.csicit.ace.common.log.AceLocalLogger :  27073--耗时 : 40305
2021-11-29 13:47:01 [INFO] com.csicit.ace.common.log.AceLocalLogger :  21013--请求地址: http://192.168.20.136:2100/fileUpload/uploadReview ,HTTP_METHOD: POST ,IP: 192.168.19.73 ,CLASS_METHOD: com.csicit.ace.fileserver.core.controller.FileUploadController.uploadReview ,请求参数: {"appName":["dv-testapp-platform","dv-testapp-platform"],"token":["2ucy_1-1CIKoDcOa_Iojiw_7WSd5fO4Y7BW9rsKnpG77v_4DS-fJ_ua26C2NoOq5IwLijH-uDjEETdM_asXscQ7FMfGWN6Cx_yeFfJNO7xj4mBqIov_PcNMQk2fVReVNfiTTunk2hioF-KRzxI_kJg=="],"configurationKey":["test-file"],"id":["WU_FILE_0"],"name":["PSD-清理.Jsx"],"type":["application/octet-stream"],"lastModifiedDate":["Sat Dec 23 2017 15:09:17 GMT+0800 (香港标准时间)"],"size":["829"],"yfId":["e1fc2d2e8b97480299b6884d7a8d0c6b"]}
2021-11-29 13:47:01 [INFO] org.quartz.plugins.history.LoggingJobHistoryPlugin : Job 测试任务组.711HM fired (by trigger 711HM$测试任务组.每100毫秒发送一次) at:  13:47:01 11/29/2021
2021-11-29 13:47:01 [WARN] com.csicit.ace.quartz.core.job.AgentJob : 任务执行失败，原因为：应用ah-csicpm不在线
2021-11-29 13:47:01 [INFO] org.quartz.plugins.history.LoggingJobHistoryPlugin : Job 测试任务组.711HM execution complete at  13:47:01 11/29/2021 and reports: null
2021-11-29 13:47:01 [WARN] com.baomidou.mybatisplus.core.toolkit.sql.SqlHelper : Warn: execute Method There are  2 results.
2021-11-29 13:47:01 [INFO] org.slf4j.Logger : file upload: PSD-清理.Jsx
2021-11-29 13:47:01 [INFO] com.csicit.ace.common.log.AceLocalLogger :  21013--耗时 : 185
2021-11-29 13:47:07 [INFO] com.csicit.ace.common.log.AceLocalLogger :  27851--请求地址: http://192.168.20.136:2100/fileInfo/deleteByFileId ,HTTP_METHOD: POST ,IP: 192.168.19.73 ,CLASS_METHOD: com.csicit.ace.fileserver.core.controller.FileInfoController.deleteByFileId ,请求参数: {"appName":["dv-testapp-platform"],"token":["2ucy_1-1CIKoDcOa_Iojiw_7WSd5fO4Y7BW9rsKnpG77v_4DS-fJ_ua26C2NoOq5IwLijH-uDjEETdM_asXscQ7FMfGWN6Cx_yeFfJNO7xj4mBqIov_PcNMQk2fVReVNfiTTunk2hioF-KRzxI_kJg=="]}
2021-11-29 13:47:08 [WARN] com.baomidou.mybatisplus.core.toolkit.sql.SqlHelper : Warn: execute Method There are  2 results.
2021-11-29 13:47:08 [INFO] com.csicit.ace.common.log.AceLocalLogger :  27851--耗时 : 183
2021-11-29 13:47:12 [INFO] com.csicit.ace.common.log.AceLocalLogger :  32733--请求地址: http://192.168.20.136:2100/fileInfo/deleteByFileId ,HTTP_METHOD: POST ,IP: 192.168.19.73 ,CLASS_METHOD: com.csicit.ace.fileserver.core.controller.FileInfoController.deleteByFileId ,请求参数: {"appName":["dv-testapp-platform"],"token":["2ucy_1-1CIKoDcOa_Iojiw_7WSd5fO4Y7BW9rsKnpG77v_4DS-fJ_ua26C2NoOq5IwLijH-uDjEETdM_asXscQ7FMfGWN6Cx_yeFfJNO7xj4mBqIov_PcNMQk2fVReVNfiTTunk2hioF-KRzxI_kJg=="]}
2021-11-29 13:47:12 [WARN] com.baomidou.mybatisplus.core.toolkit.sql.SqlHelper : Warn: execute Method There are  2 results.
2021-11-29 13:47:12 [INFO] com.csicit.ace.common.log.AceLocalLogger :  32733--耗时 : 187
2021-11-29 13:47:14 [INFO] com.csicit.ace.common.log.AceLocalLogger :  34065--请求地址: http://192.168.20.136:2100/fileInfo/deleteByFileId ,HTTP_METHOD: POST ,IP: 192.168.19.73 ,CLASS_METHOD: com.csicit.ace.fileserver.core.controller.FileInfoController.deleteByFileId ,请求参数: {"appName":["dv-testapp-platform"],"token":["2ucy_1-1CIKoDcOa_Iojiw_7WSd5fO4Y7BW9rsKnpG77v_4DS-fJ_ua26C2NoOq5IwLijH-uDjEETdM_asXscQ7FMfGWN6Cx_yeFfJNO7xj4mBqIov_PcNMQk2fVReVNfiTTunk2hioF-KRzxI_kJg=="]}
2021-11-29 13:47:14 [WARN] com.baomidou.mybatisplus.core.toolkit.sql.SqlHelper : Warn: execute Method There are  2 results.
2021-11-29 13:47:14 [INFO] com.csicit.ace.common.log.AceLocalLogger :  34065--耗时 : 185
2021-11-29 13:47:15 [INFO] com.csicit.ace.common.log.AceLocalLogger :  35088--请求地址: http://192.168.20.136:2100/fileDownload/download ,HTTP_METHOD: GET ,IP: 192.168.19.73 ,CLASS_METHOD: com.csicit.ace.fileserver.core.controller.FileDownloadController.download ,请求参数: {"appName":["dv-testapp-platform"],"token":["2ucy_1-1CIKoDcOa_Iojiw_7WSd5fO4Y7BW9rsKnpG77v_4DS-fJ_ua26C2NoOq5IwLijH-uDjEETdM_asXscQ7FMfGWN6Cx_yeFfJNO7xj4mBqIov_PcNMQk2fVReVNfiTTunk2hioF-KRzxI_kJg=="],"configurationKey":["test-file"],"fileToken":["a82a6a2c8ba84715b6685acc6c854ea4"]}
2021-11-29 13:47:16 [WARN] com.baomidou.mybatisplus.core.toolkit.sql.SqlHelper : Warn: execute Method There are  2 results.
2021-11-29 13:47:16 [INFO] org.slf4j.Logger : file download: 2-3.png
2021-11-29 13:47:16 [INFO] com.csicit.ace.common.log.AceLocalLogger :  35088--耗时 : 1205
2021-11-29 13:47:18 [INFO] com.csicit.ace.common.log.AceLocalLogger :  38748--请求地址: http://192.168.20.136:2100/fileInfo/deleteByFileId ,HTTP_METHOD: POST ,IP: 192.168.19.73 ,CLASS_METHOD: com.csicit.ace.fileserver.core.controller.FileInfoController.deleteByFileId ,请求参数: {"appName":["dv-testapp-platform"],"token":["2ucy_1-1CIKoDcOa_Iojiw_7WSd5fO4Y7BW9rsKnpG77v_4DS-fJ_ua26C2NoOq5IwLijH-uDjEETdM_asXscQ7FMfGWN6Cx_yeFfJNO7xj4mBqIov_PcNMQk2fVReVNfiTTunk2hioF-KRzxI_kJg=="]}
2021-11-29 13:47:18 [WARN] com.baomidou.mybatisplus.core.toolkit.sql.SqlHelper : Warn: execute Method There are  2 results.
2021-11-29 13:47:18 [INFO] com.csicit.ace.common.log.AceLocalLogger :  38748--耗时 : 180
2021-11-29 13:47:19 [INFO] com.csicit.ace.common.log.AceLocalLogger :  39658--请求地址: http://192.168.20.136:2100/fileInfo/deleteByFileId ,HTTP_METHOD: POST ,IP: 192.168.19.73 ,CLASS_METHOD: com.csicit.ace.fileserver.core.controller.FileInfoController.deleteByFileId ,请求参数: {"appName":["dv-testapp-platform"],"token":["2ucy_1-1CIKoDcOa_Iojiw_7WSd5fO4Y7BW9rsKnpG77v_4DS-fJ_ua26C2NoOq5IwLijH-uDjEETdM_asXscQ7FMfGWN6Cx_yeFfJNO7xj4mBqIov_PcNMQk2fVReVNfiTTunk2hioF-KRzxI_kJg=="]}
2021-11-29 13:47:19 [WARN] com.baomidou.mybatisplus.core.toolkit.sql.SqlHelper : Warn: execute Method There are  2 results.
2021-11-29 13:47:19 [INFO] com.csicit.ace.common.log.AceLocalLogger :  39658--耗时 : 174
2021-11-29 13:47:24 [INFO] com.csicit.ace.common.log.AceLocalLogger :  44200--请求地址: http://192.168.20.136:2100/fileRepository/allocateSpace ,HTTP_METHOD: POST ,IP: 192.168.19.73 ,CLASS_METHOD: com.csicit.ace.fileserver.core.controller.FileRepositoryController.allocateSpace ,请求参数: {"appName":["dv-testapp-platform"],"token":["2ucy_1-1CIKoDcOa_Iojiw_7WSd5fO4Y7BW9rsKnpG77v_4DS-fJ_ua26C2NoOq5IwLijH-uDjEETdM_asXscQ7FMfGWN6Cx_yeFfJNO7xj4mBqIov_PcNMQk2fVReVNfiTTunk2hioF-KRzxI_kJg=="]}
2021-11-29 13:47:24 [WARN] com.baomidou.mybatisplus.core.toolkit.sql.SqlHelper : Warn: execute Method There are  2 results.
2021-11-29 13:47:24 [INFO] com.csicit.ace.common.log.AceLocalLogger :  44200--耗时 : 191
2021-11-29 13:47:24 [INFO] com.csicit.ace.common.log.AceLocalLogger :  44434--请求地址: http://192.168.20.136:2100/fileUpload/uploadReview ,HTTP_METHOD: POST ,IP: 192.168.19.73 ,CLASS_METHOD: com.csicit.ace.fileserver.core.controller.FileUploadController.uploadReview ,请求参数: {"appName":["dv-testapp-platform","dv-testapp-platform"],"token":["2ucy_1-1CIKoDcOa_Iojiw_7WSd5fO4Y7BW9rsKnpG77v_4DS-fJ_ua26C2NoOq5IwLijH-uDjEETdM_asXscQ7FMfGWN6Cx_yeFfJNO7xj4mBqIov_PcNMQk2fVReVNfiTTunk2hioF-KRzxI_kJg=="],"configurationKey":["test-file"],"id":["WU_FILE_1"],"name":["PSD-清理.Jsx"],"type":["application/octet-stream"],"lastModifiedDate":["Sat Dec 23 2017 15:09:17 GMT+0800 (香港标准时间)"],"size":["829"],"yfId":["0a96425352bc415ba4ee5492de7fa729"]}
2021-11-29 13:47:24 [WARN] com.baomidou.mybatisplus.core.toolkit.sql.SqlHelper : Warn: execute Method There are  2 results.
2021-11-29 13:47:24 [INFO] org.slf4j.Logger : file upload: PSD-清理.Jsx
2021-11-29 13:47:24 [INFO] com.csicit.ace.common.log.AceLocalLogger :  44434--耗时 : 194
2021-11-29 13:47:25 [INFO] com.csicit.ace.common.log.AceLocalLogger :  45764--请求地址: http://192.168.20.136:2100/fileDownload/download ,HTTP_METHOD: GET ,IP: 192.168.19.73 ,CLASS_METHOD: com.csicit.ace.fileserver.core.controller.FileDownloadController.download ,请求参数: {"appName":["dv-testapp-platform"],"token":["2ucy_1-1CIKoDcOa_Iojiw_7WSd5fO4Y7BW9rsKnpG77v_4DS-fJ_ua26C2NoOq5IwLijH-uDjEETdM_asXscQ7FMfGWN6Cx_yeFfJNO7xj4mBqIov_PcNMQk2fVReVNfiTTunk2hioF-KRzxI_kJg=="],"configurationKey":["test-file"],"fileToken":["0a96425352bc415ba4ee5492de7fa729"]}
2021-11-29 13:47:25 [WARN] com.baomidou.mybatisplus.core.toolkit.sql.SqlHelper : Warn: execute Method There are  2 results.
2021-11-29 13:47:25 [INFO] org.slf4j.Logger : file download: PSD-清理.Jsx
2021-11-29 13:47:25 [INFO] com.csicit.ace.common.log.AceLocalLogger :  45764--耗时 : 186
2021-11-29 13:47:32 [INFO] com.csicit.ace.common.log.AceLocalLogger :  52587--请求地址: http://192.168.20.136:2100/fileDownload/download ,HTTP_METHOD: GET ,IP: 192.168.19.73 ,CLASS_METHOD: com.csicit.ace.fileserver.core.controller.FileDownloadController.download ,请求参数: {"appName":["dv-testapp-platform"],"token":["2ucy_1-1CIKoDcOa_Iojiw_7WSd5fO4Y7BW9rsKnpG77v_4DS-fJ_ua26C2NoOq5IwLijH-uDjEETdM_asXscQ7FMfGWN6Cx_yeFfJNO7xj4mBqIov_PcNMQk2fVReVNfiTTunk2hioF-KRzxI_kJg=="],"configurationKey":["test-file"],"fileToken":["0a96425352bc415ba4ee5492de7fa729"]}
2021-11-29 13:47:32 [WARN] com.baomidou.mybatisplus.core.toolkit.sql.SqlHelper : Warn: execute Method There are  2 results.
2021-11-29 13:47:32 [INFO] org.slf4j.Logger : file download: PSD-清理.Jsx
2021-11-29 13:47:32 [INFO] com.csicit.ace.common.log.AceLocalLogger :  52587--耗时 : 176
2021-11-29 13:48:01 [INFO] org.quartz.plugins.history.LoggingJobHistoryPlugin : Job 测试任务组.711HM fired (by trigger 711HM$测试任务组.每100毫秒发送一次) at:  13:48:01 11/29/2021
2021-11-29 13:48:01 [WARN] com.csicit.ace.quartz.core.job.AgentJob : 任务执行失败，原因为：应用ah-csicpm不在线
2021-11-29 13:48:01 [INFO] org.quartz.plugins.history.LoggingJobHistoryPlugin : Job 测试任务组.711HM execution complete at  13:48:01 11/29/2021 and reports: null
2021-11-29 13:48:39 [INFO] com.csicit.ace.common.log.AceLocalLogger :  19518--请求地址: http://192.168.20.136:2100/fileInfo/deleteByFileId ,HTTP_METHOD: POST ,IP: 192.168.19.73 ,CLASS_METHOD: com.csicit.ace.fileserver.core.controller.FileInfoController.deleteByFileId ,请求参数: {"appName":["dv-testapp-platform"],"token":["2ucy_1-1CIKoDcOa_Iojiw_7WSd5fO4Y7BW9rsKnpG77v_4DS-fJ_ua26C2NoOq5IwLijH-uDjEETdM_asXscQ7FMfGWN6Cx_yeFfJNO7xj4mBqIov_PcNMQk2fVReVNfiTTunk2hioF-KRzxI_kJg=="]}
2021-11-29 13:48:39 [WARN] com.baomidou.mybatisplus.core.toolkit.sql.SqlHelper : Warn: execute Method There are  2 results.
2021-11-29 13:48:39 [INFO] com.csicit.ace.common.log.AceLocalLogger :  19518--耗时 : 199
2021-11-29 13:48:57 [INFO] com.csicit.ace.common.log.AceLocalLogger :  37436--请求地址: http://192.168.20.136:2100/fileRepository/allocateSpace ,HTTP_METHOD: POST ,IP: 192.168.19.73 ,CLASS_METHOD: com.csicit.ace.fileserver.core.controller.FileRepositoryController.allocateSpace ,请求参数: {"appName":["dv-testapp-platform"],"token":["2ucy_1-1CIKoDcOa_Iojiw_7WSd5fO4Y7BW9rsKnpG77v_4DS-fJ_ua26C2NoOq5IwLijH-uDjEETdM_asXscQ7FMfGWN6Cx_yeFfJNO7xj4mBqIov_PcNMQk2fVReVNfiTTunk2hioF-KRzxI_kJg=="]}
2021-11-29 13:48:57 [WARN] com.baomidou.mybatisplus.core.toolkit.sql.SqlHelper : Warn: execute Method There are  2 results.
2021-11-29 13:48:57 [INFO] com.csicit.ace.common.log.AceLocalLogger :  37436--耗时 : 178
2021-11-29 13:48:57 [INFO] com.csicit.ace.common.log.AceLocalLogger :  37660--请求地址: http://192.168.20.136:2100/fileUpload/uploadReview ,HTTP_METHOD: POST ,IP: 192.168.19.73 ,CLASS_METHOD: com.csicit.ace.fileserver.core.controller.FileUploadController.uploadReview ,请求参数: {"appName":["dv-testapp-platform","dv-testapp-platform"],"token":["2ucy_1-1CIKoDcOa_Iojiw_7WSd5fO4Y7BW9rsKnpG77v_4DS-fJ_ua26C2NoOq5IwLijH-uDjEETdM_asXscQ7FMfGWN6Cx_yeFfJNO7xj4mBqIov_PcNMQk2fVReVNfiTTunk2hioF-KRzxI_kJg=="],"configurationKey":["test-file"],"id":["WU_FILE_2"],"name":["PSD-清理.Jsx"],"type":["application/octet-stream"],"lastModifiedDate":["Sat Dec 23 2017 15:09:17 GMT+0800 (香港标准时间)"],"size":["829"],"yfId":["12de56ace9af40f3a5beff5a95a90b57"]}
2021-11-29 13:48:57 [WARN] com.baomidou.mybatisplus.core.toolkit.sql.SqlHelper : Warn: execute Method There are  2 results.
2021-11-29 13:48:57 [INFO] org.slf4j.Logger : file upload: PSD-清理.Jsx
2021-11-29 13:48:57 [INFO] com.csicit.ace.common.log.AceLocalLogger :  37660--耗时 : 196
2021-11-29 13:49:01 [INFO] org.quartz.plugins.history.LoggingJobHistoryPlugin : Job 测试任务组.711HM fired (by trigger 711HM$测试任务组.每100毫秒发送一次) at:  13:49:01 11/29/2021
2021-11-29 13:49:01 [WARN] com.csicit.ace.quartz.core.job.AgentJob : 任务执行失败，原因为：应用ah-csicpm不在线
2021-11-29 13:49:01 [INFO] org.quartz.plugins.history.LoggingJobHistoryPlugin : Job 测试任务组.711HM execution complete at  13:49:01 11/29/2021 and reports: null
2021-11-29 13:49:15 [INFO] com.csicit.ace.common.log.AceLocalLogger :  55587--请求地址: http://192.168.20.136:2100/fileDownload/download ,HTTP_METHOD: GET ,IP: 192.168.19.73 ,CLASS_METHOD: com.csicit.ace.fileserver.core.controller.FileDownloadController.download ,请求参数: {"appName":["dv-testapp-platform"],"token":["2ucy_1-1CIKoDcOa_Iojiw_7WSd5fO4Y7BW9rsKnpG77v_4DS-fJ_ua26C2NoOq5IwLijH-uDjEETdM_asXscQ7FMfGWN6Cx_yeFfJNO7xj4mBqIov_PcNMQk2fVReVNfiTTunk2hioF-KRzxI_kJg=="],"configurationKey":["test-file"],"fileToken":["12de56ace9af40f3a5beff5a95a90b57"]}
2021-11-29 13:49:15 [WARN] com.baomidou.mybatisplus.core.toolkit.sql.SqlHelper : Warn: execute Method There are  2 results.
2021-11-29 13:49:15 [INFO] org.slf4j.Logger : file download: PSD-清理.Jsx
2021-11-29 13:49:15 [INFO] com.csicit.ace.common.log.AceLocalLogger :  55587--耗时 : 173
2021-11-29 13:49:39 [INFO] com.csicit.ace.common.log.AceLocalLogger :  79917--请求地址: http://192.168.20.136:2100/fileRepository/allocateSpace ,HTTP_METHOD: POST ,IP: 192.168.19.73 ,CLASS_METHOD: com.csicit.ace.fileserver.core.controller.FileRepositoryController.allocateSpace ,请求参数: {"appName":["dv-testapp-platform"],"token":["2ucy_1-1CIKoDcOa_Iojiw_7WSd5fO4Y7BW9rsKnpG77v_4DS-fJ_ua26C2NoOq5IwLijH-uDjEETdM_asXscQ7FMfGWN6Cx_yeFfJNO7xj4mBqIov_PcNMQk2fVReVNfiTTunk2hioF-KRzxI_kJg=="]}
2021-11-29 13:49:40 [WARN] com.baomidou.mybatisplus.core.toolkit.sql.SqlHelper : Warn: execute Method There are  2 results.
2021-11-29 13:49:40 [INFO] com.csicit.ace.common.log.AceLocalLogger :  79917--耗时 : 178
2021-11-29 13:49:40 [INFO] com.csicit.ace.common.log.AceLocalLogger :  80148--请求地址: http://192.168.20.136:2100/fileUpload/uploadReview ,HTTP_METHOD: POST ,IP: 192.168.19.73 ,CLASS_METHOD: com.csicit.ace.fileserver.core.controller.FileUploadController.uploadReview ,请求参数: {"appName":["dv-testapp-platform","dv-testapp-platform"],"token":["2ucy_1-1CIKoDcOa_Iojiw_7WSd5fO4Y7BW9rsKnpG77v_4DS-fJ_ua26C2NoOq5IwLijH-uDjEETdM_asXscQ7FMfGWN6Cx_yeFfJNO7xj4mBqIov_PcNMQk2fVReVNfiTTunk2hioF-KRzxI_kJg=="],"configurationKey":["test-file"],"id":["WU_FILE_3"],"name":["2-1.png"],"type":["image/png"],"lastModifiedDate":["Mon Nov 29 2021 10:41:24 GMT+0800 (香港标准时间)"],"size":["604293"],"yfId":["ab742de320844f8e81dc956a3db7e195"]}
2021-11-29 13:49:40 [WARN] com.baomidou.mybatisplus.core.toolkit.sql.SqlHelper : Warn: execute Method There are  2 results.
2021-11-29 13:49:40 [INFO] org.slf4j.Logger : file upload: 2-1.png
2021-11-29 13:49:40 [INFO] com.csicit.ace.common.log.AceLocalLogger :  80148--耗时 : 199
2021-11-29 13:49:45 [INFO] com.csicit.ace.common.log.AceLocalLogger :  85269--请求地址: http://192.168.20.136:2100/fileDownload/download ,HTTP_METHOD: GET ,IP: 192.168.19.73 ,CLASS_METHOD: com.csicit.ace.fileserver.core.controller.FileDownloadController.download ,请求参数: {"appName":["dv-testapp-platform"],"token":["2ucy_1-1CIKoDcOa_Iojiw_7WSd5fO4Y7BW9rsKnpG77v_4DS-fJ_ua26C2NoOq5IwLijH-uDjEETdM_asXscQ7FMfGWN6Cx_yeFfJNO7xj4mBqIov_PcNMQk2fVReVNfiTTunk2hioF-KRzxI_kJg=="],"configurationKey":["test-file"],"fileToken":["ab742de320844f8e81dc956a3db7e195"]}
2021-11-29 13:49:45 [WARN] com.baomidou.mybatisplus.core.toolkit.sql.SqlHelper : Warn: execute Method There are  2 results.
2021-11-29 13:49:45 [INFO] org.slf4j.Logger : file download: 2-1.png
2021-11-29 13:49:45 [INFO] com.csicit.ace.common.log.AceLocalLogger :  85269--耗时 : 209
2021-11-29 13:50:00 [INFO] org.quartz.plugins.history.LoggingJobHistoryPlugin : Job 业务平台内部定时任务.大屏消息推送 fired (by trigger 大屏消息推送$业务平台内部定时任务.每5分钟执行一次) at:  13:50:00 11/29/2021
2021-11-29 13:50:00 [INFO] com.csicit.ace.common.log.AceLocalLogger :  00026--请求地址: http://127.0.0.1:2100/bladeVisualMsgs/bladeVisual/msg/push ,HTTP_METHOD: GET ,IP: 127.0.0.1 ,CLASS_METHOD: com.csicit.ace.platform.core.controller.BladeVisualMsgController.bladeVisualMsgPush ,请求参数: {}
2021-11-29 13:50:00 [INFO] com.csicit.ace.common.log.AceLocalLogger :  00026--耗时 : 23
2021-11-29 13:50:00 [INFO] org.quartz.plugins.history.LoggingJobHistoryPlugin : Job 业务平台内部定时任务.大屏消息推送 execution complete at  13:50:00 11/29/2021 and reports: null
2021-11-29 13:50:01 [INFO] org.quartz.plugins.history.LoggingJobHistoryPlugin : Job 测试任务组.711HM fired (by trigger 711HM$测试任务组.每100毫秒发送一次) at:  13:50:01 11/29/2021
2021-11-29 13:50:01 [WARN] com.csicit.ace.quartz.core.job.AgentJob : 任务执行失败，原因为：应用ah-csicpm不在线
2021-11-29 13:50:01 [INFO] org.quartz.plugins.history.LoggingJobHistoryPlugin : Job 测试任务组.711HM execution complete at  13:50:01 11/29/2021 and reports: null
2021-11-29 13:51:01 [INFO] org.quartz.plugins.history.LoggingJobHistoryPlugin : Job 测试任务组.711HM fired (by trigger 711HM$测试任务组.每100毫秒发送一次) at:  13:51:01 11/29/2021
2021-11-29 13:51:01 [WARN] com.csicit.ace.quartz.core.job.AgentJob : 任务执行失败，原因为：应用ah-csicpm不在线
2021-11-29 13:51:01 [INFO] org.quartz.plugins.history.LoggingJobHistoryPlugin : Job 测试任务组.711HM execution complete at  13:51:01 11/29/2021 and reports: null
2021-11-29 13:51:33 [INFO] com.csicit.ace.common.log.AceLocalLogger : REQUEST_URL:/dv-testapp-platform/bpm/getFlowModelByCode, REQUEST_METHOD:GET, REQUEST_IP:192.168.20.136
2021-11-29 13:51:33 [INFO] com.csicit.ace.common.log.AceLocalLogger : -----token:2ucy_1-1CIKoDcOa_Iojiycs5ozNarnRi_tcJAZw8FO4B4LuoxkHzsGtXRWNkmb_IwLijH-uDjEETdM_asXscQ7FMfGWN6Cx_yeFfJNO7xj4mBqIov_PcNMQk2fVReVNfiTTunk2hioF-KRzxI_kJg==
2021-11-29 13:51:33 [INFO] com.csicit.ace.common.log.AceLocalLogger : -----sysUserDO:null
2021-11-29 13:51:37 [WARN] org.springframework.cloud.netflix.zuul.filters.post.SendErrorFilter : Error during filtering
com.netflix.zuul.exception.ZuulException: Filter threw Exception
	at com.netflix.zuul.FilterProcessor.processZuulFilter(FilterProcessor.java:227)
	at com.netflix.zuul.FilterProcessor.runFilters(FilterProcessor.java:157)
	at com.netflix.zuul.FilterProcessor.preRoute(FilterProcessor.java:133)
	at com.netflix.zuul.ZuulRunner.preRoute(ZuulRunner.java:105)
	at com.netflix.zuul.http.ZuulServlet.preRoute(ZuulServlet.java:125)
	at com.netflix.zuul.http.ZuulServlet.service(ZuulServlet.java:74)
	at org.springframework.web.servlet.mvc.ServletWrappingController.handleRequestInternal(ServletWrappingController.java:165)
	at org.springframework.cloud.netflix.zuul.web.ZuulController.handleRequest(ZuulController.java:44)
	at org.springframework.web.servlet.mvc.SimpleControllerHandlerAdapter.handle(SimpleControllerHandlerAdapter.java:52)
	at org.springframework.web.servlet.DispatcherServlet.doDispatch(DispatcherServlet.java:1038)
	at org.springframework.web.servlet.DispatcherServlet.doService(DispatcherServlet.java:942)
	at org.springframework.web.servlet.FrameworkServlet.processRequest(FrameworkServlet.java:1005)
	at org.springframework.web.servlet.FrameworkServlet.doGet(FrameworkServlet.java:897)
	at javax.servlet.http.HttpServlet.service(HttpServlet.java:634)
	at org.springframework.web.servlet.FrameworkServlet.service(FrameworkServlet.java:882)
	at javax.servlet.http.HttpServlet.service(HttpServlet.java:741)
	at org.apache.catalina.core.ApplicationFilterChain.internalDoFilter(ApplicationFilterChain.java:231)
	at org.apache.catalina.core.ApplicationFilterChain.doFilter(ApplicationFilterChain.java:166)
	at org.apache.tomcat.websocket.server.WsFilter.doFilter(WsFilter.java:53)
	at org.apache.catalina.core.ApplicationFilterChain.internalDoFilter(ApplicationFilterChain.java:193)
	at org.apache.catalina.core.ApplicationFilterChain.doFilter(ApplicationFilterChain.java:166)
	at org.springframework.web.filter.CorsFilter.doFilterInternal(CorsFilter.java:96)
	at org.springframework.web.filter.OncePerRequestFilter.doFilter(OncePerRequestFilter.java:109)
	at org.apache.catalina.core.ApplicationFilterChain.internalDoFilter(ApplicationFilterChain.java:193)
	at org.apache.catalina.core.ApplicationFilterChain.doFilter(ApplicationFilterChain.java:166)
	at org.springframework.boot.actuate.web.trace.servlet.HttpTraceFilter.doFilterInternal(HttpTraceFilter.java:88)
	at org.springframework.web.filter.OncePerRequestFilter.doFilter(OncePerRequestFilter.java:109)
	at org.apache.catalina.core.ApplicationFilterChain.internalDoFilter(ApplicationFilterChain.java:193)
	at org.apache.catalina.core.ApplicationFilterChain.doFilter(ApplicationFilterChain.java:166)
	at org.springframework.web.filter.RequestContextFilter.doFilterInternal(RequestContextFilter.java:99)
	at org.springframework.web.filter.OncePerRequestFilter.doFilter(OncePerRequestFilter.java:109)
	at org.apache.catalina.core.ApplicationFilterChain.internalDoFilter(ApplicationFilterChain.java:193)
	at org.apache.catalina.core.ApplicationFilterChain.doFilter(ApplicationFilterChain.java:166)
	at org.springframework.web.filter.FormContentFilter.doFilterInternal(FormContentFilter.java:92)
	at org.springframework.web.filter.OncePerRequestFilter.doFilter(OncePerRequestFilter.java:109)
	at org.apache.catalina.core.ApplicationFilterChain.internalDoFilter(ApplicationFilterChain.java:193)
	at org.apache.catalina.core.ApplicationFilterChain.doFilter(ApplicationFilterChain.java:166)
	at org.springframework.web.filter.HiddenHttpMethodFilter.doFilterInternal(HiddenHttpMethodFilter.java:93)
	at org.springframework.web.filter.OncePerRequestFilter.doFilter(OncePerRequestFilter.java:109)
	at org.apache.catalina.core.ApplicationFilterChain.internalDoFilter(ApplicationFilterChain.java:193)
	at org.apache.catalina.core.ApplicationFilterChain.doFilter(ApplicationFilterChain.java:166)
	at org.springframework.boot.actuate.metrics.web.servlet.WebMvcMetricsFilter.filterAndRecordMetrics(WebMvcMetricsFilter.java:114)
	at org.springframework.boot.actuate.metrics.web.servlet.WebMvcMetricsFilter.doFilterInternal(WebMvcMetricsFilter.java:104)
	at org.springframework.web.filter.OncePerRequestFilter.doFilter(OncePerRequestFilter.java:109)
	at org.apache.catalina.core.ApplicationFilterChain.internalDoFilter(ApplicationFilterChain.java:193)
	at org.apache.catalina.core.ApplicationFilterChain.doFilter(ApplicationFilterChain.java:166)
	at org.springframework.web.filter.CharacterEncodingFilter.doFilterInternal(CharacterEncodingFilter.java:200)
	at org.springframework.web.filter.OncePerRequestFilter.doFilter(OncePerRequestFilter.java:109)
	at org.apache.catalina.core.ApplicationFilterChain.internalDoFilter(ApplicationFilterChain.java:193)
	at org.apache.catalina.core.ApplicationFilterChain.doFilter(ApplicationFilterChain.java:166)
	at org.apache.catalina.core.StandardWrapperValve.invoke(StandardWrapperValve.java:199)
	at org.apache.catalina.core.StandardContextValve.invoke(StandardContextValve.java:96)
	at org.apache.catalina.authenticator.AuthenticatorBase.invoke(AuthenticatorBase.java:490)
	at org.apache.catalina.core.StandardHostValve.invoke(StandardHostValve.java:139)
	at org.apache.catalina.valves.ErrorReportValve.invoke(ErrorReportValve.java:92)
	at org.apache.catalina.core.StandardEngineValve.invoke(StandardEngineValve.java:74)
	at org.apache.catalina.connector.CoyoteAdapter.service(CoyoteAdapter.java:343)
	at org.apache.coyote.http11.Http11Processor.service(Http11Processor.java:408)
	at org.apache.coyote.AbstractProcessorLight.process(AbstractProcessorLight.java:66)
	at org.apache.coyote.AbstractProtocol$ConnectionHandler.process(AbstractProtocol.java:834)
	at org.apache.tomcat.util.net.NioEndpoint$SocketProcessor.doRun(NioEndpoint.java:1417)
	at org.apache.tomcat.util.net.SocketProcessorBase.run(SocketProcessorBase.java:49)
	at java.util.concurrent.ThreadPoolExecutor.runWorker(ThreadPoolExecutor.java:1149)
	at java.util.concurrent.ThreadPoolExecutor$Worker.run(ThreadPoolExecutor.java:624)
	at org.apache.tomcat.util.threads.TaskThread$WrappingRunnable.run(TaskThread.java:61)
	at java.lang.Thread.run(Thread.java:748)
Caused by: java.lang.NullPointerException: null
	at com.csicit.ace.zuul.filter.FirstFilter.run(FirstFilter.java:311)
	at com.netflix.zuul.ZuulFilter.runFilter(ZuulFilter.java:117)
	at com.netflix.zuul.FilterProcessor.processZuulFilter(FilterProcessor.java:193)
	... 65 common frames omitted
2021-11-29 13:51:37 [INFO] org.quartz.core.QuartzScheduler : Scheduler JariScheduler_$_DESKTOP-A03RJ151638164687337 paused.
2021-11-29 13:51:37 [INFO] org.springframework.cloud.netflix.zuul.ZuulFilterInitializer : Stopping filter initializer
2021-11-29 13:51:37 [INFO] org.springframework.scheduling.concurrent.ThreadPoolTaskExecutor : Shutting down ExecutorService 'applicationTaskExecutor'
2021-11-29 13:51:37 [INFO] org.quartz.core.QuartzScheduler : Scheduler JariScheduler_$_DESKTOP-A03RJ151638164687337 shutting down.
2021-11-29 13:51:37 [INFO] org.quartz.core.QuartzScheduler : Scheduler JariScheduler_$_DESKTOP-A03RJ151638164687337 paused.
2021-11-29 13:51:37 [INFO] org.quartz.core.QuartzScheduler : Scheduler JariScheduler_$_DESKTOP-A03RJ151638164687337 shutdown complete.
2021-11-29 13:51:37 [INFO] com.alibaba.druid.pool.DruidDataSource : {dataSource-1} closed
