2021-11-22 10:17:48 [INFO] com.csicit.ace.zuul.ZuulStartApp : The following profiles are active: routes
2021-11-22 10:17:50 [WARN] org.springframework.boot.actuate.endpoint.EndpointId : Endpoint ID 'hystrix.stream' contains invalid characters, please migrate to a valid format.
2021-11-22 10:17:50 [INFO] org.springframework.cloud.context.scope.GenericScope : BeanFactory id=5bde780a-911a-3ece-8356-ae4b252c9797
2021-11-22 10:17:51 [INFO] org.springframework.context.support.PostProcessorRegistrationDelegate$BeanPostProcessorChecker : Bean 'org.springframework.transaction.annotation.ProxyTransactionManagementConfiguration' of type [org.springframework.transaction.annotation.ProxyTransactionManagementConfiguration$$EnhancerBySpringCGLIB$$7bb806c7] is not eligible for getting processed by all BeanPostProcessors (for example: not eligible for auto-proxying)
2021-11-22 10:17:51 [INFO] org.springframework.context.support.PostProcessorRegistrationDelegate$BeanPostProcessorChecker : Bean 'socketIoConfig' of type [com.csicit.ace.data.persistent.messenger.config.SocketIoConfig$$EnhancerBySpringCGLIB$$80b3c0e] is not eligible for getting processed by all BeanPostProcessors (for example: not eligible for auto-proxying)
2021-11-22 10:17:51 [INFO] org.springframework.context.support.PostProcessorRegistrationDelegate$BeanPostProcessorChecker : Bean 'redissonClient' of type [org.springframework.beans.factory.support.NullBean] is not eligible for getting processed by all BeanPostProcessors (for example: not eligible for auto-proxying)
2021-11-22 10:17:51 [INFO] org.springframework.context.support.PostProcessorRegistrationDelegate$BeanPostProcessorChecker : Bean 'socketIOServer' of type [com.corundumstudio.socketio.SocketIOServer] is not eligible for getting processed by all BeanPostProcessors (for example: not eligible for auto-proxying)
2021-11-22 10:17:51 [INFO] org.springframework.context.support.PostProcessorRegistrationDelegate$BeanPostProcessorChecker : Bean 'org.springframework.cloud.autoconfigure.ConfigurationPropertiesRebinderAutoConfiguration' of type [org.springframework.cloud.autoconfigure.ConfigurationPropertiesRebinderAutoConfiguration$$EnhancerBySpringCGLIB$$97d209c4] is not eligible for getting processed by all BeanPostProcessors (for example: not eligible for auto-proxying)
2021-11-22 10:17:51 [INFO] org.springframework.boot.web.embedded.tomcat.TomcatWebServer : Tomcat initialized with port(s): 2100 (http)
2021-11-22 10:17:51 [INFO] org.apache.catalina.core.StandardService : Starting service [Tomcat]
2021-11-22 10:17:51 [INFO] org.apache.catalina.core.StandardEngine : Starting Servlet engine: [Apache Tomcat/9.0.14]
2021-11-22 10:17:52 [INFO] org.apache.jasper.servlet.TldScanner : At least one JAR was scanned for TLDs yet contained no TLDs. Enable debug logging for this logger for a complete list of JARs that were scanned but no TLDs were found in them. Skipping unneeded JARs during scanning can improve startup time and JSP compilation time.
2021-11-22 10:17:52 [INFO] org.apache.catalina.core.ContainerBase.[Tomcat].[localhost].[/] : Initializing Spring embedded WebApplicationContext
2021-11-22 10:17:52 [INFO] org.springframework.web.context.ContextLoader : Root WebApplicationContext: initialization completed in 3776 ms
2021-11-22 10:17:52 [WARN] com.netflix.config.sources.URLConfigurationSource : No URLs will be polled as dynamic configuration sources.
2021-11-22 10:17:52 [INFO] com.netflix.config.sources.URLConfigurationSource : To enable URLs as dynamic configuration sources, define System property archaius.configurationSource.additionalUrls or make config.properties available on classpath.
2021-11-22 10:17:52 [INFO] com.netflix.config.DynamicPropertyFactory : DynamicPropertyFactory is initialized with configuration sources: com.netflix.config.ConcurrentCompositeConfiguration@4866e0a7
2021-11-22 10:17:52 [WARN] net.sf.ehcache.config.ConfigurationFactory : No configuration found. Configuring ehcache from ehcache-failsafe.xml  found in the classpath: jar:file:/D:/mavenRepo/net/sf/ehcache/ehcache/2.10.6/ehcache-2.10.6.jar!/ehcache-failsafe.xml
2021-11-22 10:17:53 [INFO] com.alibaba.druid.spring.boot.autoconfigure.DruidDataSourceAutoConfigure : Init DruidDataSource
2021-11-22 10:17:53 [INFO] com.alibaba.druid.pool.DruidDataSource : {dataSource-1} inited
2021-11-22 10:18:01 [INFO] org.quartz.impl.StdSchedulerFactory : Using default implementation for ThreadExecutor
2021-11-22 10:18:01 [INFO] org.quartz.core.SchedulerSignalerImpl : Initialized Scheduler Signaller of type: class org.quartz.core.SchedulerSignalerImpl
2021-11-22 10:18:01 [INFO] org.quartz.core.QuartzScheduler : Quartz Scheduler v.2.3.1 created.
2021-11-22 10:18:01 [INFO] com.csicit.ace.quartz.core.plugins.AceJobConfigLoaderPlugin : Registering Quartz Job Initialization Plug-in.
2021-11-22 10:18:01 [INFO] org.quartz.core.QuartzScheduler : Scheduler meta-data: Quartz Scheduler (v2.3.1) 'JariScheduler' with instanceId 'DESKTOP-A03RJ151637547481207'
  Scheduler class: 'org.quartz.core.QuartzScheduler' - running locally.
  NOT STARTED.
  Currently in standby mode.
  Number of jobs executed: 0
  Using thread pool 'org.quartz.simpl.SimpleThreadPool' - with 20 threads.
  Using job-store 'org.springframework.scheduling.quartz.LocalDataSourceJobStore' - which supports persistence. and is clustered.

2021-11-22 10:18:01 [INFO] org.quartz.impl.StdSchedulerFactory : Quartz scheduler 'JariScheduler' initialized from an externally provided properties instance.
2021-11-22 10:18:01 [INFO] org.quartz.impl.StdSchedulerFactory : Quartz scheduler version: 2.3.1
2021-11-22 10:18:01 [INFO] org.quartz.core.QuartzScheduler : JobFactory set to: com.csicit.ace.quartz.core.factory.MyJobFactory@203ba07
2021-11-22 10:18:01 [WARN] com.baomidou.mybatisplus.core.toolkit.TableInfoHelper : Warn: Could not find @TableId in Class: com.csicit.ace.common.pojo.vo.GrantAuthReciveVO.
2021-11-22 10:18:02 [INFO] liquibase.integration.spring.SpringLiquibase : Liquibase did not run because 'shouldRun' property was set to false on liquibase Liquibase Spring bean.
2021-11-22 10:18:02 [WARN] com.netflix.config.sources.URLConfigurationSource : No URLs will be polled as dynamic configuration sources.
2021-11-22 10:18:02 [INFO] com.netflix.config.sources.URLConfigurationSource : To enable URLs as dynamic configuration sources, define System property archaius.configurationSource.additionalUrls or make config.properties available on classpath.
2021-11-22 10:18:02 [INFO] org.springframework.scheduling.concurrent.ThreadPoolTaskExecutor : Initializing ExecutorService 'applicationTaskExecutor'
2021-11-22 10:18:03 [INFO] org.springframework.boot.autoconfigure.web.servlet.WelcomePageHandlerMapping : Adding welcome page template: index
2021-11-22 10:18:03 [WARN] org.springframework.boot.starter.redis.RedisStarterDeprecationWarningAutoConfiguration : spring-boot-starter-redis is deprecated as of Spring Boot 1.4, please migrate to spring-boot-starter-data-redis
2021-11-22 10:18:03 [INFO] org.springframework.cloud.netflix.zuul.ZuulFilterInitializer : Starting filter initializer
2021-11-22 10:18:03 [INFO] org.springframework.boot.actuate.endpoint.web.EndpointLinksResolver : Exposing 2 endpoint(s) beneath base path '/actuator'
2021-11-22 10:18:04 [INFO] org.quartz.xml.XMLSchedulingDataProcessor : Parsing XML from stream with systemId:  
2021-11-22 10:18:04 [INFO] org.quartz.xml.XMLSchedulingDataProcessor : Adding 1 jobs, 0 triggers.
2021-11-22 10:18:04 [INFO] org.quartz.xml.XMLSchedulingDataProcessor : Replacing job: tt.xxx
2021-11-22 10:18:04 [INFO] org.quartz.xml.XMLSchedulingDataProcessor : Parsing XML from stream with systemId:  
2021-11-22 10:18:04 [INFO] org.quartz.xml.XMLSchedulingDataProcessor : Adding 1 jobs, 0 triggers.
2021-11-22 10:18:04 [INFO] org.quartz.xml.XMLSchedulingDataProcessor : Replacing job: tt.xxx
2021-11-22 10:18:04 [INFO] org.quartz.xml.XMLSchedulingDataProcessor : Parsing XML from stream with systemId:  
2021-11-22 10:18:04 [INFO] org.quartz.xml.XMLSchedulingDataProcessor : Adding 1 jobs, 1 triggers.
2021-11-22 10:18:04 [INFO] org.quartz.xml.XMLSchedulingDataProcessor : Replacing job: 测试任务组.711HM
2021-11-22 10:18:04 [INFO] org.quartz.xml.XMLSchedulingDataProcessor : Parsing XML from stream with systemId:  
2021-11-22 10:18:04 [INFO] org.quartz.xml.XMLSchedulingDataProcessor : Adding 1 jobs, 0 triggers.
2021-11-22 10:18:04 [INFO] org.quartz.xml.XMLSchedulingDataProcessor : Replacing job: tt.xxx
2021-11-22 10:18:04 [INFO] org.quartz.xml.XMLSchedulingDataProcessor : Parsing XML from stream with systemId:  
2021-11-22 10:18:04 [INFO] org.quartz.xml.XMLSchedulingDataProcessor : Adding 16 jobs, 0 triggers.
2021-11-22 10:18:04 [INFO] org.quartz.xml.XMLSchedulingDataProcessor : Replacing job: tt.xxx
2021-11-22 10:18:04 [INFO] org.quartz.xml.XMLSchedulingDataProcessor : Replacing job: tt.xxx
2021-11-22 10:18:04 [INFO] org.quartz.xml.XMLSchedulingDataProcessor : Replacing job: tt.xxx
2021-11-22 10:18:04 [INFO] org.quartz.xml.XMLSchedulingDataProcessor : Replacing job: tt.xxx
2021-11-22 10:18:04 [INFO] org.quartz.xml.XMLSchedulingDataProcessor : Replacing job: tt.xxx
2021-11-22 10:18:04 [INFO] org.quartz.xml.XMLSchedulingDataProcessor : Replacing job: tt.xxx
2021-11-22 10:18:04 [INFO] org.quartz.xml.XMLSchedulingDataProcessor : Replacing job: tt.xxx
2021-11-22 10:18:04 [INFO] org.quartz.xml.XMLSchedulingDataProcessor : Replacing job: tt.xxx
2021-11-22 10:18:04 [INFO] org.quartz.xml.XMLSchedulingDataProcessor : Replacing job: tt.xxx
2021-11-22 10:18:04 [INFO] org.quartz.xml.XMLSchedulingDataProcessor : Replacing job: tt.xxx
2021-11-22 10:18:04 [INFO] org.quartz.xml.XMLSchedulingDataProcessor : Replacing job: tt.xxx
2021-11-22 10:18:04 [INFO] org.quartz.xml.XMLSchedulingDataProcessor : Replacing job: tt.xxx
2021-11-22 10:18:04 [INFO] org.quartz.xml.XMLSchedulingDataProcessor : Replacing job: tt.xxx
2021-11-22 10:18:04 [INFO] org.quartz.xml.XMLSchedulingDataProcessor : Replacing job: tt.xxx
2021-11-22 10:18:04 [INFO] org.quartz.xml.XMLSchedulingDataProcessor : Replacing job: tt.xxx
2021-11-22 10:18:04 [INFO] org.quartz.xml.XMLSchedulingDataProcessor : Replacing job: tt.xxx
2021-11-22 10:18:04 [INFO] org.quartz.xml.XMLSchedulingDataProcessor : Parsing XML from stream with systemId:  
2021-11-22 10:18:04 [INFO] org.quartz.xml.XMLSchedulingDataProcessor : Adding 1 jobs, 0 triggers.
2021-11-22 10:18:04 [INFO] org.quartz.xml.XMLSchedulingDataProcessor : Replacing job: tt.xxx
2021-11-22 10:18:04 [INFO] org.quartz.xml.XMLSchedulingDataProcessor : Parsing XML from stream with systemId:  
2021-11-22 10:18:04 [INFO] org.quartz.xml.XMLSchedulingDataProcessor : Adding 1 jobs, 0 triggers.
2021-11-22 10:18:04 [INFO] org.quartz.xml.XMLSchedulingDataProcessor : Replacing job: tt.xxx
2021-11-22 10:18:04 [INFO] org.quartz.xml.XMLSchedulingDataProcessor : Parsing XML from stream with systemId:  
2021-11-22 10:18:04 [INFO] org.quartz.xml.XMLSchedulingDataProcessor : Adding 1 jobs, 0 triggers.
2021-11-22 10:18:04 [INFO] org.quartz.xml.XMLSchedulingDataProcessor : Replacing job: tt.xxx
2021-11-22 10:18:04 [INFO] org.quartz.xml.XMLSchedulingDataProcessor : Parsing XML from stream with systemId:  
2021-11-22 10:18:04 [INFO] org.quartz.xml.XMLSchedulingDataProcessor : Adding 1 jobs, 0 triggers.
2021-11-22 10:18:04 [INFO] org.quartz.xml.XMLSchedulingDataProcessor : Replacing job: tt.xxx
2021-11-22 10:18:04 [INFO] org.quartz.xml.XMLSchedulingDataProcessor : Parsing XML from stream with systemId:  
2021-11-22 10:18:04 [INFO] org.quartz.xml.XMLSchedulingDataProcessor : Adding 1 jobs, 0 triggers.
2021-11-22 10:18:04 [INFO] org.quartz.xml.XMLSchedulingDataProcessor : Replacing job: tt.xxx
2021-11-22 10:18:04 [INFO] org.quartz.xml.XMLSchedulingDataProcessor : Parsing XML from stream with systemId:  
2021-11-22 10:18:04 [INFO] org.quartz.xml.XMLSchedulingDataProcessor : Adding 1 jobs, 0 triggers.
2021-11-22 10:18:04 [INFO] org.quartz.xml.XMLSchedulingDataProcessor : Replacing job: tt.xxx
2021-11-22 10:18:04 [INFO] org.quartz.xml.XMLSchedulingDataProcessor : Parsing XML from stream with systemId:  
2021-11-22 10:18:04 [INFO] org.quartz.xml.XMLSchedulingDataProcessor : Adding 1 jobs, 0 triggers.
2021-11-22 10:18:04 [INFO] org.quartz.xml.XMLSchedulingDataProcessor : Replacing job: tt.xxx
2021-11-22 10:18:04 [INFO] org.quartz.xml.XMLSchedulingDataProcessor : Parsing XML from stream with systemId:  
2021-11-22 10:18:04 [INFO] org.quartz.xml.XMLSchedulingDataProcessor : Adding 1 jobs, 0 triggers.
2021-11-22 10:18:04 [INFO] org.quartz.xml.XMLSchedulingDataProcessor : Replacing job: tt.xxx
2021-11-22 10:18:04 [INFO] org.quartz.xml.XMLSchedulingDataProcessor : Parsing XML from stream with systemId:  
2021-11-22 10:18:04 [INFO] org.quartz.xml.XMLSchedulingDataProcessor : Adding 1 jobs, 0 triggers.
2021-11-22 10:18:04 [INFO] org.quartz.xml.XMLSchedulingDataProcessor : Replacing job: tt.xxx
2021-11-22 10:18:04 [INFO] org.quartz.xml.XMLSchedulingDataProcessor : Parsing XML from stream with systemId:  
2021-11-22 10:18:04 [INFO] org.quartz.xml.XMLSchedulingDataProcessor : Adding 1 jobs, 0 triggers.
2021-11-22 10:18:04 [INFO] org.quartz.xml.XMLSchedulingDataProcessor : Replacing job: tt.xxx
2021-11-22 10:18:04 [INFO] org.quartz.xml.XMLSchedulingDataProcessor : Parsing XML from stream with systemId:  
2021-11-22 10:18:04 [INFO] org.quartz.xml.XMLSchedulingDataProcessor : Adding 1 jobs, 0 triggers.
2021-11-22 10:18:04 [INFO] org.quartz.xml.XMLSchedulingDataProcessor : Replacing job: tt.xxx
2021-11-22 10:18:04 [INFO] org.quartz.xml.XMLSchedulingDataProcessor : Parsing XML from stream with systemId:  
2021-11-22 10:18:04 [INFO] org.quartz.xml.XMLSchedulingDataProcessor : Adding 1 jobs, 0 triggers.
2021-11-22 10:18:04 [INFO] org.quartz.xml.XMLSchedulingDataProcessor : Replacing job: tt.xxx
2021-11-22 10:18:04 [INFO] org.quartz.xml.XMLSchedulingDataProcessor : Parsing XML from stream with systemId:  
2021-11-22 10:18:04 [INFO] org.quartz.xml.XMLSchedulingDataProcessor : Adding 2 jobs, 0 triggers.
2021-11-22 10:18:04 [INFO] org.quartz.xml.XMLSchedulingDataProcessor : Replacing job: urgeTask.催办提醒
2021-11-22 10:18:04 [INFO] org.quartz.xml.XMLSchedulingDataProcessor : Replacing job: 催办提醒任务组.催办提醒
2021-11-22 10:18:04 [INFO] org.quartz.xml.XMLSchedulingDataProcessor : Parsing XML from stream with systemId:  
2021-11-22 10:18:04 [INFO] org.quartz.xml.XMLSchedulingDataProcessor : Adding 1 jobs, 1 triggers.
2021-11-22 10:18:04 [INFO] org.quartz.xml.XMLSchedulingDataProcessor : Replacing job: 业务平台内部定时任务.大屏消息推送
2021-11-22 10:18:04 [INFO] org.quartz.core.QuartzScheduler : Scheduler JariScheduler_$_DESKTOP-A03RJ151637547481207 started.
2021-11-22 10:18:04 [INFO] org.springframework.boot.web.embedded.tomcat.TomcatWebServer : Tomcat started on port(s): 2100 (http) with context path ''
2021-11-22 10:18:04 [INFO] com.csicit.ace.zuul.ZuulStartApp : Started ZuulStartApp in 18.425 seconds (JVM running for 19.205)
2021-11-22 10:18:05 [INFO] org.reflections.Reflections : Reflections took 35 ms to scan 1 urls, producing 17 keys and 25 values 
2021-11-22 10:18:05 [INFO] com.corundumstudio.socketio.SocketIOServer : Session store / pubsub factory used: MemoryStoreFactory (local session store only)
2021-11-22 10:18:06 [INFO] com.corundumstudio.socketio.SocketIOServer : SocketIO server started at port: 5070
2021-11-22 10:18:06 [INFO] com.csicit.ace.common.log.AceLocalLogger : socketLog_消息服务已启动!
2021-11-22 10:18:06 [INFO] com.csicit.ace.common.log.AceLocalLogger : socketLog_创建命名空间:dv-testapp-platform
2021-11-22 10:18:06 [INFO] com.csicit.ace.common.log.AceLocalLogger : socketLog_创建命名空间:ei-service
2021-11-22 10:18:33 [INFO] org.apache.catalina.core.ContainerBase.[Tomcat].[localhost].[/] : Initializing Spring DispatcherServlet 'dispatcherServlet'
2021-11-22 10:18:33 [INFO] org.springframework.web.servlet.DispatcherServlet : Initializing Servlet 'dispatcherServlet'
2021-11-22 10:18:33 [INFO] org.springframework.web.servlet.DispatcherServlet : Completed initialization in 15 ms
2021-11-22 10:18:33 [INFO] com.csicit.ace.common.log.AceLocalLogger : REQUEST_URL:/dv-testapp-platform/bpm/getFlowModelByCode, REQUEST_METHOD:GET, REQUEST_IP:127.0.0.1
2021-11-22 10:18:40 [WARN] org.springframework.cloud.netflix.zuul.filters.post.SendErrorFilter : Error during filtering
com.netflix.zuul.exception.ZuulException: Filter threw Exception
	at com.netflix.zuul.FilterProcessor.processZuulFilter(FilterProcessor.java:227)
	at com.netflix.zuul.FilterProcessor.runFilters(FilterProcessor.java:157)
	at com.netflix.zuul.FilterProcessor.preRoute(FilterProcessor.java:133)
	at com.netflix.zuul.ZuulRunner.preRoute(ZuulRunner.java:105)
	at com.netflix.zuul.http.ZuulServlet.preRoute(ZuulServlet.java:125)
	at com.netflix.zuul.http.ZuulServlet.service(ZuulServlet.java:74)
	at org.springframework.web.servlet.mvc.ServletWrappingController.handleRequestInternal(ServletWrappingController.java:165)
	at org.springframework.cloud.netflix.zuul.web.ZuulController.handleRequest(ZuulController.java:44)
	at org.springframework.web.servlet.mvc.SimpleControllerHandlerAdapter.handle(SimpleControllerHandlerAdapter.java:52)
	at org.springframework.web.servlet.DispatcherServlet.doDispatch(DispatcherServlet.java:1038)
	at org.springframework.web.servlet.DispatcherServlet.doService(DispatcherServlet.java:942)
	at org.springframework.web.servlet.FrameworkServlet.processRequest(FrameworkServlet.java:1005)
	at org.springframework.web.servlet.FrameworkServlet.doGet(FrameworkServlet.java:897)
	at javax.servlet.http.HttpServlet.service(HttpServlet.java:634)
	at org.springframework.web.servlet.FrameworkServlet.service(FrameworkServlet.java:882)
	at javax.servlet.http.HttpServlet.service(HttpServlet.java:741)
	at org.apache.catalina.core.ApplicationFilterChain.internalDoFilter(ApplicationFilterChain.java:231)
	at org.apache.catalina.core.ApplicationFilterChain.doFilter(ApplicationFilterChain.java:166)
	at org.apache.tomcat.websocket.server.WsFilter.doFilter(WsFilter.java:53)
	at org.apache.catalina.core.ApplicationFilterChain.internalDoFilter(ApplicationFilterChain.java:193)
	at org.apache.catalina.core.ApplicationFilterChain.doFilter(ApplicationFilterChain.java:166)
	at org.springframework.web.filter.CorsFilter.doFilterInternal(CorsFilter.java:96)
	at org.springframework.web.filter.OncePerRequestFilter.doFilter(OncePerRequestFilter.java:109)
	at org.apache.catalina.core.ApplicationFilterChain.internalDoFilter(ApplicationFilterChain.java:193)
	at org.apache.catalina.core.ApplicationFilterChain.doFilter(ApplicationFilterChain.java:166)
	at org.springframework.boot.actuate.web.trace.servlet.HttpTraceFilter.doFilterInternal(HttpTraceFilter.java:88)
	at org.springframework.web.filter.OncePerRequestFilter.doFilter(OncePerRequestFilter.java:109)
	at org.apache.catalina.core.ApplicationFilterChain.internalDoFilter(ApplicationFilterChain.java:193)
	at org.apache.catalina.core.ApplicationFilterChain.doFilter(ApplicationFilterChain.java:166)
	at org.springframework.web.filter.RequestContextFilter.doFilterInternal(RequestContextFilter.java:99)
	at org.springframework.web.filter.OncePerRequestFilter.doFilter(OncePerRequestFilter.java:109)
	at org.apache.catalina.core.ApplicationFilterChain.internalDoFilter(ApplicationFilterChain.java:193)
	at org.apache.catalina.core.ApplicationFilterChain.doFilter(ApplicationFilterChain.java:166)
	at org.springframework.web.filter.FormContentFilter.doFilterInternal(FormContentFilter.java:92)
	at org.springframework.web.filter.OncePerRequestFilter.doFilter(OncePerRequestFilter.java:109)
	at org.apache.catalina.core.ApplicationFilterChain.internalDoFilter(ApplicationFilterChain.java:193)
	at org.apache.catalina.core.ApplicationFilterChain.doFilter(ApplicationFilterChain.java:166)
	at org.springframework.web.filter.HiddenHttpMethodFilter.doFilterInternal(HiddenHttpMethodFilter.java:93)
	at org.springframework.web.filter.OncePerRequestFilter.doFilter(OncePerRequestFilter.java:109)
	at org.apache.catalina.core.ApplicationFilterChain.internalDoFilter(ApplicationFilterChain.java:193)
	at org.apache.catalina.core.ApplicationFilterChain.doFilter(ApplicationFilterChain.java:166)
	at org.springframework.boot.actuate.metrics.web.servlet.WebMvcMetricsFilter.filterAndRecordMetrics(WebMvcMetricsFilter.java:114)
	at org.springframework.boot.actuate.metrics.web.servlet.WebMvcMetricsFilter.doFilterInternal(WebMvcMetricsFilter.java:104)
	at org.springframework.web.filter.OncePerRequestFilter.doFilter(OncePerRequestFilter.java:109)
	at org.apache.catalina.core.ApplicationFilterChain.internalDoFilter(ApplicationFilterChain.java:193)
	at org.apache.catalina.core.ApplicationFilterChain.doFilter(ApplicationFilterChain.java:166)
	at org.springframework.web.filter.CharacterEncodingFilter.doFilterInternal(CharacterEncodingFilter.java:200)
	at org.springframework.web.filter.OncePerRequestFilter.doFilter(OncePerRequestFilter.java:109)
	at org.apache.catalina.core.ApplicationFilterChain.internalDoFilter(ApplicationFilterChain.java:193)
	at org.apache.catalina.core.ApplicationFilterChain.doFilter(ApplicationFilterChain.java:166)
	at org.apache.catalina.core.StandardWrapperValve.invoke(StandardWrapperValve.java:199)
	at org.apache.catalina.core.StandardContextValve.invoke(StandardContextValve.java:96)
	at org.apache.catalina.authenticator.AuthenticatorBase.invoke(AuthenticatorBase.java:490)
	at org.apache.catalina.core.StandardHostValve.invoke(StandardHostValve.java:139)
	at org.apache.catalina.valves.ErrorReportValve.invoke(ErrorReportValve.java:92)
	at org.apache.catalina.core.StandardEngineValve.invoke(StandardEngineValve.java:74)
	at org.apache.catalina.connector.CoyoteAdapter.service(CoyoteAdapter.java:343)
	at org.apache.coyote.http11.Http11Processor.service(Http11Processor.java:408)
	at org.apache.coyote.AbstractProcessorLight.process(AbstractProcessorLight.java:66)
	at org.apache.coyote.AbstractProtocol$ConnectionHandler.process(AbstractProtocol.java:834)
	at org.apache.tomcat.util.net.NioEndpoint$SocketProcessor.doRun(NioEndpoint.java:1417)
	at org.apache.tomcat.util.net.SocketProcessorBase.run(SocketProcessorBase.java:49)
	at java.util.concurrent.ThreadPoolExecutor.runWorker(ThreadPoolExecutor.java:1149)
	at java.util.concurrent.ThreadPoolExecutor$Worker.run(ThreadPoolExecutor.java:624)
	at org.apache.tomcat.util.threads.TaskThread$WrappingRunnable.run(TaskThread.java:61)
	at java.lang.Thread.run(Thread.java:748)
Caused by: java.lang.NullPointerException: null
	at com.csicit.ace.zuul.filter.FirstFilter.run(FirstFilter.java:308)
	at com.netflix.zuul.ZuulFilter.runFilter(ZuulFilter.java:117)
	at com.netflix.zuul.FilterProcessor.processZuulFilter(FilterProcessor.java:193)
	... 65 common frames omitted
2021-11-22 10:18:40 [INFO] org.quartz.core.QuartzScheduler : Scheduler JariScheduler_$_DESKTOP-A03RJ151637547481207 paused.
2021-11-22 10:18:40 [INFO] org.springframework.cloud.netflix.zuul.ZuulFilterInitializer : Stopping filter initializer
2021-11-22 10:18:40 [INFO] org.springframework.scheduling.concurrent.ThreadPoolTaskExecutor : Shutting down ExecutorService 'applicationTaskExecutor'
2021-11-22 10:18:40 [INFO] org.quartz.core.QuartzScheduler : Scheduler JariScheduler_$_DESKTOP-A03RJ151637547481207 shutting down.
2021-11-22 10:18:40 [INFO] org.quartz.core.QuartzScheduler : Scheduler JariScheduler_$_DESKTOP-A03RJ151637547481207 paused.
2021-11-22 10:18:40 [INFO] org.quartz.core.QuartzScheduler : Scheduler JariScheduler_$_DESKTOP-A03RJ151637547481207 shutdown complete.
2021-11-22 10:18:40 [INFO] com.alibaba.druid.pool.DruidDataSource : {dataSource-1} closed
