2021-12-13 11:51:51 [INFO] com.csicit.ace.zuul.ZuulStartApp : The following profiles are active: routes
2021-12-13 11:51:53 [WARN] org.springframework.boot.actuate.endpoint.EndpointId : Endpoint ID 'hystrix.stream' contains invalid characters, please migrate to a valid format.
2021-12-13 11:51:53 [INFO] org.springframework.cloud.context.scope.GenericScope : BeanFactory id=acb3bd81-c129-3aa4-ac83-888aef93058d
2021-12-13 11:51:53 [INFO] org.springframework.context.support.PostProcessorRegistrationDelegate$BeanPostProcessorChecker : Bean 'org.springframework.transaction.annotation.ProxyTransactionManagementConfiguration' of type [org.springframework.transaction.annotation.ProxyTransactionManagementConfiguration$$EnhancerBySpringCGLIB$$f58a4ac4] is not eligible for getting processed by all BeanPostProcessors (for example: not eligible for auto-proxying)
2021-12-13 11:51:53 [INFO] org.springframework.context.support.PostProcessorRegistrationDelegate$BeanPostProcessorChecker : Bean 'socketIoConfig' of type [com.csicit.ace.data.persistent.messenger.config.SocketIoConfig$$EnhancerBySpringCGLIB$$81dd800b] is not eligible for getting processed by all BeanPostProcessors (for example: not eligible for auto-proxying)
2021-12-13 11:51:53 [INFO] org.springframework.context.support.PostProcessorRegistrationDelegate$BeanPostProcessorChecker : Bean 'redissonClient' of type [org.springframework.beans.factory.support.NullBean] is not eligible for getting processed by all BeanPostProcessors (for example: not eligible for auto-proxying)
2021-12-13 11:51:53 [INFO] org.springframework.context.support.PostProcessorRegistrationDelegate$BeanPostProcessorChecker : Bean 'socketIOServer' of type [com.corundumstudio.socketio.SocketIOServer] is not eligible for getting processed by all BeanPostProcessors (for example: not eligible for auto-proxying)
2021-12-13 11:51:53 [INFO] org.springframework.context.support.PostProcessorRegistrationDelegate$BeanPostProcessorChecker : Bean 'org.springframework.cloud.autoconfigure.ConfigurationPropertiesRebinderAutoConfiguration' of type [org.springframework.cloud.autoconfigure.ConfigurationPropertiesRebinderAutoConfiguration$$EnhancerBySpringCGLIB$$11a44dc1] is not eligible for getting processed by all BeanPostProcessors (for example: not eligible for auto-proxying)
2021-12-13 11:51:53 [INFO] org.springframework.boot.web.embedded.tomcat.TomcatWebServer : Tomcat initialized with port(s): 2100 (http)
2021-12-13 11:51:53 [INFO] org.apache.catalina.core.StandardService : Starting service [Tomcat]
2021-12-13 11:51:53 [INFO] org.apache.catalina.core.StandardEngine : Starting Servlet engine: [Apache Tomcat/9.0.14]
2021-12-13 11:51:54 [INFO] org.apache.jasper.servlet.TldScanner : At least one JAR was scanned for TLDs yet contained no TLDs. Enable debug logging for this logger for a complete list of JARs that were scanned but no TLDs were found in them. Skipping unneeded JARs during scanning can improve startup time and JSP compilation time.
2021-12-13 11:51:54 [INFO] org.apache.catalina.core.ContainerBase.[Tomcat].[localhost].[/] : Initializing Spring embedded WebApplicationContext
2021-12-13 11:51:54 [INFO] org.springframework.web.context.ContextLoader : Root WebApplicationContext: initialization completed in 2800 ms
2021-12-13 11:51:54 [WARN] com.netflix.config.sources.URLConfigurationSource : No URLs will be polled as dynamic configuration sources.
2021-12-13 11:51:54 [INFO] com.netflix.config.sources.URLConfigurationSource : To enable URLs as dynamic configuration sources, define System property archaius.configurationSource.additionalUrls or make config.properties available on classpath.
2021-12-13 11:51:54 [INFO] com.netflix.config.DynamicPropertyFactory : DynamicPropertyFactory is initialized with configuration sources: com.netflix.config.ConcurrentCompositeConfiguration@2cdb5974
2021-12-13 11:51:54 [WARN] net.sf.ehcache.config.ConfigurationFactory : No configuration found. Configuring ehcache from ehcache-failsafe.xml  found in the classpath: jar:file:/D:/mavenRepo/net/sf/ehcache/ehcache/2.10.6/ehcache-2.10.6.jar!/ehcache-failsafe.xml
2021-12-13 11:51:54 [INFO] com.alibaba.druid.spring.boot.autoconfigure.DruidDataSourceAutoConfigure : Init DruidDataSource
2021-12-13 11:51:55 [INFO] com.alibaba.druid.pool.DruidDataSource : {dataSource-1} inited
2021-12-13 11:52:03 [INFO] org.quartz.impl.StdSchedulerFactory : Using default implementation for ThreadExecutor
2021-12-13 11:52:03 [INFO] org.quartz.core.SchedulerSignalerImpl : Initialized Scheduler Signaller of type: class org.quartz.core.SchedulerSignalerImpl
2021-12-13 11:52:03 [INFO] org.quartz.core.QuartzScheduler : Quartz Scheduler v.2.3.1 created.
2021-12-13 11:52:03 [INFO] com.csicit.ace.quartz.core.plugins.AceJobConfigLoaderPlugin : Registering Quartz Job Initialization Plug-in.
2021-12-13 11:52:03 [INFO] org.quartz.core.QuartzScheduler : Scheduler meta-data: Quartz Scheduler (v2.3.1) 'JariScheduler' with instanceId 'DESKTOP-A03RJ151639367523057'
  Scheduler class: 'org.quartz.core.QuartzScheduler' - running locally.
  NOT STARTED.
  Currently in standby mode.
  Number of jobs executed: 0
  Using thread pool 'org.quartz.simpl.SimpleThreadPool' - with 20 threads.
  Using job-store 'org.springframework.scheduling.quartz.LocalDataSourceJobStore' - which supports persistence. and is clustered.

2021-12-13 11:52:03 [INFO] org.quartz.impl.StdSchedulerFactory : Quartz scheduler 'JariScheduler' initialized from an externally provided properties instance.
2021-12-13 11:52:03 [INFO] org.quartz.impl.StdSchedulerFactory : Quartz scheduler version: 2.3.1
2021-12-13 11:52:03 [INFO] org.quartz.core.QuartzScheduler : JobFactory set to: com.csicit.ace.quartz.core.factory.MyJobFactory@377cbdae
2021-12-13 11:52:03 [WARN] com.baomidou.mybatisplus.core.toolkit.TableInfoHelper : Warn: Could not find @TableId in Class: com.csicit.ace.common.pojo.vo.GrantAuthReciveVO.
2021-12-13 11:52:04 [INFO] org.springframework.scheduling.concurrent.ThreadPoolTaskScheduler : Initializing ExecutorService 'taskScheduler'
2021-12-13 11:52:04 [INFO] liquibase.integration.spring.SpringLiquibase : Liquibase did not run because 'shouldRun' property was set to false on liquibase Liquibase Spring bean.
2021-12-13 11:52:04 [WARN] com.netflix.config.sources.URLConfigurationSource : No URLs will be polled as dynamic configuration sources.
2021-12-13 11:52:04 [INFO] com.netflix.config.sources.URLConfigurationSource : To enable URLs as dynamic configuration sources, define System property archaius.configurationSource.additionalUrls or make config.properties available on classpath.
2021-12-13 11:52:05 [INFO] org.springframework.scheduling.concurrent.ThreadPoolTaskExecutor : Initializing ExecutorService 'applicationTaskExecutor'
2021-12-13 11:52:05 [INFO] org.springframework.boot.autoconfigure.web.servlet.WelcomePageHandlerMapping : Adding welcome page template: index
2021-12-13 11:52:05 [WARN] org.springframework.boot.starter.redis.RedisStarterDeprecationWarningAutoConfiguration : spring-boot-starter-redis is deprecated as of Spring Boot 1.4, please migrate to spring-boot-starter-data-redis
2021-12-13 11:52:06 [INFO] org.springframework.cloud.netflix.zuul.ZuulFilterInitializer : Starting filter initializer
2021-12-13 11:52:06 [INFO] org.springframework.boot.actuate.endpoint.web.EndpointLinksResolver : Exposing 2 endpoint(s) beneath base path '/actuator'
2021-12-13 11:52:06 [INFO] org.quartz.xml.XMLSchedulingDataProcessor : Parsing XML from stream with systemId:  
2021-12-13 11:52:06 [INFO] org.quartz.xml.XMLSchedulingDataProcessor : Adding 1 jobs, 0 triggers.
2021-12-13 11:52:06 [INFO] org.quartz.xml.XMLSchedulingDataProcessor : Replacing job: tt.xxx
2021-12-13 11:52:06 [INFO] org.quartz.xml.XMLSchedulingDataProcessor : Parsing XML from stream with systemId:  
2021-12-13 11:52:06 [INFO] org.quartz.xml.XMLSchedulingDataProcessor : Adding 1 jobs, 0 triggers.
2021-12-13 11:52:06 [INFO] org.quartz.xml.XMLSchedulingDataProcessor : Replacing job: tt.xxx
2021-12-13 11:52:06 [INFO] org.quartz.xml.XMLSchedulingDataProcessor : Parsing XML from stream with systemId:  
2021-12-13 11:52:06 [INFO] org.quartz.xml.XMLSchedulingDataProcessor : Adding 1 jobs, 1 triggers.
2021-12-13 11:52:06 [INFO] org.quartz.xml.XMLSchedulingDataProcessor : Replacing job: 测试任务组.711HM
2021-12-13 11:52:06 [INFO] org.quartz.xml.XMLSchedulingDataProcessor : Parsing XML from stream with systemId:  
2021-12-13 11:52:06 [INFO] org.quartz.xml.XMLSchedulingDataProcessor : Adding 1 jobs, 0 triggers.
2021-12-13 11:52:06 [INFO] org.quartz.xml.XMLSchedulingDataProcessor : Replacing job: tt.xxx
2021-12-13 11:52:06 [INFO] org.quartz.xml.XMLSchedulingDataProcessor : Parsing XML from stream with systemId:  
2021-12-13 11:52:06 [INFO] org.quartz.xml.XMLSchedulingDataProcessor : Adding 16 jobs, 0 triggers.
2021-12-13 11:52:06 [INFO] org.quartz.xml.XMLSchedulingDataProcessor : Replacing job: tt.xxx
2021-12-13 11:52:06 [INFO] org.quartz.xml.XMLSchedulingDataProcessor : Replacing job: tt.xxx
2021-12-13 11:52:06 [INFO] org.quartz.xml.XMLSchedulingDataProcessor : Replacing job: tt.xxx
2021-12-13 11:52:06 [INFO] org.quartz.xml.XMLSchedulingDataProcessor : Replacing job: tt.xxx
2021-12-13 11:52:06 [INFO] org.quartz.xml.XMLSchedulingDataProcessor : Replacing job: tt.xxx
2021-12-13 11:52:06 [INFO] org.quartz.xml.XMLSchedulingDataProcessor : Replacing job: tt.xxx
2021-12-13 11:52:06 [INFO] org.quartz.xml.XMLSchedulingDataProcessor : Replacing job: tt.xxx
2021-12-13 11:52:06 [INFO] org.quartz.xml.XMLSchedulingDataProcessor : Replacing job: tt.xxx
2021-12-13 11:52:06 [INFO] org.quartz.xml.XMLSchedulingDataProcessor : Replacing job: tt.xxx
2021-12-13 11:52:06 [INFO] org.quartz.xml.XMLSchedulingDataProcessor : Replacing job: tt.xxx
2021-12-13 11:52:06 [INFO] org.quartz.xml.XMLSchedulingDataProcessor : Replacing job: tt.xxx
2021-12-13 11:52:06 [INFO] org.quartz.xml.XMLSchedulingDataProcessor : Replacing job: tt.xxx
2021-12-13 11:52:06 [INFO] org.quartz.xml.XMLSchedulingDataProcessor : Replacing job: tt.xxx
2021-12-13 11:52:06 [INFO] org.quartz.xml.XMLSchedulingDataProcessor : Replacing job: tt.xxx
2021-12-13 11:52:06 [INFO] org.quartz.xml.XMLSchedulingDataProcessor : Replacing job: tt.xxx
2021-12-13 11:52:06 [INFO] org.quartz.xml.XMLSchedulingDataProcessor : Replacing job: tt.xxx
2021-12-13 11:52:06 [INFO] org.quartz.xml.XMLSchedulingDataProcessor : Parsing XML from stream with systemId:  
2021-12-13 11:52:06 [INFO] org.quartz.xml.XMLSchedulingDataProcessor : Adding 1 jobs, 0 triggers.
2021-12-13 11:52:06 [INFO] org.quartz.xml.XMLSchedulingDataProcessor : Replacing job: tt.xxx
2021-12-13 11:52:06 [INFO] org.quartz.xml.XMLSchedulingDataProcessor : Parsing XML from stream with systemId:  
2021-12-13 11:52:06 [INFO] org.quartz.xml.XMLSchedulingDataProcessor : Adding 1 jobs, 0 triggers.
2021-12-13 11:52:06 [INFO] org.quartz.xml.XMLSchedulingDataProcessor : Replacing job: tt.xxx
2021-12-13 11:52:06 [INFO] org.quartz.xml.XMLSchedulingDataProcessor : Parsing XML from stream with systemId:  
2021-12-13 11:52:06 [INFO] org.quartz.xml.XMLSchedulingDataProcessor : Adding 1 jobs, 0 triggers.
2021-12-13 11:52:06 [INFO] org.quartz.xml.XMLSchedulingDataProcessor : Replacing job: tt.xxx
2021-12-13 11:52:06 [INFO] org.quartz.xml.XMLSchedulingDataProcessor : Parsing XML from stream with systemId:  
2021-12-13 11:52:06 [INFO] org.quartz.xml.XMLSchedulingDataProcessor : Adding 1 jobs, 0 triggers.
2021-12-13 11:52:06 [INFO] org.quartz.xml.XMLSchedulingDataProcessor : Replacing job: tt.xxx
2021-12-13 11:52:07 [INFO] org.quartz.xml.XMLSchedulingDataProcessor : Parsing XML from stream with systemId:  
2021-12-13 11:52:07 [INFO] org.quartz.xml.XMLSchedulingDataProcessor : Adding 1 jobs, 0 triggers.
2021-12-13 11:52:07 [INFO] org.quartz.xml.XMLSchedulingDataProcessor : Replacing job: tt.xxx
2021-12-13 11:52:07 [INFO] org.quartz.xml.XMLSchedulingDataProcessor : Parsing XML from stream with systemId:  
2021-12-13 11:52:07 [INFO] org.quartz.xml.XMLSchedulingDataProcessor : Adding 1 jobs, 0 triggers.
2021-12-13 11:52:07 [INFO] org.quartz.xml.XMLSchedulingDataProcessor : Replacing job: tt.xxx
2021-12-13 11:52:07 [INFO] org.quartz.xml.XMLSchedulingDataProcessor : Parsing XML from stream with systemId:  
2021-12-13 11:52:07 [INFO] org.quartz.xml.XMLSchedulingDataProcessor : Adding 1 jobs, 0 triggers.
2021-12-13 11:52:07 [INFO] org.quartz.xml.XMLSchedulingDataProcessor : Replacing job: tt.xxx
2021-12-13 11:52:07 [INFO] org.quartz.xml.XMLSchedulingDataProcessor : Parsing XML from stream with systemId:  
2021-12-13 11:52:07 [INFO] org.quartz.xml.XMLSchedulingDataProcessor : Adding 1 jobs, 0 triggers.
2021-12-13 11:52:07 [INFO] org.quartz.xml.XMLSchedulingDataProcessor : Replacing job: tt.xxx
2021-12-13 11:52:07 [INFO] org.quartz.xml.XMLSchedulingDataProcessor : Parsing XML from stream with systemId:  
2021-12-13 11:52:07 [INFO] org.quartz.xml.XMLSchedulingDataProcessor : Adding 1 jobs, 0 triggers.
2021-12-13 11:52:07 [INFO] org.quartz.xml.XMLSchedulingDataProcessor : Replacing job: tt.xxx
2021-12-13 11:52:07 [INFO] org.quartz.xml.XMLSchedulingDataProcessor : Parsing XML from stream with systemId:  
2021-12-13 11:52:07 [INFO] org.quartz.xml.XMLSchedulingDataProcessor : Adding 1 jobs, 0 triggers.
2021-12-13 11:52:07 [INFO] org.quartz.xml.XMLSchedulingDataProcessor : Replacing job: tt.xxx
2021-12-13 11:52:07 [INFO] org.quartz.xml.XMLSchedulingDataProcessor : Parsing XML from stream with systemId:  
2021-12-13 11:52:07 [INFO] org.quartz.xml.XMLSchedulingDataProcessor : Adding 1 jobs, 0 triggers.
2021-12-13 11:52:07 [INFO] org.quartz.xml.XMLSchedulingDataProcessor : Replacing job: tt.xxx
2021-12-13 11:52:07 [INFO] org.quartz.xml.XMLSchedulingDataProcessor : Parsing XML from stream with systemId:  
2021-12-13 11:52:07 [INFO] org.quartz.xml.XMLSchedulingDataProcessor : Adding 1 jobs, 0 triggers.
2021-12-13 11:52:07 [INFO] org.quartz.xml.XMLSchedulingDataProcessor : Replacing job: tt.xxx
2021-12-13 11:52:07 [INFO] org.quartz.xml.XMLSchedulingDataProcessor : Parsing XML from stream with systemId:  
2021-12-13 11:52:07 [INFO] org.quartz.xml.XMLSchedulingDataProcessor : Adding 2 jobs, 0 triggers.
2021-12-13 11:52:07 [INFO] org.quartz.xml.XMLSchedulingDataProcessor : Replacing job: urgeTask.催办提醒
2021-12-13 11:52:07 [INFO] org.quartz.xml.XMLSchedulingDataProcessor : Replacing job: 催办提醒任务组.催办提醒
2021-12-13 11:52:07 [INFO] org.quartz.xml.XMLSchedulingDataProcessor : Parsing XML from stream with systemId:  
2021-12-13 11:52:07 [INFO] org.quartz.xml.XMLSchedulingDataProcessor : Adding 1 jobs, 1 triggers.
2021-12-13 11:52:07 [INFO] org.quartz.xml.XMLSchedulingDataProcessor : Replacing job: 业务平台内部定时任务.大屏消息推送
2021-12-13 11:52:07 [INFO] org.quartz.core.QuartzScheduler : Scheduler JariScheduler_$_DESKTOP-A03RJ151639367523057 started.
2021-12-13 11:52:07 [INFO] org.springframework.boot.web.embedded.tomcat.TomcatWebServer : Tomcat started on port(s): 2100 (http) with context path ''
2021-12-13 11:52:07 [INFO] com.csicit.ace.zuul.ZuulStartApp : Started ZuulStartApp in 17.795 seconds (JVM running for 18.403)
2021-12-13 11:52:07 [INFO] org.reflections.Reflections : Reflections took 30 ms to scan 1 urls, producing 19 keys and 29 values 
2021-12-13 11:52:08 [INFO] com.corundumstudio.socketio.SocketIOServer : Session store / pubsub factory used: MemoryStoreFactory (local session store only)
2021-12-13 11:52:08 [INFO] com.corundumstudio.socketio.SocketIOServer : SocketIO server started at port: 5070
2021-12-13 11:52:08 [INFO] com.csicit.ace.common.log.AceLocalLogger : socketLog_消息服务已启动!
2021-12-13 11:52:08 [INFO] com.csicit.ace.common.log.AceLocalLogger : socketLog_创建命名空间:dv-testapp-platform
2021-12-13 11:52:08 [INFO] com.csicit.ace.common.log.AceLocalLogger : socketLog_创建命名空间:ei-service
2021-12-13 11:52:08 [INFO] com.csicit.ace.common.log.AceLocalLogger : socketLog_建立连接：5b8cb37f-9c00-484a-b4b7-cb0d5ece52d3
2021-12-13 11:52:08 [INFO] com.csicit.ace.common.log.AceLocalLogger : socketLog_建立连接：d81d18e4-e47c-4306-b792-f06899571d86
2021-12-13 11:52:09 [INFO] org.apache.catalina.core.ContainerBase.[Tomcat].[localhost].[/] : Initializing Spring DispatcherServlet 'dispatcherServlet'
2021-12-13 11:52:09 [INFO] org.springframework.web.servlet.DispatcherServlet : Initializing Servlet 'dispatcherServlet'
2021-12-13 11:52:09 [INFO] org.springframework.web.servlet.DispatcherServlet : Completed initialization in 15 ms
2021-12-13 11:53:01 [INFO] org.quartz.plugins.history.LoggingJobHistoryPlugin : Job 测试任务组.711HM fired (by trigger 711HM$测试任务组.每100毫秒发送一次) at:  11:53:01 12/13/2021
2021-12-13 11:53:01 [WARN] com.csicit.ace.quartz.core.job.AgentJob : 任务执行失败，原因为：应用ah-csicpm不在线
2021-12-13 11:53:01 [INFO] org.quartz.plugins.history.LoggingJobHistoryPlugin : Job 测试任务组.711HM execution complete at  11:53:01 12/13/2021 and reports: null
2021-12-13 11:54:01 [INFO] org.quartz.plugins.history.LoggingJobHistoryPlugin : Job 测试任务组.711HM fired (by trigger 711HM$测试任务组.每100毫秒发送一次) at:  11:54:01 12/13/2021
2021-12-13 11:54:01 [WARN] com.csicit.ace.quartz.core.job.AgentJob : 任务执行失败，原因为：应用ah-csicpm不在线
2021-12-13 11:54:01 [INFO] org.quartz.plugins.history.LoggingJobHistoryPlugin : Job 测试任务组.711HM execution complete at  11:54:01 12/13/2021 and reports: null
2021-12-13 11:55:00 [INFO] org.quartz.plugins.history.LoggingJobHistoryPlugin : Job 业务平台内部定时任务.大屏消息推送 fired (by trigger 大屏消息推送$业务平台内部定时任务.每5分钟执行一次) at:  11:55:00 12/13/2021
2021-12-13 11:55:00 [INFO] com.csicit.ace.common.log.AceLocalLogger :  00141--请求地址: http://127.0.0.1:2100/bladeVisualMsgs/bladeVisual/msg/push ,HTTP_METHOD: GET ,IP: 127.0.0.1 ,CLASS_METHOD: com.csicit.ace.platform.core.controller.BladeVisualMsgController.bladeVisualMsgPush ,请求参数: {}
2021-12-13 11:55:00 [INFO] com.csicit.ace.common.log.AceLocalLogger :  00141--耗时 : 39
2021-12-13 11:55:00 [INFO] org.quartz.plugins.history.LoggingJobHistoryPlugin : Job 业务平台内部定时任务.大屏消息推送 execution complete at  11:55:00 12/13/2021 and reports: null
2021-12-13 11:56:01 [INFO] org.quartz.plugins.history.LoggingJobHistoryPlugin : Job 测试任务组.711HM fired (by trigger 711HM$测试任务组.每100毫秒发送一次) at:  11:56:01 12/13/2021
2021-12-13 11:56:01 [WARN] com.csicit.ace.quartz.core.job.AgentJob : 任务执行失败，原因为：应用ah-csicpm不在线
2021-12-13 11:56:01 [INFO] org.quartz.plugins.history.LoggingJobHistoryPlugin : Job 测试任务组.711HM execution complete at  11:56:01 12/13/2021 and reports: null
2021-12-13 11:57:01 [INFO] org.quartz.plugins.history.LoggingJobHistoryPlugin : Job 测试任务组.711HM fired (by trigger 711HM$测试任务组.每100毫秒发送一次) at:  11:57:01 12/13/2021
2021-12-13 11:57:01 [WARN] com.csicit.ace.quartz.core.job.AgentJob : 任务执行失败，原因为：应用ah-csicpm不在线
2021-12-13 11:57:01 [INFO] org.quartz.plugins.history.LoggingJobHistoryPlugin : Job 测试任务组.711HM execution complete at  11:57:01 12/13/2021 and reports: null
2021-12-13 11:58:01 [INFO] org.quartz.plugins.history.LoggingJobHistoryPlugin : Job 测试任务组.711HM fired (by trigger 711HM$测试任务组.每100毫秒发送一次) at:  11:58:01 12/13/2021
2021-12-13 11:58:01 [WARN] com.csicit.ace.quartz.core.job.AgentJob : 任务执行失败，原因为：应用ah-csicpm不在线
2021-12-13 11:58:01 [INFO] org.quartz.plugins.history.LoggingJobHistoryPlugin : Job 测试任务组.711HM execution complete at  11:58:01 12/13/2021 and reports: null
2021-12-13 11:59:01 [INFO] org.quartz.plugins.history.LoggingJobHistoryPlugin : Job 测试任务组.711HM fired (by trigger 711HM$测试任务组.每100毫秒发送一次) at:  11:59:01 12/13/2021
2021-12-13 11:59:01 [WARN] com.csicit.ace.quartz.core.job.AgentJob : 任务执行失败，原因为：应用ah-csicpm不在线
2021-12-13 11:59:01 [INFO] org.quartz.plugins.history.LoggingJobHistoryPlugin : Job 测试任务组.711HM execution complete at  11:59:01 12/13/2021 and reports: null
2021-12-13 12:00:00 [INFO] org.quartz.plugins.history.LoggingJobHistoryPlugin : Job 业务平台内部定时任务.大屏消息推送 fired (by trigger 大屏消息推送$业务平台内部定时任务.每5分钟执行一次) at:  12:00:00 12/13/2021
2021-12-13 12:00:00 [INFO] com.csicit.ace.common.log.AceLocalLogger :  00031--请求地址: http://127.0.0.1:2100/bladeVisualMsgs/bladeVisual/msg/push ,HTTP_METHOD: GET ,IP: 127.0.0.1 ,CLASS_METHOD: com.csicit.ace.platform.core.controller.BladeVisualMsgController.bladeVisualMsgPush ,请求参数: {}
2021-12-13 12:00:00 [INFO] com.csicit.ace.common.log.AceLocalLogger :  00031--耗时 : 66
2021-12-13 12:00:00 [INFO] org.quartz.plugins.history.LoggingJobHistoryPlugin : Job 业务平台内部定时任务.大屏消息推送 execution complete at  12:00:00 12/13/2021 and reports: null
2021-12-13 12:01:01 [INFO] org.quartz.plugins.history.LoggingJobHistoryPlugin : Job 测试任务组.711HM fired (by trigger 711HM$测试任务组.每100毫秒发送一次) at:  12:01:01 12/13/2021
2021-12-13 12:01:01 [WARN] com.csicit.ace.quartz.core.job.AgentJob : 任务执行失败，原因为：应用ah-csicpm不在线
2021-12-13 12:01:01 [INFO] org.quartz.plugins.history.LoggingJobHistoryPlugin : Job 测试任务组.711HM execution complete at  12:01:01 12/13/2021 and reports: null
2021-12-13 12:02:01 [INFO] org.quartz.plugins.history.LoggingJobHistoryPlugin : Job 测试任务组.711HM fired (by trigger 711HM$测试任务组.每100毫秒发送一次) at:  12:02:01 12/13/2021
2021-12-13 12:02:01 [WARN] com.csicit.ace.quartz.core.job.AgentJob : 任务执行失败，原因为：应用ah-csicpm不在线
2021-12-13 12:02:01 [INFO] org.quartz.plugins.history.LoggingJobHistoryPlugin : Job 测试任务组.711HM execution complete at  12:02:01 12/13/2021 and reports: null
2021-12-13 12:03:01 [INFO] org.quartz.plugins.history.LoggingJobHistoryPlugin : Job 测试任务组.711HM fired (by trigger 711HM$测试任务组.每100毫秒发送一次) at:  12:03:01 12/13/2021
2021-12-13 12:03:01 [WARN] com.csicit.ace.quartz.core.job.AgentJob : 任务执行失败，原因为：应用ah-csicpm不在线
2021-12-13 12:03:01 [INFO] org.quartz.plugins.history.LoggingJobHistoryPlugin : Job 测试任务组.711HM execution complete at  12:03:01 12/13/2021 and reports: null
2021-12-13 12:04:01 [INFO] org.quartz.plugins.history.LoggingJobHistoryPlugin : Job 测试任务组.711HM fired (by trigger 711HM$测试任务组.每100毫秒发送一次) at:  12:04:01 12/13/2021
2021-12-13 12:04:01 [WARN] com.csicit.ace.quartz.core.job.AgentJob : 任务执行失败，原因为：应用ah-csicpm不在线
2021-12-13 12:04:01 [INFO] org.quartz.plugins.history.LoggingJobHistoryPlugin : Job 测试任务组.711HM execution complete at  12:04:01 12/13/2021 and reports: null
2021-12-13 12:05:00 [INFO] org.quartz.plugins.history.LoggingJobHistoryPlugin : Job 业务平台内部定时任务.大屏消息推送 fired (by trigger 大屏消息推送$业务平台内部定时任务.每5分钟执行一次) at:  12:05:00 12/13/2021
2021-12-13 12:05:00 [INFO] com.csicit.ace.common.log.AceLocalLogger :  00028--请求地址: http://127.0.0.1:2100/bladeVisualMsgs/bladeVisual/msg/push ,HTTP_METHOD: GET ,IP: 127.0.0.1 ,CLASS_METHOD: com.csicit.ace.platform.core.controller.BladeVisualMsgController.bladeVisualMsgPush ,请求参数: {}
2021-12-13 12:05:00 [INFO] com.csicit.ace.common.log.AceLocalLogger :  00028--耗时 : 24
2021-12-13 12:05:00 [INFO] org.quartz.plugins.history.LoggingJobHistoryPlugin : Job 业务平台内部定时任务.大屏消息推送 execution complete at  12:05:00 12/13/2021 and reports: null
2021-12-13 12:06:01 [INFO] org.quartz.plugins.history.LoggingJobHistoryPlugin : Job 测试任务组.711HM fired (by trigger 711HM$测试任务组.每100毫秒发送一次) at:  12:06:01 12/13/2021
2021-12-13 12:06:01 [WARN] com.csicit.ace.quartz.core.job.AgentJob : 任务执行失败，原因为：应用ah-csicpm不在线
2021-12-13 12:06:01 [INFO] org.quartz.plugins.history.LoggingJobHistoryPlugin : Job 测试任务组.711HM execution complete at  12:06:01 12/13/2021 and reports: null
2021-12-13 12:07:01 [INFO] org.quartz.plugins.history.LoggingJobHistoryPlugin : Job 测试任务组.711HM fired (by trigger 711HM$测试任务组.每100毫秒发送一次) at:  12:07:01 12/13/2021
2021-12-13 12:07:01 [WARN] com.csicit.ace.quartz.core.job.AgentJob : 任务执行失败，原因为：应用ah-csicpm不在线
2021-12-13 12:07:01 [INFO] org.quartz.plugins.history.LoggingJobHistoryPlugin : Job 测试任务组.711HM execution complete at  12:07:01 12/13/2021 and reports: null
2021-12-13 12:08:01 [INFO] org.quartz.plugins.history.LoggingJobHistoryPlugin : Job 测试任务组.711HM fired (by trigger 711HM$测试任务组.每100毫秒发送一次) at:  12:08:01 12/13/2021
2021-12-13 12:08:01 [WARN] com.csicit.ace.quartz.core.job.AgentJob : 任务执行失败，原因为：应用ah-csicpm不在线
2021-12-13 12:08:01 [INFO] org.quartz.plugins.history.LoggingJobHistoryPlugin : Job 测试任务组.711HM execution complete at  12:08:01 12/13/2021 and reports: null
2021-12-13 12:09:01 [INFO] org.quartz.plugins.history.LoggingJobHistoryPlugin : Job 测试任务组.711HM fired (by trigger 711HM$测试任务组.每100毫秒发送一次) at:  12:09:01 12/13/2021
2021-12-13 12:09:01 [WARN] com.csicit.ace.quartz.core.job.AgentJob : 任务执行失败，原因为：应用ah-csicpm不在线
2021-12-13 12:09:01 [INFO] org.quartz.plugins.history.LoggingJobHistoryPlugin : Job 测试任务组.711HM execution complete at  12:09:01 12/13/2021 and reports: null
2021-12-13 12:10:00 [INFO] org.quartz.plugins.history.LoggingJobHistoryPlugin : Job 业务平台内部定时任务.大屏消息推送 fired (by trigger 大屏消息推送$业务平台内部定时任务.每5分钟执行一次) at:  12:10:00 12/13/2021
2021-12-13 12:10:00 [INFO] com.csicit.ace.common.log.AceLocalLogger :  00028--请求地址: http://127.0.0.1:2100/bladeVisualMsgs/bladeVisual/msg/push ,HTTP_METHOD: GET ,IP: 127.0.0.1 ,CLASS_METHOD: com.csicit.ace.platform.core.controller.BladeVisualMsgController.bladeVisualMsgPush ,请求参数: {}
2021-12-13 12:10:00 [INFO] com.csicit.ace.common.log.AceLocalLogger :  00028--耗时 : 24
2021-12-13 12:10:00 [INFO] org.quartz.plugins.history.LoggingJobHistoryPlugin : Job 业务平台内部定时任务.大屏消息推送 execution complete at  12:10:00 12/13/2021 and reports: null
2021-12-13 12:11:01 [INFO] org.quartz.plugins.history.LoggingJobHistoryPlugin : Job 测试任务组.711HM fired (by trigger 711HM$测试任务组.每100毫秒发送一次) at:  12:11:01 12/13/2021
2021-12-13 12:11:01 [WARN] com.csicit.ace.quartz.core.job.AgentJob : 任务执行失败，原因为：应用ah-csicpm不在线
2021-12-13 12:11:01 [INFO] org.quartz.plugins.history.LoggingJobHistoryPlugin : Job 测试任务组.711HM execution complete at  12:11:01 12/13/2021 and reports: null
2021-12-13 12:12:01 [INFO] org.quartz.plugins.history.LoggingJobHistoryPlugin : Job 测试任务组.711HM fired (by trigger 711HM$测试任务组.每100毫秒发送一次) at:  12:12:01 12/13/2021
2021-12-13 12:12:01 [WARN] com.csicit.ace.quartz.core.job.AgentJob : 任务执行失败，原因为：应用ah-csicpm不在线
2021-12-13 12:12:01 [INFO] org.quartz.plugins.history.LoggingJobHistoryPlugin : Job 测试任务组.711HM execution complete at  12:12:01 12/13/2021 and reports: null
2021-12-13 12:13:01 [INFO] org.quartz.plugins.history.LoggingJobHistoryPlugin : Job 测试任务组.711HM fired (by trigger 711HM$测试任务组.每100毫秒发送一次) at:  12:13:01 12/13/2021
2021-12-13 12:13:01 [WARN] com.csicit.ace.quartz.core.job.AgentJob : 任务执行失败，原因为：应用ah-csicpm不在线
2021-12-13 12:13:01 [INFO] org.quartz.plugins.history.LoggingJobHistoryPlugin : Job 测试任务组.711HM execution complete at  12:13:01 12/13/2021 and reports: null
2021-12-13 12:14:01 [INFO] org.quartz.plugins.history.LoggingJobHistoryPlugin : Job 测试任务组.711HM fired (by trigger 711HM$测试任务组.每100毫秒发送一次) at:  12:14:01 12/13/2021
2021-12-13 12:14:01 [WARN] com.csicit.ace.quartz.core.job.AgentJob : 任务执行失败，原因为：应用ah-csicpm不在线
2021-12-13 12:14:01 [INFO] org.quartz.plugins.history.LoggingJobHistoryPlugin : Job 测试任务组.711HM execution complete at  12:14:01 12/13/2021 and reports: null
2021-12-13 12:15:00 [INFO] org.quartz.plugins.history.LoggingJobHistoryPlugin : Job 业务平台内部定时任务.大屏消息推送 fired (by trigger 大屏消息推送$业务平台内部定时任务.每5分钟执行一次) at:  12:15:00 12/13/2021
2021-12-13 12:15:00 [INFO] com.csicit.ace.common.log.AceLocalLogger :  00025--请求地址: http://127.0.0.1:2100/bladeVisualMsgs/bladeVisual/msg/push ,HTTP_METHOD: GET ,IP: 127.0.0.1 ,CLASS_METHOD: com.csicit.ace.platform.core.controller.BladeVisualMsgController.bladeVisualMsgPush ,请求参数: {}
2021-12-13 12:15:00 [INFO] com.csicit.ace.common.log.AceLocalLogger :  00025--耗时 : 21
2021-12-13 12:15:00 [INFO] org.quartz.plugins.history.LoggingJobHistoryPlugin : Job 业务平台内部定时任务.大屏消息推送 execution complete at  12:15:00 12/13/2021 and reports: null
2021-12-13 12:16:01 [INFO] org.quartz.plugins.history.LoggingJobHistoryPlugin : Job 测试任务组.711HM fired (by trigger 711HM$测试任务组.每100毫秒发送一次) at:  12:16:01 12/13/2021
2021-12-13 12:16:01 [WARN] com.csicit.ace.quartz.core.job.AgentJob : 任务执行失败，原因为：应用ah-csicpm不在线
2021-12-13 12:16:01 [INFO] org.quartz.plugins.history.LoggingJobHistoryPlugin : Job 测试任务组.711HM execution complete at  12:16:01 12/13/2021 and reports: null
2021-12-13 12:17:01 [INFO] org.quartz.plugins.history.LoggingJobHistoryPlugin : Job 测试任务组.711HM fired (by trigger 711HM$测试任务组.每100毫秒发送一次) at:  12:17:01 12/13/2021
2021-12-13 12:17:01 [WARN] com.csicit.ace.quartz.core.job.AgentJob : 任务执行失败，原因为：应用ah-csicpm不在线
2021-12-13 12:17:01 [INFO] org.quartz.plugins.history.LoggingJobHistoryPlugin : Job 测试任务组.711HM execution complete at  12:17:01 12/13/2021 and reports: null
2021-12-13 12:18:01 [INFO] org.quartz.plugins.history.LoggingJobHistoryPlugin : Job 测试任务组.711HM fired (by trigger 711HM$测试任务组.每100毫秒发送一次) at:  12:18:01 12/13/2021
2021-12-13 12:18:01 [WARN] com.csicit.ace.quartz.core.job.AgentJob : 任务执行失败，原因为：应用ah-csicpm不在线
2021-12-13 12:18:01 [INFO] org.quartz.plugins.history.LoggingJobHistoryPlugin : Job 测试任务组.711HM execution complete at  12:18:01 12/13/2021 and reports: null
2021-12-13 12:19:01 [INFO] org.quartz.plugins.history.LoggingJobHistoryPlugin : Job 测试任务组.711HM fired (by trigger 711HM$测试任务组.每100毫秒发送一次) at:  12:19:01 12/13/2021
2021-12-13 12:19:01 [WARN] com.csicit.ace.quartz.core.job.AgentJob : 任务执行失败，原因为：应用ah-csicpm不在线
2021-12-13 12:19:01 [INFO] org.quartz.plugins.history.LoggingJobHistoryPlugin : Job 测试任务组.711HM execution complete at  12:19:01 12/13/2021 and reports: null
2021-12-13 12:20:01 [INFO] org.quartz.plugins.history.LoggingJobHistoryPlugin : Job 测试任务组.711HM fired (by trigger 711HM$测试任务组.每100毫秒发送一次) at:  12:20:01 12/13/2021
2021-12-13 12:20:01 [WARN] com.csicit.ace.quartz.core.job.AgentJob : 任务执行失败，原因为：应用ah-csicpm不在线
2021-12-13 12:20:01 [INFO] org.quartz.plugins.history.LoggingJobHistoryPlugin : Job 测试任务组.711HM execution complete at  12:20:01 12/13/2021 and reports: null
2021-12-13 12:21:01 [INFO] org.quartz.plugins.history.LoggingJobHistoryPlugin : Job 测试任务组.711HM fired (by trigger 711HM$测试任务组.每100毫秒发送一次) at:  12:21:01 12/13/2021
2021-12-13 12:21:01 [WARN] com.csicit.ace.quartz.core.job.AgentJob : 任务执行失败，原因为：应用ah-csicpm不在线
2021-12-13 12:21:01 [INFO] org.quartz.plugins.history.LoggingJobHistoryPlugin : Job 测试任务组.711HM execution complete at  12:21:01 12/13/2021 and reports: null
2021-12-13 12:22:01 [INFO] org.quartz.plugins.history.LoggingJobHistoryPlugin : Job 测试任务组.711HM fired (by trigger 711HM$测试任务组.每100毫秒发送一次) at:  12:22:01 12/13/2021
2021-12-13 12:22:01 [WARN] com.csicit.ace.quartz.core.job.AgentJob : 任务执行失败，原因为：应用ah-csicpm不在线
2021-12-13 12:22:01 [INFO] org.quartz.plugins.history.LoggingJobHistoryPlugin : Job 测试任务组.711HM execution complete at  12:22:01 12/13/2021 and reports: null
2021-12-13 12:23:01 [INFO] org.quartz.plugins.history.LoggingJobHistoryPlugin : Job 测试任务组.711HM fired (by trigger 711HM$测试任务组.每100毫秒发送一次) at:  12:23:01 12/13/2021
2021-12-13 12:23:01 [WARN] com.csicit.ace.quartz.core.job.AgentJob : 任务执行失败，原因为：应用ah-csicpm不在线
2021-12-13 12:23:01 [INFO] org.quartz.plugins.history.LoggingJobHistoryPlugin : Job 测试任务组.711HM execution complete at  12:23:01 12/13/2021 and reports: null
2021-12-13 12:25:00 [INFO] org.quartz.plugins.history.LoggingJobHistoryPlugin : Job 业务平台内部定时任务.大屏消息推送 fired (by trigger 大屏消息推送$业务平台内部定时任务.每5分钟执行一次) at:  12:25:00 12/13/2021
2021-12-13 12:25:00 [INFO] com.csicit.ace.common.log.AceLocalLogger :  00026--请求地址: http://127.0.0.1:2100/bladeVisualMsgs/bladeVisual/msg/push ,HTTP_METHOD: GET ,IP: 127.0.0.1 ,CLASS_METHOD: com.csicit.ace.platform.core.controller.BladeVisualMsgController.bladeVisualMsgPush ,请求参数: {}
2021-12-13 12:25:00 [INFO] com.csicit.ace.common.log.AceLocalLogger :  00026--耗时 : 22
2021-12-13 12:25:00 [INFO] org.quartz.plugins.history.LoggingJobHistoryPlugin : Job 业务平台内部定时任务.大屏消息推送 execution complete at  12:25:00 12/13/2021 and reports: null
