2021-11-09 18:07:32 [INFO] com.csicit.ace.zuul.ZuulStartApp : The following profiles are active: routes
2021-11-09 18:07:34 [WARN] org.springframework.boot.actuate.endpoint.EndpointId : Endpoint ID 'hystrix.stream' contains invalid characters, please migrate to a valid format.
2021-11-09 18:07:34 [INFO] org.springframework.cloud.context.scope.GenericScope : BeanFactory id=e7d6b7b8-1456-3fed-aecb-7deb0e3fb33e
2021-11-09 18:07:34 [INFO] org.springframework.context.support.PostProcessorRegistrationDelegate$BeanPostProcessorChecker : Bean 'org.springframework.transaction.annotation.ProxyTransactionManagementConfiguration' of type [org.springframework.transaction.annotation.ProxyTransactionManagementConfiguration$$EnhancerBySpringCGLIB$$7d1f36f9] is not eligible for getting processed by all BeanPostProcessors (for example: not eligible for auto-proxying)
2021-11-09 18:07:34 [INFO] org.springframework.context.support.PostProcessorRegistrationDelegate$BeanPostProcessorChecker : Bean 'socketIoConfig' of type [com.csicit.ace.data.persistent.messenger.config.SocketIoConfig$$EnhancerBySpringCGLIB$$9726c40] is not eligible for getting processed by all BeanPostProcessors (for example: not eligible for auto-proxying)
2021-11-09 18:07:34 [INFO] org.springframework.context.support.PostProcessorRegistrationDelegate$BeanPostProcessorChecker : Bean 'redissonClient' of type [org.springframework.beans.factory.support.NullBean] is not eligible for getting processed by all BeanPostProcessors (for example: not eligible for auto-proxying)
2021-11-09 18:07:34 [INFO] org.springframework.context.support.PostProcessorRegistrationDelegate$BeanPostProcessorChecker : Bean 'socketIOServer' of type [com.corundumstudio.socketio.SocketIOServer] is not eligible for getting processed by all BeanPostProcessors (for example: not eligible for auto-proxying)
2021-11-09 18:07:34 [INFO] org.springframework.context.support.PostProcessorRegistrationDelegate$BeanPostProcessorChecker : Bean 'org.springframework.cloud.autoconfigure.ConfigurationPropertiesRebinderAutoConfiguration' of type [org.springframework.cloud.autoconfigure.ConfigurationPropertiesRebinderAutoConfiguration$$EnhancerBySpringCGLIB$$993939f6] is not eligible for getting processed by all BeanPostProcessors (for example: not eligible for auto-proxying)
2021-11-09 18:07:35 [INFO] org.springframework.boot.web.embedded.tomcat.TomcatWebServer : Tomcat initialized with port(s): 2100 (http)
2021-11-09 18:07:35 [INFO] org.apache.catalina.core.StandardService : Starting service [Tomcat]
2021-11-09 18:07:35 [INFO] org.apache.catalina.core.StandardEngine : Starting Servlet engine: [Apache Tomcat/9.0.14]
2021-11-09 18:07:35 [INFO] org.apache.jasper.servlet.TldScanner : At least one JAR was scanned for TLDs yet contained no TLDs. Enable debug logging for this logger for a complete list of JARs that were scanned but no TLDs were found in them. Skipping unneeded JARs during scanning can improve startup time and JSP compilation time.
2021-11-09 18:07:35 [INFO] org.apache.catalina.core.ContainerBase.[Tomcat].[localhost].[/] : Initializing Spring embedded WebApplicationContext
2021-11-09 18:07:35 [INFO] org.springframework.web.context.ContextLoader : Root WebApplicationContext: initialization completed in 2752 ms
2021-11-09 18:07:35 [WARN] com.netflix.config.sources.URLConfigurationSource : No URLs will be polled as dynamic configuration sources.
2021-11-09 18:07:35 [INFO] com.netflix.config.sources.URLConfigurationSource : To enable URLs as dynamic configuration sources, define System property archaius.configurationSource.additionalUrls or make config.properties available on classpath.
2021-11-09 18:07:35 [INFO] com.netflix.config.DynamicPropertyFactory : DynamicPropertyFactory is initialized with configuration sources: com.netflix.config.ConcurrentCompositeConfiguration@5eb2972f
2021-11-09 18:07:35 [WARN] net.sf.ehcache.config.ConfigurationFactory : No configuration found. Configuring ehcache from ehcache-failsafe.xml  found in the classpath: jar:file:/D:/mavenRepo/net/sf/ehcache/ehcache/2.10.6/ehcache-2.10.6.jar!/ehcache-failsafe.xml
2021-11-09 18:07:35 [INFO] com.alibaba.druid.spring.boot.autoconfigure.DruidDataSourceAutoConfigure : Init DruidDataSource
2021-11-09 18:07:36 [INFO] com.alibaba.druid.pool.DruidDataSource : {dataSource-1} inited
2021-11-09 18:07:43 [INFO] org.quartz.impl.StdSchedulerFactory : Using default implementation for ThreadExecutor
2021-11-09 18:07:43 [INFO] org.quartz.core.SchedulerSignalerImpl : Initialized Scheduler Signaller of type: class org.quartz.core.SchedulerSignalerImpl
2021-11-09 18:07:43 [INFO] org.quartz.core.QuartzScheduler : Quartz Scheduler v.2.3.1 created.
2021-11-09 18:07:43 [INFO] com.csicit.ace.quartz.core.plugins.AceJobConfigLoaderPlugin : Registering Quartz Job Initialization Plug-in.
2021-11-09 18:07:43 [INFO] org.quartz.core.QuartzScheduler : Scheduler meta-data: Quartz Scheduler (v2.3.1) 'JariScheduler' with instanceId 'DESKTOP-A03RJ151636452463529'
  Scheduler class: 'org.quartz.core.QuartzScheduler' - running locally.
  NOT STARTED.
  Currently in standby mode.
  Number of jobs executed: 0
  Using thread pool 'org.quartz.simpl.SimpleThreadPool' - with 20 threads.
  Using job-store 'org.springframework.scheduling.quartz.LocalDataSourceJobStore' - which supports persistence. and is clustered.

2021-11-09 18:07:43 [INFO] org.quartz.impl.StdSchedulerFactory : Quartz scheduler 'JariScheduler' initialized from an externally provided properties instance.
2021-11-09 18:07:43 [INFO] org.quartz.impl.StdSchedulerFactory : Quartz scheduler version: 2.3.1
2021-11-09 18:07:43 [INFO] org.quartz.core.QuartzScheduler : JobFactory set to: com.csicit.ace.quartz.core.factory.MyJobFactory@7c6fc278
2021-11-09 18:07:43 [WARN] com.baomidou.mybatisplus.core.toolkit.TableInfoHelper : Warn: Could not find @TableId in Class: com.csicit.ace.common.pojo.vo.GrantAuthReciveVO.
2021-11-09 18:07:44 [INFO] liquibase.integration.spring.SpringLiquibase : Liquibase did not run because 'shouldRun' property was set to false on liquibase Liquibase Spring bean.
2021-11-09 18:07:45 [WARN] com.netflix.config.sources.URLConfigurationSource : No URLs will be polled as dynamic configuration sources.
2021-11-09 18:07:45 [INFO] com.netflix.config.sources.URLConfigurationSource : To enable URLs as dynamic configuration sources, define System property archaius.configurationSource.additionalUrls or make config.properties available on classpath.
2021-11-09 18:07:45 [INFO] org.springframework.scheduling.concurrent.ThreadPoolTaskExecutor : Initializing ExecutorService 'applicationTaskExecutor'
2021-11-09 18:07:45 [INFO] org.springframework.boot.autoconfigure.web.servlet.WelcomePageHandlerMapping : Adding welcome page template: index
2021-11-09 18:07:46 [WARN] org.springframework.boot.starter.redis.RedisStarterDeprecationWarningAutoConfiguration : spring-boot-starter-redis is deprecated as of Spring Boot 1.4, please migrate to spring-boot-starter-data-redis
2021-11-09 18:07:46 [INFO] org.springframework.cloud.netflix.zuul.ZuulFilterInitializer : Starting filter initializer
2021-11-09 18:07:46 [INFO] org.springframework.boot.actuate.endpoint.web.EndpointLinksResolver : Exposing 2 endpoint(s) beneath base path '/actuator'
2021-11-09 18:07:46 [INFO] org.quartz.xml.XMLSchedulingDataProcessor : Parsing XML from stream with systemId:  
2021-11-09 18:07:46 [INFO] org.quartz.xml.XMLSchedulingDataProcessor : Adding 1 jobs, 0 triggers.
2021-11-09 18:07:46 [INFO] org.quartz.xml.XMLSchedulingDataProcessor : Replacing job: tt.xxx
2021-11-09 18:07:46 [INFO] org.quartz.xml.XMLSchedulingDataProcessor : Parsing XML from stream with systemId:  
2021-11-09 18:07:46 [INFO] org.quartz.xml.XMLSchedulingDataProcessor : Adding 1 jobs, 0 triggers.
2021-11-09 18:07:46 [INFO] org.quartz.xml.XMLSchedulingDataProcessor : Replacing job: tt.xxx
2021-11-09 18:07:46 [INFO] org.quartz.xml.XMLSchedulingDataProcessor : Parsing XML from stream with systemId:  
2021-11-09 18:07:46 [INFO] org.quartz.xml.XMLSchedulingDataProcessor : Adding 1 jobs, 1 triggers.
2021-11-09 18:07:46 [INFO] org.quartz.xml.XMLSchedulingDataProcessor : Replacing job: 测试任务组.711HM
2021-11-09 18:07:46 [INFO] org.quartz.xml.XMLSchedulingDataProcessor : Parsing XML from stream with systemId:  
2021-11-09 18:07:46 [INFO] org.quartz.xml.XMLSchedulingDataProcessor : Adding 1 jobs, 0 triggers.
2021-11-09 18:07:46 [INFO] org.quartz.xml.XMLSchedulingDataProcessor : Replacing job: tt.xxx
2021-11-09 18:07:46 [INFO] org.quartz.xml.XMLSchedulingDataProcessor : Parsing XML from stream with systemId:  
2021-11-09 18:07:46 [INFO] org.quartz.xml.XMLSchedulingDataProcessor : Adding 16 jobs, 0 triggers.
2021-11-09 18:07:46 [INFO] org.quartz.xml.XMLSchedulingDataProcessor : Replacing job: tt.xxx
2021-11-09 18:07:46 [INFO] org.quartz.xml.XMLSchedulingDataProcessor : Replacing job: tt.xxx
2021-11-09 18:07:46 [INFO] org.quartz.xml.XMLSchedulingDataProcessor : Replacing job: tt.xxx
2021-11-09 18:07:46 [INFO] org.quartz.xml.XMLSchedulingDataProcessor : Replacing job: tt.xxx
2021-11-09 18:07:46 [INFO] org.quartz.xml.XMLSchedulingDataProcessor : Replacing job: tt.xxx
2021-11-09 18:07:46 [INFO] org.quartz.xml.XMLSchedulingDataProcessor : Replacing job: tt.xxx
2021-11-09 18:07:46 [INFO] org.quartz.xml.XMLSchedulingDataProcessor : Replacing job: tt.xxx
2021-11-09 18:07:46 [INFO] org.quartz.xml.XMLSchedulingDataProcessor : Replacing job: tt.xxx
2021-11-09 18:07:46 [INFO] org.quartz.xml.XMLSchedulingDataProcessor : Replacing job: tt.xxx
2021-11-09 18:07:46 [INFO] org.quartz.xml.XMLSchedulingDataProcessor : Replacing job: tt.xxx
2021-11-09 18:07:46 [INFO] org.quartz.xml.XMLSchedulingDataProcessor : Replacing job: tt.xxx
2021-11-09 18:07:46 [INFO] org.quartz.xml.XMLSchedulingDataProcessor : Replacing job: tt.xxx
2021-11-09 18:07:46 [INFO] org.quartz.xml.XMLSchedulingDataProcessor : Replacing job: tt.xxx
2021-11-09 18:07:46 [INFO] org.quartz.xml.XMLSchedulingDataProcessor : Replacing job: tt.xxx
2021-11-09 18:07:46 [INFO] org.quartz.xml.XMLSchedulingDataProcessor : Replacing job: tt.xxx
2021-11-09 18:07:46 [INFO] org.quartz.xml.XMLSchedulingDataProcessor : Replacing job: tt.xxx
2021-11-09 18:07:46 [INFO] org.quartz.xml.XMLSchedulingDataProcessor : Parsing XML from stream with systemId:  
2021-11-09 18:07:46 [INFO] org.quartz.xml.XMLSchedulingDataProcessor : Adding 1 jobs, 0 triggers.
2021-11-09 18:07:46 [INFO] org.quartz.xml.XMLSchedulingDataProcessor : Replacing job: tt.xxx
2021-11-09 18:07:46 [INFO] org.quartz.xml.XMLSchedulingDataProcessor : Parsing XML from stream with systemId:  
2021-11-09 18:07:46 [INFO] org.quartz.xml.XMLSchedulingDataProcessor : Adding 1 jobs, 0 triggers.
2021-11-09 18:07:46 [INFO] org.quartz.xml.XMLSchedulingDataProcessor : Replacing job: tt.xxx
2021-11-09 18:07:46 [INFO] org.quartz.xml.XMLSchedulingDataProcessor : Parsing XML from stream with systemId:  
2021-11-09 18:07:46 [INFO] org.quartz.xml.XMLSchedulingDataProcessor : Adding 1 jobs, 0 triggers.
2021-11-09 18:07:46 [INFO] org.quartz.xml.XMLSchedulingDataProcessor : Replacing job: tt.xxx
2021-11-09 18:07:46 [INFO] org.quartz.xml.XMLSchedulingDataProcessor : Parsing XML from stream with systemId:  
2021-11-09 18:07:46 [INFO] org.quartz.xml.XMLSchedulingDataProcessor : Adding 1 jobs, 0 triggers.
2021-11-09 18:07:46 [INFO] org.quartz.xml.XMLSchedulingDataProcessor : Replacing job: tt.xxx
2021-11-09 18:07:46 [INFO] org.quartz.xml.XMLSchedulingDataProcessor : Parsing XML from stream with systemId:  
2021-11-09 18:07:46 [INFO] org.quartz.xml.XMLSchedulingDataProcessor : Adding 1 jobs, 0 triggers.
2021-11-09 18:07:46 [INFO] org.quartz.xml.XMLSchedulingDataProcessor : Replacing job: tt.xxx
2021-11-09 18:07:46 [INFO] org.quartz.xml.XMLSchedulingDataProcessor : Parsing XML from stream with systemId:  
2021-11-09 18:07:47 [INFO] org.quartz.xml.XMLSchedulingDataProcessor : Adding 1 jobs, 0 triggers.
2021-11-09 18:07:47 [INFO] org.quartz.xml.XMLSchedulingDataProcessor : Replacing job: tt.xxx
2021-11-09 18:07:47 [INFO] org.quartz.xml.XMLSchedulingDataProcessor : Parsing XML from stream with systemId:  
2021-11-09 18:07:47 [INFO] org.quartz.xml.XMLSchedulingDataProcessor : Adding 1 jobs, 0 triggers.
2021-11-09 18:07:47 [INFO] org.quartz.xml.XMLSchedulingDataProcessor : Replacing job: tt.xxx
2021-11-09 18:07:47 [INFO] org.quartz.xml.XMLSchedulingDataProcessor : Parsing XML from stream with systemId:  
2021-11-09 18:07:47 [INFO] org.quartz.xml.XMLSchedulingDataProcessor : Adding 1 jobs, 0 triggers.
2021-11-09 18:07:47 [INFO] org.quartz.xml.XMLSchedulingDataProcessor : Replacing job: tt.xxx
2021-11-09 18:07:47 [INFO] org.quartz.xml.XMLSchedulingDataProcessor : Parsing XML from stream with systemId:  
2021-11-09 18:07:47 [INFO] org.quartz.xml.XMLSchedulingDataProcessor : Adding 1 jobs, 0 triggers.
2021-11-09 18:07:47 [INFO] org.quartz.xml.XMLSchedulingDataProcessor : Replacing job: tt.xxx
2021-11-09 18:07:47 [INFO] org.quartz.xml.XMLSchedulingDataProcessor : Parsing XML from stream with systemId:  
2021-11-09 18:07:47 [INFO] org.quartz.xml.XMLSchedulingDataProcessor : Adding 1 jobs, 0 triggers.
2021-11-09 18:07:47 [INFO] org.quartz.xml.XMLSchedulingDataProcessor : Replacing job: tt.xxx
2021-11-09 18:07:47 [INFO] org.quartz.xml.XMLSchedulingDataProcessor : Parsing XML from stream with systemId:  
2021-11-09 18:07:47 [INFO] org.quartz.xml.XMLSchedulingDataProcessor : Adding 1 jobs, 0 triggers.
2021-11-09 18:07:47 [INFO] org.quartz.xml.XMLSchedulingDataProcessor : Replacing job: tt.xxx
2021-11-09 18:07:47 [INFO] org.quartz.xml.XMLSchedulingDataProcessor : Parsing XML from stream with systemId:  
2021-11-09 18:07:47 [INFO] org.quartz.xml.XMLSchedulingDataProcessor : Adding 1 jobs, 0 triggers.
2021-11-09 18:07:47 [INFO] org.quartz.xml.XMLSchedulingDataProcessor : Replacing job: tt.xxx
2021-11-09 18:07:47 [INFO] org.quartz.xml.XMLSchedulingDataProcessor : Parsing XML from stream with systemId:  
2021-11-09 18:07:47 [INFO] org.quartz.xml.XMLSchedulingDataProcessor : Adding 2 jobs, 0 triggers.
2021-11-09 18:07:47 [INFO] org.quartz.xml.XMLSchedulingDataProcessor : Replacing job: urgeTask.催办提醒
2021-11-09 18:07:47 [INFO] org.quartz.xml.XMLSchedulingDataProcessor : Replacing job: 催办提醒任务组.催办提醒
2021-11-09 18:07:47 [INFO] org.quartz.xml.XMLSchedulingDataProcessor : Parsing XML from stream with systemId:  
2021-11-09 18:07:47 [INFO] org.quartz.xml.XMLSchedulingDataProcessor : Adding 1 jobs, 1 triggers.
2021-11-09 18:07:47 [INFO] org.quartz.xml.XMLSchedulingDataProcessor : Replacing job: 业务平台内部定时任务.大屏消息推送
2021-11-09 18:07:47 [INFO] org.quartz.core.QuartzScheduler : Scheduler JariScheduler_$_DESKTOP-A03RJ151636452463529 started.
2021-11-09 18:07:47 [INFO] org.springframework.boot.web.embedded.tomcat.TomcatWebServer : Tomcat started on port(s): 2100 (http) with context path ''
2021-11-09 18:07:47 [INFO] com.csicit.ace.zuul.ZuulStartApp : Started ZuulStartApp in 16.623 seconds (JVM running for 17.227)
2021-11-09 18:07:48 [INFO] org.reflections.Reflections : Reflections took 37 ms to scan 1 urls, producing 17 keys and 25 values 
2021-11-09 18:07:48 [INFO] com.corundumstudio.socketio.SocketIOServer : Session store / pubsub factory used: MemoryStoreFactory (local session store only)
2021-11-09 18:07:48 [INFO] com.corundumstudio.socketio.SocketIOServer : SocketIO server started at port: 5070
2021-11-09 18:07:48 [INFO] com.csicit.ace.common.log.AceLocalLogger : socketLog_消息服务已启动!
2021-11-09 18:07:48 [INFO] com.csicit.ace.common.log.AceLocalLogger : socketLog_创建命名空间:dv-testapp-platform
2021-11-09 18:07:48 [INFO] com.csicit.ace.common.log.AceLocalLogger : socketLog_创建命名空间:ei-service
2021-11-09 18:07:49 [INFO] com.csicit.ace.common.log.AceLocalLogger : socketLog_建立连接：b8baccfa-30a7-48fc-af49-ade6df267dc8
2021-11-09 18:07:49 [INFO] com.csicit.ace.common.log.AceLocalLogger : socketLog_建立连接：07aaf956-db2b-4c74-8697-d99b2861d4c4
2021-11-09 18:07:50 [INFO] com.csicit.ace.common.log.AceLocalLogger : socketLog_建立连接：dceb55b0-b280-4eb9-a095-0e1ec605fcff
2021-11-09 18:07:51 [INFO] org.apache.catalina.core.ContainerBase.[Tomcat].[localhost].[/] : Initializing Spring DispatcherServlet 'dispatcherServlet'
2021-11-09 18:07:51 [INFO] org.springframework.web.servlet.DispatcherServlet : Initializing Servlet 'dispatcherServlet'
2021-11-09 18:07:51 [INFO] org.springframework.web.servlet.DispatcherServlet : Completed initialization in 17 ms
2021-11-09 18:07:51 [ERROR] com.csicit.ace.common.log.AceLocalLogger : Request method 'POST' not supported
org.springframework.web.HttpRequestMethodNotSupportedException: Request method 'POST' not supported
	at org.springframework.web.servlet.mvc.method.RequestMappingInfoHandlerMapping.handleNoMatch(RequestMappingInfoHandlerMapping.java:200)
	at org.springframework.web.servlet.handler.AbstractHandlerMethodMapping.lookupHandlerMethod(AbstractHandlerMethodMapping.java:419)
	at org.springframework.web.servlet.handler.AbstractHandlerMethodMapping.getHandlerInternal(AbstractHandlerMethodMapping.java:365)
	at org.springframework.web.servlet.handler.AbstractHandlerMethodMapping.getHandlerInternal(AbstractHandlerMethodMapping.java:65)
	at org.springframework.web.servlet.handler.AbstractHandlerMapping.getHandler(AbstractHandlerMapping.java:401)
	at org.springframework.web.servlet.DispatcherServlet.getHandler(DispatcherServlet.java:1231)
	at org.springframework.web.servlet.DispatcherServlet.doDispatch(DispatcherServlet.java:1014)
	at org.springframework.web.servlet.DispatcherServlet.doService(DispatcherServlet.java:942)
	at org.springframework.web.servlet.FrameworkServlet.processRequest(FrameworkServlet.java:1005)
	at org.springframework.web.servlet.FrameworkServlet.doPost(FrameworkServlet.java:908)
	at javax.servlet.http.HttpServlet.service(HttpServlet.java:660)
	at org.springframework.web.servlet.FrameworkServlet.service(FrameworkServlet.java:882)
	at javax.servlet.http.HttpServlet.service(HttpServlet.java:741)
	at org.apache.catalina.core.ApplicationFilterChain.internalDoFilter(ApplicationFilterChain.java:231)
	at org.apache.catalina.core.ApplicationFilterChain.doFilter(ApplicationFilterChain.java:166)
	at org.apache.tomcat.websocket.server.WsFilter.doFilter(WsFilter.java:53)
	at org.apache.catalina.core.ApplicationFilterChain.internalDoFilter(ApplicationFilterChain.java:193)
	at org.apache.catalina.core.ApplicationFilterChain.doFilter(ApplicationFilterChain.java:166)
	at org.apache.catalina.core.ApplicationDispatcher.invoke(ApplicationDispatcher.java:712)
	at org.apache.catalina.core.ApplicationDispatcher.processRequest(ApplicationDispatcher.java:459)
	at org.apache.catalina.core.ApplicationDispatcher.doForward(ApplicationDispatcher.java:384)
	at org.apache.catalina.core.ApplicationDispatcher.forward(ApplicationDispatcher.java:312)
	at com.csicit.ace.zuul.config.GlobalInterceptor.preHandle(GlobalInterceptor.java:102)
	at org.springframework.web.servlet.HandlerExecutionChain.applyPreHandle(HandlerExecutionChain.java:136)
	at org.springframework.web.servlet.DispatcherServlet.doDispatch(DispatcherServlet.java:1033)
	at org.springframework.web.servlet.DispatcherServlet.doService(DispatcherServlet.java:942)
	at org.springframework.web.servlet.FrameworkServlet.processRequest(FrameworkServlet.java:1005)
	at org.springframework.web.servlet.FrameworkServlet.doPost(FrameworkServlet.java:908)
	at javax.servlet.http.HttpServlet.service(HttpServlet.java:660)
	at org.springframework.web.servlet.FrameworkServlet.service(FrameworkServlet.java:882)
	at javax.servlet.http.HttpServlet.service(HttpServlet.java:741)
	at org.apache.catalina.core.ApplicationFilterChain.internalDoFilter(ApplicationFilterChain.java:231)
	at org.apache.catalina.core.ApplicationFilterChain.doFilter(ApplicationFilterChain.java:166)
	at org.apache.tomcat.websocket.server.WsFilter.doFilter(WsFilter.java:53)
	at org.apache.catalina.core.ApplicationFilterChain.internalDoFilter(ApplicationFilterChain.java:193)
	at org.apache.catalina.core.ApplicationFilterChain.doFilter(ApplicationFilterChain.java:166)
	at org.springframework.web.filter.CorsFilter.doFilterInternal(CorsFilter.java:96)
	at org.springframework.web.filter.OncePerRequestFilter.doFilter(OncePerRequestFilter.java:109)
	at org.apache.catalina.core.ApplicationFilterChain.internalDoFilter(ApplicationFilterChain.java:193)
	at org.apache.catalina.core.ApplicationFilterChain.doFilter(ApplicationFilterChain.java:166)
	at org.springframework.boot.actuate.web.trace.servlet.HttpTraceFilter.doFilterInternal(HttpTraceFilter.java:88)
	at org.springframework.web.filter.OncePerRequestFilter.doFilter(OncePerRequestFilter.java:109)
	at org.apache.catalina.core.ApplicationFilterChain.internalDoFilter(ApplicationFilterChain.java:193)
	at org.apache.catalina.core.ApplicationFilterChain.doFilter(ApplicationFilterChain.java:166)
	at org.springframework.web.filter.RequestContextFilter.doFilterInternal(RequestContextFilter.java:99)
	at org.springframework.web.filter.OncePerRequestFilter.doFilter(OncePerRequestFilter.java:109)
	at org.apache.catalina.core.ApplicationFilterChain.internalDoFilter(ApplicationFilterChain.java:193)
	at org.apache.catalina.core.ApplicationFilterChain.doFilter(ApplicationFilterChain.java:166)
	at org.springframework.web.filter.FormContentFilter.doFilterInternal(FormContentFilter.java:92)
	at org.springframework.web.filter.OncePerRequestFilter.doFilter(OncePerRequestFilter.java:109)
	at org.apache.catalina.core.ApplicationFilterChain.internalDoFilter(ApplicationFilterChain.java:193)
	at org.apache.catalina.core.ApplicationFilterChain.doFilter(ApplicationFilterChain.java:166)
	at org.springframework.web.filter.HiddenHttpMethodFilter.doFilterInternal(HiddenHttpMethodFilter.java:93)
	at org.springframework.web.filter.OncePerRequestFilter.doFilter(OncePerRequestFilter.java:109)
	at org.apache.catalina.core.ApplicationFilterChain.internalDoFilter(ApplicationFilterChain.java:193)
	at org.apache.catalina.core.ApplicationFilterChain.doFilter(ApplicationFilterChain.java:166)
	at org.springframework.boot.actuate.metrics.web.servlet.WebMvcMetricsFilter.filterAndRecordMetrics(WebMvcMetricsFilter.java:114)
	at org.springframework.boot.actuate.metrics.web.servlet.WebMvcMetricsFilter.doFilterInternal(WebMvcMetricsFilter.java:104)
	at org.springframework.web.filter.OncePerRequestFilter.doFilter(OncePerRequestFilter.java:109)
	at org.apache.catalina.core.ApplicationFilterChain.internalDoFilter(ApplicationFilterChain.java:193)
	at org.apache.catalina.core.ApplicationFilterChain.doFilter(ApplicationFilterChain.java:166)
	at org.springframework.web.filter.CharacterEncodingFilter.doFilterInternal(CharacterEncodingFilter.java:200)
	at org.springframework.web.filter.OncePerRequestFilter.doFilter(OncePerRequestFilter.java:109)
	at org.apache.catalina.core.ApplicationFilterChain.internalDoFilter(ApplicationFilterChain.java:193)
	at org.apache.catalina.core.ApplicationFilterChain.doFilter(ApplicationFilterChain.java:166)
	at org.apache.catalina.core.StandardWrapperValve.invoke(StandardWrapperValve.java:199)
	at org.apache.catalina.core.StandardContextValve.invoke(StandardContextValve.java:96)
	at org.apache.catalina.authenticator.AuthenticatorBase.invoke(AuthenticatorBase.java:490)
	at org.apache.catalina.core.StandardHostValve.invoke(StandardHostValve.java:139)
	at org.apache.catalina.valves.ErrorReportValve.invoke(ErrorReportValve.java:92)
	at org.apache.catalina.core.StandardEngineValve.invoke(StandardEngineValve.java:74)
	at org.apache.catalina.connector.CoyoteAdapter.service(CoyoteAdapter.java:343)
	at org.apache.coyote.http11.Http11Processor.service(Http11Processor.java:408)
	at org.apache.coyote.AbstractProcessorLight.process(AbstractProcessorLight.java:66)
	at org.apache.coyote.AbstractProtocol$ConnectionHandler.process(AbstractProtocol.java:834)
	at org.apache.tomcat.util.net.NioEndpoint$SocketProcessor.doRun(NioEndpoint.java:1417)
	at org.apache.tomcat.util.net.SocketProcessorBase.run(SocketProcessorBase.java:49)
	at java.util.concurrent.ThreadPoolExecutor.runWorker(ThreadPoolExecutor.java:1149)
	at java.util.concurrent.ThreadPoolExecutor$Worker.run(ThreadPoolExecutor.java:624)
	at org.apache.tomcat.util.threads.TaskThread$WrappingRunnable.run(TaskThread.java:61)
	at java.lang.Thread.run(Thread.java:748)
2021-11-09 18:07:57 [ERROR] com.csicit.ace.common.log.AceLocalLogger : Request method 'POST' not supported
org.springframework.web.HttpRequestMethodNotSupportedException: Request method 'POST' not supported
	at org.springframework.web.servlet.mvc.method.RequestMappingInfoHandlerMapping.handleNoMatch(RequestMappingInfoHandlerMapping.java:200)
	at org.springframework.web.servlet.handler.AbstractHandlerMethodMapping.lookupHandlerMethod(AbstractHandlerMethodMapping.java:419)
	at org.springframework.web.servlet.handler.AbstractHandlerMethodMapping.getHandlerInternal(AbstractHandlerMethodMapping.java:365)
	at org.springframework.web.servlet.handler.AbstractHandlerMethodMapping.getHandlerInternal(AbstractHandlerMethodMapping.java:65)
	at org.springframework.web.servlet.handler.AbstractHandlerMapping.getHandler(AbstractHandlerMapping.java:401)
	at org.springframework.web.servlet.DispatcherServlet.getHandler(DispatcherServlet.java:1231)
	at org.springframework.web.servlet.DispatcherServlet.doDispatch(DispatcherServlet.java:1014)
	at org.springframework.web.servlet.DispatcherServlet.doService(DispatcherServlet.java:942)
	at org.springframework.web.servlet.FrameworkServlet.processRequest(FrameworkServlet.java:1005)
	at org.springframework.web.servlet.FrameworkServlet.doPost(FrameworkServlet.java:908)
	at javax.servlet.http.HttpServlet.service(HttpServlet.java:660)
	at org.springframework.web.servlet.FrameworkServlet.service(FrameworkServlet.java:882)
	at javax.servlet.http.HttpServlet.service(HttpServlet.java:741)
	at org.apache.catalina.core.ApplicationFilterChain.internalDoFilter(ApplicationFilterChain.java:231)
	at org.apache.catalina.core.ApplicationFilterChain.doFilter(ApplicationFilterChain.java:166)
	at org.apache.tomcat.websocket.server.WsFilter.doFilter(WsFilter.java:53)
	at org.apache.catalina.core.ApplicationFilterChain.internalDoFilter(ApplicationFilterChain.java:193)
	at org.apache.catalina.core.ApplicationFilterChain.doFilter(ApplicationFilterChain.java:166)
	at org.apache.catalina.core.ApplicationDispatcher.invoke(ApplicationDispatcher.java:712)
	at org.apache.catalina.core.ApplicationDispatcher.processRequest(ApplicationDispatcher.java:459)
	at org.apache.catalina.core.ApplicationDispatcher.doForward(ApplicationDispatcher.java:384)
	at org.apache.catalina.core.ApplicationDispatcher.forward(ApplicationDispatcher.java:312)
	at com.csicit.ace.zuul.config.GlobalInterceptor.preHandle(GlobalInterceptor.java:102)
	at org.springframework.web.servlet.HandlerExecutionChain.applyPreHandle(HandlerExecutionChain.java:136)
	at org.springframework.web.servlet.DispatcherServlet.doDispatch(DispatcherServlet.java:1033)
	at org.springframework.web.servlet.DispatcherServlet.doService(DispatcherServlet.java:942)
	at org.springframework.web.servlet.FrameworkServlet.processRequest(FrameworkServlet.java:1005)
	at org.springframework.web.servlet.FrameworkServlet.doPost(FrameworkServlet.java:908)
	at javax.servlet.http.HttpServlet.service(HttpServlet.java:660)
	at org.springframework.web.servlet.FrameworkServlet.service(FrameworkServlet.java:882)
	at javax.servlet.http.HttpServlet.service(HttpServlet.java:741)
	at org.apache.catalina.core.ApplicationFilterChain.internalDoFilter(ApplicationFilterChain.java:231)
	at org.apache.catalina.core.ApplicationFilterChain.doFilter(ApplicationFilterChain.java:166)
	at org.apache.tomcat.websocket.server.WsFilter.doFilter(WsFilter.java:53)
	at org.apache.catalina.core.ApplicationFilterChain.internalDoFilter(ApplicationFilterChain.java:193)
	at org.apache.catalina.core.ApplicationFilterChain.doFilter(ApplicationFilterChain.java:166)
	at org.springframework.web.filter.CorsFilter.doFilterInternal(CorsFilter.java:96)
	at org.springframework.web.filter.OncePerRequestFilter.doFilter(OncePerRequestFilter.java:109)
	at org.apache.catalina.core.ApplicationFilterChain.internalDoFilter(ApplicationFilterChain.java:193)
	at org.apache.catalina.core.ApplicationFilterChain.doFilter(ApplicationFilterChain.java:166)
	at org.springframework.boot.actuate.web.trace.servlet.HttpTraceFilter.doFilterInternal(HttpTraceFilter.java:88)
	at org.springframework.web.filter.OncePerRequestFilter.doFilter(OncePerRequestFilter.java:109)
	at org.apache.catalina.core.ApplicationFilterChain.internalDoFilter(ApplicationFilterChain.java:193)
	at org.apache.catalina.core.ApplicationFilterChain.doFilter(ApplicationFilterChain.java:166)
	at org.springframework.web.filter.RequestContextFilter.doFilterInternal(RequestContextFilter.java:99)
	at org.springframework.web.filter.OncePerRequestFilter.doFilter(OncePerRequestFilter.java:109)
	at org.apache.catalina.core.ApplicationFilterChain.internalDoFilter(ApplicationFilterChain.java:193)
	at org.apache.catalina.core.ApplicationFilterChain.doFilter(ApplicationFilterChain.java:166)
	at org.springframework.web.filter.FormContentFilter.doFilterInternal(FormContentFilter.java:92)
	at org.springframework.web.filter.OncePerRequestFilter.doFilter(OncePerRequestFilter.java:109)
	at org.apache.catalina.core.ApplicationFilterChain.internalDoFilter(ApplicationFilterChain.java:193)
	at org.apache.catalina.core.ApplicationFilterChain.doFilter(ApplicationFilterChain.java:166)
	at org.springframework.web.filter.HiddenHttpMethodFilter.doFilterInternal(HiddenHttpMethodFilter.java:93)
	at org.springframework.web.filter.OncePerRequestFilter.doFilter(OncePerRequestFilter.java:109)
	at org.apache.catalina.core.ApplicationFilterChain.internalDoFilter(ApplicationFilterChain.java:193)
	at org.apache.catalina.core.ApplicationFilterChain.doFilter(ApplicationFilterChain.java:166)
	at org.springframework.boot.actuate.metrics.web.servlet.WebMvcMetricsFilter.filterAndRecordMetrics(WebMvcMetricsFilter.java:114)
	at org.springframework.boot.actuate.metrics.web.servlet.WebMvcMetricsFilter.doFilterInternal(WebMvcMetricsFilter.java:104)
	at org.springframework.web.filter.OncePerRequestFilter.doFilter(OncePerRequestFilter.java:109)
	at org.apache.catalina.core.ApplicationFilterChain.internalDoFilter(ApplicationFilterChain.java:193)
	at org.apache.catalina.core.ApplicationFilterChain.doFilter(ApplicationFilterChain.java:166)
	at org.springframework.web.filter.CharacterEncodingFilter.doFilterInternal(CharacterEncodingFilter.java:200)
	at org.springframework.web.filter.OncePerRequestFilter.doFilter(OncePerRequestFilter.java:109)
	at org.apache.catalina.core.ApplicationFilterChain.internalDoFilter(ApplicationFilterChain.java:193)
	at org.apache.catalina.core.ApplicationFilterChain.doFilter(ApplicationFilterChain.java:166)
	at org.apache.catalina.core.StandardWrapperValve.invoke(StandardWrapperValve.java:199)
	at org.apache.catalina.core.StandardContextValve.invoke(StandardContextValve.java:96)
	at org.apache.catalina.authenticator.AuthenticatorBase.invoke(AuthenticatorBase.java:490)
	at org.apache.catalina.core.StandardHostValve.invoke(StandardHostValve.java:139)
	at org.apache.catalina.valves.ErrorReportValve.invoke(ErrorReportValve.java:92)
	at org.apache.catalina.core.StandardEngineValve.invoke(StandardEngineValve.java:74)
	at org.apache.catalina.connector.CoyoteAdapter.service(CoyoteAdapter.java:343)
	at org.apache.coyote.http11.Http11Processor.service(Http11Processor.java:408)
	at org.apache.coyote.AbstractProcessorLight.process(AbstractProcessorLight.java:66)
	at org.apache.coyote.AbstractProtocol$ConnectionHandler.process(AbstractProtocol.java:834)
	at org.apache.tomcat.util.net.NioEndpoint$SocketProcessor.doRun(NioEndpoint.java:1417)
	at org.apache.tomcat.util.net.SocketProcessorBase.run(SocketProcessorBase.java:49)
	at java.util.concurrent.ThreadPoolExecutor.runWorker(ThreadPoolExecutor.java:1149)
	at java.util.concurrent.ThreadPoolExecutor$Worker.run(ThreadPoolExecutor.java:624)
	at org.apache.tomcat.util.threads.TaskThread$WrappingRunnable.run(TaskThread.java:61)
	at java.lang.Thread.run(Thread.java:748)
2021-11-09 18:07:59 [ERROR] com.csicit.ace.common.log.AceLocalLogger : Request method 'POST' not supported
org.springframework.web.HttpRequestMethodNotSupportedException: Request method 'POST' not supported
	at org.springframework.web.servlet.mvc.method.RequestMappingInfoHandlerMapping.handleNoMatch(RequestMappingInfoHandlerMapping.java:200)
	at org.springframework.web.servlet.handler.AbstractHandlerMethodMapping.lookupHandlerMethod(AbstractHandlerMethodMapping.java:419)
	at org.springframework.web.servlet.handler.AbstractHandlerMethodMapping.getHandlerInternal(AbstractHandlerMethodMapping.java:365)
	at org.springframework.web.servlet.handler.AbstractHandlerMethodMapping.getHandlerInternal(AbstractHandlerMethodMapping.java:65)
	at org.springframework.web.servlet.handler.AbstractHandlerMapping.getHandler(AbstractHandlerMapping.java:401)
	at org.springframework.web.servlet.DispatcherServlet.getHandler(DispatcherServlet.java:1231)
	at org.springframework.web.servlet.DispatcherServlet.doDispatch(DispatcherServlet.java:1014)
	at org.springframework.web.servlet.DispatcherServlet.doService(DispatcherServlet.java:942)
	at org.springframework.web.servlet.FrameworkServlet.processRequest(FrameworkServlet.java:1005)
	at org.springframework.web.servlet.FrameworkServlet.doPost(FrameworkServlet.java:908)
	at javax.servlet.http.HttpServlet.service(HttpServlet.java:660)
	at org.springframework.web.servlet.FrameworkServlet.service(FrameworkServlet.java:882)
	at javax.servlet.http.HttpServlet.service(HttpServlet.java:741)
	at org.apache.catalina.core.ApplicationFilterChain.internalDoFilter(ApplicationFilterChain.java:231)
	at org.apache.catalina.core.ApplicationFilterChain.doFilter(ApplicationFilterChain.java:166)
	at org.apache.tomcat.websocket.server.WsFilter.doFilter(WsFilter.java:53)
	at org.apache.catalina.core.ApplicationFilterChain.internalDoFilter(ApplicationFilterChain.java:193)
	at org.apache.catalina.core.ApplicationFilterChain.doFilter(ApplicationFilterChain.java:166)
	at org.apache.catalina.core.ApplicationDispatcher.invoke(ApplicationDispatcher.java:712)
	at org.apache.catalina.core.ApplicationDispatcher.processRequest(ApplicationDispatcher.java:459)
	at org.apache.catalina.core.ApplicationDispatcher.doForward(ApplicationDispatcher.java:384)
	at org.apache.catalina.core.ApplicationDispatcher.forward(ApplicationDispatcher.java:312)
	at com.csicit.ace.zuul.config.GlobalInterceptor.preHandle(GlobalInterceptor.java:102)
	at org.springframework.web.servlet.HandlerExecutionChain.applyPreHandle(HandlerExecutionChain.java:136)
	at org.springframework.web.servlet.DispatcherServlet.doDispatch(DispatcherServlet.java:1033)
	at org.springframework.web.servlet.DispatcherServlet.doService(DispatcherServlet.java:942)
	at org.springframework.web.servlet.FrameworkServlet.processRequest(FrameworkServlet.java:1005)
	at org.springframework.web.servlet.FrameworkServlet.doPost(FrameworkServlet.java:908)
	at javax.servlet.http.HttpServlet.service(HttpServlet.java:660)
	at org.springframework.web.servlet.FrameworkServlet.service(FrameworkServlet.java:882)
	at javax.servlet.http.HttpServlet.service(HttpServlet.java:741)
	at org.apache.catalina.core.ApplicationFilterChain.internalDoFilter(ApplicationFilterChain.java:231)
	at org.apache.catalina.core.ApplicationFilterChain.doFilter(ApplicationFilterChain.java:166)
	at org.apache.tomcat.websocket.server.WsFilter.doFilter(WsFilter.java:53)
	at org.apache.catalina.core.ApplicationFilterChain.internalDoFilter(ApplicationFilterChain.java:193)
	at org.apache.catalina.core.ApplicationFilterChain.doFilter(ApplicationFilterChain.java:166)
	at org.springframework.web.filter.CorsFilter.doFilterInternal(CorsFilter.java:96)
	at org.springframework.web.filter.OncePerRequestFilter.doFilter(OncePerRequestFilter.java:109)
	at org.apache.catalina.core.ApplicationFilterChain.internalDoFilter(ApplicationFilterChain.java:193)
	at org.apache.catalina.core.ApplicationFilterChain.doFilter(ApplicationFilterChain.java:166)
	at org.springframework.boot.actuate.web.trace.servlet.HttpTraceFilter.doFilterInternal(HttpTraceFilter.java:88)
	at org.springframework.web.filter.OncePerRequestFilter.doFilter(OncePerRequestFilter.java:109)
	at org.apache.catalina.core.ApplicationFilterChain.internalDoFilter(ApplicationFilterChain.java:193)
	at org.apache.catalina.core.ApplicationFilterChain.doFilter(ApplicationFilterChain.java:166)
	at org.springframework.web.filter.RequestContextFilter.doFilterInternal(RequestContextFilter.java:99)
	at org.springframework.web.filter.OncePerRequestFilter.doFilter(OncePerRequestFilter.java:109)
	at org.apache.catalina.core.ApplicationFilterChain.internalDoFilter(ApplicationFilterChain.java:193)
	at org.apache.catalina.core.ApplicationFilterChain.doFilter(ApplicationFilterChain.java:166)
	at org.springframework.web.filter.FormContentFilter.doFilterInternal(FormContentFilter.java:92)
	at org.springframework.web.filter.OncePerRequestFilter.doFilter(OncePerRequestFilter.java:109)
	at org.apache.catalina.core.ApplicationFilterChain.internalDoFilter(ApplicationFilterChain.java:193)
	at org.apache.catalina.core.ApplicationFilterChain.doFilter(ApplicationFilterChain.java:166)
	at org.springframework.web.filter.HiddenHttpMethodFilter.doFilterInternal(HiddenHttpMethodFilter.java:93)
	at org.springframework.web.filter.OncePerRequestFilter.doFilter(OncePerRequestFilter.java:109)
	at org.apache.catalina.core.ApplicationFilterChain.internalDoFilter(ApplicationFilterChain.java:193)
	at org.apache.catalina.core.ApplicationFilterChain.doFilter(ApplicationFilterChain.java:166)
	at org.springframework.boot.actuate.metrics.web.servlet.WebMvcMetricsFilter.filterAndRecordMetrics(WebMvcMetricsFilter.java:114)
	at org.springframework.boot.actuate.metrics.web.servlet.WebMvcMetricsFilter.doFilterInternal(WebMvcMetricsFilter.java:104)
	at org.springframework.web.filter.OncePerRequestFilter.doFilter(OncePerRequestFilter.java:109)
	at org.apache.catalina.core.ApplicationFilterChain.internalDoFilter(ApplicationFilterChain.java:193)
	at org.apache.catalina.core.ApplicationFilterChain.doFilter(ApplicationFilterChain.java:166)
	at org.springframework.web.filter.CharacterEncodingFilter.doFilterInternal(CharacterEncodingFilter.java:200)
	at org.springframework.web.filter.OncePerRequestFilter.doFilter(OncePerRequestFilter.java:109)
	at org.apache.catalina.core.ApplicationFilterChain.internalDoFilter(ApplicationFilterChain.java:193)
	at org.apache.catalina.core.ApplicationFilterChain.doFilter(ApplicationFilterChain.java:166)
	at org.apache.catalina.core.StandardWrapperValve.invoke(StandardWrapperValve.java:199)
	at org.apache.catalina.core.StandardContextValve.invoke(StandardContextValve.java:96)
	at org.apache.catalina.authenticator.AuthenticatorBase.invoke(AuthenticatorBase.java:490)
	at org.apache.catalina.core.StandardHostValve.invoke(StandardHostValve.java:139)
	at org.apache.catalina.valves.ErrorReportValve.invoke(ErrorReportValve.java:92)
	at org.apache.catalina.core.StandardEngineValve.invoke(StandardEngineValve.java:74)
	at org.apache.catalina.connector.CoyoteAdapter.service(CoyoteAdapter.java:343)
	at org.apache.coyote.http11.Http11Processor.service(Http11Processor.java:408)
	at org.apache.coyote.AbstractProcessorLight.process(AbstractProcessorLight.java:66)
	at org.apache.coyote.AbstractProtocol$ConnectionHandler.process(AbstractProtocol.java:834)
	at org.apache.tomcat.util.net.NioEndpoint$SocketProcessor.doRun(NioEndpoint.java:1417)
	at org.apache.tomcat.util.net.SocketProcessorBase.run(SocketProcessorBase.java:49)
	at java.util.concurrent.ThreadPoolExecutor.runWorker(ThreadPoolExecutor.java:1149)
	at java.util.concurrent.ThreadPoolExecutor$Worker.run(ThreadPoolExecutor.java:624)
	at org.apache.tomcat.util.threads.TaskThread$WrappingRunnable.run(TaskThread.java:61)
	at java.lang.Thread.run(Thread.java:748)
2021-11-09 18:08:01 [INFO] org.quartz.plugins.history.LoggingJobHistoryPlugin : Job 测试任务组.711HM fired (by trigger 711HM$测试任务组.每100毫秒发送一次) at:  18:08:01 11/09/2021
2021-11-09 18:08:01 [WARN] com.csicit.ace.quartz.core.job.AgentJob : 任务执行失败，原因为：应用ah-csicpm不在线
2021-11-09 18:08:01 [INFO] org.quartz.plugins.history.LoggingJobHistoryPlugin : Job 测试任务组.711HM execution complete at  18:08:01 11/09/2021 and reports: null
2021-11-09 18:08:01 [INFO] com.csicit.ace.common.log.AceLocalLogger : socketLog_断开连接：b8baccfa-30a7-48fc-af49-ade6df267dc8
2021-11-09 18:08:04 [INFO] com.csicit.ace.common.log.AceLocalLogger :  84759--请求地址: http://127.0.0.1:2100/init ,HTTP_METHOD: GET ,IP: 127.0.0.1 ,CLASS_METHOD: com.csicit.ace.platform.core.controller.InitController.getDefaultArgs ,请求参数: {}
2021-11-09 18:08:04 [INFO] com.csicit.ace.common.log.AceLocalLogger :  84759--请求地址: http://127.0.0.1:2100/sysConfigs/action/downloadImg/lglo ,HTTP_METHOD: GET ,IP: 127.0.0.1 ,CLASS_METHOD: com.csicit.ace.platform.core.controller.SysConfigController.downloadImg ,请求参数: {"t":["1636452484655"]}
2021-11-09 18:08:04 [INFO] com.csicit.ace.common.log.AceLocalLogger :  84759--请求地址: http://127.0.0.1:2100/sysConfigs/action/downloadImg/lgbg ,HTTP_METHOD: GET ,IP: 127.0.0.1 ,CLASS_METHOD: com.csicit.ace.platform.core.controller.SysConfigController.downloadImg ,请求参数: {"t":["1636452484655"]}
2021-11-09 18:08:04 [INFO] com.csicit.ace.common.log.AceLocalLogger :  84759--耗时 : 9
2021-11-09 18:08:04 [INFO] com.csicit.ace.common.log.AceLocalLogger :  84759--耗时 : 20
2021-11-09 18:08:04 [INFO] com.csicit.ace.common.log.AceLocalLogger :  84759--耗时 : 30
2021-11-09 18:08:05 [INFO] com.csicit.ace.common.log.AceLocalLogger :  85186--请求地址: http://127.0.0.1:2100/sysConfigs/action/downloadImg/lgbg ,HTTP_METHOD: GET ,IP: 127.0.0.1 ,CLASS_METHOD: com.csicit.ace.platform.core.controller.SysConfigController.downloadImg ,请求参数: {"t":["1636452484655"]}
2021-11-09 18:08:05 [INFO] com.csicit.ace.common.log.AceLocalLogger :  85186--耗时 : 15
2021-11-09 18:08:07 [INFO] com.csicit.ace.common.log.AceLocalLogger :  87001--请求地址: http://127.0.0.1:2100/login ,HTTP_METHOD: POST ,IP: 127.0.0.1 ,CLASS_METHOD: com.csicit.ace.platform.core.controller.LoginController.login ,参数: zzjtestflow
2021-11-09 18:08:07 [WARN] com.baomidou.mybatisplus.core.toolkit.sql.SqlHelper : Warn: execute Method There are  98 results.
2021-11-09 18:08:07 [INFO] com.csicit.ace.common.log.AceLocalLogger :  87197--请求地址: http://127.0.0.1:2100/login ,HTTP_METHOD: POST ,IP: 127.0.0.1 ,CLASS_METHOD: com.csicit.ace.platform.core.controller.LoginController.login ,参数: zzjtestflow
2021-11-09 18:08:07 [WARN] com.baomidou.mybatisplus.core.toolkit.sql.SqlHelper : Warn: execute Method There are  98 results.
2021-11-09 18:08:07 [WARN] com.baomidou.mybatisplus.core.toolkit.sql.SqlHelper : Warn: execute Method There are  2 results.
2021-11-09 18:08:07 [INFO] com.csicit.ace.common.log.AceLocalLogger :  87001--耗时 : 357
2021-11-09 18:08:07 [WARN] com.baomidou.mybatisplus.core.toolkit.sql.SqlHelper : Warn: execute Method There are  2 results.
2021-11-09 18:08:07 [INFO] com.csicit.ace.common.log.AceLocalLogger :  87197--耗时 : 226
2021-11-09 18:08:08 [INFO] com.csicit.ace.common.log.AceLocalLogger :  88408--请求地址: http://127.0.0.1:2100/sysMenus/action/tree/dv-testapp-platform ,HTTP_METHOD: GET ,IP: 127.0.0.1 ,CLASS_METHOD: com.csicit.ace.platform.core.controller.SysMenuController.listSideTree ,请求参数: {}
2021-11-09 18:08:09 [INFO] com.csicit.ace.common.log.AceLocalLogger :  88408--耗时 : 1077
2021-11-09 18:08:09 [INFO] com.csicit.ace.common.log.AceLocalLogger :  89818--请求地址: http://127.0.0.1:2100/sysUsers/action/info ,HTTP_METHOD: GET ,IP: 127.0.0.1 ,CLASS_METHOD: com.csicit.ace.platform.core.controller.SysUserController.info ,请求参数: {}
2021-11-09 18:08:09 [INFO] com.csicit.ace.common.log.AceLocalLogger : socketLog_建立连接：68f81792-3a96-464e-af83-2f0877bbdd57
2021-11-09 18:08:09 [INFO] com.csicit.ace.common.log.AceLocalLogger : socketLog_建立连接用户：f5d6d37948d3414e938343cb5ac96f21
2021-11-09 18:08:09 [INFO] com.csicit.ace.common.log.AceLocalLogger :  89818--耗时 : 30
2021-11-09 18:08:09 [INFO] com.csicit.ace.common.log.AceLocalLogger : REQUEST_URL:/dv-testapp-platform/bpm/listTaskMineByParams, REQUEST_METHOD:GET, REQUEST_IP:127.0.0.1
2021-11-09 18:08:09 [INFO] com.csicit.ace.common.log.AceLocalLogger : REQUEST_URL:/dv-testapp-platform/bpm/listTaskDelegate, REQUEST_METHOD:GET, REQUEST_IP:127.0.0.1
2021-11-09 18:08:09 [INFO] com.csicit.ace.common.log.AceLocalLogger : REQUEST_URL:/dv-testapp-platform/bpm/listFocusedWorks, REQUEST_METHOD:GET, REQUEST_IP:127.0.0.1
2021-11-09 18:08:09 [INFO] com.csicit.ace.common.log.AceLocalLogger : REQUEST_URL:/dv-testapp-platform/bpm/listTaskMineByParams, REQUEST_METHOD:GET, REQUEST_IP:127.0.0.1
2021-11-09 18:08:09 [INFO] com.csicit.ace.common.log.AceLocalLogger : REQUEST_USER: zzjtestflow(zzjtestflow), REQUEST_IP:   127.0.0.1
2021-11-09 18:08:09 [INFO] com.csicit.ace.common.log.AceLocalLogger : REQUEST_USER: zzjtestflow(zzjtestflow), REQUEST_IP:   127.0.0.1
2021-11-09 18:08:09 [INFO] com.csicit.ace.common.log.AceLocalLogger : REQUEST_USER: zzjtestflow(zzjtestflow), REQUEST_IP:   127.0.0.1
2021-11-09 18:08:09 [INFO] com.csicit.ace.common.log.AceLocalLogger : REQUEST_USER: zzjtestflow(zzjtestflow), REQUEST_IP:   127.0.0.1
2021-11-09 18:08:09 [INFO] com.csicit.ace.common.log.AceLocalLogger :  89875--请求地址: http://127.0.0.1:2100/orgauth/sysMsgs/query/noReadMsg/f5d6d37948d3414e938343cb5ac96f21/dv-testapp-platform ,HTTP_METHOD: GET ,IP: 127.0.0.1 ,CLASS_METHOD: com.csicit.ace.orgauth.core.controller.SysMessageController.listUserNoReadMsg ,请求参数: {"token":["2ucy_1-1CIKoDcOa_Ioji94_KCQvLnnsCX6FJ0F4G-LdcntD5MZk9nyIloaFSNhQnY0U6g2NOxpfiNV6kjUcxprStp4dh_salMacpWmYYDRj7xMm71j7-QlL4Xm3x7V1hOoi9kp9iQB2fj_U6dEhKg=="]}
2021-11-09 18:08:09 [INFO] com.csicit.ace.common.log.AceLocalLogger :  89875--耗时 : 19
2021-11-09 18:08:09 [INFO] com.csicit.ace.common.log.AceLocalLogger :  89911--请求地址: http://127.0.0.1:2100/ehcache/action/get ,HTTP_METHOD: GET ,IP: 127.0.0.1 ,CLASS_METHOD: com.csicit.ace.zuul.controller.EhcacheHttpController.get ,请求参数: {"key":["platform_internationalization"]}
2021-11-09 18:08:09 [INFO] com.csicit.ace.common.log.AceLocalLogger :  89911--请求地址: http://127.0.0.1:2100/ehcache/action/get ,HTTP_METHOD: GET ,IP: 127.0.0.1 ,CLASS_METHOD: com.csicit.ace.zuul.controller.EhcacheHttpController.get ,请求参数: {"key":["platform_internationalization"]}
2021-11-09 18:08:09 [INFO] com.csicit.ace.common.log.AceLocalLogger :  89911--请求地址: http://127.0.0.1:2100/ehcache/action/get ,HTTP_METHOD: GET ,IP: 127.0.0.1 ,CLASS_METHOD: com.csicit.ace.zuul.controller.EhcacheHttpController.get ,请求参数: {"key":["2ucy_1-1CIKoDcOa_Ioji94_KCQvLnnsCX6FJ0F4G-LdcntD5MZk9nyIloaFSNhQnY0U6g2NOxpfiNV6kjUcxprStp4dh_salMacpWmYYDRj7xMm71j7-QlL4Xm3x7V1hOoi9kp9iQB2fj_U6dEhKg==userid"]}
2021-11-09 18:08:09 [INFO] com.csicit.ace.common.log.AceLocalLogger :  89911--耗时 : 2
2021-11-09 18:08:09 [INFO] com.csicit.ace.common.log.AceLocalLogger :  89911--耗时 : 2
2021-11-09 18:08:09 [INFO] com.csicit.ace.common.log.AceLocalLogger :  89911--耗时 : 2
2021-11-09 18:08:09 [INFO] com.csicit.ace.common.log.AceLocalLogger :  89921--请求地址: http://127.0.0.1:2100/ehcache/action/get ,HTTP_METHOD: GET ,IP: 127.0.0.1 ,CLASS_METHOD: com.csicit.ace.zuul.controller.EhcacheHttpController.get ,请求参数: {"key":["2ucy_1-1CIKoDcOa_Ioji94_KCQvLnnsCX6FJ0F4G-LdcntD5MZk9nyIloaFSNhQnY0U6g2NOxpfiNV6kjUcxprStp4dh_salMacpWmYYDRj7xMm71j7-QlL4Xm3x7V1hOoi9kp9iQB2fj_U6dEhKg==userid"]}
2021-11-09 18:08:09 [INFO] com.csicit.ace.common.log.AceLocalLogger :  89921--耗时 : 0
2021-11-09 18:08:09 [INFO] com.csicit.ace.common.log.AceLocalLogger :  89927--请求地址: http://127.0.0.1:2100/ehcache/action/get ,HTTP_METHOD: GET ,IP: 127.0.0.1 ,CLASS_METHOD: com.csicit.ace.zuul.controller.EhcacheHttpController.get ,请求参数: {"key":["platform_internationalization"]}
2021-11-09 18:08:09 [INFO] com.csicit.ace.common.log.AceLocalLogger :  89927--耗时 : 0
2021-11-09 18:08:09 [INFO] com.csicit.ace.common.log.AceLocalLogger :  89932--请求地址: http://127.0.0.1:2100/ehcache/action/get ,HTTP_METHOD: GET ,IP: 127.0.0.1 ,CLASS_METHOD: com.csicit.ace.zuul.controller.EhcacheHttpController.get ,请求参数: {"key":["2ucy_1-1CIKoDcOa_Ioji94_KCQvLnnsCX6FJ0F4G-LdcntD5MZk9nyIloaFSNhQnY0U6g2NOxpfiNV6kjUcxprStp4dh_salMacpWmYYDRj7xMm71j7-QlL4Xm3x7V1hOoi9kp9iQB2fj_U6dEhKg==userid"]}
2021-11-09 18:08:09 [INFO] com.csicit.ace.common.log.AceLocalLogger :  89932--耗时 : 0
2021-11-09 18:08:09 [INFO] com.csicit.ace.common.log.AceLocalLogger :  89933--请求地址: http://127.0.0.1:2100/ehcache/action/get ,HTTP_METHOD: GET ,IP: 127.0.0.1 ,CLASS_METHOD: com.csicit.ace.zuul.controller.EhcacheHttpController.get ,请求参数: {"key":["2ucy_1-1CIKoDcOa_Ioji94_KCQvLnnsCX6FJ0F4G-LdcntD5MZk9nyIloaFSNhQnY0U6g2NOxpfiNV6kjUcxprStp4dh_salMacpWmYYDRj7xMm71j7-QlL4Xm3x7V1hOoi9kp9iQB2fj_U6dEhKg==userid"]}
2021-11-09 18:08:09 [INFO] com.csicit.ace.common.log.AceLocalLogger :  89933--耗时 : 1
2021-11-09 18:08:09 [INFO] com.csicit.ace.common.log.AceLocalLogger :  89944--请求地址: http://127.0.0.1:2100/orgauth/sysUsers/action/getSomeUsers ,HTTP_METHOD: GET ,IP: 127.0.0.1 ,CLASS_METHOD: com.csicit.ace.orgauth.core.controller.SysUserControllerO.getSomeUsers ,请求参数: {"code":["user"],"ids":["[\"f5d6d37948d3414e938343cb5ac96f21\"]"]}
2021-11-09 18:08:09 [INFO] com.csicit.ace.common.log.AceLocalLogger :  89944--耗时 : 15
2021-11-09 18:08:09 [INFO] com.csicit.ace.common.log.AceLocalLogger :  89984--请求地址: http://127.0.0.1:2100/orgauth/sysUsers/action/getSomeUsers ,HTTP_METHOD: GET ,IP: 127.0.0.1 ,CLASS_METHOD: com.csicit.ace.orgauth.core.controller.SysUserControllerO.getSomeUsers ,请求参数: {"code":["user"],"ids":["[\"f5d6d37948d3414e938343cb5ac96f21\"]"]}
2021-11-09 18:08:09 [INFO] com.csicit.ace.common.log.AceLocalLogger :  89985--请求地址: http://127.0.0.1:2100/orgauth/sysUsers/action/getSomeUsers ,HTTP_METHOD: GET ,IP: 127.0.0.1 ,CLASS_METHOD: com.csicit.ace.orgauth.core.controller.SysUserControllerO.getSomeUsers ,请求参数: {"code":["user"],"ids":["[\"f5d6d37948d3414e938343cb5ac96f21\",\"46d0b4c6d26e462a9928f463f3378757\"]"]}
2021-11-09 18:08:09 [INFO] com.csicit.ace.common.log.AceLocalLogger :  89984--耗时 : 7
2021-11-09 18:08:09 [INFO] com.csicit.ace.common.log.AceLocalLogger :  89996--请求地址: http://127.0.0.1:2100/ehcache/action/get ,HTTP_METHOD: GET ,IP: 127.0.0.1 ,CLASS_METHOD: com.csicit.ace.zuul.controller.EhcacheHttpController.get ,请求参数: {"key":["2ucy_1-1CIKoDcOa_Ioji94_KCQvLnnsCX6FJ0F4G-LdcntD5MZk9nyIloaFSNhQnY0U6g2NOxpfiNV6kjUcxprStp4dh_salMacpWmYYDRj7xMm71j7-QlL4Xm3x7V1hOoi9kp9iQB2fj_U6dEhKg==userid"]}
2021-11-09 18:08:09 [INFO] com.csicit.ace.common.log.AceLocalLogger :  89996--耗时 : 0
2021-11-09 18:08:10 [INFO] com.csicit.ace.common.log.AceLocalLogger :  89985--耗时 : 17
2021-11-09 18:08:10 [INFO] com.csicit.ace.common.log.AceLocalLogger :  90006--请求地址: http://127.0.0.1:2100/ehcache/action/get ,HTTP_METHOD: GET ,IP: 127.0.0.1 ,CLASS_METHOD: com.csicit.ace.zuul.controller.EhcacheHttpController.get ,请求参数: {"key":["2ucy_1-1CIKoDcOa_Ioji94_KCQvLnnsCX6FJ0F4G-LdcntD5MZk9nyIloaFSNhQnY0U6g2NOxpfiNV6kjUcxprStp4dh_salMacpWmYYDRj7xMm71j7-QlL4Xm3x7V1hOoi9kp9iQB2fj_U6dEhKg==userid"]}
2021-11-09 18:08:10 [INFO] com.csicit.ace.common.log.AceLocalLogger :  90006--耗时 : 0
2021-11-09 18:08:10 [INFO] com.csicit.ace.common.log.AceLocalLogger :  90039--请求地址: http://127.0.0.1:2100/ehcache/action/get ,HTTP_METHOD: GET ,IP: 127.0.0.1 ,CLASS_METHOD: com.csicit.ace.zuul.controller.EhcacheHttpController.get ,请求参数: {"key":["platform_internationalization"]}
2021-11-09 18:08:10 [INFO] com.csicit.ace.common.log.AceLocalLogger :  90039--耗时 : 0
2021-11-09 18:08:11 [INFO] com.csicit.ace.common.log.AceLocalLogger : REQUEST_URL:/dv-testapp-platform/books/list/paramJson, REQUEST_METHOD:POST, REQUEST_IP:127.0.0.1
2021-11-09 18:08:11 [INFO] com.csicit.ace.common.log.AceLocalLogger : REQUEST_USER: zzjtestflow(zzjtestflow), REQUEST_IP:   127.0.0.1
2021-11-09 18:08:11 [INFO] com.csicit.ace.common.log.AceLocalLogger : REQUEST_URL:/dv-testapp-platform/borrowBooks/list/paramJson, REQUEST_METHOD:POST, REQUEST_IP:127.0.0.1
2021-11-09 18:08:11 [INFO] com.csicit.ace.common.log.AceLocalLogger : REQUEST_USER: zzjtestflow(zzjtestflow), REQUEST_IP:   127.0.0.1
2021-11-09 18:08:11 [INFO] com.csicit.ace.common.log.AceLocalLogger :  91701--请求地址: http://127.0.0.1:2100/ehcache/action/get ,HTTP_METHOD: GET ,IP: 127.0.0.1 ,CLASS_METHOD: com.csicit.ace.zuul.controller.EhcacheHttpController.get ,请求参数: {"key":["platform_internationalization"]}
2021-11-09 18:08:11 [INFO] com.csicit.ace.common.log.AceLocalLogger :  91701--耗时 : 1
2021-11-09 18:08:11 [INFO] com.csicit.ace.common.log.AceLocalLogger :  91705--请求地址: http://127.0.0.1:2100/ehcache/action/get ,HTTP_METHOD: GET ,IP: 127.0.0.1 ,CLASS_METHOD: com.csicit.ace.zuul.controller.EhcacheHttpController.get ,请求参数: {"key":["platform_internationalization"]}
2021-11-09 18:08:11 [INFO] com.csicit.ace.common.log.AceLocalLogger :  91705--耗时 : 0
2021-11-09 18:08:12 [INFO] com.csicit.ace.common.log.AceLocalLogger : REQUEST_URL:/dv-testapp-platform/bpm/getFlowModelByCode, REQUEST_METHOD:GET, REQUEST_IP:127.0.0.1
2021-11-09 18:08:12 [INFO] com.csicit.ace.common.log.AceLocalLogger : REQUEST_USER: zzjtestflow(zzjtestflow), REQUEST_IP:   127.0.0.1
2021-11-09 18:08:12 [INFO] com.csicit.ace.common.log.AceLocalLogger :  92974--请求地址: http://127.0.0.1:2100/ehcache/action/get ,HTTP_METHOD: GET ,IP: 127.0.0.1 ,CLASS_METHOD: com.csicit.ace.zuul.controller.EhcacheHttpController.get ,请求参数: {"key":["platform_internationalization"]}
2021-11-09 18:08:12 [INFO] com.csicit.ace.common.log.AceLocalLogger :  92974--耗时 : 1
2021-11-09 18:08:13 [INFO] com.csicit.ace.common.log.AceLocalLogger : REQUEST_URL:/dv-testapp-platform/bpm/getNodeInfo, REQUEST_METHOD:GET, REQUEST_IP:127.0.0.1
2021-11-09 18:08:13 [INFO] com.csicit.ace.common.log.AceLocalLogger : REQUEST_USER: zzjtestflow(zzjtestflow), REQUEST_IP:   127.0.0.1
2021-11-09 18:08:13 [INFO] com.csicit.ace.common.log.AceLocalLogger :  93037--请求地址: http://127.0.0.1:2100/ehcache/action/get ,HTTP_METHOD: GET ,IP: 127.0.0.1 ,CLASS_METHOD: com.csicit.ace.zuul.controller.EhcacheHttpController.get ,请求参数: {"key":["2ucy_1-1CIKoDcOa_Ioji94_KCQvLnnsCX6FJ0F4G-LdcntD5MZk9nyIloaFSNhQnY0U6g2NOxpfiNV6kjUcxprStp4dh_salMacpWmYYDRj7xMm71j7-QlL4Xm3x7V1hOoi9kp9iQB2fj_U6dEhKg=="]}
2021-11-09 18:08:13 [INFO] com.csicit.ace.common.log.AceLocalLogger :  93037--耗时 : 0
2021-11-09 18:08:13 [INFO] com.csicit.ace.common.log.AceLocalLogger :  93043--请求地址: http://127.0.0.1:2100/orgauth/sysAuths/action/hasAuthorityWithUserId/f5d6d37948d3414e938343cb5ac96f21/852af9da68384365b5a0253cf2fbfd69 ,HTTP_METHOD: GET ,IP: 127.0.0.1 ,CLASS_METHOD: com.csicit.ace.orgauth.core.controller.SysAuthControllerO.hasAuthorityWithUserId ,请求参数: {}
2021-11-09 18:08:13 [INFO] com.csicit.ace.common.log.AceLocalLogger :  93043--耗时 : 10
2021-11-09 18:08:13 [INFO] com.csicit.ace.common.log.AceLocalLogger :  93056--请求地址: http://127.0.0.1:2100/ehcache/action/get ,HTTP_METHOD: GET ,IP: 127.0.0.1 ,CLASS_METHOD: com.csicit.ace.zuul.controller.EhcacheHttpController.get ,请求参数: {"key":["platform_internationalization"]}
2021-11-09 18:08:13 [INFO] com.csicit.ace.common.log.AceLocalLogger :  93056--耗时 : 1
2021-11-09 18:08:13 [INFO] com.csicit.ace.common.log.AceLocalLogger :  93225--请求地址: http://127.0.0.1:2100/fileConfiguration/load ,HTTP_METHOD: POST ,IP: 127.0.0.1 ,CLASS_METHOD: com.csicit.ace.fileserver.core.controller.FileConfigurationController.load ,请求参数: {"appName":["dv-testapp-platform"],"token":["2ucy_1-1CIKoDcOa_Ioji94_KCQvLnnsCX6FJ0F4G-LdcntD5MZk9nyIloaFSNhQnY0U6g2NOxpfiNV6kjUcxprStp4dh_salMacpWmYYDRj7xMm71j7-QlL4Xm3x7V1hOoi9kp9iQB2fj_U6dEhKg=="]}
2021-11-09 18:08:13 [INFO] com.csicit.ace.common.log.AceLocalLogger :  93225--耗时 : 200
2021-11-09 18:08:13 [INFO] com.csicit.ace.common.log.AceLocalLogger : REQUEST_URL:/dv-testapp-platform/bpm/wfdUserPage/borrowBookApplication, REQUEST_METHOD:GET, REQUEST_IP:127.0.0.1
2021-11-09 18:08:13 [INFO] com.csicit.ace.common.log.AceLocalLogger : REQUEST_URL:/dv-testapp-platform/interfaces/getManageDepName/f5d6d37948d3414e938343cb5ac96f21, REQUEST_METHOD:GET, REQUEST_IP:127.0.0.1
2021-11-09 18:08:13 [INFO] com.csicit.ace.common.log.AceLocalLogger : REQUEST_USER: zzjtestflow(zzjtestflow), REQUEST_IP:   127.0.0.1
2021-11-09 18:08:13 [INFO] com.csicit.ace.common.log.AceLocalLogger : REQUEST_USER: zzjtestflow(zzjtestflow), REQUEST_IP:   127.0.0.1
2021-11-09 18:08:13 [INFO] com.csicit.ace.common.log.AceLocalLogger :  93454--请求地址: http://127.0.0.1:2100/orgauth/orgDepartments/action/getMainDeptByUserId/f5d6d37948d3414e938343cb5ac96f21 ,HTTP_METHOD: GET ,IP: 127.0.0.1 ,CLASS_METHOD: com.csicit.ace.orgauth.core.controller.OrgDepartmentControllerO.getMainDeptByUserId ,请求参数: {}
2021-11-09 18:08:13 [INFO] com.csicit.ace.common.log.AceLocalLogger :  93454--请求地址: http://127.0.0.1:2100/ehcache/action/get ,HTTP_METHOD: GET ,IP: 127.0.0.1 ,CLASS_METHOD: com.csicit.ace.zuul.controller.EhcacheHttpController.get ,请求参数: {"key":["2ucy_1-1CIKoDcOa_Ioji94_KCQvLnnsCX6FJ0F4G-LdcntD5MZk9nyIloaFSNhQnY0U6g2NOxpfiNV6kjUcxprStp4dh_salMacpWmYYDRj7xMm71j7-QlL4Xm3x7V1hOoi9kp9iQB2fj_U6dEhKg==userid"]}
2021-11-09 18:08:13 [INFO] com.csicit.ace.common.log.AceLocalLogger :  93454--耗时 : 0
2021-11-09 18:08:13 [INFO] com.csicit.ace.common.log.AceLocalLogger :  93454--耗时 : 6
2021-11-09 18:08:13 [INFO] com.csicit.ace.common.log.AceLocalLogger :  93463--请求地址: http://127.0.0.1:2100/ehcache/action/get ,HTTP_METHOD: GET ,IP: 127.0.0.1 ,CLASS_METHOD: com.csicit.ace.zuul.controller.EhcacheHttpController.get ,请求参数: {"key":["platform_internationalization"]}
2021-11-09 18:08:13 [INFO] com.csicit.ace.common.log.AceLocalLogger :  93463--耗时 : 0
2021-11-09 18:08:13 [INFO] com.csicit.ace.common.log.AceLocalLogger :  93466--请求地址: http://127.0.0.1:2100/ehcache/action/get ,HTTP_METHOD: GET ,IP: 127.0.0.1 ,CLASS_METHOD: com.csicit.ace.zuul.controller.EhcacheHttpController.get ,请求参数: {"key":["platform_internationalization"]}
2021-11-09 18:08:13 [INFO] com.csicit.ace.common.log.AceLocalLogger :  93466--耗时 : 0
2021-11-09 18:08:19 [INFO] com.csicit.ace.common.log.AceLocalLogger :  99266--请求地址: http://127.0.0.1:2100/fileRepository/allocateSpace ,HTTP_METHOD: POST ,IP: 127.0.0.1 ,CLASS_METHOD: com.csicit.ace.fileserver.core.controller.FileRepositoryController.allocateSpace ,请求参数: {"appName":["dv-testapp-platform"],"token":["2ucy_1-1CIKoDcOa_Ioji94_KCQvLnnsCX6FJ0F4G-LdcntD5MZk9nyIloaFSNhQnY0U6g2NOxpfiNV6kjUcxprStp4dh_salMacpWmYYDRj7xMm71j7-QlL4Xm3x7V1hOoi9kp9iQB2fj_U6dEhKg=="]}
2021-11-09 18:08:19 [WARN] com.baomidou.mybatisplus.core.toolkit.sql.SqlHelper : Warn: execute Method There are  2 results.
2021-11-09 18:08:19 [INFO] com.csicit.ace.common.log.AceLocalLogger :  99266--耗时 : 232
2021-11-09 18:08:19 [INFO] com.csicit.ace.common.log.AceLocalLogger :  99559--请求地址: http://127.0.0.1:2100/fileUpload/uploadReview ,HTTP_METHOD: POST ,IP: 127.0.0.1 ,CLASS_METHOD: com.csicit.ace.fileserver.core.controller.FileUploadController.uploadReview ,请求参数: {"appName":["dv-testapp-platform","dv-testapp-platform"],"token":["2ucy_1-1CIKoDcOa_Ioji94_KCQvLnnsCX6FJ0F4G-LdcntD5MZk9nyIloaFSNhQnY0U6g2NOxpfiNV6kjUcxprStp4dh_salMacpWmYYDRj7xMm71j7-QlL4Xm3x7V1hOoi9kp9iQB2fj_U6dEhKg=="],"configurationKey":["test-file"],"id":["WU_FILE_0"],"name":["张招君软件培训报名信息.docx"],"type":["application/vnd.openxmlformats-officedocument.wordprocessingml.document"],"lastModifiedDate":["Thu Oct 14 2021 10:21:31 GMT+0800 (中国标准时间)"],"size":["41538"],"yfId":["12b8187e-5210-4f5e-ae75-c95212e701ae"]}
2021-11-09 18:08:19 [INFO] com.csicit.ace.common.log.AceLocalLogger :  99559--耗时 : 14
