2021-12-22 10:12:33 [INFO] com.csicit.ace.zuul.ZuulStartApp : The following profiles are active: routes
2021-12-22 10:12:34 [WARN] org.springframework.boot.actuate.endpoint.EndpointId : Endpoint ID 'hystrix.stream' contains invalid characters, please migrate to a valid format.
2021-12-22 10:12:35 [INFO] org.springframework.cloud.context.scope.GenericScope : BeanFactory id=bfbaf868-82eb-3352-b7d1-a6a6f7a9bb85
2021-12-22 10:12:35 [INFO] org.springframework.context.support.PostProcessorRegistrationDelegate$BeanPostProcessorChecker : Bean 'spring.cloud.alibaba.seata-com.alibaba.cloud.seata.SeataProperties' of type [com.alibaba.cloud.seata.SeataProperties] is not eligible for getting processed by all BeanPostProcessors (for example: not eligible for auto-proxying)
2021-12-22 10:12:35 [INFO] org.springframework.context.support.PostProcessorRegistrationDelegate$BeanPostProcessorChecker : Bean 'com.alibaba.cloud.seata.GlobalTransactionAutoConfiguration' of type [com.alibaba.cloud.seata.GlobalTransactionAutoConfiguration$$EnhancerBySpringCGLIB$$5331035b] is not eligible for getting processed by all BeanPostProcessors (for example: not eligible for auto-proxying)
2021-12-22 10:12:35 [INFO] io.seata.config.FileConfiguration : The file name of the operation is registry
2021-12-22 10:12:35 [INFO] io.seata.config.FileConfiguration : The configuration file used is /E:/%e5%bc%80%e5%8f%91%e7%8e%af%e5%a2%83for%e5%b7%a5%e4%bd%9c%e6%b5%81/ace-server/ace-zuul/target/classes/registry.conf
2021-12-22 10:12:35 [WARN] org.springframework.boot.web.servlet.context.AnnotationConfigServletWebServerApplicationContext : Exception encountered during context initialization - cancelling refresh attempt: org.springframework.beans.factory.BeanCreationException: Error creating bean with name 'globalTransactionScanner' defined in class path resource [com/alibaba/cloud/seata/GlobalTransactionAutoConfiguration.class]: Bean instantiation via factory method failed; nested exception is org.springframework.beans.BeanInstantiationException: Failed to instantiate [io.seata.spring.annotation.GlobalTransactionScanner]: Factory method 'globalTransactionScanner' threw exception; nested exception is java.lang.ExceptionInInitializerError
2021-12-22 10:12:35 [INFO] org.springframework.boot.autoconfigure.logging.ConditionEvaluationReportLoggingListener : 

Error starting ApplicationContext. To display the conditions report re-run your application with 'debug' enabled.
2021-12-22 10:12:35 [ERROR] org.springframework.boot.SpringApplication : Application run failed
org.springframework.beans.factory.BeanCreationException: Error creating bean with name 'globalTransactionScanner' defined in class path resource [com/alibaba/cloud/seata/GlobalTransactionAutoConfiguration.class]: Bean instantiation via factory method failed; nested exception is org.springframework.beans.BeanInstantiationException: Failed to instantiate [io.seata.spring.annotation.GlobalTransactionScanner]: Factory method 'globalTransactionScanner' threw exception; nested exception is java.lang.ExceptionInInitializerError
	at org.springframework.beans.factory.support.ConstructorResolver.instantiate(ConstructorResolver.java:627)
	at org.springframework.beans.factory.support.ConstructorResolver.instantiateUsingFactoryMethod(ConstructorResolver.java:456)
	at org.springframework.beans.factory.support.AbstractAutowireCapableBeanFactory.instantiateUsingFactoryMethod(AbstractAutowireCapableBeanFactory.java:1321)
	at org.springframework.beans.factory.support.AbstractAutowireCapableBeanFactory.createBeanInstance(AbstractAutowireCapableBeanFactory.java:1160)
	at org.springframework.beans.factory.support.AbstractAutowireCapableBeanFactory.doCreateBean(AbstractAutowireCapableBeanFactory.java:555)
	at org.springframework.beans.factory.support.AbstractAutowireCapableBeanFactory.createBean(AbstractAutowireCapableBeanFactory.java:515)
	at org.springframework.beans.factory.support.AbstractBeanFactory.lambda$doGetBean$0(AbstractBeanFactory.java:320)
	at org.springframework.beans.factory.support.DefaultSingletonBeanRegistry.getSingleton(DefaultSingletonBeanRegistry.java:222)
	at org.springframework.beans.factory.support.AbstractBeanFactory.doGetBean(AbstractBeanFactory.java:318)
	at org.springframework.beans.factory.support.AbstractBeanFactory.getBean(AbstractBeanFactory.java:204)
	at org.springframework.context.support.PostProcessorRegistrationDelegate.registerBeanPostProcessors(PostProcessorRegistrationDelegate.java:228)
	at org.springframework.context.support.AbstractApplicationContext.registerBeanPostProcessors(AbstractApplicationContext.java:721)
	at org.springframework.context.support.AbstractApplicationContext.refresh(AbstractApplicationContext.java:534)
	at org.springframework.boot.web.servlet.context.ServletWebServerApplicationContext.refresh(ServletWebServerApplicationContext.java:140)
	at org.springframework.boot.SpringApplication.refresh(SpringApplication.java:742)
	at org.springframework.boot.SpringApplication.refreshContext(SpringApplication.java:389)
	at org.springframework.boot.SpringApplication.run(SpringApplication.java:311)
	at org.springframework.boot.SpringApplication.run(SpringApplication.java:1213)
	at org.springframework.boot.SpringApplication.run(SpringApplication.java:1202)
	at com.csicit.ace.zuul.ZuulStartApp.main(ZuulStartApp.java:28)
Caused by: org.springframework.beans.BeanInstantiationException: Failed to instantiate [io.seata.spring.annotation.GlobalTransactionScanner]: Factory method 'globalTransactionScanner' threw exception; nested exception is java.lang.ExceptionInInitializerError
	at org.springframework.beans.factory.support.SimpleInstantiationStrategy.instantiate(SimpleInstantiationStrategy.java:185)
	at org.springframework.beans.factory.support.ConstructorResolver.instantiate(ConstructorResolver.java:622)
	... 19 common frames omitted
Caused by: java.lang.ExceptionInInitializerError: null
	at io.seata.spring.annotation.GlobalTransactionScanner.<init>(GlobalTransactionScanner.java:87)
	at io.seata.spring.annotation.GlobalTransactionScanner.<init>(GlobalTransactionScanner.java:132)
	at io.seata.spring.annotation.GlobalTransactionScanner.<init>(GlobalTransactionScanner.java:121)
	at com.alibaba.cloud.seata.GlobalTransactionAutoConfiguration.globalTransactionScanner(GlobalTransactionAutoConfiguration.java:58)
	at com.alibaba.cloud.seata.GlobalTransactionAutoConfiguration$$EnhancerBySpringCGLIB$$5331035b.CGLIB$globalTransactionScanner$0(<generated>)
	at com.alibaba.cloud.seata.GlobalTransactionAutoConfiguration$$EnhancerBySpringCGLIB$$5331035b$$FastClassBySpringCGLIB$$5e59dd2f.invoke(<generated>)
	at org.springframework.cglib.proxy.MethodProxy.invokeSuper(MethodProxy.java:244)
	at org.springframework.context.annotation.ConfigurationClassEnhancer$BeanMethodInterceptor.intercept(ConfigurationClassEnhancer.java:363)
	at com.alibaba.cloud.seata.GlobalTransactionAutoConfiguration$$EnhancerBySpringCGLIB$$5331035b.globalTransactionScanner(<generated>)
	at sun.reflect.NativeMethodAccessorImpl.invoke0(Native Method)
	at sun.reflect.NativeMethodAccessorImpl.invoke(NativeMethodAccessorImpl.java:62)
	at sun.reflect.DelegatingMethodAccessorImpl.invoke(DelegatingMethodAccessorImpl.java:43)
	at java.lang.reflect.Method.invoke(Method.java:498)
	at org.springframework.beans.factory.support.SimpleInstantiationStrategy.instantiate(SimpleInstantiationStrategy.java:154)
	... 20 common frames omitted
Caused by: io.seata.common.loader.EnhancedServiceNotFoundException: not found service provider for : io.seata.config.file.FileConfig caused by java.lang.IllegalStateException: Extension instance(definition: io.seata.common.loader.ExtensionDefinition@55bf2d, class: interface io.seata.config.file.FileConfig)  could not be instantiated: null
	at io.seata.common.loader.EnhancedServiceLoader$InnerEnhancedServiceLoader.createNewExtension(EnhancedServiceLoader.java:399)
	at io.seata.common.loader.EnhancedServiceLoader$InnerEnhancedServiceLoader.getExtensionInstance(EnhancedServiceLoader.java:388)
	at io.seata.common.loader.EnhancedServiceLoader$InnerEnhancedServiceLoader.loadExtension(EnhancedServiceLoader.java:356)
	at io.seata.common.loader.EnhancedServiceLoader$InnerEnhancedServiceLoader.load(EnhancedServiceLoader.java:281)
	at io.seata.common.loader.EnhancedServiceLoader$InnerEnhancedServiceLoader.access$400(EnhancedServiceLoader.java:190)
	at io.seata.common.loader.EnhancedServiceLoader.load(EnhancedServiceLoader.java:128)
	at io.seata.config.FileConfigFactory.loadService(FileConfigFactory.java:63)
	at io.seata.config.FileConfigFactory.load(FileConfigFactory.java:49)
	at io.seata.config.FileConfiguration.<init>(FileConfiguration.java:114)
	at io.seata.config.ConfigurationFactory.load(ConfigurationFactory.java:63)
	at io.seata.config.ConfigurationFactory.<clinit>(ConfigurationFactory.java:48)
	at io.seata.spring.annotation.GlobalTransactionScanner.<init>(GlobalTransactionScanner.java:87)
	at io.seata.spring.annotation.GlobalTransactionScanner.<init>(GlobalTransactionScanner.java:132)
	at io.seata.spring.annotation.GlobalTransactionScanner.<init>(GlobalTransactionScanner.java:121)
	at com.alibaba.cloud.seata.GlobalTransactionAutoConfiguration.globalTransactionScanner(GlobalTransactionAutoConfiguration.java:58)
	at com.alibaba.cloud.seata.GlobalTransactionAutoConfiguration$$EnhancerBySpringCGLIB$$5331035b.CGLIB$globalTransactionScanner$0(<generated>)
	at com.alibaba.cloud.seata.GlobalTransactionAutoConfiguration$$EnhancerBySpringCGLIB$$5331035b$$FastClassBySpringCGLIB$$5e59dd2f.invoke(<generated>)
	at org.springframework.cglib.proxy.MethodProxy.invokeSuper(MethodProxy.java:244)
	at org.springframework.context.annotation.ConfigurationClassEnhancer$BeanMethodInterceptor.intercept(ConfigurationClassEnhancer.java:363)
	at com.alibaba.cloud.seata.GlobalTransactionAutoConfiguration$$EnhancerBySpringCGLIB$$5331035b.globalTransactionScanner(<generated>)
	at sun.reflect.NativeMethodAccessorImpl.invoke0(Native Method)
	at sun.reflect.NativeMethodAccessorImpl.invoke(NativeMethodAccessorImpl.java:62)
	at sun.reflect.DelegatingMethodAccessorImpl.invoke(DelegatingMethodAccessorImpl.java:43)
	at java.lang.reflect.Method.invoke(Method.java:498)
	at org.springframework.beans.factory.support.SimpleInstantiationStrategy.instantiate(SimpleInstantiationStrategy.java:154)
	at org.springframework.beans.factory.support.ConstructorResolver.instantiate(ConstructorResolver.java:622)
	at org.springframework.beans.factory.support.ConstructorResolver.instantiateUsingFactoryMethod(ConstructorResolver.java:456)
	at org.springframework.beans.factory.support.AbstractAutowireCapableBeanFactory.instantiateUsingFactoryMethod(AbstractAutowireCapableBeanFactory.java:1321)
	at org.springframework.beans.factory.support.AbstractAutowireCapableBeanFactory.createBeanInstance(AbstractAutowireCapableBeanFactory.java:1160)
	at org.springframework.beans.factory.support.AbstractAutowireCapableBeanFactory.doCreateBean(AbstractAutowireCapableBeanFactory.java:555)
	at org.springframework.beans.factory.support.AbstractAutowireCapableBeanFactory.createBean(AbstractAutowireCapableBeanFactory.java:515)
	at org.springframework.beans.factory.support.AbstractBeanFactory.lambda$doGetBean$0(AbstractBeanFactory.java:320)
	at org.springframework.beans.factory.support.DefaultSingletonBeanRegistry.getSingleton(DefaultSingletonBeanRegistry.java:222)
	at org.springframework.beans.factory.support.AbstractBeanFactory.doGetBean(AbstractBeanFactory.java:318)
	at org.springframework.beans.factory.support.AbstractBeanFactory.getBean(AbstractBeanFactory.java:204)
	at org.springframework.context.support.PostProcessorRegistrationDelegate.registerBeanPostProcessors(PostProcessorRegistrationDelegate.java:228)
	at org.springframework.context.support.AbstractApplicationContext.registerBeanPostProcessors(AbstractApplicationContext.java:721)
	at org.springframework.context.support.AbstractApplicationContext.refresh(AbstractApplicationContext.java:534)
	at org.springframework.boot.web.servlet.context.ServletWebServerApplicationContext.refresh(ServletWebServerApplicationContext.java:140)
	at org.springframework.boot.SpringApplication.refresh(SpringApplication.java:742)
	at org.springframework.boot.SpringApplication.refreshContext(SpringApplication.java:389)
	at org.springframework.boot.SpringApplication.run(SpringApplication.java:311)
	at org.springframework.boot.SpringApplication.run(SpringApplication.java:1213)
	at org.springframework.boot.SpringApplication.run(SpringApplication.java:1202)
	at com.csicit.ace.zuul.ZuulStartApp.main(ZuulStartApp.java:28)
Caused by: java.lang.reflect.InvocationTargetException
	at sun.reflect.NativeConstructorAccessorImpl.newInstance0(Native Method)
	at sun.reflect.NativeConstructorAccessorImpl.newInstance(NativeConstructorAccessorImpl.java:62)
	at sun.reflect.DelegatingConstructorAccessorImpl.newInstance(DelegatingConstructorAccessorImpl.java:45)
	at java.lang.reflect.Constructor.newInstance(Constructor.java:423)
	at io.seata.common.loader.EnhancedServiceLoader$InnerEnhancedServiceLoader.initInstance(EnhancedServiceLoader.java:558)
	at io.seata.common.loader.EnhancedServiceLoader$InnerEnhancedServiceLoader.createNewExtension(EnhancedServiceLoader.java:395)
	... 44 more
Caused by: com.typesafe.config.ConfigException$Parse: registry.conf: 3: Key '";"' may not be followed by token: ';' (if you intended ';' to be part of the value for '";"', try enclosing the value in double quotes)
	at com.typesafe.config.impl.Parser$ParseContext.parseError(Parser.java:435)
	at com.typesafe.config.impl.Parser$ParseContext.parseError(Parser.java:431)
	at com.typesafe.config.impl.Parser$ParseContext.parseObject(Parser.java:786)
	at com.typesafe.config.impl.Parser$ParseContext.parseValue(Parser.java:520)
	at com.typesafe.config.impl.Parser$ParseContext.parseObject(Parser.java:803)
	at com.typesafe.config.impl.Parser$ParseContext.parse(Parser.java:993)
	at com.typesafe.config.impl.Parser.parse(Parser.java:34)
	at com.typesafe.config.impl.Parseable.rawParseValue(Parseable.java:222)
	at com.typesafe.config.impl.Parseable$ParseableResources.rawParseValue(Parseable.java:602)
	at com.typesafe.config.impl.Parseable$ParseableResources.rawParseValue(Parseable.java:554)
	at com.typesafe.config.impl.Parseable.parseValue(Parseable.java:176)
	at com.typesafe.config.impl.Parseable.parseValue(Parseable.java:170)
	at com.typesafe.config.impl.Parseable.parse(Parseable.java:148)
	at com.typesafe.config.impl.SimpleIncluder.fromBasename(SimpleIncluder.java:172)
	at com.typesafe.config.impl.ConfigImpl.parseResourcesAnySyntax(ConfigImpl.java:128)
	at com.typesafe.config.ConfigFactory.parseResourcesAnySyntax(ConfigFactory.java:811)
	at com.typesafe.config.ConfigFactory.load(ConfigFactory.java:113)
	at com.typesafe.config.ConfigFactory.load(ConfigFactory.java:74)
	at io.seata.config.file.SimpleFileConfig.<init>(SimpleFileConfig.java:45)
	... 50 more

